Converse/Charm++ Commit ID: v6.4.0-471-gb108555
[0] isomalloc.c> Disabling isomalloc because isomalloc disabled by conv-mach
CharmLB> Load balancer assumes all CPUs are same.
Charm++> Running on 16 unique compute nodes (2-way SMP).
TRANSPOSING
TRANSPOSING
TRANSPOSING
chares: 512
cores: 512
size: 1073741824
time: 3.684684 sec
rate: 43.711016 GFlop/s
TRANSPOSING
TRANSPOSING
TRANSPOSING
time[0] = 0.000000 sec
time[0] = 0.000000 sec
time[0] = 0.000000 sec
time[0] = 0.000000 sec
time[0] = 0.000000 sec
time[0] = 0.000000 sec
time[0] = 0.000000 sec
time[0] = 0.000000 sec
time[0] = 0.000000 sec
residual = 0.343062
End of program
