Converse/Charm++ Commit ID: v6.4.0-471-gb108555
[0] isomalloc.c> Disabling isomalloc because isomalloc disabled by conv-mach
CharmLB> Load balancer assumes all CPUs are same.
Charm++> Running on 16 unique compute nodes (2-way SMP).
TRANSPOSING
TRANSPOSING
TRANSPOSING
chares: 512
cores: 512
size: 1073741824
time: 3.341454 sec
rate: 48.200949 GFlop/s
TRANSPOSING
TRANSPOSING
TRANSPOSING
time[0] = 0.080318 sec
time[1] = 0.000058 sec
time[2] = 0.375075 sec
time[3] = 0.061783 sec
time[4] = 0.000059 sec
time[5] = 0.169860 sec
time[6] = 0.107527 sec
time[7] = 0.000059 sec
time[8] = 0.000000 sec
residual = 0.343062
End of program
