Converse/Charm++ Commit ID: v6.4.0-471-gb108555
[0] isomalloc.c> Disabling isomalloc because isomalloc disabled by conv-mach
CharmLB> Load balancer assumes all CPUs are same.
Charm++> Running on 512 unique compute nodes (8-way SMP).
TRANSPOSING
TRANSPOSING
TRANSPOSING
time[0] = 2.196962 sec
time[1] = 3.222678 sec
time[2] = 5.609706 sec
time[3] = 6.232562 sec
time[4] = 8.593695 sec
time[5] = 8.593696 sec
chares: 4096
cores: 4096
size: 68719476736
time: 8.821428 sec
rate: 1402.211344 GFlop/s
TRANSPOSING
TRANSPOSING
TRANSPOSING
residual = 0.341225
End of program
