Converse/Charm++ Commit ID: v6.4.0-471-gb108555
[0] isomalloc.c> Disabling isomalloc because isomalloc disabled by conv-mach
CharmLB> Load balancer assumes all CPUs are same.
Charm++> Running on 512 unique compute nodes (8-way SMP).
TRANSPOSING
TRANSPOSING
TRANSPOSING
time[0] = 2.192181 sec
time[1] = 3.229697 sec
time[2] = 5.530381 sec
time[3] = 6.153324 sec
time[4] = 8.586564 sec
time[5] = 8.586565 sec
chares: 4096
cores: 4096
size: 68719476736
time: 8.736931 sec
rate: 1415.772422 GFlop/s
TRANSPOSING
TRANSPOSING
TRANSPOSING
residual = 0.341225
End of program
