Converse/Charm++ Commit ID: v6.4.0-471-gb108555
[0] isomalloc.c> Disabling isomalloc because isomalloc disabled by conv-mach
CharmLB> Load balancer assumes all CPUs are same.
Charm++> Running on 512 unique compute nodes (8-way SMP).
TRANSPOSING
TRANSPOSING
TRANSPOSING
time[0] = 2.119514 sec
time[1] = 3.157457 sec
time[2] = 5.756585 sec
time[3] = 6.383982 sec
time[4] = 20.494330 sec
time[5] = 20.494331 sec
chares: 4096
cores: 4096
size: 68719476736
time: 20.781335 sec
rate: 595.221916 GFlop/s
TRANSPOSING
TRANSPOSING
TRANSPOSING
residual = 0.341225
End of program
