Charm++> Running on non-SMP mode
Converse/Charm++ Commit ID: v6.4.0-1169-gdf5dce4
[0] isomalloc.c> Disabling isomalloc because isomalloc disabled by conv-mach
CharmLB> Load balancer assumes all CPUs are same.
Charm++> Running on 256 unique compute nodes (4-way SMP).
Running on NX 8 NY 4 NZ 8 NT 4
BUFSIZE = 0 KB
TOTALBUFSIZE = 0 KB
NUM_MESSAGES_BUF = 64
Total Buf Size = 0 KB
TRANSPOSING
TRANSPOSING
TRANSPOSING
chares: 1024
cores: 1024
size: 4294967296
time: 14.702852 sec
rate: 46.738875 GFlop/s
TRANSPOSING
TRANSPOSING
TRANSPOSING
residual = 0.438414
End of program
