Charm++> Running on non-SMP mode
Converse/Charm++ Commit ID: v6.4.0-1169-gdf5dce4
[0] isomalloc.c> Disabling isomalloc because isomalloc disabled by conv-mach
CharmLB> Load balancer assumes all CPUs are same.
Charm++> Running on 512 unique compute nodes (4-way SMP).
Running on NX 8 NY 8 NZ 8 NT 4
BUFSIZE = 31 KB
TOTALBUFSIZE = 70371453813048 KB
NUM_MESSAGES_BUF = 144
Total Buf Size = 18224 KB
TRANSPOSING
TRANSPOSING
TRANSPOSING
chares: 2048
cores: 2048
size: 8493465600
time: 10.177779 sec
rate: 137.626283 GFlop/s
TRANSPOSING
TRANSPOSING
TRANSPOSING
residual = 0.602072
End of program
