Charm++> Running on non-SMP mode
Converse/Charm++ Commit ID: v6.4.0-1169-gdf5dce4
[0] isomalloc.c> Disabling isomalloc because isomalloc disabled by conv-mach
CharmLB> Load balancer assumes all CPUs are same.
Charm++> Running on 8192 unique compute nodes (4-way SMP).
Running on NX 32 NY 32 NZ 8 NT 4
NUMBUF = 416
TRANSPOSING
TRANSPOSING
TRANSPOSING
chares: 32768
cores: 32768
size: 129922760704
time: 19.429978 sec
rate: 1234.329897 GFlop/s
TRANSPOSING
TRANSPOSING
TRANSPOSING
residual = 0.548831
End of program
Charm++> Running on non-SMP mode
Converse/Charm++ Commit ID: v6.4.0-1169-gdf5dce4
[0] isomalloc.c> Disabling isomalloc because isomalloc disabled by conv-mach
CharmLB> Load balancer assumes all CPUs are same.
Charm++> Running on 8192 unique compute nodes (4-way SMP).
Running on NX 32 NY 32 NZ 8 NT 4
NUMBUF = 448
TRANSPOSING
TRANSPOSING
TRANSPOSING
chares: 32768
cores: 32768
size: 129922760704
time: 18.635306 sec
rate: 1286.965922 GFlop/s
TRANSPOSING
TRANSPOSING
TRANSPOSING
residual = 0.548831
End of program
Charm++> Running on non-SMP mode
Converse/Charm++ Commit ID: v6.4.0-1169-gdf5dce4
[0] isomalloc.c> Disabling isomalloc because isomalloc disabled by conv-mach
CharmLB> Load balancer assumes all CPUs are same.
Charm++> Running on 8192 unique compute nodes (4-way SMP).
Running on NX 32 NY 32 NZ 8 NT 4
NUMBUF = 480
TRANSPOSING
TRANSPOSING
TRANSPOSING
chares: 32768
cores: 32768
size: 129922760704
time: 16.762311 sec
rate: 1430.769499 GFlop/s
TRANSPOSING
TRANSPOSING
TRANSPOSING
residual = 0.548831
End of program
Charm++> Running on non-SMP mode
Converse/Charm++ Commit ID: v6.4.0-1169-gdf5dce4
[0] isomalloc.c> Disabling isomalloc because isomalloc disabled by conv-mach
CharmLB> Load balancer assumes all CPUs are same.
Charm++> Running on 8192 unique compute nodes (4-way SMP).
Running on NX 32 NY 32 NZ 8 NT 4
NUMBUF = 512
TRANSPOSING
TRANSPOSING
TRANSPOSING
chares: 32768
cores: 32768
size: 129922760704
time: 17.560235 sec
rate: 1365.756406 GFlop/s
TRANSPOSING
TRANSPOSING
TRANSPOSING
residual = 0.548831
End of program
Charm++> Running on non-SMP mode
Converse/Charm++ Commit ID: v6.4.0-1169-gdf5dce4
[0] isomalloc.c> Disabling isomalloc because isomalloc disabled by conv-mach
CharmLB> Load balancer assumes all CPUs are same.
Charm++> Running on 8192 unique compute nodes (4-way SMP).
Running on NX 32 NY 32 NZ 8 NT 4
NUMBUF = 544
TRANSPOSING
TRANSPOSING
TRANSPOSING
chares: 32768
cores: 32768
size: 129922760704
time: 17.341232 sec
rate: 1383.004551 GFlop/s
TRANSPOSING
TRANSPOSING
TRANSPOSING
residual = 0.548831
End of program
Charm++> Running on non-SMP mode
Converse/Charm++ Commit ID: v6.4.0-1169-gdf5dce4
[0] isomalloc.c> Disabling isomalloc because isomalloc disabled by conv-mach
CharmLB> Load balancer assumes all CPUs are same.
Charm++> Running on 8192 unique compute nodes (4-way SMP).
Running on NX 32 NY 32 NZ 8 NT 4
NUMBUF = 576
TRANSPOSING
TRANSPOSING
TRANSPOSING
chares: 32768
cores: 32768
size: 129922760704
time: 17.996811 sec
rate: 1332.625190 GFlop/s
TRANSPOSING
TRANSPOSING
TRANSPOSING
residual = 0.548831
End of program
Charm++> Running on non-SMP mode
Converse/Charm++ Commit ID: v6.4.0-1169-gdf5dce4
[0] isomalloc.c> Disabling isomalloc because isomalloc disabled by conv-mach
CharmLB> Load balancer assumes all CPUs are same.
Charm++> Running on 8192 unique compute nodes (4-way SMP).
Running on NX 32 NY 32 NZ 8 NT 4
NUMBUF = 608
TRANSPOSING
TRANSPOSING
TRANSPOSING
chares: 32768
cores: 32768
size: 129922760704
time: 18.151252 sec
rate: 1321.286439 GFlop/s
TRANSPOSING
TRANSPOSING
TRANSPOSING
residual = 0.548831
End of program
Charm++> Running on MPI version: 2.1
Charm++> level of thread support used: MPI_THREAD_SINGLE (desired: MPI_THREAD_SINGLE)
Charm++> Running on non-SMP mode
Converse/Charm++ Commit ID: v6.4.0-1171-g3acd0aa
Charm++> MPI timer is synchronized
Warning> Randomization of stack pointer is turned on in kernel, thread migration may not work! Run 'echo 0 > /proc/sys/kernel/randomize_va_space' as root to disable it, or try run with '+isomalloc_sync'.  
[0] isomalloc.c> Disabling isomalloc because no free virtual address space
CharmLB> Load balancer assumes all CPUs are same.
Charm++> Running on 8192 unique compute nodes (4-way SMP).
Running on NX 32 NY 32 NZ 8 NT 4
NUMBUF = 416
TRANSPOSING
