Charm++> Running on non-SMP mode
Converse/Charm++ Commit ID: v6.4.0-1169-gdf5dce4
[0] isomalloc.c> Disabling isomalloc because isomalloc disabled by conv-mach
CharmLB> Load balancer assumes all CPUs are same.
Charm++> Running on 256 unique compute nodes (4-way SMP).
Running on NX 8 NY 4 NZ 8 NT 4
NUMBUF = 13
TRANSPOSING
TRANSPOSING
TRANSPOSING
chares: 1024
cores: 1024
size: 4294967296
time: 10.509277 sec
rate: 65.389348 GFlop/s
TRANSPOSING
TRANSPOSING
TRANSPOSING
residual = 0.438414
End of program
Charm++> Running on non-SMP mode
Converse/Charm++ Commit ID: v6.4.0-1169-gdf5dce4
[0] isomalloc.c> Disabling isomalloc because isomalloc disabled by conv-mach
CharmLB> Load balancer assumes all CPUs are same.
Charm++> Running on 256 unique compute nodes (4-way SMP).
Running on NX 8 NY 4 NZ 8 NT 4
NUMBUF = 14
TRANSPOSING
TRANSPOSING
TRANSPOSING
chares: 1024
cores: 1024
size: 4294967296
time: 11.681094 sec
rate: 58.829657 GFlop/s
TRANSPOSING
TRANSPOSING
TRANSPOSING
residual = 0.438414
End of program
Charm++> Running on non-SMP mode
Converse/Charm++ Commit ID: v6.4.0-1169-gdf5dce4
[0] isomalloc.c> Disabling isomalloc because isomalloc disabled by conv-mach
CharmLB> Load balancer assumes all CPUs are same.
Charm++> Running on 256 unique compute nodes (4-way SMP).
Running on NX 8 NY 4 NZ 8 NT 4
NUMBUF = 15
TRANSPOSING
TRANSPOSING
TRANSPOSING
chares: 1024
cores: 1024
size: 4294967296
time: 10.503803 sec
rate: 65.423423 GFlop/s
TRANSPOSING
TRANSPOSING
TRANSPOSING
residual = 0.438414
End of program
Charm++> Running on non-SMP mode
Converse/Charm++ Commit ID: v6.4.0-1169-gdf5dce4
[0] isomalloc.c> Disabling isomalloc because isomalloc disabled by conv-mach
CharmLB> Load balancer assumes all CPUs are same.
Charm++> Running on 256 unique compute nodes (4-way SMP).
Running on NX 8 NY 4 NZ 8 NT 4
NUMBUF = 16
TRANSPOSING
TRANSPOSING
TRANSPOSING
chares: 1024
cores: 1024
size: 4294967296
time: 10.263097 sec
rate: 66.957834 GFlop/s
TRANSPOSING
TRANSPOSING
TRANSPOSING
residual = 0.438414
End of program
Charm++> Running on non-SMP mode
Converse/Charm++ Commit ID: v6.4.0-1169-gdf5dce4
[0] isomalloc.c> Disabling isomalloc because isomalloc disabled by conv-mach
CharmLB> Load balancer assumes all CPUs are same.
Charm++> Running on 256 unique compute nodes (4-way SMP).
Running on NX 8 NY 4 NZ 8 NT 4
NUMBUF = 17
TRANSPOSING
TRANSPOSING
TRANSPOSING
chares: 1024
cores: 1024
size: 4294967296
time: 10.260065 sec
rate: 66.977626 GFlop/s
TRANSPOSING
TRANSPOSING
TRANSPOSING
residual = 0.438414
End of program
Charm++> Running on non-SMP mode
Converse/Charm++ Commit ID: v6.4.0-1169-gdf5dce4
[0] isomalloc.c> Disabling isomalloc because isomalloc disabled by conv-mach
CharmLB> Load balancer assumes all CPUs are same.
Charm++> Running on 256 unique compute nodes (4-way SMP).
Running on NX 8 NY 4 NZ 8 NT 4
NUMBUF = 18
TRANSPOSING
TRANSPOSING
TRANSPOSING
chares: 1024
cores: 1024
size: 4294967296
time: 10.394410 sec
rate: 66.111957 GFlop/s
TRANSPOSING
TRANSPOSING
TRANSPOSING
residual = 0.438414
End of program
Charm++> Running on non-SMP mode
Converse/Charm++ Commit ID: v6.4.0-1169-gdf5dce4
[0] isomalloc.c> Disabling isomalloc because isomalloc disabled by conv-mach
CharmLB> Load balancer assumes all CPUs are same.
Charm++> Running on 256 unique compute nodes (4-way SMP).
Running on NX 8 NY 4 NZ 8 NT 4
NUMBUF = 19
TRANSPOSING
TRANSPOSING
TRANSPOSING
chares: 1024
cores: 1024
size: 4294967296
time: 10.383671 sec
rate: 66.180332 GFlop/s
TRANSPOSING
TRANSPOSING
TRANSPOSING
residual = 0.438414
End of program
