Charm++> Running on non-SMP mode
Converse/Charm++ Commit ID: v6.4.0-1169-gdf5dce4
[0] isomalloc.c> Disabling isomalloc because isomalloc disabled by conv-mach
CharmLB> Load balancer assumes all CPUs are same.
Charm++> Running on 1024 unique compute nodes (4-way SMP).
Running on NX 16 NY 8 NZ 8 NT 4
NUMBUF = 58
TRANSPOSING
TRANSPOSING
TRANSPOSING
chares: 4096
cores: 4096
size: 17179869184
time: 10.698265 sec
rate: 272.995454 GFlop/s
TRANSPOSING
TRANSPOSING
TRANSPOSING
residual = 0.504301
End of program
Charm++> Running on non-SMP mode
Converse/Charm++ Commit ID: v6.4.0-1169-gdf5dce4
[0] isomalloc.c> Disabling isomalloc because isomalloc disabled by conv-mach
CharmLB> Load balancer assumes all CPUs are same.
Charm++> Running on 1024 unique compute nodes (4-way SMP).
Running on NX 16 NY 8 NZ 8 NT 4
NUMBUF = 60
TRANSPOSING
TRANSPOSING
TRANSPOSING
chares: 4096
cores: 4096
size: 17179869184
time: 10.636097 sec
rate: 274.591108 GFlop/s
TRANSPOSING
TRANSPOSING
TRANSPOSING
residual = 0.504301
End of program
Charm++> Running on non-SMP mode
Converse/Charm++ Commit ID: v6.4.0-1169-gdf5dce4
[0] isomalloc.c> Disabling isomalloc because isomalloc disabled by conv-mach
CharmLB> Load balancer assumes all CPUs are same.
Charm++> Running on 1024 unique compute nodes (4-way SMP).
Running on NX 16 NY 8 NZ 8 NT 4
NUMBUF = 62
TRANSPOSING
TRANSPOSING
TRANSPOSING
chares: 4096
cores: 4096
size: 17179869184
time: 10.283211 sec
rate: 284.014185 GFlop/s
TRANSPOSING
TRANSPOSING
TRANSPOSING
residual = 0.504301
End of program
Charm++> Running on non-SMP mode
Converse/Charm++ Commit ID: v6.4.0-1169-gdf5dce4
[0] isomalloc.c> Disabling isomalloc because isomalloc disabled by conv-mach
CharmLB> Load balancer assumes all CPUs are same.
Charm++> Running on 1024 unique compute nodes (4-way SMP).
Running on NX 16 NY 8 NZ 8 NT 4
NUMBUF = 64
TRANSPOSING
TRANSPOSING
TRANSPOSING
chares: 4096
cores: 4096
size: 17179869184
time: 10.484762 sec
rate: 278.554515 GFlop/s
TRANSPOSING
TRANSPOSING
TRANSPOSING
residual = 0.504301
End of program
Charm++> Running on non-SMP mode
Converse/Charm++ Commit ID: v6.4.0-1169-gdf5dce4
[0] isomalloc.c> Disabling isomalloc because isomalloc disabled by conv-mach
CharmLB> Load balancer assumes all CPUs are same.
Charm++> Running on 1024 unique compute nodes (4-way SMP).
Running on NX 16 NY 8 NZ 8 NT 4
NUMBUF = 66
TRANSPOSING
TRANSPOSING
TRANSPOSING
chares: 4096
cores: 4096
size: 17179869184
time: 10.570170 sec
rate: 276.303763 GFlop/s
TRANSPOSING
TRANSPOSING
TRANSPOSING
residual = 0.504301
End of program
Charm++> Running on non-SMP mode
Converse/Charm++ Commit ID: v6.4.0-1169-gdf5dce4
[0] isomalloc.c> Disabling isomalloc because isomalloc disabled by conv-mach
CharmLB> Load balancer assumes all CPUs are same.
Charm++> Running on 1024 unique compute nodes (4-way SMP).
Running on NX 16 NY 8 NZ 8 NT 4
NUMBUF = 68
TRANSPOSING
TRANSPOSING
TRANSPOSING
chares: 4096
cores: 4096
size: 17179869184
time: 10.529442 sec
rate: 277.372501 GFlop/s
TRANSPOSING
TRANSPOSING
TRANSPOSING
residual = 0.504301
End of program
Charm++> Running on non-SMP mode
Converse/Charm++ Commit ID: v6.4.0-1169-gdf5dce4
[0] isomalloc.c> Disabling isomalloc because isomalloc disabled by conv-mach
CharmLB> Load balancer assumes all CPUs are same.
Charm++> Running on 1024 unique compute nodes (4-way SMP).
Running on NX 16 NY 8 NZ 8 NT 4
NUMBUF = 70
TRANSPOSING
TRANSPOSING
TRANSPOSING
chares: 4096
cores: 4096
size: 17179869184
time: 10.981246 sec
rate: 265.960506 GFlop/s
TRANSPOSING
TRANSPOSING
TRANSPOSING
residual = 0.504301
End of program
Charm++> Running on MPI version: 2.1
Charm++> level of thread support used: MPI_THREAD_SINGLE (desired: MPI_THREAD_SINGLE)
Charm++> Running on non-SMP mode
Converse/Charm++ Commit ID: v6.4.0-1171-g3acd0aa
Charm++> MPI timer is synchronized
Warning> Randomization of stack pointer is turned on in kernel, thread migration may not work! Run 'echo 0 > /proc/sys/kernel/randomize_va_space' as root to disable it, or try run with '+isomalloc_sync'.  
[0] isomalloc.c> Disabling isomalloc because no free virtual address space
CharmLB> Load balancer assumes all CPUs are same.
Charm++> Running on 1024 unique compute nodes (4-way SMP).
Running on NX 16 NY 8 NZ 8 NT 4
NUMBUF = 58
TRANSPOSING
TRANSPOSING
TRANSPOSING
chares: 4096
cores: 4096
size: 17179869184
time: 16.603584 sec
rate: 175.900440 GFlop/s
TRANSPOSING

DCFTD : 2538-2400
An internal buffer allocation has failed due to insufficient memory.

DCFTD : 2538-2604
Execution terminating due to error count for error number 2400.

DCFTD : 2538-2605
Message summary:      2400     - 1
