Charm++> Running on Non-smp mode
Converse/Charm++ Commit ID: v6.3.0-631-gd27dc40
[0] isomalloc.c> Disabling isomalloc because isomalloc disabled by conv-mach
Charm++> Running on 1 unique compute nodes (4-way SMP).
[0] Generating data
[0] done generating data
Done allocating memory
[1] Generating data
[2] Generating data
[3] Generating data
[1] done generating data
[2] done generating data
[3] done generating data
Done allocating memory
Done allocating memory
Done allocating memory
TRANSPOSING
TRANSPOSING
TRANSPOSING
FFT on 4096 elements with 4 chares took 8.339467 time at 0.000029 GFlop/s
End of program
