Charm++> Running on Non-smp mode
Converse/Charm++ Commit ID: v6.3.0-631-gd27dc40
[0] isomalloc.c> Disabling isomalloc because isomalloc disabled by conv-mach
Charm++> Running on 16 unique compute nodes (4-way SMP).
TRANSPOSING
TRANSPOSING
TRANSPOSING
FFT on 10240 elements with 1024 chares took 3.291211 time at 4.244351 GFlop/s
[0] copy/comp = 0.230828 copy = 0.016992 compute = 0.073611 twid = 0.033928 send = 0.011834
[1] copy/comp = 0.221676 copy = 0.017015 compute = 0.076758 twid = 0.036865 send = 0.012138
[192] copy/comp = 0.205665 copy = 0.017001 compute = 0.082665 twid = 0.042551 send = 0.011479
[512] copy/comp = 0.185933 copy = 0.017064 compute = 0.091777 twid = 0.051425 send = 0.011731
[448] copy/comp = 0.187977 copy = 0.017338 compute = 0.092236 twid = 0.049090 send = 0.011543
[832] copy/comp = 0.175635 copy = 0.017052 compute = 0.097087 twid = 0.056671 send = 0.011650
[768] copy/comp = 0.176644 copy = 0.017111 compute = 0.096866 twid = 0.056024 send = 0.011679
[896] copy/comp = 0.174560 copy = 0.017106 compute = 0.097992 twid = 0.057203 send = 0.011642
[960] copy/comp = 0.173211 copy = 0.017044 compute = 0.098400 twid = 0.057606 send = 0.011539
[384] copy/comp = 0.194084 copy = 0.017414 compute = 0.089726 twid = 0.046495 send = 0.011677
[320] copy/comp = 0.200205 copy = 0.017063 compute = 0.085229 twid = 0.045448 send = 0.011712
[2] copy/comp = 0.221084 copy = 0.017014 compute = 0.076955 twid = 0.036855 send = 0.011636
[464] copy/comp = 0.188622 copy = 0.017154 compute = 0.090942 twid = 0.049715 send = 0.011532
[640] copy/comp = 0.177212 copy = 0.017045 compute = 0.096184 twid = 0.054212 send = 0.011295
[704] copy/comp = 0.177014 copy = 0.017065 compute = 0.096407 twid = 0.055211 send = 0.011597
[128] copy/comp = 0.213887 copy = 0.017047 compute = 0.079699 twid = 0.039844 send = 0.011833
[64] copy/comp = 0.218601 copy = 0.017028 compute = 0.077897 twid = 0.037833 send = 0.011620
[256] copy/comp = 0.204296 copy = 0.017100 compute = 0.083702 twid = 0.044338 send = 0.011897
[208] copy/comp = 0.206405 copy = 0.017141 compute = 0.083047 twid = 0.043531 send = 0.011716
[592] copy/comp = 0.182354 copy = 0.017122 compute = 0.093895 twid = 0.053019 send = 0.011333
[656] copy/comp = 0.180585 copy = 0.017114 compute = 0.094771 twid = 0.054625 send = 0.011411
[912] copy/comp = 0.176673 copy = 0.017157 compute = 0.097112 twid = 0.057347 send = 0.011814
[976] copy/comp = 0.176165 copy = 0.017152 compute = 0.097363 twid = 0.057649 send = 0.011808
[576] copy/comp = 0.179161 copy = 0.017017 compute = 0.094983 twid = 0.052627 send = 0.011329
[848] copy/comp = 0.175923 copy = 0.017082 compute = 0.097099 twid = 0.056868 send = 0.011684
[784] copy/comp = 0.177707 copy = 0.017112 compute = 0.096294 twid = 0.055999 send = 0.011698
[400] copy/comp = 0.194287 copy = 0.017228 compute = 0.088671 twid = 0.046888 send = 0.011463
[528] copy/comp = 0.185537 copy = 0.017062 compute = 0.091962 twid = 0.051734 send = 0.011746
[80] copy/comp = 0.219588 copy = 0.017048 compute = 0.077635 twid = 0.038117 send = 0.011618
[224] copy/comp = 0.204681 copy = 0.017227 compute = 0.084166 twid = 0.044442 send = 0.011733
[720] copy/comp = 0.179499 copy = 0.017120 compute = 0.095375 twid = 0.055421 send = 0.011786
[144] copy/comp = 0.215203 copy = 0.017084 compute = 0.079385 twid = 0.039481 send = 0.011530
[336] copy/comp = 0.199725 copy = 0.017071 compute = 0.085472 twid = 0.045729 send = 0.011659
[16] copy/comp = 0.225636 copy = 0.017068 compute = 0.075644 twid = 0.035949 send = 0.011746
[864] copy/comp = 0.178241 copy = 0.017245 compute = 0.096748 twid = 0.056873 send = 0.011756
[272] copy/comp = 0.204528 copy = 0.017100 compute = 0.083607 twid = 0.044338 send = 0.011870
[480] copy/comp = 0.190458 copy = 0.017283 compute = 0.090746 twid = 0.050289 send = 0.011542
[608] copy/comp = 0.183336 copy = 0.017183 compute = 0.093723 twid = 0.053458 send = 0.011327
[800] copy/comp = 0.180254 copy = 0.017303 compute = 0.095992 twid = 0.056121 send = 0.011849
[928] copy/comp = 0.177672 copy = 0.017276 compute = 0.097234 twid = 0.057507 send = 0.011817
[416] copy/comp = 0.196704 copy = 0.017344 compute = 0.088173 twid = 0.047671 send = 0.011517
[544] copy/comp = 0.187328 copy = 0.017194 compute = 0.091786 twid = 0.051741 send = 0.011744
[672] copy/comp = 0.182231 copy = 0.017293 compute = 0.094896 twid = 0.054891 send = 0.011419
[736] copy/comp = 0.180958 copy = 0.017262 compute = 0.095395 twid = 0.055617 send = 0.011724
[992] copy/comp = 0.176840 copy = 0.017252 compute = 0.097557 twid = 0.057827 send = 0.011873
[160] copy/comp = 0.214871 copy = 0.017303 compute = 0.080526 twid = 0.040709 send = 0.011608
[96] copy/comp = 0.221328 copy = 0.017219 compute = 0.077800 twid = 0.038464 send = 0.011576
[288] copy/comp = 0.205547 copy = 0.017225 compute = 0.083800 twid = 0.044658 send = 0.011745
[352] copy/comp = 0.200746 copy = 0.017201 compute = 0.085684 twid = 0.045992 send = 0.011738
[32] copy/comp = 0.225314 copy = 0.017206 compute = 0.076365 twid = 0.036882 send = 0.011917
[240] copy/comp = 0.206258 copy = 0.017240 compute = 0.083587 twid = 0.044310 send = 0.011808
[496] copy/comp = 0.190666 copy = 0.017336 compute = 0.090925 twid = 0.050797 send = 0.011662
[624] copy/comp = 0.184180 copy = 0.017226 compute = 0.093527 twid = 0.053812 send = 0.011459
[560] copy/comp = 0.189322 copy = 0.017379 compute = 0.091796 twid = 0.052204 send = 0.011671
[688] copy/comp = 0.181868 copy = 0.017275 compute = 0.094986 twid = 0.055181 send = 0.011349
[944] copy/comp = 0.178079 copy = 0.017268 compute = 0.096967 twid = 0.057460 send = 0.011837
[449] copy/comp = 0.190976 copy = 0.017057 compute = 0.089316 twid = 0.049142 send = 0.012050
[193] copy/comp = 0.205690 copy = 0.016996 compute = 0.082631 twid = 0.042599 send = 0.011912
[833] copy/comp = 0.175795 copy = 0.017034 compute = 0.096899 twid = 0.056628 send = 0.011934
[577] copy/comp = 0.182373 copy = 0.017038 compute = 0.093424 twid = 0.052916 send = 0.011509
[769] copy/comp = 0.177535 copy = 0.017061 compute = 0.096101 twid = 0.056048 send = 0.012014
[513] copy/comp = 0.186494 copy = 0.017032 compute = 0.091327 twid = 0.051230 send = 0.012051
[641] copy/comp = 0.180222 copy = 0.017018 compute = 0.094425 twid = 0.054467 send = 0.011490
[897] copy/comp = 0.174693 copy = 0.017051 compute = 0.097607 twid = 0.057307 send = 0.011833
[705] copy/comp = 0.178829 copy = 0.017045 compute = 0.095316 twid = 0.055402 send = 0.011934
[961] copy/comp = 0.174271 copy = 0.017047 compute = 0.097821 twid = 0.057769 send = 0.011849
[385] copy/comp = 0.196142 copy = 0.017079 compute = 0.087073 twid = 0.046859 send = 0.011725
[129] copy/comp = 0.213221 copy = 0.017036 compute = 0.079900 twid = 0.039832 send = 0.011702
[65] copy/comp = 0.215724 copy = 0.017019 compute = 0.078893 twid = 0.038792 send = 0.011885
[321] copy/comp = 0.199437 copy = 0.017033 compute = 0.085406 twid = 0.045832 send = 0.011951
[257] copy/comp = 0.202888 copy = 0.017054 compute = 0.084054 twid = 0.044792 send = 0.012291
[3] copy/comp = 0.220626 copy = 0.017015 compute = 0.077123 twid = 0.036881 send = 0.011801
[465] copy/comp = 0.189731 copy = 0.017101 compute = 0.090134 twid = 0.050004 send = 0.011989
[209] copy/comp = 0.204082 copy = 0.017121 compute = 0.083890 twid = 0.044222 send = 0.012089
[849] copy/comp = 0.176267 copy = 0.017077 compute = 0.096883 twid = 0.056914 send = 0.011948
[593] copy/comp = 0.183526 copy = 0.017147 compute = 0.093431 twid = 0.053292 send = 0.011480
[785] copy/comp = 0.177813 copy = 0.017060 compute = 0.095945 twid = 0.056111 send = 0.011997
[529] copy/comp = 0.186656 copy = 0.017048 compute = 0.091332 twid = 0.051806 send = 0.012022
[657] copy/comp = 0.180687 copy = 0.017076 compute = 0.094504 twid = 0.054613 send = 0.011618
[913] copy/comp = 0.175853 copy = 0.017125 compute = 0.097382 twid = 0.057427 send = 0.012009
[721] copy/comp = 0.179453 copy = 0.017110 compute = 0.095343 twid = 0.055623 send = 0.012129
[977] copy/comp = 0.176312 copy = 0.017141 compute = 0.097220 twid = 0.057818 send = 0.012131
[401] copy/comp = 0.195330 copy = 0.017131 compute = 0.087704 twid = 0.047461 send = 0.011677
[145] copy/comp = 0.211675 copy = 0.017078 compute = 0.080680 twid = 0.040872 send = 0.011790
[81] copy/comp = 0.216440 copy = 0.017050 compute = 0.078774 twid = 0.039034 send = 0.011833
[337] copy/comp = 0.199192 copy = 0.017057 compute = 0.085633 twid = 0.046125 send = 0.011980
[273] copy/comp = 0.202804 copy = 0.017062 compute = 0.084128 twid = 0.044817 send = 0.012209
[17] copy/comp = 0.222392 copy = 0.017078 compute = 0.076792 twid = 0.036862 send = 0.012051
[481] copy/comp = 0.190809 copy = 0.017300 compute = 0.090667 twid = 0.050696 send = 0.012041
[225] copy/comp = 0.205767 copy = 0.017250 compute = 0.083832 twid = 0.044480 send = 0.012070
[865] copy/comp = 0.177796 copy = 0.017225 compute = 0.096880 twid = 0.057078 send = 0.012031
[609] copy/comp = 0.184252 copy = 0.017263 compute = 0.093693 twid = 0.053685 send = 0.011553
[801] copy/comp = 0.179472 copy = 0.017258 compute = 0.096161 twid = 0.056301 send = 0.012232
[545] copy/comp = 0.187596 copy = 0.017176 compute = 0.091560 twid = 0.052038 send = 0.012078
[673] copy/comp = 0.182014 copy = 0.017286 compute = 0.094973 twid = 0.054996 send = 0.011730
[929] copy/comp = 0.177555 copy = 0.017242 compute = 0.097107 twid = 0.057559 send = 0.012046
[737] copy/comp = 0.181110 copy = 0.017226 compute = 0.095114 twid = 0.055830 send = 0.012067
[993] copy/comp = 0.176845 copy = 0.017273 compute = 0.097674 twid = 0.057921 send = 0.012172
[417] copy/comp = 0.196646 copy = 0.017284 compute = 0.087895 twid = 0.048050 send = 0.011786
[161] copy/comp = 0.213193 copy = 0.017325 compute = 0.081264 twid = 0.041551 send = 0.011978
[97] copy/comp = 0.218952 copy = 0.017259 compute = 0.078826 twid = 0.039392 send = 0.011919
[353] copy/comp = 0.199922 copy = 0.017233 compute = 0.086200 twid = 0.046538 send = 0.012086
[289] copy/comp = 0.203351 copy = 0.017161 compute = 0.084389 twid = 0.045130 send = 0.012235
[33] copy/comp = 0.224958 copy = 0.017239 compute = 0.076634 twid = 0.036900 send = 0.012289
[497] copy/comp = 0.190290 copy = 0.017333 compute = 0.091086 twid = 0.051212 send = 0.012094
[241] copy/comp = 0.205352 copy = 0.017245 compute = 0.083979 twid = 0.044884 send = 0.012279
[880] copy/comp = 0.179557 copy = 0.017338 compute = 0.096557 twid = 0.057006 send = 0.011772
[625] copy/comp = 0.183955 copy = 0.017313 compute = 0.094115 twid = 0.054031 send = 0.011635
[816] copy/comp = 0.180780 copy = 0.017330 compute = 0.095864 twid = 0.056390 send = 0.011902
[561] copy/comp = 0.189430 copy = 0.017461 compute = 0.092176 twid = 0.052501 send = 0.012076
[689] copy/comp = 0.182018 copy = 0.017316 compute = 0.095133 twid = 0.055178 send = 0.011645
[945] copy/comp = 0.177241 copy = 0.017268 compute = 0.097427 twid = 0.057586 send = 0.012081
[752] copy/comp = 0.180916 copy = 0.017315 compute = 0.095710 twid = 0.055964 send = 0.011742
[1008] copy/comp = 0.176576 copy = 0.017230 compute = 0.097579 twid = 0.057843 send = 0.011884
[432] copy/comp = 0.196832 copy = 0.017385 compute = 0.088326 twid = 0.048415 send = 0.011655
[176] copy/comp = 0.214182 copy = 0.017416 compute = 0.081316 twid = 0.041671 send = 0.011622
[112] copy/comp = 0.221430 copy = 0.017367 compute = 0.078429 twid = 0.038766 send = 0.011647
[368] copy/comp = 0.201109 copy = 0.017271 compute = 0.085877 twid = 0.046272 send = 0.011803
[304] copy/comp = 0.204997 copy = 0.017293 compute = 0.084359 twid = 0.045034 send = 0.011725
[48] copy/comp = 0.225786 copy = 0.017216 compute = 0.076247 twid = 0.036678 send = 0.011786
[450] copy/comp = 0.189627 copy = 0.017072 compute = 0.090029 twid = 0.049487 send = 0.011409
[194] copy/comp = 0.202075 copy = 0.017002 compute = 0.084136 twid = 0.043665 send = 0.011541
[834] copy/comp = 0.176375 copy = 0.017044 compute = 0.096637 twid = 0.056674 send = 0.011425
[578] copy/comp = 0.182664 copy = 0.017033 compute = 0.093250 twid = 0.052924 send = 0.011123
[770] copy/comp = 0.177691 copy = 0.017035 compute = 0.095869 twid = 0.056033 send = 0.011511
[514] copy/comp = 0.187117 copy = 0.017022 compute = 0.090969 twid = 0.051219 send = 0.011551
[642] copy/comp = 0.180010 copy = 0.017010 compute = 0.094495 twid = 0.054419 send = 0.010913
[898] copy/comp = 0.175540 copy = 0.017059 compute = 0.097181 twid = 0.057148 send = 0.011326
[706] copy/comp = 0.177965 copy = 0.017043 compute = 0.095764 twid = 0.055416 send = 0.011355
[962] copy/comp = 0.173898 copy = 0.017029 compute = 0.097927 twid = 0.057737 send = 0.011325
[386] copy/comp = 0.195078 copy = 0.017068 compute = 0.087493 twid = 0.047016 send = 0.011082
[130] copy/comp = 0.212022 copy = 0.017025 compute = 0.080299 twid = 0.039859 send = 0.011271
[66] copy/comp = 0.215672 copy = 0.017008 compute = 0.078858 twid = 0.038844 send = 0.011373
[322] copy/comp = 0.197820 copy = 0.017042 compute = 0.086148 twid = 0.046058 send = 0.011253
[258] copy/comp = 0.200971 copy = 0.017053 compute = 0.084853 twid = 0.045067 send = 0.011698
[4] copy/comp = 0.220560 copy = 0.017031 compute = 0.077218 twid = 0.036883 send = 0.011412
[466] copy/comp = 0.189320 copy = 0.017122 compute = 0.090441 twid = 0.050052 send = 0.011424
[210] copy/comp = 0.203711 copy = 0.017110 compute = 0.083992 twid = 0.044239 send = 0.011696
[850] copy/comp = 0.177011 copy = 0.017093 compute = 0.096563 twid = 0.056861 send = 0.011419
[594] copy/comp = 0.183304 copy = 0.017111 compute = 0.093347 twid = 0.053441 send = 0.011157
[786] copy/comp = 0.178040 copy = 0.017071 compute = 0.095882 twid = 0.056082 send = 0.011403
[530] copy/comp = 0.185818 copy = 0.017047 compute = 0.091738 twid = 0.051877 send = 0.011463
[658] copy/comp = 0.180860 copy = 0.017093 compute = 0.094510 twid = 0.054672 send = 0.010979
[914] copy/comp = 0.176392 copy = 0.017133 compute = 0.097131 twid = 0.057464 send = 0.011466
[722] copy/comp = 0.179280 copy = 0.017116 compute = 0.095469 twid = 0.055652 send = 0.011595
[978] copy/comp = 0.175845 copy = 0.017122 compute = 0.097371 twid = 0.057706 send = 0.011581
[402] copy/comp = 0.195208 copy = 0.017144 compute = 0.087826 twid = 0.047501 send = 0.011054
[146] copy/comp = 0.210684 copy = 0.017070 compute = 0.081024 twid = 0.040982 send = 0.011209
[82] copy/comp = 0.215104 copy = 0.017036 compute = 0.079199 twid = 0.039439 send = 0.011352
[338] copy/comp = 0.197879 copy = 0.017067 compute = 0.086250 twid = 0.046328 send = 0.011235
[274] copy/comp = 0.202318 copy = 0.017058 compute = 0.084314 twid = 0.044826 send = 0.011760
[18] copy/comp = 0.222338 copy = 0.017087 compute = 0.076849 twid = 0.036916 send = 0.011647
[482] copy/comp = 0.191048 copy = 0.017339 compute = 0.090759 twid = 0.050628 send = 0.011548
[226] copy/comp = 0.205078 copy = 0.017228 compute = 0.084006 twid = 0.044487 send = 0.011683
[866] copy/comp = 0.178298 copy = 0.017257 compute = 0.096788 twid = 0.057071 send = 0.011565
[610] copy/comp = 0.184982 copy = 0.017340 compute = 0.093738 twid = 0.053801 send = 0.011242
[802] copy/comp = 0.180048 copy = 0.017247 compute = 0.095789 twid = 0.056227 send = 0.011606
[546] copy/comp = 0.187174 copy = 0.017212 compute = 0.091958 twid = 0.052083 send = 0.011521
[674] copy/comp = 0.183143 copy = 0.017325 compute = 0.094598 twid = 0.054983 send = 0.011108
[930] copy/comp = 0.177811 copy = 0.017270 compute = 0.097124 twid = 0.057562 send = 0.011604
[738] copy/comp = 0.180917 copy = 0.017277 compute = 0.095496 twid = 0.055864 send = 0.011617
[994] copy/comp = 0.177508 copy = 0.017282 compute = 0.097357 twid = 0.057935 send = 0.011679
[418] copy/comp = 0.196327 copy = 0.017286 compute = 0.088044 twid = 0.048005 send = 0.011218
[162] copy/comp = 0.212113 copy = 0.017321 compute = 0.081658 twid = 0.041980 send = 0.011465
[98] copy/comp = 0.218389 copy = 0.017228 compute = 0.078887 twid = 0.039403 send = 0.011452
[354] copy/comp = 0.200213 copy = 0.017244 compute = 0.086129 twid = 0.046569 send = 0.011447
[290] copy/comp = 0.203238 copy = 0.017152 compute = 0.084394 twid = 0.045154 send = 0.011740
[34] copy/comp = 0.225046 copy = 0.017248 compute = 0.076641 twid = 0.036900 send = 0.011831
[498] copy/comp = 0.190738 copy = 0.017371 compute = 0.091072 twid = 0.051048 send = 0.011611
[242] copy/comp = 0.205228 copy = 0.017229 compute = 0.083948 twid = 0.044863 send = 0.011751
[881] copy/comp = 0.179369 copy = 0.017324 compute = 0.096582 twid = 0.057163 send = 0.012154
[626] copy/comp = 0.185373 copy = 0.017367 compute = 0.093686 twid = 0.053990 send = 0.011310
[817] copy/comp = 0.179754 copy = 0.017321 compute = 0.096358 twid = 0.056487 send = 0.012245
[562] copy/comp = 0.189864 copy = 0.017469 compute = 0.092009 twid = 0.052431 send = 0.011599
[690] copy/comp = 0.182889 copy = 0.017360 compute = 0.094923 twid = 0.055123 send = 0.011054
[946] copy/comp = 0.178355 copy = 0.017314 compute = 0.097077 twid = 0.057683 send = 0.011712
[753] copy/comp = 0.181787 copy = 0.017350 compute = 0.095442 twid = 0.055951 send = 0.012039
[1009] copy/comp = 0.176831 copy = 0.017258 compute = 0.097594 twid = 0.057982 send = 0.012187
[433] copy/comp = 0.195927 copy = 0.017359 compute = 0.088597 twid = 0.048746 send = 0.011910
[177] copy/comp = 0.212398 copy = 0.017483 compute = 0.082311 twid = 0.042854 send = 0.012157
[113] copy/comp = 0.220215 copy = 0.017446 compute = 0.079221 twid = 0.039656 send = 0.012197
[369] copy/comp = 0.200660 copy = 0.017291 compute = 0.086168 twid = 0.046631 send = 0.012192
[305] copy/comp = 0.203459 copy = 0.017280 compute = 0.084932 twid = 0.045731 send = 0.012243
[451] copy/comp = 0.189157 copy = 0.017059 compute = 0.090182 twid = 0.049563 send = 0.011540
[195] copy/comp = 0.202283 copy = 0.017008 compute = 0.084079 twid = 0.043689 send = 0.011884
[49] copy/comp = 0.223325 copy = 0.017259 compute = 0.077280 twid = 0.037699 send = 0.012137
[835] copy/comp = 0.175772 copy = 0.017008 compute = 0.096760 twid = 0.056664 send = 0.011733
[579] copy/comp = 0.182230 copy = 0.016997 compute = 0.093273 twid = 0.052983 send = 0.011361
[771] copy/comp = 0.177288 copy = 0.017027 compute = 0.096041 twid = 0.056087 send = 0.011757
[515] copy/comp = 0.185300 copy = 0.017019 compute = 0.091847 twid = 0.051627 send = 0.011841
[643] copy/comp = 0.179744 copy = 0.017012 compute = 0.094643 twid = 0.054483 send = 0.011232
[899] copy/comp = 0.174192 copy = 0.017028 compute = 0.097756 twid = 0.057341 send = 0.011553
[707] copy/comp = 0.177601 copy = 0.017023 compute = 0.095849 twid = 0.055382 send = 0.011673
[963] copy/comp = 0.173541 copy = 0.017024 compute = 0.098096 twid = 0.057747 send = 0.011645
[387] copy/comp = 0.195021 copy = 0.017068 compute = 0.087518 twid = 0.047023 send = 0.011411
[131] copy/comp = 0.211306 copy = 0.017011 compute = 0.080503 twid = 0.039879 send = 0.011379
[67] copy/comp = 0.215465 copy = 0.017009 compute = 0.078940 twid = 0.038876 send = 0.011624
[323] copy/comp = 0.197267 copy = 0.017002 compute = 0.086186 twid = 0.046077 send = 0.011610
[259] copy/comp = 0.201065 copy = 0.017025 compute = 0.084675 twid = 0.045067 send = 0.011889
[5] copy/comp = 0.221087 copy = 0.017014 compute = 0.076958 twid = 0.036869 send = 0.011624
[467] copy/comp = 0.189468 copy = 0.017128 compute = 0.090403 twid = 0.050108 send = 0.011562
[211] copy/comp = 0.203805 copy = 0.017102 compute = 0.083912 twid = 0.044276 send = 0.011995
[851] copy/comp = 0.176362 copy = 0.017050 compute = 0.096676 twid = 0.056894 send = 0.011800
[595] copy/comp = 0.182444 copy = 0.017086 compute = 0.093650 twid = 0.053485 send = 0.011542
[787] copy/comp = 0.177632 copy = 0.017055 compute = 0.096015 twid = 0.056152 send = 0.011706
[531] copy/comp = 0.185578 copy = 0.017049 compute = 0.091871 twid = 0.051985 send = 0.011777
[659] copy/comp = 0.180025 copy = 0.017095 compute = 0.094961 twid = 0.054722 send = 0.011335
[915] copy/comp = 0.176048 copy = 0.017102 compute = 0.097145 twid = 0.057438 send = 0.011724
[723] copy/comp = 0.179117 copy = 0.017106 compute = 0.095501 twid = 0.055629 send = 0.011866
[979] copy/comp = 0.175490 copy = 0.017114 compute = 0.097524 twid = 0.057806 send = 0.011866
[403] copy/comp = 0.195371 copy = 0.017173 compute = 0.087902 twid = 0.047517 send = 0.011404
[147] copy/comp = 0.210060 copy = 0.017075 compute = 0.081288 twid = 0.041046 send = 0.011475
[83] copy/comp = 0.214351 copy = 0.017059 compute = 0.079586 twid = 0.039453 send = 0.011735
[339] copy/comp = 0.197498 copy = 0.017038 compute = 0.086267 twid = 0.046369 send = 0.011631
[275] copy/comp = 0.202543 copy = 0.017039 compute = 0.084126 twid = 0.044844 send = 0.011872
[19] copy/comp = 0.222396 copy = 0.017065 compute = 0.076732 twid = 0.036882 send = 0.011907
[483] copy/comp = 0.190825 copy = 0.017344 compute = 0.090888 twid = 0.050636 send = 0.011636
[227] copy/comp = 0.203648 copy = 0.017214 compute = 0.084526 twid = 0.044837 send = 0.011965
[867] copy/comp = 0.178289 copy = 0.017259 compute = 0.096806 twid = 0.057049 send = 0.011881
[611] copy/comp = 0.184922 copy = 0.017322 compute = 0.093671 twid = 0.053794 send = 0.011599
[803] copy/comp = 0.179749 copy = 0.017259 compute = 0.096016 twid = 0.056320 send = 0.011831
[547] copy/comp = 0.187063 copy = 0.017211 compute = 0.092008 twid = 0.052259 send = 0.011950
[675] copy/comp = 0.182683 copy = 0.017320 compute = 0.094811 twid = 0.055015 send = 0.011454
[931] copy/comp = 0.177889 copy = 0.017258 compute = 0.097013 twid = 0.057494 send = 0.011828
[739] copy/comp = 0.180700 copy = 0.017260 compute = 0.095517 twid = 0.055851 send = 0.011881
[995] copy/comp = 0.177215 copy = 0.017273 compute = 0.097472 twid = 0.057894 send = 0.011930
[419] copy/comp = 0.195456 copy = 0.017318 compute = 0.088603 twid = 0.048248 send = 0.011526
[163] copy/comp = 0.212007 copy = 0.017371 compute = 0.081935 twid = 0.042094 send = 0.011671
[99] copy/comp = 0.218873 copy = 0.017270 compute = 0.078902 twid = 0.039431 send = 0.011648
[355] copy/comp = 0.199748 copy = 0.017243 compute = 0.086323 twid = 0.046604 send = 0.011808
[291] copy/comp = 0.202936 copy = 0.017150 compute = 0.084510 twid = 0.045428 send = 0.011844
[35] copy/comp = 0.225710 copy = 0.017220 compute = 0.076292 twid = 0.036893 send = 0.011959
[499] copy/comp = 0.190700 copy = 0.017398 compute = 0.091230 twid = 0.051112 send = 0.011729
[243] copy/comp = 0.203787 copy = 0.017197 compute = 0.084387 twid = 0.045099 send = 0.012033
[882] copy/comp = 0.179085 copy = 0.017337 compute = 0.096808 twid = 0.057205 send = 0.011624
[627] copy/comp = 0.184704 copy = 0.017359 compute = 0.093984 twid = 0.054114 send = 0.011655
[818] copy/comp = 0.180287 copy = 0.017349 compute = 0.096229 twid = 0.056528 send = 0.011698
[563] copy/comp = 0.189110 copy = 0.017434 compute = 0.092190 twid = 0.052453 send = 0.011928
[691] copy/comp = 0.182785 copy = 0.017364 compute = 0.094998 twid = 0.055212 send = 0.011361
[947] copy/comp = 0.177573 copy = 0.017301 compute = 0.097431 twid = 0.057660 send = 0.011839
[754] copy/comp = 0.182369 copy = 0.017367 compute = 0.095228 twid = 0.055811 send = 0.011576
[1010] copy/comp = 0.177066 copy = 0.017288 compute = 0.097636 twid = 0.057957 send = 0.011752
[434] copy/comp = 0.195852 copy = 0.017391 compute = 0.088798 twid = 0.048848 send = 0.011284
[178] copy/comp = 0.211980 copy = 0.017493 compute = 0.082521 twid = 0.042916 send = 0.011593
[114] copy/comp = 0.219776 copy = 0.017391 compute = 0.079129 twid = 0.039678 send = 0.011664
[370] copy/comp = 0.201063 copy = 0.017303 compute = 0.086060 twid = 0.046791 send = 0.011509
[306] copy/comp = 0.203759 copy = 0.017322 compute = 0.085011 twid = 0.045736 send = 0.011722
[452] copy/comp = 0.189534 copy = 0.017057 compute = 0.089994 twid = 0.049548 send = 0.011108
[196] copy/comp = 0.201540 copy = 0.017001 compute = 0.084357 twid = 0.043746 send = 0.011323
[836] copy/comp = 0.175487 copy = 0.017008 compute = 0.096917 twid = 0.056607 send = 0.011375
[580] copy/comp = 0.180880 copy = 0.016969 compute = 0.093816 twid = 0.053148 send = 0.010989
[50] copy/comp = 0.223678 copy = 0.017299 compute = 0.077340 twid = 0.037864 send = 0.011837
[772] copy/comp = 0.177121 copy = 0.017018 compute = 0.096079 twid = 0.055978 send = 0.011308
[516] copy/comp = 0.185277 copy = 0.017011 compute = 0.091815 twid = 0.051656 send = 0.011229
[644] copy/comp = 0.178784 copy = 0.016992 compute = 0.095041 twid = 0.054515 send = 0.011022
[900] copy/comp = 0.174626 copy = 0.017033 compute = 0.097540 twid = 0.057298 send = 0.011267
[708] copy/comp = 0.177501 copy = 0.017010 compute = 0.095831 twid = 0.055429 send = 0.011007
[964] copy/comp = 0.173209 copy = 0.017007 compute = 0.098190 twid = 0.057775 send = 0.011140
[388] copy/comp = 0.195219 copy = 0.017090 compute = 0.087542 twid = 0.047053 send = 0.011024
[132] copy/comp = 0.210065 copy = 0.017000 compute = 0.080926 twid = 0.040335 send = 0.011037
[68] copy/comp = 0.214263 copy = 0.016996 compute = 0.079321 twid = 0.038938 send = 0.011182
[324] copy/comp = 0.197616 copy = 0.017004 compute = 0.086044 twid = 0.046048 send = 0.011242
[260] copy/comp = 0.201643 copy = 0.017032 compute = 0.084467 twid = 0.045078 send = 0.011466
[6] copy/comp = 0.223818 copy = 0.017013 compute = 0.076013 twid = 0.035986 send = 0.011364
[468] copy/comp = 0.189005 copy = 0.017123 compute = 0.090593 twid = 0.050128 send = 0.011129
[212] copy/comp = 0.204058 copy = 0.017094 compute = 0.083773 twid = 0.044302 send = 0.011368
[852] copy/comp = 0.175994 copy = 0.017058 compute = 0.096921 twid = 0.056924 send = 0.011405
[596] copy/comp = 0.182010 copy = 0.017058 compute = 0.093721 twid = 0.053481 send = 0.011145
[788] copy/comp = 0.176976 copy = 0.017032 compute = 0.096237 twid = 0.056161 send = 0.011291
[532] copy/comp = 0.185150 copy = 0.017046 compute = 0.092066 twid = 0.052016 send = 0.011266
[660] copy/comp = 0.180117 copy = 0.017079 compute = 0.094821 twid = 0.054739 send = 0.010978
[916] copy/comp = 0.175487 copy = 0.017092 compute = 0.097396 twid = 0.057391 send = 0.011399
[724] copy/comp = 0.178779 copy = 0.017095 compute = 0.095623 twid = 0.055650 send = 0.011226
[980] copy/comp = 0.175018 copy = 0.017092 compute = 0.097661 twid = 0.057784 send = 0.011407
[404] copy/comp = 0.195338 copy = 0.017185 compute = 0.087976 twid = 0.047553 send = 0.011021
[148] copy/comp = 0.209675 copy = 0.017075 compute = 0.081436 twid = 0.041112 send = 0.011097
[84] copy/comp = 0.213938 copy = 0.017038 compute = 0.079639 twid = 0.039485 send = 0.011273
[340] copy/comp = 0.197979 copy = 0.017048 compute = 0.086110 twid = 0.046344 send = 0.011312
[276] copy/comp = 0.201627 copy = 0.017030 compute = 0.084465 twid = 0.045075 send = 0.011545
[20] copy/comp = 0.222796 copy = 0.017074 compute = 0.076635 twid = 0.036866 send = 0.011406
[484] copy/comp = 0.190697 copy = 0.017305 compute = 0.090744 twid = 0.050662 send = 0.011197
[228] copy/comp = 0.203249 copy = 0.017182 compute = 0.084537 twid = 0.044845 send = 0.011429
[868] copy/comp = 0.178045 copy = 0.017250 compute = 0.096888 twid = 0.057003 send = 0.011506
[612] copy/comp = 0.184294 copy = 0.017290 compute = 0.093817 twid = 0.053869 send = 0.011236
[804] copy/comp = 0.179138 copy = 0.017230 compute = 0.096182 twid = 0.056373 send = 0.011437
[548] copy/comp = 0.186815 copy = 0.017227 compute = 0.092212 twid = 0.052271 send = 0.011318
[676] copy/comp = 0.182242 copy = 0.017302 compute = 0.094938 twid = 0.054955 send = 0.011079
[932] copy/comp = 0.176688 copy = 0.017196 compute = 0.097326 twid = 0.057584 send = 0.011525
[740] copy/comp = 0.179794 copy = 0.017220 compute = 0.095774 twid = 0.055861 send = 0.011309
[996] copy/comp = 0.176249 copy = 0.017232 compute = 0.097773 twid = 0.057976 send = 0.011500
[420] copy/comp = 0.195977 copy = 0.017288 compute = 0.088216 twid = 0.048288 send = 0.011098
[164] copy/comp = 0.210749 copy = 0.017311 compute = 0.082141 twid = 0.042188 send = 0.011325
[100] copy/comp = 0.217183 copy = 0.017200 compute = 0.079195 twid = 0.039847 send = 0.011302
[356] copy/comp = 0.199867 copy = 0.017254 compute = 0.086325 twid = 0.046589 send = 0.011433
[292] copy/comp = 0.202714 copy = 0.017175 compute = 0.084725 twid = 0.045445 send = 0.011514
[36] copy/comp = 0.225549 copy = 0.017246 compute = 0.076463 twid = 0.036882 send = 0.011531
[500] copy/comp = 0.190190 copy = 0.017299 compute = 0.090956 twid = 0.051134 send = 0.011233
[244] copy/comp = 0.202362 copy = 0.017108 compute = 0.084540 twid = 0.045170 send = 0.011486
[883] copy/comp = 0.178510 copy = 0.017314 compute = 0.096993 twid = 0.057268 send = 0.011924
[628] copy/comp = 0.183737 copy = 0.017289 compute = 0.094097 twid = 0.054090 send = 0.011303
[819] copy/comp = 0.180867 copy = 0.017342 compute = 0.095883 twid = 0.056496 send = 0.011909
[564] copy/comp = 0.188015 copy = 0.017403 compute = 0.092560 twid = 0.052717 send = 0.011483
[692] copy/comp = 0.181764 copy = 0.017318 compute = 0.095275 twid = 0.055255 send = 0.010999
[948] copy/comp = 0.177022 copy = 0.017241 compute = 0.097392 twid = 0.057638 send = 0.011534
[755] copy/comp = 0.181151 copy = 0.017354 compute = 0.095801 twid = 0.055980 send = 0.011793
[1011] copy/comp = 0.176910 copy = 0.017274 compute = 0.097643 twid = 0.057966 send = 0.011981
[435] copy/comp = 0.195359 copy = 0.017385 compute = 0.088992 twid = 0.048921 send = 0.011549
[179] copy/comp = 0.211341 copy = 0.017466 compute = 0.082645 twid = 0.042989 send = 0.011650
[115] copy/comp = 0.218098 copy = 0.017424 compute = 0.079892 twid = 0.039686 send = 0.011836
[371] copy/comp = 0.199918 copy = 0.017287 compute = 0.086468 twid = 0.046836 send = 0.011863
[453] copy/comp = 0.188766 copy = 0.017051 compute = 0.090330 twid = 0.049689 send = 0.011368
[307] copy/comp = 0.204078 copy = 0.017320 compute = 0.084870 twid = 0.045768 send = 0.011819
[197] copy/comp = 0.202476 copy = 0.016994 compute = 0.083929 twid = 0.043778 send = 0.011563
[837] copy/comp = 0.175281 copy = 0.017007 compute = 0.097029 twid = 0.056733 send = 0.011663
[581] copy/comp = 0.181351 copy = 0.016978 compute = 0.093622 twid = 0.053155 send = 0.011256
[773] copy/comp = 0.177043 copy = 0.017006 compute = 0.096053 twid = 0.056053 send = 0.011586
[51] copy/comp = 0.223275 copy = 0.017282 compute = 0.077402 twid = 0.037945 send = 0.012040
[517] copy/comp = 0.185701 copy = 0.017007 compute = 0.091582 twid = 0.051539 send = 0.011494
[645] copy/comp = 0.179372 copy = 0.016985 compute = 0.094693 twid = 0.054530 send = 0.011340
[901] copy/comp = 0.174215 copy = 0.017018 compute = 0.097682 twid = 0.057360 send = 0.011546
[709] copy/comp = 0.178182 copy = 0.017021 compute = 0.095527 twid = 0.055479 send = 0.011362
[965] copy/comp = 0.173953 copy = 0.017003 compute = 0.097742 twid = 0.057633 send = 0.011498
[389] copy/comp = 0.194510 copy = 0.017053 compute = 0.087670 twid = 0.047087 send = 0.011347
[133] copy/comp = 0.209797 copy = 0.016979 compute = 0.080929 twid = 0.040351 send = 0.011262
[69] copy/comp = 0.214120 copy = 0.016985 compute = 0.079323 twid = 0.039004 send = 0.011437
[325] copy/comp = 0.196993 copy = 0.016991 compute = 0.086250 twid = 0.046112 send = 0.011477
[261] copy/comp = 0.201215 copy = 0.017027 compute = 0.084620 twid = 0.045052 send = 0.011694
[7] copy/comp = 0.221545 copy = 0.017009 compute = 0.076777 twid = 0.036899 send = 0.011735
[469] copy/comp = 0.188592 copy = 0.017120 compute = 0.090780 twid = 0.050301 send = 0.011324
[213] copy/comp = 0.204052 copy = 0.017097 compute = 0.083787 twid = 0.044339 send = 0.011645
[853] copy/comp = 0.176142 copy = 0.017053 compute = 0.096811 twid = 0.056944 send = 0.011732
[597] copy/comp = 0.182560 copy = 0.017088 compute = 0.093601 twid = 0.053532 send = 0.011459
[789] copy/comp = 0.177353 copy = 0.017024 compute = 0.095989 twid = 0.056107 send = 0.011573
[533] copy/comp = 0.185106 copy = 0.017046 compute = 0.092088 twid = 0.052064 send = 0.011490
[661] copy/comp = 0.180141 copy = 0.017080 compute = 0.094815 twid = 0.054767 send = 0.011468
[917] copy/comp = 0.175457 copy = 0.017101 compute = 0.097465 twid = 0.057496 send = 0.011690
[725] copy/comp = 0.179197 copy = 0.017106 compute = 0.095457 twid = 0.055660 send = 0.011581
[981] copy/comp = 0.174996 copy = 0.017096 compute = 0.097694 twid = 0.057802 send = 0.011788
[405] copy/comp = 0.194907 copy = 0.017160 compute = 0.088040 twid = 0.047633 send = 0.011303
[149] copy/comp = 0.210183 copy = 0.017089 compute = 0.081306 twid = 0.041175 send = 0.011356
[85] copy/comp = 0.214061 copy = 0.017033 compute = 0.079571 twid = 0.039504 send = 0.011505
[341] copy/comp = 0.197383 copy = 0.017046 compute = 0.086362 twid = 0.046385 send = 0.011491
[277] copy/comp = 0.201486 copy = 0.017038 compute = 0.084560 twid = 0.045072 send = 0.011745
[21] copy/comp = 0.222679 copy = 0.017052 compute = 0.076578 twid = 0.036865 send = 0.011611
[485] copy/comp = 0.190406 copy = 0.017307 compute = 0.090895 twid = 0.050884 send = 0.011488
[229] copy/comp = 0.204849 copy = 0.017156 compute = 0.083750 twid = 0.044607 send = 0.011717
[869] copy/comp = 0.179032 copy = 0.017282 compute = 0.096530 twid = 0.057053 send = 0.011796
[613] copy/comp = 0.185321 copy = 0.017367 compute = 0.093710 twid = 0.053871 send = 0.011616
[805] copy/comp = 0.180421 copy = 0.017286 compute = 0.095807 twid = 0.056347 send = 0.011761
[549] copy/comp = 0.187473 copy = 0.017241 compute = 0.091964 twid = 0.052296 send = 0.011641
[677] copy/comp = 0.183110 copy = 0.017371 compute = 0.094867 twid = 0.055021 send = 0.011623
[933] copy/comp = 0.177551 copy = 0.017258 compute = 0.097200 twid = 0.057604 send = 0.011822
[741] copy/comp = 0.180707 copy = 0.017294 compute = 0.095700 twid = 0.055885 send = 0.011722
[997] copy/comp = 0.177332 copy = 0.017287 compute = 0.097485 twid = 0.057944 send = 0.011859
[421] copy/comp = 0.195246 copy = 0.017325 compute = 0.088737 twid = 0.048420 send = 0.011358
[165] copy/comp = 0.211153 copy = 0.017323 compute = 0.082040 twid = 0.042244 send = 0.011520
[101] copy/comp = 0.216691 copy = 0.017207 compute = 0.079409 twid = 0.039897 send = 0.011611
[357] copy/comp = 0.199797 copy = 0.017270 compute = 0.086435 twid = 0.046638 send = 0.011679
[293] copy/comp = 0.202609 copy = 0.017195 compute = 0.084867 twid = 0.045484 send = 0.011624
[37] copy/comp = 0.224883 copy = 0.017213 compute = 0.076544 twid = 0.036956 send = 0.011747
[501] copy/comp = 0.189804 copy = 0.017352 compute = 0.091422 twid = 0.051349 send = 0.011531
[245] copy/comp = 0.204059 copy = 0.017198 compute = 0.084279 twid = 0.045155 send = 0.011720
[884] copy/comp = 0.178152 copy = 0.017279 compute = 0.096991 twid = 0.057270 send = 0.011593
[629] copy/comp = 0.185479 copy = 0.017413 compute = 0.093879 twid = 0.054215 send = 0.011641
[820] copy/comp = 0.179509 copy = 0.017260 compute = 0.096154 twid = 0.056532 send = 0.011492
[565] copy/comp = 0.190031 copy = 0.017502 compute = 0.092098 twid = 0.052741 send = 0.011794
[693] copy/comp = 0.182963 copy = 0.017413 compute = 0.095173 twid = 0.055185 send = 0.011579
[949] copy/comp = 0.177925 copy = 0.017332 compute = 0.097410 twid = 0.057726 send = 0.011847
[756] copy/comp = 0.180532 copy = 0.017270 compute = 0.095661 twid = 0.055898 send = 0.011271
[1012] copy/comp = 0.176333 copy = 0.017217 compute = 0.097639 twid = 0.057931 send = 0.011486
[436] copy/comp = 0.194871 copy = 0.017334 compute = 0.088949 twid = 0.048999 send = 0.011184
[180] copy/comp = 0.209315 copy = 0.017369 compute = 0.082978 twid = 0.043093 send = 0.011260
[116] copy/comp = 0.219068 copy = 0.017421 compute = 0.079524 twid = 0.039748 send = 0.011344
[372] copy/comp = 0.199799 copy = 0.017249 compute = 0.086332 twid = 0.046833 send = 0.011467
[454] copy/comp = 0.189326 copy = 0.017074 compute = 0.090181 twid = 0.049677 send = 0.011029
[308] copy/comp = 0.202814 copy = 0.017261 compute = 0.085109 twid = 0.045770 send = 0.011505
[198] copy/comp = 0.202631 copy = 0.017000 compute = 0.083899 twid = 0.043817 send = 0.011312
[838] copy/comp = 0.175332 copy = 0.017013 compute = 0.097031 twid = 0.056743 send = 0.011241
[582] copy/comp = 0.180981 copy = 0.016983 compute = 0.093837 twid = 0.053171 send = 0.010935
[774] copy/comp = 0.176782 copy = 0.017006 compute = 0.096196 twid = 0.056039 send = 0.011285
[518] copy/comp = 0.185294 copy = 0.017009 compute = 0.091794 twid = 0.051712 send = 0.011126
[52] copy/comp = 0.222986 copy = 0.017317 compute = 0.077659 twid = 0.038006 send = 0.011522
[646] copy/comp = 0.179317 copy = 0.017005 compute = 0.094833 twid = 0.054557 send = 0.010960
[902] copy/comp = 0.174285 copy = 0.017008 compute = 0.097586 twid = 0.057387 send = 0.011138
[710] copy/comp = 0.177748 copy = 0.017027 compute = 0.095793 twid = 0.055497 send = 0.011084
[966] copy/comp = 0.173834 copy = 0.017010 compute = 0.097851 twid = 0.057669 send = 0.011169
[390] copy/comp = 0.194719 copy = 0.017045 compute = 0.087538 twid = 0.047093 send = 0.011007
[134] copy/comp = 0.209698 copy = 0.016983 compute = 0.080986 twid = 0.040386 send = 0.011040
[70] copy/comp = 0.214176 copy = 0.016994 compute = 0.079346 twid = 0.039011 send = 0.011137
[326] copy/comp = 0.197242 copy = 0.016994 compute = 0.086157 twid = 0.046082 send = 0.011187
[262] copy/comp = 0.201217 copy = 0.017039 compute = 0.084680 twid = 0.045031 send = 0.011328
[8] copy/comp = 1.993237 copy = 0.153693 compute = 0.077107 twid = 0.036897 send = 0.011873
[470] copy/comp = 0.188854 copy = 0.017130 compute = 0.090705 twid = 0.050191 send = 0.011066
[214] copy/comp = 0.205086 copy = 0.017082 compute = 0.083293 twid = 0.043784 send = 0.011339
[854] copy/comp = 0.176481 copy = 0.017054 compute = 0.096634 twid = 0.056914 send = 0.011274
[598] copy/comp = 0.182759 copy = 0.017093 compute = 0.093529 twid = 0.053556 send = 0.011089
[790] copy/comp = 0.177857 copy = 0.017035 compute = 0.095777 twid = 0.056088 send = 0.011193
[534] copy/comp = 0.185656 copy = 0.017056 compute = 0.091867 twid = 0.051911 send = 0.011121
[662] copy/comp = 0.180667 copy = 0.017098 compute = 0.094641 twid = 0.054732 send = 0.011091
[918] copy/comp = 0.175761 copy = 0.017086 compute = 0.097210 twid = 0.057464 send = 0.011222
[726] copy/comp = 0.179058 copy = 0.017117 compute = 0.095593 twid = 0.055654 send = 0.011211
[982] copy/comp = 0.175296 copy = 0.017106 compute = 0.097582 twid = 0.057888 send = 0.011323
[406] copy/comp = 0.194757 copy = 0.017194 compute = 0.088286 twid = 0.047692 send = 0.010911
[150] copy/comp = 0.209812 copy = 0.017086 compute = 0.081436 twid = 0.041250 send = 0.011138
[86] copy/comp = 0.214221 copy = 0.017058 compute = 0.079631 twid = 0.039558 send = 0.011144
[342] copy/comp = 0.198464 copy = 0.017051 compute = 0.085915 twid = 0.046003 send = 0.011193
[278] copy/comp = 0.201116 copy = 0.017034 compute = 0.084699 twid = 0.045122 send = 0.011311
[22] copy/comp = 0.223053 copy = 0.017079 compute = 0.076571 twid = 0.036885 send = 0.011435
[486] copy/comp = 0.190340 copy = 0.017304 compute = 0.090911 twid = 0.050741 send = 0.011033
[230] copy/comp = 0.203515 copy = 0.017128 compute = 0.084163 twid = 0.044646 send = 0.011484
[870] copy/comp = 0.178370 copy = 0.017230 compute = 0.096598 twid = 0.057072 send = 0.011365
[614] copy/comp = 0.184564 copy = 0.017348 compute = 0.093995 twid = 0.053890 send = 0.011225
[806] copy/comp = 0.180059 copy = 0.017241 compute = 0.095749 twid = 0.056290 send = 0.011348
[550] copy/comp = 0.186903 copy = 0.017233 compute = 0.092205 twid = 0.052332 send = 0.011222
[678] copy/comp = 0.182882 copy = 0.017348 compute = 0.094858 twid = 0.055024 send = 0.011200
[934] copy/comp = 0.176978 copy = 0.017223 compute = 0.097318 twid = 0.057617 send = 0.011334
[742] copy/comp = 0.180878 copy = 0.017279 compute = 0.095529 twid = 0.055880 send = 0.011357
[998] copy/comp = 0.177196 copy = 0.017251 compute = 0.097356 twid = 0.057953 send = 0.011415
[422] copy/comp = 0.194959 copy = 0.017291 compute = 0.088690 twid = 0.048408 send = 0.011028
[166] copy/comp = 0.210340 copy = 0.017208 compute = 0.081812 twid = 0.042327 send = 0.011098
[102] copy/comp = 0.216990 copy = 0.017194 compute = 0.079239 twid = 0.039886 send = 0.011267
[358] copy/comp = 0.199238 copy = 0.017240 compute = 0.086530 twid = 0.046647 send = 0.011338
[294] copy/comp = 0.202157 copy = 0.017168 compute = 0.084926 twid = 0.045470 send = 0.011301
[38] copy/comp = 0.224844 copy = 0.017179 compute = 0.076403 twid = 0.036906 send = 0.011411
[502] copy/comp = 0.190979 copy = 0.017352 compute = 0.090861 twid = 0.051182 send = 0.011223
[246] copy/comp = 0.203857 copy = 0.017211 compute = 0.084427 twid = 0.045151 send = 0.011515
[885] copy/comp = 0.179354 copy = 0.017378 compute = 0.096894 twid = 0.057200 send = 0.011918
[630] copy/comp = 0.185093 copy = 0.017418 compute = 0.094106 twid = 0.054257 send = 0.011294
[821] copy/comp = 0.180616 copy = 0.017378 compute = 0.096216 twid = 0.056574 send = 0.011832
[566] copy/comp = 0.189901 copy = 0.017531 compute = 0.092316 twid = 0.052750 send = 0.011431
[694] copy/comp = 0.183476 copy = 0.017411 compute = 0.094894 twid = 0.055192 send = 0.011270
[950] copy/comp = 0.178184 copy = 0.017321 compute = 0.097209 twid = 0.057696 send = 0.011399
[757] copy/comp = 0.181811 copy = 0.017347 compute = 0.095413 twid = 0.055993 send = 0.011679
[1013] copy/comp = 0.177522 copy = 0.017261 compute = 0.097236 twid = 0.057862 send = 0.011799
[437] copy/comp = 0.194937 copy = 0.017364 compute = 0.089077 twid = 0.049103 send = 0.011425
[181] copy/comp = 0.210415 copy = 0.017384 compute = 0.082616 twid = 0.043165 send = 0.011597
[117] copy/comp = 0.219778 copy = 0.017458 compute = 0.079433 twid = 0.039736 send = 0.011719
[373] copy/comp = 0.200541 copy = 0.017336 compute = 0.086444 twid = 0.046817 send = 0.011719
[455] copy/comp = 0.188518 copy = 0.017061 compute = 0.090499 twid = 0.049738 send = 0.011459
[199] copy/comp = 0.201864 copy = 0.016999 compute = 0.084212 twid = 0.043891 send = 0.011698
[309] copy/comp = 0.203848 copy = 0.017348 compute = 0.085103 twid = 0.045804 send = 0.011695
[839] copy/comp = 0.175732 copy = 0.017020 compute = 0.096852 twid = 0.056761 send = 0.011589
[583] copy/comp = 0.181208 copy = 0.016982 compute = 0.093714 twid = 0.053212 send = 0.011320
[775] copy/comp = 0.177283 copy = 0.017014 compute = 0.095972 twid = 0.056022 send = 0.011627
[519] copy/comp = 0.185312 copy = 0.016989 compute = 0.091679 twid = 0.051629 send = 0.011501
[647] copy/comp = 0.179099 copy = 0.017000 compute = 0.094922 twid = 0.054505 send = 0.011390
[53] copy/comp = 0.223399 copy = 0.017353 compute = 0.077677 twid = 0.038108 send = 0.011704
[903] copy/comp = 0.174402 copy = 0.017003 compute = 0.097493 twid = 0.057351 send = 0.011398
[711] copy/comp = 0.177293 copy = 0.017014 compute = 0.095964 twid = 0.055502 send = 0.011480
[967] copy/comp = 0.173599 copy = 0.017007 compute = 0.097966 twid = 0.057734 send = 0.011435
[391] copy/comp = 0.194343 copy = 0.017055 compute = 0.087756 twid = 0.047108 send = 0.011380
[135] copy/comp = 0.209954 copy = 0.016998 compute = 0.080961 twid = 0.040387 send = 0.011487
[71] copy/comp = 0.213735 copy = 0.016983 compute = 0.079459 twid = 0.039059 send = 0.011592
[327] copy/comp = 0.196333 copy = 0.016999 compute = 0.086583 twid = 0.046189 send = 0.011430
[263] copy/comp = 0.200624 copy = 0.017013 compute = 0.084800 twid = 0.045088 send = 0.011684
[9] copy/comp = 0.226703 copy = 0.017435 compute = 0.076906 twid = 0.036916 send = 0.011251
[471] copy/comp = 0.188749 copy = 0.017138 compute = 0.090798 twid = 0.050255 send = 0.011414
[215] copy/comp = 0.202540 copy = 0.017079 compute = 0.084325 twid = 0.044416 send = 0.011645
[855] copy/comp = 0.176143 copy = 0.017061 compute = 0.096858 twid = 0.056967 send = 0.011580
[599] copy/comp = 0.182609 copy = 0.017100 compute = 0.093642 twid = 0.053566 send = 0.011419
[791] copy/comp = 0.176875 copy = 0.017035 compute = 0.096311 twid = 0.056186 send = 0.011551
[535] copy/comp = 0.185154 copy = 0.017028 compute = 0.091969 twid = 0.051961 send = 0.011483
[663] copy/comp = 0.180430 copy = 0.017090 compute = 0.094721 twid = 0.054734 send = 0.011434
[919] copy/comp = 0.175496 copy = 0.017076 compute = 0.097304 twid = 0.057519 send = 0.011529
[727] copy/comp = 0.179180 copy = 0.017094 compute = 0.095401 twid = 0.055655 send = 0.011566
[983] copy/comp = 0.175417 copy = 0.017107 compute = 0.097524 twid = 0.057906 send = 0.011699
[407] copy/comp = 0.194980 copy = 0.017206 compute = 0.088242 twid = 0.047689 send = 0.011272
[151] copy/comp = 0.209797 copy = 0.017094 compute = 0.081480 twid = 0.041375 send = 0.011439
[87] copy/comp = 0.215098 copy = 0.017051 compute = 0.079271 twid = 0.039536 send = 0.011537
[343] copy/comp = 0.197012 copy = 0.017061 compute = 0.086601 twid = 0.046430 send = 0.011446
[279] copy/comp = 0.200753 copy = 0.017022 compute = 0.084790 twid = 0.045154 send = 0.011686
[23] copy/comp = 0.222425 copy = 0.017065 compute = 0.076722 twid = 0.036883 send = 0.011686
[487] copy/comp = 0.190807 copy = 0.017366 compute = 0.091012 twid = 0.050782 send = 0.011369
[231] copy/comp = 0.202508 copy = 0.017146 compute = 0.084668 twid = 0.044942 send = 0.011749
[871] copy/comp = 0.178568 copy = 0.017263 compute = 0.096675 twid = 0.057060 send = 0.011635
[615] copy/comp = 0.185312 copy = 0.017347 compute = 0.093609 twid = 0.053970 send = 0.011574
[807] copy/comp = 0.180126 copy = 0.017294 compute = 0.096008 twid = 0.056366 send = 0.011683
[551] copy/comp = 0.187663 copy = 0.017247 compute = 0.091904 twid = 0.052375 send = 0.011647
[679] copy/comp = 0.183588 copy = 0.017383 compute = 0.094685 twid = 0.055025 send = 0.011613
[935] copy/comp = 0.177017 copy = 0.017236 compute = 0.097368 twid = 0.057572 send = 0.011661
[743] copy/comp = 0.181406 copy = 0.017300 compute = 0.095366 twid = 0.055861 send = 0.011695
[999] copy/comp = 0.177461 copy = 0.017255 compute = 0.097231 twid = 0.057896 send = 0.011788
[423] copy/comp = 0.194943 copy = 0.017318 compute = 0.088834 twid = 0.048428 send = 0.011378
[167] copy/comp = 0.209911 copy = 0.017239 compute = 0.082125 twid = 0.042387 send = 0.011530
[103] copy/comp = 0.216616 copy = 0.017185 compute = 0.079332 twid = 0.039955 send = 0.011589
[359] copy/comp = 0.200437 copy = 0.017323 compute = 0.086425 twid = 0.046621 send = 0.011605
[295] copy/comp = 0.202476 copy = 0.017172 compute = 0.084811 twid = 0.045534 send = 0.011602
[39] copy/comp = 0.223888 copy = 0.017206 compute = 0.076852 twid = 0.036923 send = 0.011802
[503] copy/comp = 0.189629 copy = 0.017308 compute = 0.091273 twid = 0.051223 send = 0.011567
[247] copy/comp = 0.204212 copy = 0.017207 compute = 0.084262 twid = 0.045153 send = 0.011858
[886] copy/comp = 0.179419 copy = 0.017374 compute = 0.096834 twid = 0.057261 send = 0.011468
[631] copy/comp = 0.184891 copy = 0.017395 compute = 0.094080 twid = 0.054299 send = 0.011598
[822] copy/comp = 0.181175 copy = 0.017437 compute = 0.096245 twid = 0.056539 send = 0.011468
[567] copy/comp = 0.188970 copy = 0.017478 compute = 0.092493 twid = 0.052731 send = 0.011765
[695] copy/comp = 0.183123 copy = 0.017403 compute = 0.095035 twid = 0.055251 send = 0.011655
[951] copy/comp = 0.177995 copy = 0.017295 compute = 0.097164 twid = 0.057650 send = 0.011766
[758] copy/comp = 0.182031 copy = 0.017363 compute = 0.095383 twid = 0.055986 send = 0.011329
[1014] copy/comp = 0.177191 copy = 0.017271 compute = 0.097470 twid = 0.057914 send = 0.011488
[438] copy/comp = 0.194391 copy = 0.017308 compute = 0.089040 twid = 0.049120 send = 0.011162
[182] copy/comp = 0.209164 copy = 0.017309 compute = 0.082755 twid = 0.043212 send = 0.011302
[118] copy/comp = 0.219152 copy = 0.017436 compute = 0.079561 twid = 0.040184 send = 0.011383
[456] copy/comp = 0.188543 copy = 0.017058 compute = 0.090473 twid = 0.049710 send = 0.011265
[374] copy/comp = 0.200273 copy = 0.017340 compute = 0.086582 twid = 0.046871 send = 0.011432
[200] copy/comp = 0.202554 copy = 0.016998 compute = 0.083917 twid = 0.043899 send = 0.011245
[310] copy/comp = 0.203860 copy = 0.017365 compute = 0.085183 twid = 0.045866 send = 0.011428
[840] copy/comp = 0.175571 copy = 0.017029 compute = 0.096993 twid = 0.056821 send = 0.011330
[584] copy/comp = 0.181008 copy = 0.016991 compute = 0.093869 twid = 0.053246 send = 0.010943
[776] copy/comp = 0.177119 copy = 0.017027 compute = 0.096132 twid = 0.056074 send = 0.011353
[520] copy/comp = 0.184459 copy = 0.016991 compute = 0.092112 twid = 0.051777 send = 0.011177
[648] copy/comp = 0.179021 copy = 0.016992 compute = 0.094918 twid = 0.054534 send = 0.011053
[904] copy/comp = 0.174257 copy = 0.016992 compute = 0.097509 twid = 0.057414 send = 0.011477
[54] copy/comp = 0.223758 copy = 0.017355 compute = 0.077559 twid = 0.038200 send = 0.011494
[712] copy/comp = 0.177859 copy = 0.017018 compute = 0.095684 twid = 0.055500 send = 0.011210
[968] copy/comp = 0.173756 copy = 0.017028 compute = 0.097999 twid = 0.057790 send = 0.011229
[392] copy/comp = 0.194367 copy = 0.017054 compute = 0.087741 twid = 0.047100 send = 0.010958
[136] copy/comp = 0.209852 copy = 0.016995 compute = 0.080986 twid = 0.040429 send = 0.011099
[72] copy/comp = 0.214498 copy = 0.017024 compute = 0.079366 twid = 0.039080 send = 0.011181
[328] copy/comp = 0.196215 copy = 0.016996 compute = 0.086622 twid = 0.046146 send = 0.011106
[264] copy/comp = 0.201611 copy = 0.017062 compute = 0.084630 twid = 0.045063 send = 0.011351
[10] copy/comp = 0.224051 copy = 0.016996 compute = 0.075858 twid = 0.036003 send = 0.010918
[472] copy/comp = 0.188674 copy = 0.017130 compute = 0.090791 twid = 0.050273 send = 0.011046
[216] copy/comp = 0.202543 copy = 0.017079 compute = 0.084324 twid = 0.044453 send = 0.011163
[856] copy/comp = 0.176223 copy = 0.017064 compute = 0.096833 twid = 0.056899 send = 0.011259
[600] copy/comp = 0.182353 copy = 0.017108 compute = 0.093817 twid = 0.053564 send = 0.011074
[792] copy/comp = 0.177241 copy = 0.017052 compute = 0.096209 twid = 0.056180 send = 0.011311
[536] copy/comp = 0.185528 copy = 0.017038 compute = 0.091837 twid = 0.051933 send = 0.011175
[664] copy/comp = 0.179804 copy = 0.017110 compute = 0.095158 twid = 0.054834 send = 0.011208
[920] copy/comp = 0.175535 copy = 0.017079 compute = 0.097297 twid = 0.057507 send = 0.011496
[728] copy/comp = 0.178713 copy = 0.017083 compute = 0.095588 twid = 0.055690 send = 0.011253
[984] copy/comp = 0.175922 copy = 0.017132 compute = 0.097385 twid = 0.057814 send = 0.011340
[408] copy/comp = 0.195037 copy = 0.017223 compute = 0.088307 twid = 0.047765 send = 0.011015
[152] copy/comp = 0.211193 copy = 0.017080 compute = 0.080876 twid = 0.040963 send = 0.011332
[88] copy/comp = 0.214915 copy = 0.017086 compute = 0.079500 twid = 0.039548 send = 0.011201
[344] copy/comp = 0.197068 copy = 0.017050 compute = 0.086520 twid = 0.046415 send = 0.011162
[280] copy/comp = 0.201340 copy = 0.017058 compute = 0.084723 twid = 0.045111 send = 0.011338
[24] copy/comp = 0.222181 copy = 0.017076 compute = 0.076856 twid = 0.036886 send = 0.011251
[488] copy/comp = 0.190337 copy = 0.017328 compute = 0.091037 twid = 0.050852 send = 0.011017
[232] copy/comp = 0.202442 copy = 0.017135 compute = 0.084642 twid = 0.044986 send = 0.011337
[872] copy/comp = 0.178319 copy = 0.017267 compute = 0.096832 twid = 0.057159 send = 0.011369
[616] copy/comp = 0.185614 copy = 0.017386 compute = 0.093669 twid = 0.053958 send = 0.011185
[808] copy/comp = 0.179675 copy = 0.017256 compute = 0.096039 twid = 0.056403 send = 0.011381
[552] copy/comp = 0.187317 copy = 0.017274 compute = 0.092220 twid = 0.052384 send = 0.011324
[680] copy/comp = 0.182994 copy = 0.017378 compute = 0.094965 twid = 0.055036 send = 0.011320
[936] copy/comp = 0.177246 copy = 0.017237 compute = 0.097250 twid = 0.057597 send = 0.011365
[744] copy/comp = 0.180719 copy = 0.017286 compute = 0.095652 twid = 0.055938 send = 0.011407
[1000] copy/comp = 0.177057 copy = 0.017287 compute = 0.097637 twid = 0.057928 send = 0.011413
[424] copy/comp = 0.194583 copy = 0.017280 compute = 0.088805 twid = 0.048462 send = 0.011006
[168] copy/comp = 0.209306 copy = 0.017220 compute = 0.082272 twid = 0.042556 send = 0.011070
[104] copy/comp = 0.216051 copy = 0.017185 compute = 0.079543 twid = 0.039936 send = 0.011212
[360] copy/comp = 0.200049 copy = 0.017256 compute = 0.086257 twid = 0.046645 send = 0.011284
[296] copy/comp = 0.202592 copy = 0.017230 compute = 0.085048 twid = 0.045534 send = 0.011484
[40] copy/comp = 0.224321 copy = 0.017237 compute = 0.076840 twid = 0.036901 send = 0.011315
[504] copy/comp = 0.189527 copy = 0.017315 compute = 0.091359 twid = 0.051282 send = 0.011126
[248] copy/comp = 0.203488 copy = 0.017170 compute = 0.084379 twid = 0.045186 send = 0.011395
[887] copy/comp = 0.179777 copy = 0.017400 compute = 0.096787 twid = 0.057220 send = 0.011719
[632] copy/comp = 0.185483 copy = 0.017434 compute = 0.093994 twid = 0.054333 send = 0.011266
[823] copy/comp = 0.181536 copy = 0.017411 compute = 0.095909 twid = 0.056590 send = 0.011772
[568] copy/comp = 0.189006 copy = 0.017508 compute = 0.092634 twid = 0.052853 send = 0.011438
[696] copy/comp = 0.183198 copy = 0.017431 compute = 0.095147 twid = 0.055293 send = 0.011346
[952] copy/comp = 0.177609 copy = 0.017318 compute = 0.097505 twid = 0.057789 send = 0.011446
[759] copy/comp = 0.181657 copy = 0.017354 compute = 0.095530 twid = 0.055978 send = 0.011663
[1015] copy/comp = 0.177468 copy = 0.017250 compute = 0.097202 twid = 0.057928 send = 0.011723
[439] copy/comp = 0.194334 copy = 0.017317 compute = 0.089112 twid = 0.049166 send = 0.011437
[183] copy/comp = 0.209680 copy = 0.017345 compute = 0.082721 twid = 0.043280 send = 0.011636
[457] copy/comp = 0.188504 copy = 0.017030 compute = 0.090345 twid = 0.049753 send = 0.011317
[119] copy/comp = 0.218441 copy = 0.017428 compute = 0.079782 twid = 0.040209 send = 0.011719
[201] copy/comp = 1.723238 copy = 0.144794 compute = 0.084024 twid = 0.043952 send = 0.011881
[375] copy/comp = 0.200733 copy = 0.017378 compute = 0.086572 twid = 0.046915 send = 0.011671
[841] copy/comp = 0.174900 copy = 0.016991 compute = 0.097150 twid = 0.056833 send = 0.011584
[311] copy/comp = 0.203523 copy = 0.017332 compute = 0.085158 twid = 0.045873 send = 0.011740
[585] copy/comp = 0.180438 copy = 0.016974 compute = 0.094073 twid = 0.053246 send = 0.011298
[777] copy/comp = 0.176670 copy = 0.017017 compute = 0.096322 twid = 0.056116 send = 0.011559
[521] copy/comp = 0.184215 copy = 0.016985 compute = 0.092200 twid = 0.051802 send = 0.011382
[649] copy/comp = 0.178325 copy = 0.016989 compute = 0.095271 twid = 0.054579 send = 0.011517
[905] copy/comp = 0.173916 copy = 0.016989 compute = 0.097685 twid = 0.057362 send = 0.011437
[713] copy/comp = 0.177102 copy = 0.017002 compute = 0.095999 twid = 0.055555 send = 0.011447
[55] copy/comp = 0.222525 copy = 0.017360 compute = 0.078016 twid = 0.038299 send = 0.011766
[969] copy/comp = 0.173327 copy = 0.017014 compute = 0.098163 twid = 0.057791 send = 0.011449
[393] copy/comp = 0.194707 copy = 0.017033 compute = 0.087479 twid = 0.047097 send = 0.011293
[137] copy/comp = 0.209598 copy = 0.016976 compute = 0.080995 twid = 0.040462 send = 0.011277
[73] copy/comp = 0.214361 copy = 0.016990 compute = 0.079258 twid = 0.039127 send = 0.011384
[329] copy/comp = 0.196744 copy = 0.016998 compute = 0.086396 twid = 0.046190 send = 0.011387
[265] copy/comp = 0.200795 copy = 0.017023 compute = 0.084778 twid = 0.045052 send = 0.011614
[11] copy/comp = 0.221315 copy = 0.016992 compute = 0.076775 twid = 0.036870 send = 0.011132
[473] copy/comp = 0.188740 copy = 0.017115 compute = 0.090680 twid = 0.050336 send = 0.011300
[217] copy/comp = 0.201469 copy = 0.017075 compute = 0.084753 twid = 0.044704 send = 0.011215
[857] copy/comp = 0.175315 copy = 0.017030 compute = 0.097137 twid = 0.056987 send = 0.011523
[601] copy/comp = 0.181805 copy = 0.017103 compute = 0.094073 twid = 0.053674 send = 0.011364
[793] copy/comp = 0.176927 copy = 0.017031 compute = 0.096262 twid = 0.056152 send = 0.011465
[537] copy/comp = 0.184744 copy = 0.017027 compute = 0.092163 twid = 0.052022 send = 0.011378
[665] copy/comp = 0.179423 copy = 0.017089 compute = 0.095245 twid = 0.054839 send = 0.011447
[921] copy/comp = 0.175231 copy = 0.017071 compute = 0.097422 twid = 0.057432 send = 0.011446
[729] copy/comp = 0.178296 copy = 0.017073 compute = 0.095758 twid = 0.055648 send = 0.011504
[985] copy/comp = 0.175287 copy = 0.017127 compute = 0.097711 twid = 0.057884 send = 0.011647
[409] copy/comp = 0.195210 copy = 0.017229 compute = 0.088258 twid = 0.047834 send = 0.011253
[153] copy/comp = 0.209608 copy = 0.017072 compute = 0.081450 twid = 0.041488 send = 0.011253
[89] copy/comp = 0.214300 copy = 0.017074 compute = 0.079673 twid = 0.039606 send = 0.011507
[345] copy/comp = 0.197114 copy = 0.017058 compute = 0.086538 twid = 0.046428 send = 0.011433
[281] copy/comp = 0.200680 copy = 0.017037 compute = 0.084896 twid = 0.045214 send = 0.011650
[25] copy/comp = 0.221420 copy = 0.017032 compute = 0.076922 twid = 0.036892 send = 0.011404
[489] copy/comp = 0.190664 copy = 0.017300 compute = 0.090733 twid = 0.050881 send = 0.011341
[233] copy/comp = 0.202085 copy = 0.017112 compute = 0.084675 twid = 0.045268 send = 0.011377
[873] copy/comp = 0.177663 copy = 0.017229 compute = 0.096975 twid = 0.057159 send = 0.011635
[617] copy/comp = 0.184608 copy = 0.017367 compute = 0.094077 twid = 0.053994 send = 0.011557
[809] copy/comp = 0.178924 copy = 0.017231 compute = 0.096306 twid = 0.056442 send = 0.011618
[553] copy/comp = 0.186842 copy = 0.017256 compute = 0.092355 twid = 0.052469 send = 0.011508
[681] copy/comp = 0.182679 copy = 0.017366 compute = 0.095065 twid = 0.055020 send = 0.011582
[937] copy/comp = 0.176629 copy = 0.017213 compute = 0.097455 twid = 0.057623 send = 0.011637
[745] copy/comp = 0.180589 copy = 0.017274 compute = 0.095656 twid = 0.055869 send = 0.011650
[1001] copy/comp = 0.176628 copy = 0.017253 compute = 0.097678 twid = 0.057982 send = 0.011703
[425] copy/comp = 0.193832 copy = 0.017227 compute = 0.088875 twid = 0.048539 send = 0.011311
[169] copy/comp = 0.209240 copy = 0.017179 compute = 0.082100 twid = 0.042535 send = 0.011336
[105] copy/comp = 0.216616 copy = 0.017188 compute = 0.079346 twid = 0.039950 send = 0.011500
[361] copy/comp = 0.200443 copy = 0.017263 compute = 0.086124 twid = 0.046686 send = 0.011715
[297] copy/comp = 0.202274 copy = 0.017194 compute = 0.085004 twid = 0.045554 send = 0.011565
[41] copy/comp = 0.223142 copy = 0.017179 compute = 0.076988 twid = 0.037008 send = 0.011615
[505] copy/comp = 0.190044 copy = 0.017314 compute = 0.091105 twid = 0.051276 send = 0.011469
[249] copy/comp = 0.203425 copy = 0.017195 compute = 0.084528 twid = 0.045153 send = 0.011484
[888] copy/comp = 0.179698 copy = 0.017394 compute = 0.096798 twid = 0.057276 send = 0.011462
[633] copy/comp = 0.185158 copy = 0.017473 compute = 0.094365 twid = 0.054370 send = 0.011594
[824] copy/comp = 0.181566 copy = 0.017410 compute = 0.095889 twid = 0.056541 send = 0.011513
[569] copy/comp = 0.189406 copy = 0.017550 compute = 0.092656 twid = 0.052844 send = 0.011642
[697] copy/comp = 0.182907 copy = 0.017429 compute = 0.095291 twid = 0.055301 send = 0.011610
[953] copy/comp = 0.177857 copy = 0.017334 compute = 0.097458 twid = 0.057685 send = 0.011712
[760] copy/comp = 0.181876 copy = 0.017365 compute = 0.095480 twid = 0.056009 send = 0.011397
[1016] copy/comp = 0.177515 copy = 0.017280 compute = 0.097346 twid = 0.057946 send = 0.011458
[440] copy/comp = 0.193860 copy = 0.017287 compute = 0.089171 twid = 0.049186 send = 0.011195
[458] copy/comp = 0.188122 copy = 0.017038 compute = 0.090568 twid = 0.049811 send = 0.011002
[184] copy/comp = 0.208534 copy = 0.017338 compute = 0.083143 twid = 0.043476 send = 0.011287
[202] copy/comp = 0.208052 copy = 0.017619 compute = 0.084687 twid = 0.043986 send = 0.011073
[120] copy/comp = 0.219202 copy = 0.017454 compute = 0.079624 twid = 0.040245 send = 0.011325
[376] copy/comp = 0.200464 copy = 0.017348 compute = 0.086541 twid = 0.046918 send = 0.011327
[842] copy/comp = 0.174800 copy = 0.016990 compute = 0.097195 twid = 0.056801 send = 0.011236
[312] copy/comp = 0.204330 copy = 0.017400 compute = 0.085154 twid = 0.045901 send = 0.011408
[586] copy/comp = 0.180435 copy = 0.016971 compute = 0.094055 twid = 0.053266 send = 0.011115
[778] copy/comp = 0.176255 copy = 0.016991 compute = 0.096401 twid = 0.056072 send = 0.124081
[522] copy/comp = 0.184347 copy = 0.016988 compute = 0.092154 twid = 0.051773 send = 0.011106
[650] copy/comp = 0.178068 copy = 0.016978 compute = 0.095347 twid = 0.054602 send = 0.010923
[906] copy/comp = 0.173881 copy = 0.016998 compute = 0.097758 twid = 0.057358 send = 0.011065
[714] copy/comp = 0.177332 copy = 0.016978 compute = 0.095742 twid = 0.055540 send = 0.011030
[56] copy/comp = 0.222873 copy = 0.017340 compute = 0.077801 twid = 0.038404 send = 0.011246
[970] copy/comp = 0.173086 copy = 0.016988 compute = 0.098149 twid = 0.057808 send = 0.127859
[394] copy/comp = 0.194268 copy = 0.017048 compute = 0.087755 twid = 0.047158 send = 0.010971
[138] copy/comp = 0.212434 copy = 0.016972 compute = 0.079894 twid = 0.039563 send = 0.010985
[74] copy/comp = 0.213555 copy = 0.016995 compute = 0.079582 twid = 0.039207 send = 0.011064
[330] copy/comp = 0.196350 copy = 0.017004 compute = 0.086602 twid = 0.046184 send = 0.011070
[266] copy/comp = 0.201016 copy = 0.017007 compute = 0.084605 twid = 0.045046 send = 0.011260
[12] copy/comp = 0.220675 copy = 0.016986 compute = 0.076973 twid = 0.036895 send = 0.010913
[474] copy/comp = 0.188612 copy = 0.017116 compute = 0.090745 twid = 0.050341 send = 0.011064
[218] copy/comp = 0.201710 copy = 0.017047 compute = 0.084510 twid = 0.044579 send = 0.010984
[858] copy/comp = 0.175602 copy = 0.017034 compute = 0.097001 twid = 0.057009 send = 0.011156
[602] copy/comp = 0.181951 copy = 0.017102 compute = 0.093992 twid = 0.053633 send = 0.011061
[794] copy/comp = 0.176961 copy = 0.017022 compute = 0.096188 twid = 0.056209 send = 0.011114
[538] copy/comp = 0.184946 copy = 0.017041 compute = 0.092139 twid = 0.051957 send = 0.011147
[666] copy/comp = 0.179561 copy = 0.017081 compute = 0.095124 twid = 0.054860 send = 0.011125
[922] copy/comp = 0.175382 copy = 0.017077 compute = 0.097373 twid = 0.057517 send = 0.011212
[730] copy/comp = 0.178056 copy = 0.017056 compute = 0.095792 twid = 0.055678 send = 0.011206
[986] copy/comp = 0.174889 copy = 0.017093 compute = 0.097736 twid = 0.057820 send = 0.011241
[410] copy/comp = 0.195720 copy = 0.017234 compute = 0.088055 twid = 0.047876 send = 0.011006
[154] copy/comp = 0.208428 copy = 0.017085 compute = 0.081973 twid = 0.041584 send = 0.010954
[90] copy/comp = 0.214875 copy = 0.017077 compute = 0.079474 twid = 0.039629 send = 0.011282
[346] copy/comp = 0.197531 copy = 0.017055 compute = 0.086341 twid = 0.046471 send = 0.011186
[282] copy/comp = 0.200703 copy = 0.017029 compute = 0.084846 twid = 0.045214 send = 0.011342
[26] copy/comp = 0.222134 copy = 0.017047 compute = 0.076743 twid = 0.036901 send = 0.011033
[490] copy/comp = 0.190375 copy = 0.017318 compute = 0.090968 twid = 0.050930 send = 0.011072
[234] copy/comp = 0.201758 copy = 0.017116 compute = 0.084833 twid = 0.045138 send = 0.011200
[874] copy/comp = 0.178102 copy = 0.017273 compute = 0.096982 twid = 0.057127 send = 0.011366
[618] copy/comp = 0.185054 copy = 0.017372 compute = 0.093876 twid = 0.054001 send = 0.011291
[810] copy/comp = 0.179415 copy = 0.017274 compute = 0.096282 twid = 0.056426 send = 0.011289
[554] copy/comp = 0.187168 copy = 0.017279 compute = 0.092319 twid = 0.052475 send = 0.011279
[682] copy/comp = 0.182880 copy = 0.017393 compute = 0.095106 twid = 0.055076 send = 0.011297
[938] copy/comp = 0.177106 copy = 0.017254 compute = 0.097422 twid = 0.057560 send = 0.011342
[746] copy/comp = 0.180619 copy = 0.017294 compute = 0.095751 twid = 0.055924 send = 0.011374
[1002] copy/comp = 0.176619 copy = 0.017253 compute = 0.097683 twid = 0.057936 send = 0.011277
[426] copy/comp = 0.194231 copy = 0.017247 compute = 0.088797 twid = 0.048627 send = 0.010953
[170] copy/comp = 0.208205 copy = 0.017200 compute = 0.082611 twid = 0.042618 send = 0.011057
[106] copy/comp = 0.216508 copy = 0.017225 compute = 0.079559 twid = 0.039983 send = 0.011235
[362] copy/comp = 0.200509 copy = 0.017280 compute = 0.086179 twid = 0.046688 send = 0.011384
[298] copy/comp = 0.202801 copy = 0.017251 compute = 0.085063 twid = 0.045593 send = 0.011364
[42] copy/comp = 0.223949 copy = 0.017207 compute = 0.076833 twid = 0.037130 send = 0.011432
[506] copy/comp = 0.190244 copy = 0.017340 compute = 0.091145 twid = 0.051309 send = 0.011120
[250] copy/comp = 0.203856 copy = 0.017216 compute = 0.084454 twid = 0.045181 send = 0.011245
[889] copy/comp = 0.179230 copy = 0.017395 compute = 0.097055 twid = 0.057348 send = 0.011717
[634] copy/comp = 0.184934 copy = 0.017454 compute = 0.094380 twid = 0.054350 send = 0.011224
[825] copy/comp = 0.180519 copy = 0.017400 compute = 0.096389 twid = 0.056620 send = 0.011780
[570] copy/comp = 0.189454 copy = 0.017549 compute = 0.092627 twid = 0.052893 send = 0.011411
[698] copy/comp = 0.183405 copy = 0.017443 compute = 0.095107 twid = 0.055317 send = 0.011306
[954] copy/comp = 0.178111 copy = 0.017354 compute = 0.097433 twid = 0.057717 send = 0.011384
[761] copy/comp = 0.181173 copy = 0.017365 compute = 0.095847 twid = 0.055981 send = 0.011691
[1017] copy/comp = 0.176449 copy = 0.017238 compute = 0.097694 twid = 0.057942 send = 0.011676
[441] copy/comp = 0.193442 copy = 0.017213 compute = 0.088983 twid = 0.049281 send = 0.011488
[459] copy/comp = 0.187861 copy = 0.017026 compute = 0.090630 twid = 0.049958 send = 0.011291
[203] copy/comp = 0.203058 copy = 0.017067 compute = 0.084052 twid = 0.044035 send = 0.011219
[185] copy/comp = 0.208411 copy = 0.017276 compute = 0.082895 twid = 0.043422 send = 0.011500
[121] copy/comp = 0.220734 copy = 0.017376 compute = 0.078718 twid = 0.039354 send = 0.011612
[377] copy/comp = 0.200190 copy = 0.017339 compute = 0.086611 twid = 0.046951 send = 0.011797
[843] copy/comp = 0.174737 copy = 0.016979 compute = 0.097170 twid = 0.056862 send = 0.011434
[313] copy/comp = 0.203161 copy = 0.017314 compute = 0.085225 twid = 0.045875 send = 0.011650
[587] copy/comp = 0.180376 copy = 0.016953 compute = 0.093988 twid = 0.053299 send = 0.011077
[779] copy/comp = 0.183634 copy = 0.017648 compute = 0.096103 twid = 0.056075 send = 0.011138
[523] copy/comp = 0.184357 copy = 0.016970 compute = 0.092047 twid = 0.051835 send = 0.011273
[651] copy/comp = 0.178321 copy = 0.016973 compute = 0.095184 twid = 0.054626 send = 0.011169
[907] copy/comp = 0.173838 copy = 0.016970 compute = 0.097622 twid = 0.057394 send = 0.011557
[715] copy/comp = 0.177347 copy = 0.016966 compute = 0.095666 twid = 0.055517 send = 0.011250
[57] copy/comp = 0.221159 copy = 0.017258 compute = 0.078035 twid = 0.038498 send = 0.011443
[971] copy/comp = 0.178954 copy = 0.017542 compute = 0.098023 twid = 0.057789 send = 0.011227
[395] copy/comp = 0.194152 copy = 0.017015 compute = 0.087637 twid = 0.047141 send = 0.011163
[139] copy/comp = 0.209672 copy = 0.016967 compute = 0.080922 twid = 0.040602 send = 0.011244
[75] copy/comp = 0.213452 copy = 0.016978 compute = 0.079542 twid = 0.039183 send = 0.011599
[331] copy/comp = 0.196694 copy = 0.016984 compute = 0.086348 twid = 0.046208 send = 0.011327
[267] copy/comp = 0.200338 copy = 0.016990 compute = 0.084804 twid = 0.045052 send = 0.011518
[13] copy/comp = 0.220171 copy = 0.016999 compute = 0.077208 twid = 0.036882 send = 0.011155
[475] copy/comp = 0.188496 copy = 0.017106 compute = 0.090751 twid = 0.050388 send = 0.011279
[219] copy/comp = 0.200756 copy = 0.017004 compute = 0.084702 twid = 0.044636 send = 0.011239
[859] copy/comp = 0.175653 copy = 0.017024 compute = 0.096920 twid = 0.057019 send = 0.011390
[603] copy/comp = 0.181905 copy = 0.017094 compute = 0.093971 twid = 0.053645 send = 0.011292
[795] copy/comp = 0.177006 copy = 0.016986 compute = 0.095962 twid = 0.056209 send = 0.011173
[539] copy/comp = 0.184887 copy = 0.017042 compute = 0.092173 twid = 0.052047 send = 0.011360
[667] copy/comp = 0.180088 copy = 0.017091 compute = 0.094904 twid = 0.054830 send = 0.011393
[923] copy/comp = 0.175360 copy = 0.017068 compute = 0.097331 twid = 0.057508 send = 0.011452
[731] copy/comp = 0.178231 copy = 0.017056 compute = 0.095697 twid = 0.055784 send = 0.011424
[987] copy/comp = 0.174972 copy = 0.017068 compute = 0.097549 twid = 0.057890 send = 0.011331
[411] copy/comp = 0.194604 copy = 0.017233 compute = 0.088553 twid = 0.047959 send = 0.011167
[155] copy/comp = 0.208461 copy = 0.017069 compute = 0.081881 twid = 0.041667 send = 0.011253
[91] copy/comp = 0.214568 copy = 0.017068 compute = 0.079546 twid = 0.039656 send = 0.011549
[347] copy/comp = 0.197451 copy = 0.017047 compute = 0.086336 twid = 0.046462 send = 0.011341
[283] copy/comp = 0.200511 copy = 0.017021 compute = 0.084890 twid = 0.045234 send = 0.011509
[27] copy/comp = 0.222280 copy = 0.017047 compute = 0.076690 twid = 0.036879 send = 0.011283
[491] copy/comp = 0.189485 copy = 0.017291 compute = 0.091255 twid = 0.051173 send = 0.011372
[235] copy/comp = 0.202514 copy = 0.017146 compute = 0.084668 twid = 0.045151 send = 0.011502
[875] copy/comp = 0.178500 copy = 0.017264 compute = 0.096718 twid = 0.057114 send = 0.011625
[619] copy/comp = 0.185379 copy = 0.017378 compute = 0.093744 twid = 0.054050 send = 0.011530
[811] copy/comp = 0.179226 copy = 0.017227 compute = 0.096121 twid = 0.056428 send = 0.011452
[555] copy/comp = 0.187975 copy = 0.017284 compute = 0.091949 twid = 0.052450 send = 0.011547
[683] copy/comp = 0.184045 copy = 0.017434 compute = 0.094729 twid = 0.055112 send = 0.011510
[939] copy/comp = 0.177782 copy = 0.017283 compute = 0.097215 twid = 0.057611 send = 0.011641
[747] copy/comp = 0.181022 copy = 0.017303 compute = 0.095583 twid = 0.055904 send = 0.011678
[1003] copy/comp = 0.176851 copy = 0.017239 compute = 0.097477 twid = 0.057970 send = 0.011531
[427] copy/comp = 0.193970 copy = 0.017252 compute = 0.088940 twid = 0.048722 send = 0.011361
[171] copy/comp = 0.208269 copy = 0.017202 compute = 0.082597 twid = 0.042649 send = 0.011368
[107] copy/comp = 0.216744 copy = 0.017235 compute = 0.079520 twid = 0.040019 send = 0.011570
[363] copy/comp = 0.199941 copy = 0.017295 compute = 0.086502 twid = 0.046702 send = 0.011578
[299] copy/comp = 0.202688 copy = 0.017230 compute = 0.085009 twid = 0.045557 send = 0.011627
[43] copy/comp = 0.224083 copy = 0.017197 compute = 0.076743 twid = 0.037248 send = 0.011500
[507] copy/comp = 0.189396 copy = 0.017292 compute = 0.091301 twid = 0.051451 send = 0.011268
[251] copy/comp = 0.203945 copy = 0.017188 compute = 0.084279 twid = 0.045159 send = 0.011796
[890] copy/comp = 0.179506 copy = 0.017404 compute = 0.096958 twid = 0.057240 send = 0.011448
[635] copy/comp = 0.184630 copy = 0.017432 compute = 0.094414 twid = 0.054456 send = 0.011566
[826] copy/comp = 0.180634 copy = 0.017401 compute = 0.096330 twid = 0.056616 send = 0.011370
[571] copy/comp = 0.190008 copy = 0.017543 compute = 0.092328 twid = 0.052898 send = 0.011608
[699] copy/comp = 0.184087 copy = 0.017461 compute = 0.094854 twid = 0.055313 send = 0.011477
[955] copy/comp = 0.177892 copy = 0.017341 compute = 0.097478 twid = 0.057730 send = 0.011706
[762] copy/comp = 0.181135 copy = 0.017351 compute = 0.095789 twid = 0.056036 send = 0.011389
[1018] copy/comp = 0.176189 copy = 0.017225 compute = 0.097762 twid = 0.058043 send = 0.011301
[442] copy/comp = 0.193593 copy = 0.017250 compute = 0.089104 twid = 0.049327 send = 0.011158
[460] copy/comp = 0.187811 copy = 0.017038 compute = 0.090716 twid = 0.049860 send = 0.011008
[204] copy/comp = 0.202749 copy = 0.017080 compute = 0.084244 twid = 0.044134 send = 0.010947
[186] copy/comp = 0.208164 copy = 0.017358 compute = 0.083387 twid = 0.043479 send = 0.011231
[122] copy/comp = 0.217035 copy = 0.017345 compute = 0.079918 twid = 0.040258 send = 0.011409
[844] copy/comp = 0.175041 copy = 0.016987 compute = 0.097048 twid = 0.056774 send = 0.011209
[378] copy/comp = 0.201090 copy = 0.017386 compute = 0.086459 twid = 0.046951 send = 0.011427
[588] copy/comp = 0.180303 copy = 0.016989 compute = 0.094224 twid = 0.053332 send = 0.010895
[780] copy/comp = 0.176246 copy = 0.016985 compute = 0.096373 twid = 0.056141 send = 0.010972
[314] copy/comp = 0.204351 copy = 0.017412 compute = 0.085207 twid = 0.045946 send = 0.011423
[524] copy/comp = 0.184088 copy = 0.016983 compute = 0.092256 twid = 0.051854 send = 0.011051
[652] copy/comp = 0.178175 copy = 0.016982 compute = 0.095308 twid = 0.054570 send = 0.010865
[908] copy/comp = 0.173818 copy = 0.016993 compute = 0.097762 twid = 0.057416 send = 0.011049
[716] copy/comp = 0.177000 copy = 0.016976 compute = 0.095912 twid = 0.055570 send = 0.010956
[972] copy/comp = 0.173087 copy = 0.016993 compute = 0.098177 twid = 0.057809 send = 0.010792
[58] copy/comp = 0.220184 copy = 0.017211 compute = 0.078166 twid = 0.038558 send = 0.011013
[396] copy/comp = 0.194515 copy = 0.017050 compute = 0.087656 twid = 0.047244 send = 0.010892
[140] copy/comp = 0.210276 copy = 0.016988 compute = 0.080790 twid = 0.040636 send = 0.010950
[76] copy/comp = 0.213599 copy = 0.016994 compute = 0.079559 twid = 0.039232 send = 0.011316
[332] copy/comp = 0.196600 copy = 0.016999 compute = 0.086465 twid = 0.046232 send = 0.011082
[268] copy/comp = 0.200443 copy = 0.016998 compute = 0.084804 twid = 0.045052 send = 0.011270
[14] copy/comp = 0.221034 copy = 0.017005 compute = 0.076933 twid = 0.036899 send = 0.010865
[476] copy/comp = 0.188427 copy = 0.017115 compute = 0.090832 twid = 0.050436 send = 0.010943
[220] copy/comp = 0.201436 copy = 0.017006 compute = 0.084424 twid = 0.044672 send = 0.011172
[860] copy/comp = 0.175750 copy = 0.017034 compute = 0.096919 twid = 0.057026 send = 0.011152
[604] copy/comp = 0.182000 copy = 0.017107 compute = 0.093995 twid = 0.053689 send = 0.011034
[796] copy/comp = 0.176482 copy = 0.016980 compute = 0.096213 twid = 0.056233 send = 0.010957
[540] copy/comp = 0.184764 copy = 0.017051 compute = 0.092284 twid = 0.052034 send = 0.011115
[668] copy/comp = 0.179836 copy = 0.017093 compute = 0.095051 twid = 0.054830 send = 0.011323
[924] copy/comp = 0.175398 copy = 0.017072 compute = 0.097331 twid = 0.057399 send = 0.011178
[732] copy/comp = 0.178163 copy = 0.017085 compute = 0.095898 twid = 0.055792 send = 0.011124
[988] copy/comp = 0.174968 copy = 0.017069 compute = 0.097556 twid = 0.057868 send = 0.011100
[412] copy/comp = 0.195135 copy = 0.017243 compute = 0.088366 twid = 0.047957 send = 0.010885
[156] copy/comp = 0.208380 copy = 0.017080 compute = 0.081964 twid = 0.041745 send = 0.010950
[92] copy/comp = 0.214909 copy = 0.017076 compute = 0.079455 twid = 0.039675 send = 0.011196
[348] copy/comp = 0.197236 copy = 0.017066 compute = 0.086527 twid = 0.046469 send = 0.011113
[284] copy/comp = 0.200582 copy = 0.017028 compute = 0.084892 twid = 0.045256 send = 0.011272
[28] copy/comp = 0.221878 copy = 0.017055 compute = 0.076867 twid = 0.036878 send = 0.011031
[492] copy/comp = 0.189415 copy = 0.017271 compute = 0.091179 twid = 0.051003 send = 0.011042
[236] copy/comp = 0.202058 copy = 0.017151 compute = 0.084882 twid = 0.045176 send = 0.011070
[876] copy/comp = 0.178214 copy = 0.017290 compute = 0.097017 twid = 0.057183 send = 0.011335
[620] copy/comp = 0.185123 copy = 0.017397 compute = 0.093976 twid = 0.054075 send = 0.011245
[812] copy/comp = 0.179074 copy = 0.017232 compute = 0.096226 twid = 0.056435 send = 0.011224
[556] copy/comp = 0.187457 copy = 0.017277 compute = 0.092167 twid = 0.052510 send = 0.011261
[684] copy/comp = 0.183667 copy = 0.017427 compute = 0.094885 twid = 0.055104 send = 0.011233
[940] copy/comp = 0.177232 copy = 0.017278 compute = 0.097486 twid = 0.057644 send = 0.011282
[748] copy/comp = 0.180845 copy = 0.017330 compute = 0.095831 twid = 0.055949 send = 0.011375
[1004] copy/comp = 0.176602 copy = 0.017240 compute = 0.097621 twid = 0.057954 send = 0.011221
[428] copy/comp = 0.194321 copy = 0.017241 compute = 0.088727 twid = 0.048680 send = 0.010854
[172] copy/comp = 0.207405 copy = 0.017182 compute = 0.082841 twid = 0.042733 send = 0.011049
[108] copy/comp = 0.217293 copy = 0.017249 compute = 0.079383 twid = 0.040023 send = 0.011203
[364] copy/comp = 0.200158 copy = 0.017287 compute = 0.086368 twid = 0.046743 send = 0.011342
[300] copy/comp = 0.202330 copy = 0.017228 compute = 0.085150 twid = 0.045610 send = 0.011341
[44] copy/comp = 0.223741 copy = 0.017226 compute = 0.076992 twid = 0.037322 send = 0.011150
[508] copy/comp = 0.190140 copy = 0.017320 compute = 0.091088 twid = 0.051362 send = 0.011084
[252] copy/comp = 0.203341 copy = 0.017180 compute = 0.084489 twid = 0.045172 send = 0.011181
[891] copy/comp = 0.179852 copy = 0.017409 compute = 0.096795 twid = 0.057279 send = 0.011763
[636] copy/comp = 0.185234 copy = 0.017487 compute = 0.094405 twid = 0.054447 send = 0.011184
[827] copy/comp = 0.180794 copy = 0.017378 compute = 0.096120 twid = 0.056533 send = 0.011580
[572] copy/comp = 0.189405 copy = 0.017535 compute = 0.092580 twid = 0.052965 send = 0.011366
[700] copy/comp = 0.183905 copy = 0.017521 compute = 0.095274 twid = 0.055373 send = 0.011203
[956] copy/comp = 0.178488 copy = 0.017399 compute = 0.097480 twid = 0.057756 send = 0.011379
[763] copy/comp = 0.181401 copy = 0.017337 compute = 0.095573 twid = 0.056030 send = 0.011718
[1019] copy/comp = 0.176251 copy = 0.017184 compute = 0.097495 twid = 0.057967 send = 0.011512
[443] copy/comp = 0.192748 copy = 0.017197 compute = 0.089219 twid = 0.049437 send = 0.011362
[461] copy/comp = 0.187665 copy = 0.017038 compute = 0.090791 twid = 0.049987 send = 0.011300
[205] copy/comp = 0.203448 copy = 0.017105 compute = 0.084078 twid = 0.044163 send = 0.011198
[187] copy/comp = 0.209273 copy = 0.017356 compute = 0.082936 twid = 0.043533 send = 0.011424
[123] copy/comp = 0.217951 copy = 0.017384 compute = 0.079761 twid = 0.040280 send = 0.011760
[845] copy/comp = 0.175056 copy = 0.016993 compute = 0.097070 twid = 0.056814 send = 0.011462
[379] copy/comp = 0.200422 copy = 0.017335 compute = 0.086490 twid = 0.046970 send = 0.011478
[589] copy/comp = 0.180705 copy = 0.016989 compute = 0.094013 twid = 0.053316 send = 0.011109
[781] copy/comp = 0.176414 copy = 0.016974 compute = 0.096217 twid = 0.056108 send = 0.011117
[315] copy/comp = 0.203503 copy = 0.017348 compute = 0.085249 twid = 0.045962 send = 0.011587
[525] copy/comp = 0.184716 copy = 0.016979 compute = 0.091922 twid = 0.051686 send = 0.011291
[653] copy/comp = 0.177859 copy = 0.016975 compute = 0.095441 twid = 0.054664 send = 0.011148
[909] copy/comp = 0.173658 copy = 0.016984 compute = 0.097804 twid = 0.057464 send = 0.011250
[717] copy/comp = 0.177085 copy = 0.016973 compute = 0.095846 twid = 0.055546 send = 0.011266
[973] copy/comp = 0.172973 copy = 0.016985 compute = 0.098193 twid = 0.057802 send = 0.010965
[59] copy/comp = 0.221050 copy = 0.017229 compute = 0.077940 twid = 0.038649 send = 0.011342
[397] copy/comp = 0.193962 copy = 0.017035 compute = 0.087826 twid = 0.047303 send = 0.011244
[141] copy/comp = 0.210245 copy = 0.016981 compute = 0.080766 twid = 0.040727 send = 0.011224
[77] copy/comp = 0.213831 copy = 0.016992 compute = 0.079465 twid = 0.039263 send = 0.011331
[333] copy/comp = 0.196782 copy = 0.016992 compute = 0.086349 twid = 0.046255 send = 0.011360
[269] copy/comp = 0.200394 copy = 0.017006 compute = 0.084862 twid = 0.045093 send = 0.011592
[15] copy/comp = 0.220953 copy = 0.016990 compute = 0.076896 twid = 0.036918 send = 0.011076
[477] copy/comp = 0.188580 copy = 0.017137 compute = 0.090874 twid = 0.050451 send = 0.011238
[221] copy/comp = 0.201274 copy = 0.017013 compute = 0.084529 twid = 0.044723 send = 0.011258
[861] copy/comp = 0.176058 copy = 0.017030 compute = 0.096730 twid = 0.057032 send = 0.011390
[605] copy/comp = 0.182315 copy = 0.017100 compute = 0.093794 twid = 0.053697 send = 0.011275
[797] copy/comp = 0.176201 copy = 0.016966 compute = 0.096286 twid = 0.056234 send = 0.011438
[541] copy/comp = 0.184866 copy = 0.017049 compute = 0.092222 twid = 0.052069 send = 0.011326
[669] copy/comp = 0.179936 copy = 0.017095 compute = 0.095005 twid = 0.054873 send = 0.011321
[925] copy/comp = 0.175245 copy = 0.017061 compute = 0.097357 twid = 0.057490 send = 0.011412
[733] copy/comp = 0.178197 copy = 0.017071 compute = 0.095797 twid = 0.055727 send = 0.011442
[989] copy/comp = 0.174505 copy = 0.017058 compute = 0.097750 twid = 0.057823 send = 0.011371
[413] copy/comp = 0.194759 copy = 0.017247 compute = 0.088557 twid = 0.047978 send = 0.011197
[157] copy/comp = 0.208195 copy = 0.017058 compute = 0.081932 twid = 0.041822 send = 0.011187
[93] copy/comp = 0.214838 copy = 0.017072 compute = 0.079465 twid = 0.039745 send = 0.011388
[349] copy/comp = 0.197864 copy = 0.017057 compute = 0.086203 twid = 0.046518 send = 0.011403
[285] copy/comp = 0.200378 copy = 0.017026 compute = 0.084971 twid = 0.045254 send = 0.011595
[29] copy/comp = 0.222944 copy = 0.017052 compute = 0.076484 twid = 0.036866 send = 0.011261
[493] copy/comp = 0.189597 copy = 0.017257 compute = 0.091022 twid = 0.051008 send = 0.011319
[237] copy/comp = 0.202538 copy = 0.017148 compute = 0.084664 twid = 0.045156 send = 0.011381
[877] copy/comp = 0.178037 copy = 0.017280 compute = 0.097058 twid = 0.057221 send = 0.011582
[621] copy/comp = 0.184598 copy = 0.017382 compute = 0.094161 twid = 0.054068 send = 0.011416
[813] copy/comp = 0.179379 copy = 0.017238 compute = 0.096099 twid = 0.056377 send = 0.011503
[557] copy/comp = 0.187107 copy = 0.017289 compute = 0.092402 twid = 0.052536 send = 0.011522
[685] copy/comp = 0.182855 copy = 0.017393 compute = 0.095119 twid = 0.055154 send = 0.011489
[941] copy/comp = 0.177207 copy = 0.017260 compute = 0.097399 twid = 0.057616 send = 0.011485
[749] copy/comp = 0.180865 copy = 0.017319 compute = 0.095755 twid = 0.055913 send = 0.011649
[1005] copy/comp = 0.176834 copy = 0.017228 compute = 0.097426 twid = 0.057919 send = 0.011466
[429] copy/comp = 0.193761 copy = 0.017233 compute = 0.088942 twid = 0.048760 send = 0.011139
[173] copy/comp = 0.207914 copy = 0.017174 compute = 0.082600 twid = 0.042819 send = 0.011370
[109] copy/comp = 0.216616 copy = 0.017239 compute = 0.079582 twid = 0.040041 send = 0.011421
[365] copy/comp = 0.200292 copy = 0.017294 compute = 0.086346 twid = 0.046752 send = 0.011569
[301] copy/comp = 0.202622 copy = 0.017235 compute = 0.085062 twid = 0.045635 send = 0.011734
[45] copy/comp = 0.223381 copy = 0.017231 compute = 0.077136 twid = 0.037432 send = 0.011498
[509] copy/comp = 0.189163 copy = 0.017301 compute = 0.091462 twid = 0.051418 send = 0.011427
[253] copy/comp = 0.203795 copy = 0.017212 compute = 0.084456 twid = 0.045151 send = 0.011456
[892] copy/comp = 0.179950 copy = 0.017453 compute = 0.096988 twid = 0.057324 send = 0.011418
[637] copy/comp = 0.185333 copy = 0.017461 compute = 0.094212 twid = 0.054421 send = 0.011486
[828] copy/comp = 0.181388 copy = 0.017412 compute = 0.095993 twid = 0.056612 send = 0.011215
[573] copy/comp = 0.189278 copy = 0.017532 compute = 0.092624 twid = 0.053019 send = 0.011609
[701] copy/comp = 0.183840 copy = 0.017479 compute = 0.095079 twid = 0.055311 send = 0.011424
[957] copy/comp = 0.179331 copy = 0.017416 compute = 0.097117 twid = 0.057674 send = 0.011564
[764] copy/comp = 0.181463 copy = 0.017370 compute = 0.095720 twid = 0.056021 send = 0.011440
[1020] copy/comp = 0.176192 copy = 0.017201 compute = 0.097627 twid = 0.058000 send = 0.011206
[462] copy/comp = 0.187697 copy = 0.017039 compute = 0.090778 twid = 0.049972 send = 0.010987
[444] copy/comp = 0.193419 copy = 0.017238 compute = 0.089122 twid = 0.049399 send = 0.011116
[206] copy/comp = 0.203061 copy = 0.017113 compute = 0.084273 twid = 0.044213 send = 0.010887
[188] copy/comp = 0.208188 copy = 0.017328 compute = 0.083231 twid = 0.043546 send = 0.011073
[846] copy/comp = 0.175578 copy = 0.016998 compute = 0.096811 twid = 0.056796 send = 0.011110
[124] copy/comp = 0.217797 copy = 0.017374 compute = 0.079773 twid = 0.040315 send = 0.011319
[380] copy/comp = 0.200644 copy = 0.017383 compute = 0.086637 twid = 0.046973 send = 0.011306
[590] copy/comp = 0.180105 copy = 0.016989 compute = 0.094330 twid = 0.053334 send = 0.010846
[782] copy/comp = 0.176272 copy = 0.016971 compute = 0.096275 twid = 0.056016 send = 0.010831
[526] copy/comp = 0.183960 copy = 0.016974 compute = 0.092271 twid = 0.051863 send = 0.011031
[316] copy/comp = 0.203959 copy = 0.017393 compute = 0.085275 twid = 0.046004 send = 0.011302
[654] copy/comp = 0.178000 copy = 0.016977 compute = 0.095375 twid = 0.054587 send = 0.010848
[910] copy/comp = 0.173628 copy = 0.016980 compute = 0.097795 twid = 0.057366 send = 0.011230
[718] copy/comp = 0.176572 copy = 0.016969 compute = 0.096102 twid = 0.055526 send = 0.010891
[974] copy/comp = 0.173114 copy = 0.017000 compute = 0.098203 twid = 0.057820 send = 0.010758
[60] copy/comp = 0.219334 copy = 0.017192 compute = 0.078381 twid = 0.038722 send = 0.010997
[398] copy/comp = 0.193833 copy = 0.017037 compute = 0.087897 twid = 0.047360 send = 0.010942
[142] copy/comp = 0.209696 copy = 0.016978 compute = 0.080964 twid = 0.040822 send = 0.011024
[78] copy/comp = 0.213504 copy = 0.017014 compute = 0.079692 twid = 0.039286 send = 0.011084
[334] copy/comp = 0.196381 copy = 0.017002 compute = 0.086577 twid = 0.046234 send = 0.011044
[270] copy/comp = 0.200539 copy = 0.017011 compute = 0.084829 twid = 0.045036 send = 0.011230
[478] copy/comp = 0.188219 copy = 0.017156 compute = 0.091147 twid = 0.050468 send = 0.010932
[222] copy/comp = 0.201765 copy = 0.017021 compute = 0.084361 twid = 0.044750 send = 0.010931
[862] copy/comp = 0.175783 copy = 0.017031 compute = 0.096887 twid = 0.056978 send = 0.011089
[606] copy/comp = 0.181699 copy = 0.017125 compute = 0.094251 twid = 0.053724 send = 0.011265
[798] copy/comp = 0.176090 copy = 0.016975 compute = 0.096399 twid = 0.056270 send = 0.010887
[542] copy/comp = 0.184790 copy = 0.017041 compute = 0.092220 twid = 0.052079 send = 0.011106
[670] copy/comp = 0.179527 copy = 0.017088 compute = 0.095181 twid = 0.054886 send = 0.011010
[926] copy/comp = 0.175120 copy = 0.017046 compute = 0.097336 twid = 0.057521 send = 0.011174
[734] copy/comp = 0.178101 copy = 0.017072 compute = 0.095857 twid = 0.055791 send = 0.011172
[990] copy/comp = 0.174376 copy = 0.017063 compute = 0.097851 twid = 0.057901 send = 0.011084
[414] copy/comp = 0.195643 copy = 0.017262 compute = 0.088230 twid = 0.048064 send = 0.011115
[158] copy/comp = 0.207721 copy = 0.017014 compute = 0.081907 twid = 0.041974 send = 0.010955
[94] copy/comp = 0.214411 copy = 0.017074 compute = 0.079630 twid = 0.039740 send = 0.011343
[350] copy/comp = 0.197775 copy = 0.017072 compute = 0.086321 twid = 0.046540 send = 0.011188
[286] copy/comp = 0.200602 copy = 0.017050 compute = 0.084995 twid = 0.045325 send = 0.011279
[30] copy/comp = 0.221969 copy = 0.017067 compute = 0.076888 twid = 0.036875 send = 0.011025
[494] copy/comp = 0.189042 copy = 0.017211 compute = 0.091044 twid = 0.051026 send = 0.010986
[238] copy/comp = 0.202194 copy = 0.017121 compute = 0.084675 twid = 0.045188 send = 0.011046
[878] copy/comp = 0.177452 copy = 0.017209 compute = 0.096978 twid = 0.057208 send = 0.011235
[622] copy/comp = 0.184023 copy = 0.017319 compute = 0.094116 twid = 0.054080 send = 0.011036
[814] copy/comp = 0.178300 copy = 0.017159 compute = 0.096237 twid = 0.056451 send = 0.011191
[558] copy/comp = 0.186119 copy = 0.017202 compute = 0.092422 twid = 0.052568 send = 0.011143
[686] copy/comp = 0.181888 copy = 0.017300 compute = 0.095115 twid = 0.055112 send = 0.011178
[942] copy/comp = 0.176131 copy = 0.017180 compute = 0.097539 twid = 0.057657 send = 0.011154
[750] copy/comp = 0.180112 copy = 0.017239 compute = 0.095715 twid = 0.055920 send = 0.011305
[1006] copy/comp = 0.175845 copy = 0.017169 compute = 0.097637 twid = 0.057919 send = 0.011195
[430] copy/comp = 0.193452 copy = 0.017220 compute = 0.089015 twid = 0.048798 send = 0.010811
[174] copy/comp = 0.207252 copy = 0.017078 compute = 0.082400 twid = 0.042862 send = 0.011033
[110] copy/comp = 0.215554 copy = 0.017136 compute = 0.079499 twid = 0.040081 send = 0.011107
[366] copy/comp = 0.200473 copy = 0.017325 compute = 0.086422 twid = 0.046792 send = 0.011333
[302] copy/comp = 0.203151 copy = 0.017226 compute = 0.084795 twid = 0.045646 send = 0.011370
[46] copy/comp = 0.223249 copy = 0.017243 compute = 0.077237 twid = 0.037560 send = 0.011090
[510] copy/comp = 0.188691 copy = 0.017214 compute = 0.091230 twid = 0.051428 send = 0.011070
[254] copy/comp = 0.202518 copy = 0.017126 compute = 0.084566 twid = 0.045173 send = 0.011062
[893] copy/comp = 0.180018 copy = 0.017434 compute = 0.096848 twid = 0.057314 send = 0.011753
[638] copy/comp = 0.184102 copy = 0.017399 compute = 0.094505 twid = 0.054537 send = 0.011070
[829] copy/comp = 0.180723 copy = 0.017413 compute = 0.096352 twid = 0.056630 send = 0.011608
[574] copy/comp = 0.188603 copy = 0.017461 compute = 0.092580 twid = 0.053027 send = 0.011187
[702] copy/comp = 0.183016 copy = 0.017435 compute = 0.095265 twid = 0.055354 send = 0.011147
[958] copy/comp = 0.178005 copy = 0.017339 compute = 0.097409 twid = 0.057664 send = 0.011544
[765] copy/comp = 0.181406 copy = 0.017376 compute = 0.095784 twid = 0.056008 send = 0.011701
[1021] copy/comp = 0.176596 copy = 0.017213 compute = 0.097472 twid = 0.057988 send = 0.011490
[463] copy/comp = 0.187965 copy = 0.017050 compute = 0.090706 twid = 0.050014 send = 0.011266
[445] copy/comp = 0.193456 copy = 0.017222 compute = 0.089024 twid = 0.049427 send = 0.011434
[207] copy/comp = 0.203114 copy = 0.017113 compute = 0.084255 twid = 0.044286 send = 0.011189
[189] copy/comp = 0.209555 copy = 0.017330 compute = 0.082701 twid = 0.043600 send = 0.011392
[847] copy/comp = 0.175213 copy = 0.016975 compute = 0.096881 twid = 0.056792 send = 0.011395
[125] copy/comp = 0.217694 copy = 0.017367 compute = 0.079778 twid = 0.040344 send = 0.011508
[591] copy/comp = 0.180403 copy = 0.016975 compute = 0.094095 twid = 0.053391 send = 0.011174
[783] copy/comp = 0.176541 copy = 0.016970 compute = 0.096124 twid = 0.056126 send = 0.011095
[381] copy/comp = 0.200937 copy = 0.017373 compute = 0.086459 twid = 0.047004 send = 0.011642
[527] copy/comp = 0.183790 copy = 0.016980 compute = 0.092386 twid = 0.051942 send = 0.011367
[317] copy/comp = 0.204368 copy = 0.017426 compute = 0.085270 twid = 0.046011 send = 0.011662
[655] copy/comp = 0.178104 copy = 0.016964 compute = 0.095249 twid = 0.054657 send = 0.011169
[911] copy/comp = 0.174235 copy = 0.016979 compute = 0.097448 twid = 0.057374 send = 0.011270
[719] copy/comp = 0.176591 copy = 0.016965 compute = 0.096069 twid = 0.055578 send = 0.011255
[975] copy/comp = 0.173443 copy = 0.016991 compute = 0.097964 twid = 0.057747 send = 0.011000
[61] copy/comp = 0.219253 copy = 0.017160 compute = 0.078267 twid = 0.038788 send = 0.011360
[399] copy/comp = 0.193881 copy = 0.017035 compute = 0.087862 twid = 0.047419 send = 0.011343
[143] copy/comp = 0.209719 copy = 0.016985 compute = 0.080988 twid = 0.040930 send = 0.011283
[79] copy/comp = 0.213495 copy = 0.017016 compute = 0.079702 twid = 0.039363 send = 0.011383
[335] copy/comp = 0.196133 copy = 0.016989 compute = 0.086618 twid = 0.046255 send = 0.011413
[271] copy/comp = 0.200277 copy = 0.016998 compute = 0.084874 twid = 0.045053 send = 0.011546
[479] copy/comp = 0.190252 copy = 0.017266 compute = 0.090751 twid = 0.050542 send = 0.011671
[223] copy/comp = 0.204086 copy = 0.017271 compute = 0.084624 twid = 0.044834 send = 0.011401
[863] copy/comp = 0.175469 copy = 0.017009 compute = 0.096937 twid = 0.057062 send = 0.011326
[607] copy/comp = 0.182060 copy = 0.017116 compute = 0.094011 twid = 0.053742 send = 0.011389
[799] copy/comp = 0.176415 copy = 0.016980 compute = 0.096253 twid = 0.056273 send = 0.011200
[543] copy/comp = 0.184860 copy = 0.017052 compute = 0.092246 twid = 0.052132 send = 0.011400
[671] copy/comp = 0.179876 copy = 0.017074 compute = 0.094923 twid = 0.054855 send = 0.011452
[927] copy/comp = 0.175044 copy = 0.017045 compute = 0.097374 twid = 0.057495 send = 0.011445
[735] copy/comp = 0.178830 copy = 0.017072 compute = 0.095462 twid = 0.055743 send = 0.011525
[991] copy/comp = 0.174295 copy = 0.017049 compute = 0.097816 twid = 0.057923 send = 0.011573
[415] copy/comp = 0.195832 copy = 0.017303 compute = 0.088358 twid = 0.048057 send = 0.011665
[159] copy/comp = 0.210153 copy = 0.017246 compute = 0.082066 twid = 0.042038 send = 0.011400
[95] copy/comp = 0.214116 copy = 0.017069 compute = 0.079720 twid = 0.039792 send = 0.011548
[351] copy/comp = 0.196871 copy = 0.017059 compute = 0.086650 twid = 0.046514 send = 0.011520
[287] copy/comp = 0.200222 copy = 0.017023 compute = 0.085021 twid = 0.045309 send = 0.011790
[31] copy/comp = 0.221981 copy = 0.017068 compute = 0.076890 twid = 0.036886 send = 0.011501
[495] copy/comp = 0.195792 copy = 0.017930 compute = 0.091577 twid = 0.051138 send = 0.012256
[239] copy/comp = 0.205651 copy = 0.017428 compute = 0.084747 twid = 0.045419 send = 0.011799
[879] copy/comp = 0.177863 copy = 0.017230 compute = 0.096872 twid = 0.057226 send = 0.011620
[623] copy/comp = 0.187913 copy = 0.017664 compute = 0.093999 twid = 0.054153 send = 0.011990
[815] copy/comp = 0.179262 copy = 0.017200 compute = 0.095950 twid = 0.056441 send = 0.011832
[559] copy/comp = 0.187566 copy = 0.017298 compute = 0.092221 twid = 0.052605 send = 0.011751
[687] copy/comp = 0.184389 copy = 0.017514 compute = 0.094985 twid = 0.055200 send = 0.012032
[943] copy/comp = 0.177132 copy = 0.017206 compute = 0.097139 twid = 0.057641 send = 0.011819
[751] copy/comp = 0.180159 copy = 0.017314 compute = 0.096103 twid = 0.055920 send = 0.012168
[1007] copy/comp = 0.176662 copy = 0.017209 compute = 0.097411 twid = 0.057959 send = 0.012187
[431] copy/comp = 0.201084 copy = 0.017998 compute = 0.089507 twid = 0.048947 send = 0.012198
[175] copy/comp = 0.212733 copy = 0.017698 compute = 0.083195 twid = 0.043391 send = 0.011827
[111] copy/comp = 0.217202 copy = 0.017270 compute = 0.079512 twid = 0.040093 send = 0.011608
[367] copy/comp = 0.200904 copy = 0.017345 compute = 0.086337 twid = 0.046784 send = 0.011870
[303] copy/comp = 0.202067 copy = 0.017204 compute = 0.085138 twid = 0.045682 send = 0.011781
[47] copy/comp = 0.223637 copy = 0.017261 compute = 0.077182 twid = 0.037650 send = 0.011532
[511] copy/comp = 0.200594 copy = 0.018515 compute = 0.092303 twid = 0.051661 send = 0.012787
[255] copy/comp = 0.206850 copy = 0.017521 compute = 0.084706 twid = 0.045395 send = 0.011822
[894] copy/comp = 0.179510 copy = 0.017419 compute = 0.097038 twid = 0.057348 send = 0.011334
[639] copy/comp = 0.192278 copy = 0.018149 compute = 0.094388 twid = 0.054561 send = 0.012449
[830] copy/comp = 0.180280 copy = 0.017362 compute = 0.096305 twid = 0.056646 send = 0.011295
[575] copy/comp = 0.192470 copy = 0.017785 compute = 0.092405 twid = 0.053021 send = 0.012072
[703] copy/comp = 0.188512 copy = 0.017948 compute = 0.095210 twid = 0.055337 send = 0.012399
[959] copy/comp = 0.178909 copy = 0.017395 compute = 0.097230 twid = 0.057709 send = 0.011941
[766] copy/comp = 0.181328 copy = 0.017384 compute = 0.095871 twid = 0.056050 send = 0.011263
[1022] copy/comp = 0.176181 copy = 0.017208 compute = 0.097675 twid = 0.057957 send = 0.011212
[446] copy/comp = 0.193083 copy = 0.017211 compute = 0.089139 twid = 0.049458 send = 0.011081
[190] copy/comp = 0.207949 copy = 0.017261 compute = 0.083008 twid = 0.043652 send = 0.011072
[126] copy/comp = 0.216679 copy = 0.017287 compute = 0.079781 twid = 0.040369 send = 0.011218
[382] copy/comp = 0.200958 copy = 0.017350 compute = 0.086334 twid = 0.047009 send = 0.011322
[318] copy/comp = 0.202738 copy = 0.017304 compute = 0.085349 twid = 0.046015 send = 0.011249
[62] copy/comp = 0.218325 copy = 0.017125 compute = 0.078439 twid = 0.038885 send = 0.010992
[895] copy/comp = 0.179649 copy = 0.017432 compute = 0.097036 twid = 0.057406 send = 0.012203
[831] copy/comp = 0.182049 copy = 0.017493 compute = 0.096088 twid = 0.056606 send = 0.012203
[767] copy/comp = 0.182333 copy = 0.017426 compute = 0.095574 twid = 0.056020 send = 0.012083
[1023] copy/comp = 0.176540 copy = 0.017224 compute = 0.097563 twid = 0.057959 send = 0.012207
[447] copy/comp = 0.205763 copy = 0.018771 compute = 0.091225 twid = 0.050021 send = 0.012998
[191] copy/comp = 0.214682 copy = 0.018099 compute = 0.084307 twid = 0.044886 send = 0.012251
[127] copy/comp = 0.221251 copy = 0.017683 compute = 0.079925 twid = 0.040443 send = 0.012147
[383] copy/comp = 0.203523 copy = 0.017583 compute = 0.086392 twid = 0.047034 send = 0.012186
[319] copy/comp = 0.206690 copy = 0.017656 compute = 0.085423 twid = 0.046081 send = 0.012152
[63] copy/comp = 0.229399 copy = 0.018110 compute = 0.078946 twid = 0.039265 send = 0.012123
End of program
