Charm++> Running on Non-smp mode
Converse/Charm++ Commit ID: v6.3.0-631-gd27dc40
[0] isomalloc.c> Disabling isomalloc because isomalloc disabled by conv-mach
Charm++> Running on 16 unique compute nodes (4-way SMP).
TRANSPOSING
TRANSPOSING
TRANSPOSING
FFT on 8192 elements with 1024 chares took 2.115824 time at 4.123288 GFlop/s
[0] copy/comp = 0.306830 copy = 0.012545 compute = 0.040884 twid = 0.020004 send = 0.012007
[1] copy/comp = 0.295665 copy = 0.012545 compute = 0.042431 twid = 0.021438 send = 0.011770
[448] copy/comp = 0.240433 copy = 0.012532 compute = 0.052125 twid = 0.029449 send = 0.011957
[192] copy/comp = 0.259339 copy = 0.012524 compute = 0.048293 twid = 0.025529 send = 0.011935
[832] copy/comp = 0.220971 copy = 0.012411 compute = 0.056164 twid = 0.034030 send = 0.011679
[576] copy/comp = 0.231951 copy = 0.012512 compute = 0.053943 twid = 0.031507 send = 0.011859
[768] copy/comp = 0.225497 copy = 0.012455 compute = 0.055231 twid = 0.033684 send = 0.011822
[512] copy/comp = 0.235421 copy = 0.012527 compute = 0.053213 twid = 0.030855 send = 0.011793
[640] copy/comp = 0.229514 copy = 0.012460 compute = 0.054289 twid = 0.032522 send = 0.011549
[896] copy/comp = 0.222331 copy = 0.012451 compute = 0.056001 twid = 0.034516 send = 0.011847
[704] copy/comp = 0.226312 copy = 0.012414 compute = 0.054854 twid = 0.033202 send = 0.011802
[960] copy/comp = 0.221518 copy = 0.012453 compute = 0.056216 twid = 0.034791 send = 0.011987
[384] copy/comp = 0.252418 copy = 0.012758 compute = 0.050542 twid = 0.027793 send = 0.012031
[128] copy/comp = 0.277474 copy = 0.012403 compute = 0.044700 twid = 0.023358 send = 0.011815
[64] copy/comp = 0.288263 copy = 0.012397 compute = 0.043007 twid = 0.021917 send = 0.011923
[320] copy/comp = 0.252034 copy = 0.012414 compute = 0.049257 twid = 0.027179 send = 0.011746
[256] copy/comp = 0.258843 copy = 0.012454 compute = 0.048113 twid = 0.026538 send = 0.011778
[2] copy/comp = 0.294977 copy = 0.012532 compute = 0.042484 twid = 0.021453 send = 0.012120
[464] copy/comp = 0.242357 copy = 0.012474 compute = 0.051470 twid = 0.029669 send = 0.011795
[208] copy/comp = 0.262656 copy = 0.012473 compute = 0.047489 twid = 0.026047 send = 0.011724
[848] copy/comp = 0.225337 copy = 0.012479 compute = 0.055377 twid = 0.034243 send = 0.011939
[592] copy/comp = 0.233356 copy = 0.012485 compute = 0.053500 twid = 0.031978 send = 0.011756
[784] copy/comp = 0.227018 copy = 0.012478 compute = 0.054963 twid = 0.033803 send = 0.011872
[528] copy/comp = 0.238157 copy = 0.012503 compute = 0.052498 twid = 0.030986 send = 0.011753
[656] copy/comp = 0.231039 copy = 0.012489 compute = 0.054055 twid = 0.032871 send = 0.011683
[912] copy/comp = 0.224459 copy = 0.012473 compute = 0.055569 twid = 0.034547 send = 0.011897
[720] copy/comp = 0.228154 copy = 0.012439 compute = 0.054519 twid = 0.033280 send = 0.011866
[976] copy/comp = 0.223791 copy = 0.012503 compute = 0.055869 twid = 0.034855 send = 0.012036
[400] copy/comp = 0.250133 copy = 0.012519 compute = 0.050050 twid = 0.028069 send = 0.011771
[144] copy/comp = 0.276425 copy = 0.012426 compute = 0.044952 twid = 0.023701 send = 0.011871
[80] copy/comp = 0.282580 copy = 0.012422 compute = 0.043961 twid = 0.022868 send = 0.011976
[336] copy/comp = 0.256857 copy = 0.012456 compute = 0.048494 twid = 0.027135 send = 0.011857
[272] copy/comp = 0.260158 copy = 0.012453 compute = 0.047865 twid = 0.026562 send = 0.011741
[16] copy/comp = 0.295412 copy = 0.012425 compute = 0.042059 twid = 0.020900 send = 0.011836
[480] copy/comp = 0.242134 copy = 0.012490 compute = 0.051584 twid = 0.030146 send = 0.011901
[224] copy/comp = 0.263752 copy = 0.012553 compute = 0.047595 twid = 0.026426 send = 0.011918
[864] copy/comp = 0.225649 copy = 0.012497 compute = 0.055384 twid = 0.034255 send = 0.011957
[608] copy/comp = 0.234032 copy = 0.012515 compute = 0.053476 twid = 0.032191 send = 0.011811
[800] copy/comp = 0.227180 copy = 0.012499 compute = 0.055019 twid = 0.033879 send = 0.011904
[544] copy/comp = 0.240135 copy = 0.012590 compute = 0.052429 twid = 0.031152 send = 0.011875
[672] copy/comp = 0.231750 copy = 0.012545 compute = 0.054130 twid = 0.033024 send = 0.011673
[928] copy/comp = 0.224569 copy = 0.012493 compute = 0.055632 twid = 0.034579 send = 0.011837
[736] copy/comp = 0.228904 copy = 0.012500 compute = 0.054609 twid = 0.033549 send = 0.011985
[992] copy/comp = 0.222797 copy = 0.012484 compute = 0.056033 twid = 0.034921 send = 0.011994
[416] copy/comp = 0.249652 copy = 0.012521 compute = 0.050155 twid = 0.028562 send = 0.011836
[160] copy/comp = 0.275489 copy = 0.012445 compute = 0.045175 twid = 0.023965 send = 0.011814
[96] copy/comp = 0.283792 copy = 0.012449 compute = 0.043868 twid = 0.023062 send = 0.011997
[288] copy/comp = 0.263888 copy = 0.012590 compute = 0.047710 twid = 0.026736 send = 0.011992
[449] copy/comp = 0.245117 copy = 0.012493 compute = 0.050968 twid = 0.029497 send = 0.011597
[193] copy/comp = 0.265669 copy = 0.012505 compute = 0.047070 twid = 0.025559 send = 0.011478
[833] copy/comp = 0.222882 copy = 0.012422 compute = 0.055731 twid = 0.034157 send = 0.011372
[577] copy/comp = 0.234621 copy = 0.012488 compute = 0.053225 twid = 0.031724 send = 0.011247
[769] copy/comp = 0.225943 copy = 0.012443 compute = 0.055073 twid = 0.033724 send = 0.011546
[513] copy/comp = 0.238769 copy = 0.012504 compute = 0.052367 twid = 0.030893 send = 0.011375
[641] copy/comp = 0.229092 copy = 0.012423 compute = 0.054229 twid = 0.032720 send = 0.011067
[897] copy/comp = 0.222226 copy = 0.012412 compute = 0.055852 twid = 0.034574 send = 0.011466
[705] copy/comp = 0.227455 copy = 0.012425 compute = 0.054626 twid = 0.033224 send = 0.011467
[961] copy/comp = 0.222033 copy = 0.012446 compute = 0.056053 twid = 0.034817 send = 0.011554
[385] copy/comp = 0.254657 copy = 0.012509 compute = 0.049119 twid = 0.027848 send = 0.011394
[129] copy/comp = 0.278144 copy = 0.012448 compute = 0.044752 twid = 0.023364 send = 0.011381
[65] copy/comp = 0.282455 copy = 0.012421 compute = 0.043974 twid = 0.022549 send = 0.011533
[321] copy/comp = 0.256179 copy = 0.012453 compute = 0.048610 twid = 0.027176 send = 0.011342
[257] copy/comp = 0.258970 copy = 0.012436 compute = 0.048022 twid = 0.026698 send = 0.011600
[3] copy/comp = 0.295255 copy = 0.012510 compute = 0.042369 twid = 0.021433 send = 0.011953
[465] copy/comp = 0.243812 copy = 0.012502 compute = 0.051277 twid = 0.029866 send = 0.011499
[209] copy/comp = 0.263272 copy = 0.012514 compute = 0.047532 twid = 0.026060 send = 0.011455
[849] copy/comp = 0.225869 copy = 0.012505 compute = 0.055365 twid = 0.034297 send = 0.011534
[593] copy/comp = 0.234429 copy = 0.012498 compute = 0.053315 twid = 0.032002 send = 0.011327
[785] copy/comp = 0.227159 copy = 0.012465 compute = 0.054874 twid = 0.033806 send = 0.011525
[529] copy/comp = 0.238470 copy = 0.012490 compute = 0.052375 twid = 0.031048 send = 0.011415
[657] copy/comp = 0.230819 copy = 0.012462 compute = 0.053991 twid = 0.032896 send = 0.011248
[913] copy/comp = 0.223840 copy = 0.012452 compute = 0.055629 twid = 0.034588 send = 0.011568
[721] copy/comp = 0.227856 copy = 0.012453 compute = 0.054651 twid = 0.033449 send = 0.011551
[977] copy/comp = 0.223832 copy = 0.012511 compute = 0.055894 twid = 0.034921 send = 0.011639
[401] copy/comp = 0.253272 copy = 0.012529 compute = 0.049470 twid = 0.028113 send = 0.011311
[145] copy/comp = 0.277520 copy = 0.012468 compute = 0.044927 twid = 0.023750 send = 0.011474
[81] copy/comp = 0.280923 copy = 0.012453 compute = 0.044329 twid = 0.023068 send = 0.011608
[337] copy/comp = 0.257032 copy = 0.012475 compute = 0.048534 twid = 0.027361 send = 0.011447
[273] copy/comp = 0.260811 copy = 0.012452 compute = 0.047743 twid = 0.026566 send = 0.011557
[17] copy/comp = 0.290609 copy = 0.012428 compute = 0.042766 twid = 0.021444 send = 0.011552
[481] copy/comp = 0.243348 copy = 0.012511 compute = 0.051412 twid = 0.030128 send = 0.011567
[225] copy/comp = 0.263648 copy = 0.012595 compute = 0.047774 twid = 0.026627 send = 0.011666
[865] copy/comp = 0.225904 copy = 0.012521 compute = 0.055428 twid = 0.034359 send = 0.011516
[609] copy/comp = 0.234957 copy = 0.012555 compute = 0.053436 twid = 0.032257 send = 0.011319
[801] copy/comp = 0.227538 copy = 0.012499 compute = 0.054931 twid = 0.033914 send = 0.011613
[545] copy/comp = 0.239553 copy = 0.012558 compute = 0.052424 twid = 0.031185 send = 0.011453
[673] copy/comp = 0.231004 copy = 0.012504 compute = 0.054129 twid = 0.033045 send = 0.011243
[929] copy/comp = 0.223810 copy = 0.012452 compute = 0.055637 twid = 0.034645 send = 0.011463
[737] copy/comp = 0.228819 copy = 0.012511 compute = 0.054676 twid = 0.033603 send = 0.011670
[993] copy/comp = 0.222888 copy = 0.012473 compute = 0.055961 twid = 0.034923 send = 0.011594
[417] copy/comp = 0.251114 copy = 0.012527 compute = 0.049884 twid = 0.028569 send = 0.011340
[161] copy/comp = 0.273363 copy = 0.012491 compute = 0.045693 twid = 0.024527 send = 0.011482
[97] copy/comp = 0.282027 copy = 0.012457 compute = 0.044169 twid = 0.023094 send = 0.011690
[352] copy/comp = 0.257461 copy = 0.012497 compute = 0.048541 twid = 0.027303 send = 0.011890
[289] copy/comp = 0.263709 copy = 0.012569 compute = 0.047663 twid = 0.026753 send = 0.011738
[32] copy/comp = 0.291971 copy = 0.012451 compute = 0.042646 twid = 0.021465 send = 0.012031
[496] copy/comp = 0.242198 copy = 0.012557 compute = 0.051846 twid = 0.030543 send = 0.011958
[240] copy/comp = 0.262403 copy = 0.012495 compute = 0.047619 twid = 0.026519 send = 0.011867
[880] copy/comp = 0.228171 copy = 0.012638 compute = 0.055388 twid = 0.034379 send = 0.011939
[624] copy/comp = 0.234475 copy = 0.012568 compute = 0.053601 twid = 0.032431 send = 0.011839
[816] copy/comp = 0.229855 copy = 0.012645 compute = 0.055013 twid = 0.034000 send = 0.012027
[560] copy/comp = 0.239982 copy = 0.012635 compute = 0.052650 twid = 0.031438 send = 0.011858
[688] copy/comp = 0.233707 copy = 0.012626 compute = 0.054024 twid = 0.032999 send = 0.011758
[944] copy/comp = 0.224482 copy = 0.012510 compute = 0.055727 twid = 0.034732 send = 0.012009
[752] copy/comp = 0.230508 copy = 0.012572 compute = 0.054542 twid = 0.033565 send = 0.012014
[1008] copy/comp = 0.223149 copy = 0.012496 compute = 0.055999 twid = 0.034966 send = 0.011978
[432] copy/comp = 0.249562 copy = 0.012562 compute = 0.050338 twid = 0.029025 send = 0.011868
[176] copy/comp = 0.274972 copy = 0.012685 compute = 0.046133 twid = 0.025079 send = 0.011973
[112] copy/comp = 0.283323 copy = 0.012534 compute = 0.044240 twid = 0.023247 send = 0.012137
[450] copy/comp = 0.244445 copy = 0.012494 compute = 0.051111 twid = 0.029535 send = 0.011856
[194] copy/comp = 0.263174 copy = 0.012487 compute = 0.047449 twid = 0.025802 send = 0.011776
[834] copy/comp = 0.222261 copy = 0.012410 compute = 0.055834 twid = 0.034154 send = 0.011568
[578] copy/comp = 0.234168 copy = 0.012495 compute = 0.053357 twid = 0.031764 send = 0.011382
[770] copy/comp = 0.225168 copy = 0.012419 compute = 0.055154 twid = 0.033758 send = 0.011826
[514] copy/comp = 0.238652 copy = 0.012480 compute = 0.052294 twid = 0.030762 send = 0.011578
[642] copy/comp = 0.229139 copy = 0.012428 compute = 0.054237 twid = 0.032719 send = 0.011202
[898] copy/comp = 0.222400 copy = 0.012412 compute = 0.055810 twid = 0.034540 send = 0.011806
[706] copy/comp = 0.226712 copy = 0.012422 compute = 0.054790 twid = 0.033305 send = 0.011634
[962] copy/comp = 0.221616 copy = 0.012417 compute = 0.056031 twid = 0.034803 send = 0.011898
[386] copy/comp = 0.254224 copy = 0.012511 compute = 0.049213 twid = 0.027823 send = 0.011548
[130] copy/comp = 0.274301 copy = 0.012401 compute = 0.045211 twid = 0.023660 send = 0.011682
[66] copy/comp = 0.281325 copy = 0.012410 compute = 0.044111 twid = 0.022548 send = 0.011843
[322] copy/comp = 0.254536 copy = 0.012425 compute = 0.048816 twid = 0.027334 send = 0.011458
[258] copy/comp = 0.258258 copy = 0.012417 compute = 0.048081 twid = 0.026720 send = 0.011907
[4] copy/comp = 0.295653 copy = 0.012543 compute = 0.042425 twid = 0.021445 send = 0.011504
[466] copy/comp = 0.243358 copy = 0.012490 compute = 0.051322 twid = 0.029897 send = 0.011866
[210] copy/comp = 0.261378 copy = 0.012500 compute = 0.047823 twid = 0.026300 send = 0.011793
[850] copy/comp = 0.225601 copy = 0.012492 compute = 0.055373 twid = 0.034271 send = 0.011754
[594] copy/comp = 0.233731 copy = 0.012486 compute = 0.053419 twid = 0.032085 send = 0.011492
[786] copy/comp = 0.226805 copy = 0.012448 compute = 0.054884 twid = 0.033718 send = 0.011785
[530] copy/comp = 0.238199 copy = 0.012477 compute = 0.052380 twid = 0.031054 send = 0.011649
[658] copy/comp = 0.230721 copy = 0.012461 compute = 0.054008 twid = 0.032891 send = 0.011347
[914] copy/comp = 0.223750 copy = 0.012447 compute = 0.055630 twid = 0.034610 send = 0.011764
[722] copy/comp = 0.227903 copy = 0.012457 compute = 0.054660 twid = 0.033467 send = 0.011747
[978] copy/comp = 0.223482 copy = 0.012485 compute = 0.055865 twid = 0.034871 send = 0.011902
[402] copy/comp = 0.252986 copy = 0.012530 compute = 0.049530 twid = 0.028103 send = 0.011484
[146] copy/comp = 0.273107 copy = 0.012426 compute = 0.045500 twid = 0.024088 send = 0.011702
[82] copy/comp = 0.280720 copy = 0.012450 compute = 0.044350 twid = 0.023085 send = 0.011924
[338] copy/comp = 0.255943 copy = 0.012465 compute = 0.048704 twid = 0.027500 send = 0.011555
[274] copy/comp = 0.259014 copy = 0.012431 compute = 0.047993 twid = 0.026723 send = 0.011842
[18] copy/comp = 0.289309 copy = 0.012408 compute = 0.042888 twid = 0.021484 send = 0.011841
[482] copy/comp = 0.243856 copy = 0.012566 compute = 0.051531 twid = 0.030239 send = 0.011950
[226] copy/comp = 0.264025 copy = 0.012621 compute = 0.047803 twid = 0.026618 send = 0.011962
[866] copy/comp = 0.225618 copy = 0.012520 compute = 0.055490 twid = 0.034363 send = 0.011818
[610] copy/comp = 0.235454 copy = 0.012597 compute = 0.053503 twid = 0.032318 send = 0.011508
[802] copy/comp = 0.227400 copy = 0.012492 compute = 0.054936 twid = 0.033867 send = 0.011858
[546] copy/comp = 0.239600 copy = 0.012573 compute = 0.052475 twid = 0.031229 send = 0.011741
[674] copy/comp = 0.231189 copy = 0.012521 compute = 0.054161 twid = 0.033046 send = 0.011460
[930] copy/comp = 0.223487 copy = 0.012459 compute = 0.055747 twid = 0.034684 send = 0.011762
[738] copy/comp = 0.229576 copy = 0.012543 compute = 0.054634 twid = 0.033585 send = 0.011917
[994] copy/comp = 0.222411 copy = 0.012460 compute = 0.056020 twid = 0.034955 send = 0.011898
[418] copy/comp = 0.251140 copy = 0.012554 compute = 0.049989 twid = 0.028616 send = 0.011541
[162] copy/comp = 0.271390 copy = 0.012488 compute = 0.046017 twid = 0.024794 send = 0.011759
[98] copy/comp = 0.282950 copy = 0.012463 compute = 0.044045 twid = 0.023082 send = 0.011883
[353] copy/comp = 0.256722 copy = 0.012528 compute = 0.048801 twid = 0.027674 send = 0.011551
[290] copy/comp = 0.262457 copy = 0.012564 compute = 0.047872 twid = 0.026899 send = 0.012041
[33] copy/comp = 0.292049 copy = 0.012448 compute = 0.042624 twid = 0.021472 send = 0.011683
[497] copy/comp = 0.243405 copy = 0.012611 compute = 0.051811 twid = 0.030564 send = 0.011620
[241] copy/comp = 0.265196 copy = 0.012533 compute = 0.047259 twid = 0.026187 send = 0.011573
[881] copy/comp = 0.227965 copy = 0.012639 compute = 0.055441 twid = 0.034471 send = 0.011571
[625] copy/comp = 0.235527 copy = 0.012630 compute = 0.053625 twid = 0.032453 send = 0.011382
[817] copy/comp = 0.229892 copy = 0.012644 compute = 0.054999 twid = 0.034051 send = 0.011670
[561] copy/comp = 0.239304 copy = 0.012607 compute = 0.052680 twid = 0.031458 send = 0.011451
[689] copy/comp = 0.232541 copy = 0.012598 compute = 0.054174 twid = 0.033134 send = 0.011322
[945] copy/comp = 0.224081 copy = 0.012497 compute = 0.055768 twid = 0.034779 send = 0.011573
[753] copy/comp = 0.229837 copy = 0.012578 compute = 0.054724 twid = 0.033694 send = 0.011698
[1009] copy/comp = 0.223391 copy = 0.012508 compute = 0.055991 twid = 0.035003 send = 0.011636
[433] copy/comp = 0.250208 copy = 0.012590 compute = 0.050316 twid = 0.029099 send = 0.011369
[177] copy/comp = 0.279310 copy = 0.012750 compute = 0.045650 twid = 0.024662 send = 0.011731
[113] copy/comp = 0.282726 copy = 0.012559 compute = 0.044421 twid = 0.023230 send = 0.011731
[368] copy/comp = 0.258177 copy = 0.012557 compute = 0.048638 twid = 0.027456 send = 0.011942
[304] copy/comp = 0.265128 copy = 0.012690 compute = 0.047862 twid = 0.026977 send = 0.011858
[48] copy/comp = 0.292649 copy = 0.012445 compute = 0.042527 twid = 0.021350 send = 0.011996
[451] copy/comp = 0.243357 copy = 0.012498 compute = 0.051357 twid = 0.029582 send = 0.011615
[195] copy/comp = 0.262973 copy = 0.012487 compute = 0.047483 twid = 0.025834 send = 0.011739
[835] copy/comp = 0.222428 copy = 0.012427 compute = 0.055868 twid = 0.034166 send = 0.011568
[579] copy/comp = 0.233551 copy = 0.012490 compute = 0.053477 twid = 0.031799 send = 0.011484
[771] copy/comp = 0.225861 copy = 0.012440 compute = 0.055079 twid = 0.033716 send = 0.011634
[515] copy/comp = 0.237827 copy = 0.012476 compute = 0.052459 twid = 0.030879 send = 0.011636
[643] copy/comp = 0.228992 copy = 0.012427 compute = 0.054269 twid = 0.032756 send = 0.011277
[899] copy/comp = 0.222212 copy = 0.012426 compute = 0.055922 twid = 0.034609 send = 0.011718
[707] copy/comp = 0.226503 copy = 0.012428 compute = 0.054870 twid = 0.033366 send = 0.011681
[963] copy/comp = 0.221827 copy = 0.012425 compute = 0.056010 twid = 0.034776 send = 0.011745
[387] copy/comp = 0.252489 copy = 0.012507 compute = 0.049536 twid = 0.027942 send = 0.011398
[131] copy/comp = 0.274511 copy = 0.012425 compute = 0.045262 twid = 0.023663 send = 0.011536
[67] copy/comp = 0.280553 copy = 0.012418 compute = 0.044262 twid = 0.022731 send = 0.011602
[323] copy/comp = 0.253475 copy = 0.012426 compute = 0.049023 twid = 0.027343 send = 0.011460
[259] copy/comp = 0.258189 copy = 0.012429 compute = 0.048139 twid = 0.026718 send = 0.011613
[5] copy/comp = 0.294207 copy = 0.012485 compute = 0.042437 twid = 0.021438 send = 0.011696
[467] copy/comp = 0.242813 copy = 0.012505 compute = 0.051499 twid = 0.029890 send = 0.011666
[211] copy/comp = 0.262444 copy = 0.012512 compute = 0.047673 twid = 0.026315 send = 0.011759
[851] copy/comp = 0.225882 copy = 0.012519 compute = 0.055424 twid = 0.034286 send = 0.011813
[595] copy/comp = 0.233380 copy = 0.012489 compute = 0.053515 twid = 0.032113 send = 0.011560
[787] copy/comp = 0.226948 copy = 0.012460 compute = 0.054901 twid = 0.033764 send = 0.011664
[531] copy/comp = 0.238119 copy = 0.012477 compute = 0.052400 twid = 0.031056 send = 0.011672
[659] copy/comp = 0.230806 copy = 0.012475 compute = 0.054050 twid = 0.032897 send = 0.011413
[915] copy/comp = 0.223793 copy = 0.012454 compute = 0.055648 twid = 0.034620 send = 0.011790
[723] copy/comp = 0.227814 copy = 0.012453 compute = 0.054664 twid = 0.033461 send = 0.011775
[979] copy/comp = 0.223245 copy = 0.012476 compute = 0.055886 twid = 0.034867 send = 0.011867
[403] copy/comp = 0.251696 copy = 0.012534 compute = 0.049798 twid = 0.028148 send = 0.011377
[147] copy/comp = 0.272787 copy = 0.012447 compute = 0.045628 twid = 0.024129 send = 0.011579
[83] copy/comp = 0.281018 copy = 0.012459 compute = 0.044334 twid = 0.023098 send = 0.011808
[339] copy/comp = 0.255755 copy = 0.012479 compute = 0.048791 twid = 0.027498 send = 0.011573
[275] copy/comp = 0.259250 copy = 0.012443 compute = 0.047995 twid = 0.026696 send = 0.011612
[19] copy/comp = 0.290835 copy = 0.012414 compute = 0.042685 twid = 0.021451 send = 0.011704
[483] copy/comp = 0.243148 copy = 0.012584 compute = 0.051753 twid = 0.030304 send = 0.011876
[227] copy/comp = 0.264223 copy = 0.012636 compute = 0.047822 twid = 0.026675 send = 0.012105
[867] copy/comp = 0.226496 copy = 0.012580 compute = 0.055540 twid = 0.034382 send = 0.011904
[611] copy/comp = 0.236360 copy = 0.012617 compute = 0.053381 twid = 0.032183 send = 0.011628
[803] copy/comp = 0.227861 copy = 0.012520 compute = 0.054947 twid = 0.033882 send = 0.011735
[547] copy/comp = 0.239679 copy = 0.012597 compute = 0.052557 twid = 0.031316 send = 0.011721
[675] copy/comp = 0.231950 copy = 0.012551 compute = 0.054112 twid = 0.033051 send = 0.011474
[931] copy/comp = 0.223954 copy = 0.012489 compute = 0.055768 twid = 0.034750 send = 0.011727
[739] copy/comp = 0.229313 copy = 0.012540 compute = 0.054685 twid = 0.033610 send = 0.011925
[995] copy/comp = 0.223306 copy = 0.012480 compute = 0.055887 twid = 0.034836 send = 0.011798
[419] copy/comp = 0.250186 copy = 0.012578 compute = 0.050274 twid = 0.028712 send = 0.011548
[163] copy/comp = 0.272448 copy = 0.012535 compute = 0.046009 twid = 0.024826 send = 0.011637
[99] copy/comp = 0.281624 copy = 0.012493 compute = 0.044359 twid = 0.023350 send = 0.011781
[354] copy/comp = 0.256949 copy = 0.012535 compute = 0.048783 twid = 0.027664 send = 0.011723
[291] copy/comp = 0.262624 copy = 0.012596 compute = 0.047961 twid = 0.026943 send = 0.011866
[34] copy/comp = 0.292065 copy = 0.012439 compute = 0.042591 twid = 0.021482 send = 0.012065
[498] copy/comp = 0.244588 copy = 0.012654 compute = 0.051734 twid = 0.030523 send = 0.011980
[242] copy/comp = 0.262588 copy = 0.012540 compute = 0.047757 twid = 0.026703 send = 0.011979
[882] copy/comp = 0.227973 copy = 0.012651 compute = 0.055494 twid = 0.034465 send = 0.011856
[626] copy/comp = 0.235570 copy = 0.012628 compute = 0.053608 twid = 0.032384 send = 0.011721
[818] copy/comp = 0.229584 copy = 0.012635 compute = 0.055036 twid = 0.034036 send = 0.012005
[562] copy/comp = 0.239720 copy = 0.012639 compute = 0.052725 twid = 0.031484 send = 0.011742
[690] copy/comp = 0.232259 copy = 0.012604 compute = 0.054269 twid = 0.033193 send = 0.011493
[946] copy/comp = 0.224186 copy = 0.012497 compute = 0.055745 twid = 0.034752 send = 0.011855
[754] copy/comp = 0.230603 copy = 0.012608 compute = 0.054675 twid = 0.033685 send = 0.011946
[1010] copy/comp = 0.222963 copy = 0.012483 compute = 0.055988 twid = 0.034979 send = 0.012007
[434] copy/comp = 0.250916 copy = 0.012622 compute = 0.050306 twid = 0.029131 send = 0.011622
[178] copy/comp = 0.274599 copy = 0.012746 compute = 0.046417 twid = 0.025414 send = 0.012071
[114] copy/comp = 0.283492 copy = 0.012583 compute = 0.044385 twid = 0.023244 send = 0.011971
[369] copy/comp = 0.258268 copy = 0.012593 compute = 0.048761 twid = 0.027686 send = 0.011525
[305] copy/comp = 0.265465 copy = 0.012712 compute = 0.047888 twid = 0.026979 send = 0.011598
[49] copy/comp = 0.289285 copy = 0.012486 compute = 0.043162 twid = 0.021952 send = 0.011659
[452] copy/comp = 0.244711 copy = 0.012530 compute = 0.051203 twid = 0.029546 send = 0.011109
[196] copy/comp = 0.262368 copy = 0.012490 compute = 0.047605 twid = 0.025855 send = 0.011388
[836] copy/comp = 0.222140 copy = 0.012408 compute = 0.055856 twid = 0.034163 send = 0.011100
[580] copy/comp = 0.233308 copy = 0.012480 compute = 0.053493 twid = 0.031841 send = 0.011033
[772] copy/comp = 0.225705 copy = 0.012440 compute = 0.055117 twid = 0.033704 send = 0.011302
[516] copy/comp = 0.237957 copy = 0.012481 compute = 0.052452 twid = 0.030887 send = 0.011302
[644] copy/comp = 0.229433 copy = 0.012435 compute = 0.054201 twid = 0.032706 send = 0.011126
[900] copy/comp = 0.222656 copy = 0.012435 compute = 0.055846 twid = 0.034570 send = 0.011389
[708] copy/comp = 0.226809 copy = 0.012435 compute = 0.054825 twid = 0.033360 send = 0.011369
[964] copy/comp = 0.222209 copy = 0.012443 compute = 0.055995 twid = 0.034780 send = 0.011438
[388] copy/comp = 0.252974 copy = 0.012524 compute = 0.049508 twid = 0.027987 send = 0.011086
[132] copy/comp = 0.274152 copy = 0.012428 compute = 0.045331 twid = 0.023669 send = 0.011023
[68] copy/comp = 0.280198 copy = 0.012423 compute = 0.044337 twid = 0.022763 send = 0.011138
[324] copy/comp = 0.253968 copy = 0.012434 compute = 0.048960 twid = 0.027369 send = 0.011047
[260] copy/comp = 0.258893 copy = 0.012439 compute = 0.048047 twid = 0.026715 send = 0.011269
[6] copy/comp = 0.294051 copy = 0.012508 compute = 0.042537 twid = 0.021456 send = 0.011396
[468] copy/comp = 0.243161 copy = 0.012499 compute = 0.051402 twid = 0.029909 send = 0.011225
[212] copy/comp = 0.261768 copy = 0.012531 compute = 0.047869 twid = 0.026352 send = 0.011420
[852] copy/comp = 0.225729 copy = 0.012501 compute = 0.055382 twid = 0.034219 send = 0.011394
[596] copy/comp = 0.233927 copy = 0.012498 compute = 0.053427 twid = 0.032087 send = 0.011239
[788] copy/comp = 0.226818 copy = 0.012469 compute = 0.054973 twid = 0.033814 send = 0.011224
[532] copy/comp = 0.238503 copy = 0.012490 compute = 0.052368 twid = 0.031019 send = 0.011314
[660] copy/comp = 0.230936 copy = 0.012477 compute = 0.054028 twid = 0.032906 send = 0.011011
[916] copy/comp = 0.223974 copy = 0.012468 compute = 0.055667 twid = 0.034644 send = 0.011380
[724] copy/comp = 0.227790 copy = 0.012470 compute = 0.054741 twid = 0.033505 send = 0.011383
[980] copy/comp = 0.223782 copy = 0.012497 compute = 0.055847 twid = 0.034863 send = 0.011516
[404] copy/comp = 0.251922 copy = 0.012555 compute = 0.049838 twid = 0.028291 send = 0.011002
[148] copy/comp = 0.273387 copy = 0.012464 compute = 0.045591 twid = 0.024180 send = 0.011076
[84] copy/comp = 0.281139 copy = 0.012474 compute = 0.044368 twid = 0.023118 send = 0.011296
[340] copy/comp = 0.256112 copy = 0.012477 compute = 0.048718 twid = 0.027512 send = 0.011159
[276] copy/comp = 0.259838 copy = 0.012451 compute = 0.047919 twid = 0.026700 send = 0.011282
[20] copy/comp = 0.291038 copy = 0.012473 compute = 0.042857 twid = 0.021474 send = 0.011250
[484] copy/comp = 0.244915 copy = 0.012649 compute = 0.051647 twid = 0.030305 send = 0.011312
[228] copy/comp = 0.265628 copy = 0.012711 compute = 0.047854 twid = 0.026700 send = 0.011705
[868] copy/comp = 0.226276 copy = 0.012559 compute = 0.055504 twid = 0.034400 send = 0.011420
[612] copy/comp = 0.236810 copy = 0.012636 compute = 0.053359 twid = 0.032208 send = 0.011216
[804] copy/comp = 0.228141 copy = 0.012545 compute = 0.054988 twid = 0.033887 send = 0.011286
[548] copy/comp = 0.240885 copy = 0.012661 compute = 0.052560 twid = 0.031337 send = 0.011473
[676] copy/comp = 0.232288 copy = 0.012571 compute = 0.054120 twid = 0.033090 send = 0.011095
[932] copy/comp = 0.224457 copy = 0.012511 compute = 0.055737 twid = 0.034724 send = 0.011358
[740] copy/comp = 0.230445 copy = 0.012598 compute = 0.054668 twid = 0.033633 send = 0.011573
[996] copy/comp = 0.223506 copy = 0.012502 compute = 0.055935 twid = 0.034901 send = 0.011524
[420] copy/comp = 0.251908 copy = 0.012639 compute = 0.050171 twid = 0.028761 send = 0.011169
[164] copy/comp = 0.272152 copy = 0.012561 compute = 0.046154 twid = 0.024896 send = 0.011143
[100] copy/comp = 0.282043 copy = 0.012507 compute = 0.044346 twid = 0.023355 send = 0.011301
[355] copy/comp = 0.256916 copy = 0.012561 compute = 0.048891 twid = 0.027667 send = 0.011668
[292] copy/comp = 0.263690 copy = 0.012630 compute = 0.047897 twid = 0.026936 send = 0.011457
[35] copy/comp = 0.291952 copy = 0.012444 compute = 0.042625 twid = 0.021462 send = 0.012004
[499] copy/comp = 0.244647 copy = 0.012699 compute = 0.051906 twid = 0.030548 send = 0.011926
[243] copy/comp = 0.263277 copy = 0.012583 compute = 0.047792 twid = 0.026713 send = 0.012028
[883] copy/comp = 0.229314 copy = 0.012737 compute = 0.055543 twid = 0.034482 send = 0.011898
[627] copy/comp = 0.235883 copy = 0.012666 compute = 0.053698 twid = 0.032439 send = 0.011701
[819] copy/comp = 0.231059 copy = 0.012691 compute = 0.054927 twid = 0.033931 send = 0.011877
[563] copy/comp = 0.240297 copy = 0.012699 compute = 0.052845 twid = 0.031597 send = 0.011825
[691] copy/comp = 0.234084 copy = 0.012695 compute = 0.054233 twid = 0.033188 send = 0.011596
[947] copy/comp = 0.224945 copy = 0.012540 compute = 0.055746 twid = 0.034757 send = 0.011870
[755] copy/comp = 0.231109 copy = 0.012644 compute = 0.054708 twid = 0.033684 send = 0.011949
[1011] copy/comp = 0.224330 copy = 0.012551 compute = 0.055948 twid = 0.034961 send = 0.011905
[435] copy/comp = 0.251426 copy = 0.012708 compute = 0.050544 twid = 0.029147 send = 0.011729
[179] copy/comp = 0.275551 copy = 0.012798 compute = 0.046446 twid = 0.025462 send = 0.011954
[115] copy/comp = 0.282634 copy = 0.012618 compute = 0.044645 twid = 0.023533 send = 0.011917
[370] copy/comp = 0.257996 copy = 0.012611 compute = 0.048881 twid = 0.027799 send = 0.011749
[306] copy/comp = 0.264690 copy = 0.012716 compute = 0.048041 twid = 0.027133 send = 0.012038
[50] copy/comp = 0.288616 copy = 0.012502 compute = 0.043317 twid = 0.022078 send = 0.012041
[453] copy/comp = 0.242898 copy = 0.012495 compute = 0.051441 twid = 0.029609 send = 0.011370
[197] copy/comp = 0.262317 copy = 0.012513 compute = 0.047701 twid = 0.025885 send = 0.011493
[837] copy/comp = 0.222260 copy = 0.012405 compute = 0.055812 twid = 0.034160 send = 0.011310
[581] copy/comp = 0.232841 copy = 0.012473 compute = 0.053568 twid = 0.031882 send = 0.011344
[773] copy/comp = 0.225180 copy = 0.012419 compute = 0.055153 twid = 0.033763 send = 0.011517
[517] copy/comp = 0.237142 copy = 0.012462 compute = 0.052549 twid = 0.030854 send = 0.011544
[645] copy/comp = 0.228962 copy = 0.012403 compute = 0.054171 twid = 0.032676 send = 0.011356
[901] copy/comp = 0.222562 copy = 0.012423 compute = 0.055818 twid = 0.034541 send = 0.011549
[709] copy/comp = 0.226598 copy = 0.012413 compute = 0.054781 twid = 0.033354 send = 0.011436
[965] copy/comp = 0.221543 copy = 0.012422 compute = 0.056071 twid = 0.034796 send = 0.011592
[389] copy/comp = 0.251441 copy = 0.012496 compute = 0.049699 twid = 0.027985 send = 0.011336
[133] copy/comp = 0.277574 copy = 0.012415 compute = 0.044726 twid = 0.023103 send = 0.011302
[69] copy/comp = 0.278943 copy = 0.012409 compute = 0.044484 twid = 0.022809 send = 0.011432
[325] copy/comp = 0.253049 copy = 0.012425 compute = 0.049101 twid = 0.027353 send = 0.011338
[261] copy/comp = 0.258441 copy = 0.012419 compute = 0.048053 twid = 0.026695 send = 0.011533
[7] copy/comp = 0.293845 copy = 0.012484 compute = 0.042486 twid = 0.021442 send = 0.011669
[469] copy/comp = 0.241942 copy = 0.012476 compute = 0.051568 twid = 0.029973 send = 0.011480
[213] copy/comp = 0.262582 copy = 0.012540 compute = 0.047757 twid = 0.026357 send = 0.011553
[853] copy/comp = 0.225466 copy = 0.012493 compute = 0.055411 twid = 0.034304 send = 0.011701
[597] copy/comp = 0.233453 copy = 0.012492 compute = 0.053510 twid = 0.032136 send = 0.011541
[789] copy/comp = 0.226736 copy = 0.012440 compute = 0.054866 twid = 0.033744 send = 0.011482
[533] copy/comp = 0.237786 copy = 0.012475 compute = 0.052463 twid = 0.031020 send = 0.011606
[661] copy/comp = 0.230766 copy = 0.012450 compute = 0.053953 twid = 0.032802 send = 0.011586
[917] copy/comp = 0.223594 copy = 0.012456 compute = 0.055710 twid = 0.034646 send = 0.011617
[725] copy/comp = 0.227486 copy = 0.012450 compute = 0.054727 twid = 0.033512 send = 0.011487
[981] copy/comp = 0.223361 copy = 0.012484 compute = 0.055890 twid = 0.034842 send = 0.011688
[405] copy/comp = 0.250673 copy = 0.012544 compute = 0.050041 twid = 0.028344 send = 0.011344
[149] copy/comp = 0.272488 copy = 0.012464 compute = 0.045740 twid = 0.024221 send = 0.011429
[85] copy/comp = 0.280961 copy = 0.012475 compute = 0.044401 twid = 0.023150 send = 0.011638
[341] copy/comp = 0.255058 copy = 0.012481 compute = 0.048934 twid = 0.027531 send = 0.011469
[277] copy/comp = 0.259592 copy = 0.012445 compute = 0.047939 twid = 0.026734 send = 0.011507
[21] copy/comp = 0.290281 copy = 0.012417 compute = 0.042777 twid = 0.021467 send = 0.011493
[485] copy/comp = 0.245150 copy = 0.012684 compute = 0.051740 twid = 0.030319 send = 0.011597
[229] copy/comp = 0.266089 copy = 0.012735 compute = 0.047861 twid = 0.026723 send = 0.011900
[869] copy/comp = 0.227115 copy = 0.012594 compute = 0.055453 twid = 0.034390 send = 0.011768
[613] copy/comp = 0.236518 copy = 0.012670 compute = 0.053569 twid = 0.032358 send = 0.011528
[805] copy/comp = 0.227969 copy = 0.012537 compute = 0.054992 twid = 0.033897 send = 0.011642
[549] copy/comp = 0.240787 copy = 0.012661 compute = 0.052580 twid = 0.031355 send = 0.011741
[677] copy/comp = 0.231998 copy = 0.012555 compute = 0.054116 twid = 0.033062 send = 0.011664
[933] copy/comp = 0.224602 copy = 0.012512 compute = 0.055708 twid = 0.034724 send = 0.011572
[741] copy/comp = 0.230500 copy = 0.012585 compute = 0.054599 twid = 0.033592 send = 0.011687
[997] copy/comp = 0.223329 copy = 0.012518 compute = 0.056052 twid = 0.035000 send = 0.011655
[421] copy/comp = 0.251432 copy = 0.012666 compute = 0.050376 twid = 0.028820 send = 0.011549
[165] copy/comp = 0.273298 copy = 0.012607 compute = 0.046127 twid = 0.024951 send = 0.011435
[101] copy/comp = 0.281483 copy = 0.012530 compute = 0.044515 twid = 0.023370 send = 0.011720
[356] copy/comp = 0.257977 copy = 0.012582 compute = 0.048773 twid = 0.027688 send = 0.011305
[293] copy/comp = 0.263600 copy = 0.012632 compute = 0.047921 twid = 0.026960 send = 0.011754
[36] copy/comp = 0.293166 copy = 0.012507 compute = 0.042662 twid = 0.021520 send = 0.011458
[500] copy/comp = 0.245956 copy = 0.012743 compute = 0.051811 twid = 0.030550 send = 0.011456
[244] copy/comp = 0.263705 copy = 0.012600 compute = 0.047782 twid = 0.026719 send = 0.011596
[884] copy/comp = 0.228728 copy = 0.012695 compute = 0.055501 twid = 0.034469 send = 0.011451
[628] copy/comp = 0.236073 copy = 0.012688 compute = 0.053745 twid = 0.032576 send = 0.011360
[820] copy/comp = 0.230424 copy = 0.012680 compute = 0.055029 twid = 0.034062 send = 0.011432
[564] copy/comp = 0.240799 copy = 0.012716 compute = 0.052809 twid = 0.031587 send = 0.011435
[692] copy/comp = 0.234309 copy = 0.012687 compute = 0.054148 twid = 0.033167 send = 0.011442
[948] copy/comp = 0.225385 copy = 0.012559 compute = 0.055722 twid = 0.034773 send = 0.011479
[756] copy/comp = 0.231865 copy = 0.012672 compute = 0.054653 twid = 0.033692 send = 0.011629
[1012] copy/comp = 0.224309 copy = 0.012541 compute = 0.055908 twid = 0.034953 send = 0.011618
[436] copy/comp = 0.252650 copy = 0.012741 compute = 0.050430 twid = 0.029201 send = 0.011364
[180] copy/comp = 0.275659 copy = 0.012827 compute = 0.046531 twid = 0.025536 send = 0.011340
[116] copy/comp = 0.282867 copy = 0.012640 compute = 0.044684 twid = 0.023547 send = 0.011459
[371] copy/comp = 0.258159 copy = 0.012654 compute = 0.049017 twid = 0.027810 send = 0.011721
[307] copy/comp = 0.265761 copy = 0.012779 compute = 0.048084 twid = 0.027130 send = 0.011867
[51] copy/comp = 0.289217 copy = 0.012532 compute = 0.043331 twid = 0.022131 send = 0.012044
[454] copy/comp = 0.242349 copy = 0.012515 compute = 0.051639 twid = 0.029714 send = 0.010935
[198] copy/comp = 0.261553 copy = 0.012501 compute = 0.047796 twid = 0.025925 send = 0.011009
[838] copy/comp = 0.221924 copy = 0.012401 compute = 0.055880 twid = 0.034189 send = 0.010977
[582] copy/comp = 0.232637 copy = 0.012477 compute = 0.053635 twid = 0.031887 send = 0.011053
[774] copy/comp = 0.225915 copy = 0.012427 compute = 0.055008 twid = 0.033621 send = 0.011211
[518] copy/comp = 0.237201 copy = 0.012488 compute = 0.052648 twid = 0.030962 send = 0.011077
[646] copy/comp = 0.228344 copy = 0.012417 compute = 0.054378 twid = 0.032769 send = 0.010960
[902] copy/comp = 0.222573 copy = 0.012441 compute = 0.055895 twid = 0.034579 send = 0.011304
[710] copy/comp = 0.226384 copy = 0.012412 compute = 0.054826 twid = 0.033360 send = 0.011073
[966] copy/comp = 0.221580 copy = 0.012435 compute = 0.056121 twid = 0.034841 send = 0.011295
[390] copy/comp = 0.251526 copy = 0.012510 compute = 0.049735 twid = 0.027980 send = 0.010996
[134] copy/comp = 0.273989 copy = 0.012420 compute = 0.045329 twid = 0.023725 send = 0.010980
[70] copy/comp = 0.279546 copy = 0.012415 compute = 0.044411 twid = 0.022810 send = 0.011078
[326] copy/comp = 0.252908 copy = 0.012425 compute = 0.049129 twid = 0.027386 send = 0.010967
[262] copy/comp = 0.258255 copy = 0.012443 compute = 0.048183 twid = 0.026728 send = 0.011236
[8] copy/comp = 0.294352 copy = 0.012501 compute = 0.042468 twid = 0.021443 send = 0.011367
[470] copy/comp = 0.241850 copy = 0.012517 compute = 0.051755 twid = 0.030094 send = 0.011124
[214] copy/comp = 0.262220 copy = 0.012535 compute = 0.047805 twid = 0.026385 send = 0.011094
[854] copy/comp = 0.225518 copy = 0.012492 compute = 0.055393 twid = 0.034260 send = 0.011325
[598] copy/comp = 0.233433 copy = 0.012501 compute = 0.053552 twid = 0.032127 send = 0.011277
[790] copy/comp = 0.226633 copy = 0.012458 compute = 0.054969 twid = 0.033782 send = 0.011206
[534] copy/comp = 0.237992 copy = 0.012513 compute = 0.052578 twid = 0.031168 send = 0.011203
[662] copy/comp = 0.230342 copy = 0.012477 compute = 0.054168 twid = 0.032949 send = 0.011208
[918] copy/comp = 0.223656 copy = 0.012467 compute = 0.055741 twid = 0.034673 send = 0.011388
[726] copy/comp = 0.227437 copy = 0.012457 compute = 0.054773 twid = 0.033521 send = 0.011194
[982] copy/comp = 0.223259 copy = 0.012488 compute = 0.055937 twid = 0.034930 send = 0.011435
[406] copy/comp = 0.250608 copy = 0.012552 compute = 0.050085 twid = 0.028361 send = 0.011086
[150] copy/comp = 0.272711 copy = 0.012464 compute = 0.045702 twid = 0.024299 send = 0.011112
[86] copy/comp = 0.281313 copy = 0.012490 compute = 0.044398 twid = 0.023162 send = 0.011253
[342] copy/comp = 0.254948 copy = 0.012481 compute = 0.048954 twid = 0.027558 send = 0.011193
[278] copy/comp = 0.259476 copy = 0.012467 compute = 0.048047 twid = 0.026720 send = 0.011294
[22] copy/comp = 0.290681 copy = 0.012438 compute = 0.042787 twid = 0.021472 send = 0.011134
[486] copy/comp = 0.245601 copy = 0.012736 compute = 0.051856 twid = 0.030443 send = 0.011204
[230] copy/comp = 0.265423 copy = 0.012728 compute = 0.047954 twid = 0.026753 send = 0.011384
[870] copy/comp = 0.227174 copy = 0.012598 compute = 0.055455 twid = 0.034356 send = 0.011421
[614] copy/comp = 0.235933 copy = 0.012650 compute = 0.053617 twid = 0.032381 send = 0.011222
[806] copy/comp = 0.228130 copy = 0.012550 compute = 0.055011 twid = 0.033920 send = 0.011319
[550] copy/comp = 0.241457 copy = 0.012687 compute = 0.052546 twid = 0.031341 send = 0.011293
[678] copy/comp = 0.232651 copy = 0.012598 compute = 0.054151 twid = 0.033071 send = 0.011268
[934] copy/comp = 0.224880 copy = 0.012532 compute = 0.055728 twid = 0.034693 send = 0.011292
[742] copy/comp = 0.230345 copy = 0.012597 compute = 0.054689 twid = 0.033649 send = 0.011290
[998] copy/comp = 0.223670 copy = 0.012517 compute = 0.055961 twid = 0.034946 send = 0.011387
[422] copy/comp = 0.251857 copy = 0.012696 compute = 0.050411 twid = 0.028813 send = 0.011217
[166] copy/comp = 0.273338 copy = 0.012614 compute = 0.046150 twid = 0.024963 send = 0.011051
[102] copy/comp = 0.282245 copy = 0.012538 compute = 0.044424 twid = 0.023385 send = 0.011331
[357] copy/comp = 0.258214 copy = 0.012624 compute = 0.048890 twid = 0.027699 send = 0.011648
[294] copy/comp = 0.264158 copy = 0.012663 compute = 0.047938 twid = 0.026961 send = 0.011459
[37] copy/comp = 0.292345 copy = 0.012465 compute = 0.042639 twid = 0.021501 send = 0.011680
[501] copy/comp = 0.244068 copy = 0.012719 compute = 0.052111 twid = 0.030724 send = 0.011675
[245] copy/comp = 0.264081 copy = 0.012615 compute = 0.047770 twid = 0.026701 send = 0.011616
[885] copy/comp = 0.228908 copy = 0.012694 compute = 0.055455 twid = 0.034494 send = 0.011798
[629] copy/comp = 0.236366 copy = 0.012705 compute = 0.053752 twid = 0.032571 send = 0.011662
[821] copy/comp = 0.230421 copy = 0.012685 compute = 0.055050 twid = 0.034080 send = 0.011806
[565] copy/comp = 0.240711 copy = 0.012725 compute = 0.052863 twid = 0.031609 send = 0.011824
[693] copy/comp = 0.233642 copy = 0.012656 compute = 0.054169 twid = 0.033186 send = 0.011800
[949] copy/comp = 0.225213 copy = 0.012541 compute = 0.055685 twid = 0.034730 send = 0.011719
[757] copy/comp = 0.231225 copy = 0.012641 compute = 0.054668 twid = 0.033705 send = 0.011816
[1013] copy/comp = 0.224330 copy = 0.012553 compute = 0.055960 twid = 0.034965 send = 0.011772
[437] copy/comp = 0.251117 copy = 0.012716 compute = 0.050640 twid = 0.029289 send = 0.011594
[181] copy/comp = 0.273504 copy = 0.012740 compute = 0.046579 twid = 0.025614 send = 0.011624
[117] copy/comp = 0.283171 copy = 0.012630 compute = 0.044603 twid = 0.023566 send = 0.011724
[372] copy/comp = 0.259727 copy = 0.012694 compute = 0.048874 twid = 0.027815 send = 0.011378
[308] copy/comp = 0.266671 copy = 0.012810 compute = 0.048036 twid = 0.027152 send = 0.011452
[52] copy/comp = 0.291197 copy = 0.012611 compute = 0.043306 twid = 0.022176 send = 0.011581
[455] copy/comp = 0.241682 copy = 0.012485 compute = 0.051660 twid = 0.029652 send = 0.011220
[199] copy/comp = 0.260866 copy = 0.012491 compute = 0.047882 twid = 0.025941 send = 0.011363
[839] copy/comp = 0.222406 copy = 0.012404 compute = 0.055771 twid = 0.034131 send = 0.011222
[583] copy/comp = 0.232288 copy = 0.012463 compute = 0.053651 twid = 0.031915 send = 0.011313
[775] copy/comp = 0.225904 copy = 0.012427 compute = 0.055012 twid = 0.033605 send = 0.011400
[519] copy/comp = 0.237754 copy = 0.012461 compute = 0.052413 twid = 0.030772 send = 0.011202
[647] copy/comp = 0.228100 copy = 0.012409 compute = 0.054400 twid = 0.032785 send = 0.011166
[903] copy/comp = 0.222170 copy = 0.012410 compute = 0.055858 twid = 0.034578 send = 0.011464
[711] copy/comp = 0.226516 copy = 0.012411 compute = 0.054789 twid = 0.033330 send = 0.011343
[967] copy/comp = 0.221324 copy = 0.012423 compute = 0.056132 twid = 0.034820 send = 0.011589
[391] copy/comp = 0.250807 copy = 0.012497 compute = 0.049828 twid = 0.028010 send = 0.011335
[135] copy/comp = 0.273654 copy = 0.012415 compute = 0.045367 twid = 0.023741 send = 0.011379
[71] copy/comp = 0.278977 copy = 0.012412 compute = 0.044490 twid = 0.022856 send = 0.011349
[327] copy/comp = 0.252656 copy = 0.012416 compute = 0.049143 twid = 0.027371 send = 0.011278
[263] copy/comp = 0.258095 copy = 0.012413 compute = 0.048095 twid = 0.026702 send = 0.011422
[9] copy/comp = 0.292867 copy = 0.012473 compute = 0.042590 twid = 0.021443 send = 0.011579
[471] copy/comp = 0.241500 copy = 0.012489 compute = 0.051715 twid = 0.030023 send = 0.011366
[215] copy/comp = 0.262290 copy = 0.012546 compute = 0.047833 twid = 0.026395 send = 0.011470
[855] copy/comp = 0.225983 copy = 0.012510 compute = 0.055360 twid = 0.034289 send = 0.011586
[599] copy/comp = 0.233579 copy = 0.012496 compute = 0.053496 twid = 0.032137 send = 0.011477
[791] copy/comp = 0.226350 copy = 0.012462 compute = 0.055055 twid = 0.033832 send = 0.011387
[535] copy/comp = 0.238123 copy = 0.012484 compute = 0.052426 twid = 0.031058 send = 0.011313
[663] copy/comp = 0.230058 copy = 0.012469 compute = 0.054201 twid = 0.032974 send = 0.011385
[919] copy/comp = 0.223460 copy = 0.012448 compute = 0.055705 twid = 0.034663 send = 0.011523
[727] copy/comp = 0.227338 copy = 0.012452 compute = 0.054773 twid = 0.033512 send = 0.011427
[983] copy/comp = 0.223269 copy = 0.012481 compute = 0.055900 twid = 0.034856 send = 0.011616
[407] copy/comp = 0.250266 copy = 0.012550 compute = 0.050147 twid = 0.028379 send = 0.011326
[151] copy/comp = 0.271646 copy = 0.012471 compute = 0.045909 twid = 0.024341 send = 0.011431
[87] copy/comp = 0.280783 copy = 0.012480 compute = 0.044447 twid = 0.023193 send = 0.011616
[343] copy/comp = 0.254722 copy = 0.012478 compute = 0.048986 twid = 0.027573 send = 0.011399
[279] copy/comp = 0.258926 copy = 0.012433 compute = 0.048017 twid = 0.026741 send = 0.011557
[23] copy/comp = 0.290661 copy = 0.012434 compute = 0.042777 twid = 0.021470 send = 0.011515
[487] copy/comp = 0.245560 copy = 0.012721 compute = 0.051804 twid = 0.030367 send = 0.011537
[231] copy/comp = 0.266455 copy = 0.012780 compute = 0.047963 twid = 0.026770 send = 0.011692
[871] copy/comp = 0.227574 copy = 0.012612 compute = 0.055419 twid = 0.034373 send = 0.011691
[615] copy/comp = 0.236707 copy = 0.012676 compute = 0.053551 twid = 0.032358 send = 0.011532
[807] copy/comp = 0.228331 copy = 0.012545 compute = 0.054940 twid = 0.033805 send = 0.011532
[551] copy/comp = 0.241724 copy = 0.012701 compute = 0.052545 twid = 0.031340 send = 0.011526
[679] copy/comp = 0.232719 copy = 0.012606 compute = 0.054168 twid = 0.033088 send = 0.011536
[935] copy/comp = 0.224492 copy = 0.012500 compute = 0.055682 twid = 0.034693 send = 0.011525
[743] copy/comp = 0.230849 copy = 0.012608 compute = 0.054617 twid = 0.033593 send = 0.011566
[999] copy/comp = 0.223527 copy = 0.012510 compute = 0.055965 twid = 0.034942 send = 0.011625
[423] copy/comp = 0.251653 copy = 0.012695 compute = 0.050448 twid = 0.028879 send = 0.011570
[167] copy/comp = 0.272692 copy = 0.012610 compute = 0.046244 twid = 0.025025 send = 0.011395
[103] copy/comp = 0.283053 copy = 0.012567 compute = 0.044398 twid = 0.023411 send = 0.011630
[358] copy/comp = 0.258021 copy = 0.012612 compute = 0.048879 twid = 0.027696 send = 0.011268
[295] copy/comp = 0.263506 copy = 0.012638 compute = 0.047959 twid = 0.026984 send = 0.011657
[38] copy/comp = 0.293166 copy = 0.012486 compute = 0.042589 twid = 0.021454 send = 0.011288
[502] copy/comp = 0.244989 copy = 0.012744 compute = 0.052020 twid = 0.030627 send = 0.011291
[246] copy/comp = 0.264462 copy = 0.012627 compute = 0.047746 twid = 0.026729 send = 0.011244
[886] copy/comp = 0.228856 copy = 0.012695 compute = 0.055471 twid = 0.034481 send = 0.011451
[630] copy/comp = 0.236182 copy = 0.012713 compute = 0.053828 twid = 0.032616 send = 0.011438
[822] copy/comp = 0.230670 copy = 0.012695 compute = 0.055036 twid = 0.034075 send = 0.011525
[566] copy/comp = 0.241200 copy = 0.012747 compute = 0.052849 twid = 0.031623 send = 0.011371
[694] copy/comp = 0.234048 copy = 0.012687 compute = 0.054206 twid = 0.033195 send = 0.011434
[950] copy/comp = 0.225335 copy = 0.012567 compute = 0.055772 twid = 0.034777 send = 0.011390
[758] copy/comp = 0.231348 copy = 0.012654 compute = 0.054695 twid = 0.033712 send = 0.011437
[1014] copy/comp = 0.224137 copy = 0.012534 compute = 0.055922 twid = 0.034951 send = 0.011434
[438] copy/comp = 0.252081 copy = 0.012765 compute = 0.050637 twid = 0.029247 send = 0.011209
[182] copy/comp = 0.272406 copy = 0.012700 compute = 0.046622 twid = 0.025653 send = 0.011106
[118] copy/comp = 0.283300 copy = 0.012639 compute = 0.044613 twid = 0.023581 send = 0.011291
[373] copy/comp = 0.259145 copy = 0.012703 compute = 0.049017 twid = 0.027846 send = 0.011678
[309] copy/comp = 0.266746 copy = 0.012826 compute = 0.048084 twid = 0.027182 send = 0.011818
[53] copy/comp = 0.292106 copy = 0.012618 compute = 0.043198 twid = 0.022250 send = 0.011818
[456] copy/comp = 0.241938 copy = 0.012499 compute = 0.051662 twid = 0.029677 send = 0.010935
[200] copy/comp = 0.260723 copy = 0.012494 compute = 0.047920 twid = 0.025958 send = 0.011006
[840] copy/comp = 0.222183 copy = 0.012405 compute = 0.055830 twid = 0.034200 send = 0.010925
[584] copy/comp = 0.232457 copy = 0.012469 compute = 0.053641 twid = 0.031865 send = 0.010913
[776] copy/comp = 0.225246 copy = 0.012426 compute = 0.055164 twid = 0.033781 send = 0.011174
[520] copy/comp = 0.237190 copy = 0.012467 compute = 0.052562 twid = 0.030844 send = 0.010879
[648] copy/comp = 0.228510 copy = 0.012421 compute = 0.054358 twid = 0.032789 send = 0.010898
[904] copy/comp = 0.222987 copy = 0.012436 compute = 0.055772 twid = 0.034495 send = 0.011242
[712] copy/comp = 0.226118 copy = 0.012413 compute = 0.054897 twid = 0.033425 send = 0.011011
[968] copy/comp = 0.221641 copy = 0.012426 compute = 0.056062 twid = 0.034798 send = 0.011357
[392] copy/comp = 0.251025 copy = 0.012508 compute = 0.049827 twid = 0.028006 send = 0.011049
[136] copy/comp = 0.273659 copy = 0.012429 compute = 0.045416 twid = 0.023783 send = 0.011020
[72] copy/comp = 0.278609 copy = 0.012416 compute = 0.044565 twid = 0.022884 send = 0.011093
[328] copy/comp = 0.252403 copy = 0.012424 compute = 0.049225 twid = 0.027416 send = 0.010933
[264] copy/comp = 0.258342 copy = 0.012428 compute = 0.048106 twid = 0.026725 send = 0.010989
[10] copy/comp = 0.292859 copy = 0.012472 compute = 0.042588 twid = 0.021446 send = 0.011281
[472] copy/comp = 0.241995 copy = 0.012518 compute = 0.051728 twid = 0.030056 send = 0.011023
[216] copy/comp = 0.261155 copy = 0.012535 compute = 0.047997 twid = 0.026436 send = 0.011091
[856] copy/comp = 0.225586 copy = 0.012490 compute = 0.055369 twid = 0.034304 send = 0.011287
[600] copy/comp = 0.233484 copy = 0.012504 compute = 0.053552 twid = 0.032172 send = 0.011088
[792] copy/comp = 0.226569 copy = 0.012460 compute = 0.054993 twid = 0.033838 send = 0.011230
[536] copy/comp = 0.237701 copy = 0.012480 compute = 0.052501 twid = 0.031075 send = 0.010942
[664] copy/comp = 0.231066 copy = 0.012474 compute = 0.053983 twid = 0.032841 send = 0.011144
[920] copy/comp = 0.223677 copy = 0.012457 compute = 0.055692 twid = 0.034625 send = 0.011301
[728] copy/comp = 0.227365 copy = 0.012451 compute = 0.054760 twid = 0.033506 send = 0.011099
[984] copy/comp = 0.222966 copy = 0.012473 compute = 0.055942 twid = 0.034922 send = 0.011342
[408] copy/comp = 0.250256 copy = 0.012566 compute = 0.050212 twid = 0.028417 send = 0.010990
[152] copy/comp = 0.271693 copy = 0.012482 compute = 0.045942 twid = 0.024374 send = 0.011037
[88] copy/comp = 0.280939 copy = 0.012486 compute = 0.044445 twid = 0.023187 send = 0.011215
[344] copy/comp = 0.254755 copy = 0.012490 compute = 0.049029 twid = 0.027575 send = 0.011040
[280] copy/comp = 0.259166 copy = 0.012453 compute = 0.048052 twid = 0.026775 send = 0.011123
[24] copy/comp = 0.289411 copy = 0.012435 compute = 0.042968 twid = 0.021472 send = 0.011113
[488] copy/comp = 0.245378 copy = 0.012718 compute = 0.051830 twid = 0.030399 send = 0.011185
[232] copy/comp = 0.265552 copy = 0.012741 compute = 0.047979 twid = 0.026814 send = 0.011332
[872] copy/comp = 0.227299 copy = 0.012601 compute = 0.055439 twid = 0.034378 send = 0.011362
[616] copy/comp = 0.236774 copy = 0.012680 compute = 0.053552 twid = 0.032366 send = 0.011221
[808] copy/comp = 0.227651 copy = 0.012535 compute = 0.055063 twid = 0.033958 send = 0.011331
[552] copy/comp = 0.241448 copy = 0.012688 compute = 0.052548 twid = 0.031334 send = 0.011128
[680] copy/comp = 0.232975 copy = 0.012599 compute = 0.054080 twid = 0.033051 send = 0.011215
[936] copy/comp = 0.224515 copy = 0.012513 compute = 0.055734 twid = 0.034681 send = 0.011244
[744] copy/comp = 0.230193 copy = 0.012586 compute = 0.054676 twid = 0.033652 send = 0.011204
[1000] copy/comp = 0.223647 copy = 0.012516 compute = 0.055961 twid = 0.034978 send = 0.011390
[424] copy/comp = 0.251768 copy = 0.012711 compute = 0.050488 twid = 0.028905 send = 0.011134
[168] copy/comp = 0.271895 copy = 0.012581 compute = 0.046271 twid = 0.025090 send = 0.011078
[104] copy/comp = 0.282580 copy = 0.012550 compute = 0.044411 twid = 0.023420 send = 0.011246
[359] copy/comp = 0.258429 copy = 0.012638 compute = 0.048902 twid = 0.027670 send = 0.011602
[296] copy/comp = 0.263584 copy = 0.012646 compute = 0.047976 twid = 0.026995 send = 0.011219
[39] copy/comp = 0.292963 copy = 0.012491 compute = 0.042635 twid = 0.021478 send = 0.011676
[503] copy/comp = 0.245978 copy = 0.012795 compute = 0.052018 twid = 0.030637 send = 0.011561
[247] copy/comp = 0.264277 copy = 0.012633 compute = 0.047802 twid = 0.026742 send = 0.011494
[887] copy/comp = 0.228929 copy = 0.012692 compute = 0.055442 twid = 0.034472 send = 0.011719
[631] copy/comp = 0.236646 copy = 0.012723 compute = 0.053766 twid = 0.032603 send = 0.011682
[823] copy/comp = 0.230780 copy = 0.012704 compute = 0.055049 twid = 0.034050 send = 0.011673
[567] copy/comp = 0.241366 copy = 0.012761 compute = 0.052871 twid = 0.031649 send = 0.011579
[695] copy/comp = 0.234104 copy = 0.012697 compute = 0.054235 twid = 0.033236 send = 0.011684
[951] copy/comp = 0.225010 copy = 0.012541 compute = 0.055735 twid = 0.034789 send = 0.011640
[759] copy/comp = 0.231708 copy = 0.012659 compute = 0.054633 twid = 0.033670 send = 0.011714
[1015] copy/comp = 0.223875 copy = 0.012534 compute = 0.055986 twid = 0.034990 send = 0.011658
[439] copy/comp = 0.251818 copy = 0.012751 compute = 0.050637 twid = 0.029280 send = 0.011516
[183] copy/comp = 0.272828 copy = 0.012728 compute = 0.046654 twid = 0.025654 send = 0.011558
[119] copy/comp = 0.284257 copy = 0.012673 compute = 0.044584 twid = 0.023599 send = 0.011566
[374] copy/comp = 0.258886 copy = 0.012688 compute = 0.049010 twid = 0.027840 send = 0.011339
[310] copy/comp = 0.266434 copy = 0.012816 compute = 0.048103 twid = 0.027191 send = 0.011522
[54] copy/comp = 0.291546 copy = 0.012617 compute = 0.043278 twid = 0.022271 send = 0.011424
[457] copy/comp = 0.242373 copy = 0.012499 compute = 0.051571 twid = 0.029694 send = 0.011218
[201] copy/comp = 0.260144 copy = 0.012485 compute = 0.047993 twid = 0.026000 send = 0.011347
[841] copy/comp = 0.221825 copy = 0.012404 compute = 0.055918 twid = 0.034202 send = 0.011154
[585] copy/comp = 0.231850 copy = 0.012452 compute = 0.053706 twid = 0.031892 send = 0.011240
[777] copy/comp = 0.224819 copy = 0.012406 compute = 0.055181 twid = 0.033792 send = 0.011488
[521] copy/comp = 0.237288 copy = 0.012469 compute = 0.052548 twid = 0.030846 send = 0.011215
[649] copy/comp = 0.227909 copy = 0.012400 compute = 0.054407 twid = 0.032789 send = 0.011264
[905] copy/comp = 0.222393 copy = 0.012415 compute = 0.055827 twid = 0.034563 send = 0.011505
[713] copy/comp = 0.225869 copy = 0.012404 compute = 0.054918 twid = 0.033408 send = 0.011354
[969] copy/comp = 0.221480 copy = 0.012419 compute = 0.056074 twid = 0.034818 send = 0.011652
[393] copy/comp = 0.251027 copy = 0.012473 compute = 0.049687 twid = 0.028013 send = 0.011392
[137] copy/comp = 0.274335 copy = 0.012402 compute = 0.045206 twid = 0.023817 send = 0.011443
[73] copy/comp = 0.279373 copy = 0.012404 compute = 0.044401 twid = 0.022916 send = 0.011367
[329] copy/comp = 0.252644 copy = 0.012413 compute = 0.049131 twid = 0.027414 send = 0.011158
[265] copy/comp = 0.257955 copy = 0.012420 compute = 0.048147 twid = 0.026719 send = 0.011299
[11] copy/comp = 1.941573 copy = 0.082800 compute = 0.042646 twid = 0.021463 send = 0.011843
[473] copy/comp = 0.242428 copy = 0.012499 compute = 0.051560 twid = 0.030016 send = 0.011235
[217] copy/comp = 0.260769 copy = 0.012530 compute = 0.048049 twid = 0.026452 send = 0.011404
[857] copy/comp = 0.225566 copy = 0.012496 compute = 0.055399 twid = 0.034256 send = 0.011547
[601] copy/comp = 0.233685 copy = 0.012492 compute = 0.053458 twid = 0.032085 send = 0.011353
[793] copy/comp = 0.226123 copy = 0.012444 compute = 0.055033 twid = 0.033827 send = 0.011444
[537] copy/comp = 0.238350 copy = 0.012486 compute = 0.052384 twid = 0.030936 send = 0.011255
[665] copy/comp = 0.230111 copy = 0.012457 compute = 0.054134 twid = 0.032903 send = 0.011462
[921] copy/comp = 0.223730 copy = 0.012449 compute = 0.055644 twid = 0.034629 send = 0.011503
[729] copy/comp = 0.227421 copy = 0.012455 compute = 0.054765 twid = 0.033508 send = 0.011384
[985] copy/comp = 0.222895 copy = 0.012477 compute = 0.055978 twid = 0.034940 send = 0.011672
[409] copy/comp = 0.250820 copy = 0.012569 compute = 0.050110 twid = 0.028451 send = 0.011301
[153] copy/comp = 0.271358 copy = 0.012464 compute = 0.045931 twid = 0.024451 send = 0.011459
[89] copy/comp = 0.281208 copy = 0.012472 compute = 0.044350 twid = 0.023237 send = 0.011487
[345] copy/comp = 0.254861 copy = 0.012476 compute = 0.048953 twid = 0.027586 send = 0.011421
[281] copy/comp = 0.258663 copy = 0.012441 compute = 0.048096 twid = 0.026778 send = 0.011393
[25] copy/comp = 0.289417 copy = 0.012431 compute = 0.042953 twid = 0.021460 send = 0.011386
[489] copy/comp = 0.245248 copy = 0.012669 compute = 0.051657 twid = 0.030382 send = 0.011441
[233] copy/comp = 0.264821 copy = 0.012706 compute = 0.047979 twid = 0.026806 send = 0.011668
[873] copy/comp = 0.227023 copy = 0.012597 compute = 0.055487 twid = 0.034399 send = 0.011639
[617] copy/comp = 0.236036 copy = 0.012651 compute = 0.053599 twid = 0.032426 send = 0.011487
[809] copy/comp = 0.227694 copy = 0.012514 compute = 0.054961 twid = 0.033908 send = 0.011593
[553] copy/comp = 0.240910 copy = 0.012672 compute = 0.052601 twid = 0.031387 send = 0.011495
[681] copy/comp = 0.231897 copy = 0.012563 compute = 0.054173 twid = 0.033104 send = 0.011588
[937] copy/comp = 0.223909 copy = 0.012473 compute = 0.055708 twid = 0.034695 send = 0.011502
[745] copy/comp = 0.229985 copy = 0.012576 compute = 0.054684 twid = 0.033662 send = 0.011547
[1001] copy/comp = 0.223559 copy = 0.012492 compute = 0.055876 twid = 0.034910 send = 0.011744
[425] copy/comp = 0.251722 copy = 0.012680 compute = 0.050373 twid = 0.028912 send = 0.011454
[169] copy/comp = 0.270291 copy = 0.012534 compute = 0.046371 twid = 0.025150 send = 0.011425
[105] copy/comp = 0.282317 copy = 0.012531 compute = 0.044387 twid = 0.023434 send = 0.011538
[360] copy/comp = 0.258018 copy = 0.012626 compute = 0.048936 twid = 0.027708 send = 0.011279
[297] copy/comp = 0.262828 copy = 0.012620 compute = 0.048018 twid = 0.027007 send = 0.011566
[40] copy/comp = 0.292441 copy = 0.012495 compute = 0.042728 twid = 0.021503 send = 0.011330
[504] copy/comp = 0.245098 copy = 0.012751 compute = 0.052025 twid = 0.030653 send = 0.011222
[248] copy/comp = 0.264498 copy = 0.012641 compute = 0.047793 twid = 0.026745 send = 0.011172
[888] copy/comp = 0.228601 copy = 0.012679 compute = 0.055462 twid = 0.034498 send = 0.011422
[632] copy/comp = 0.236690 copy = 0.012724 compute = 0.053756 twid = 0.032612 send = 0.011290
[824] copy/comp = 0.230722 copy = 0.012698 compute = 0.055037 twid = 0.034103 send = 0.011482
[568] copy/comp = 0.241189 copy = 0.012758 compute = 0.052896 twid = 0.031693 send = 0.011292
[696] copy/comp = 0.234321 copy = 0.012699 compute = 0.054195 twid = 0.033244 send = 0.011380
[952] copy/comp = 0.225513 copy = 0.012574 compute = 0.055756 twid = 0.034770 send = 0.011385
[760] copy/comp = 0.231400 copy = 0.012647 compute = 0.054655 twid = 0.033694 send = 0.011421
[1016] copy/comp = 0.224333 copy = 0.012539 compute = 0.055893 twid = 0.034957 send = 0.011447
[440] copy/comp = 0.249590 copy = 0.012669 compute = 0.050758 twid = 0.029420 send = 0.011186
[184] copy/comp = 0.271784 copy = 0.012695 compute = 0.046710 twid = 0.025732 send = 0.011168
[120] copy/comp = 0.283058 copy = 0.012628 compute = 0.044611 twid = 0.023605 send = 0.011307
[375] copy/comp = 0.259680 copy = 0.012732 compute = 0.049030 twid = 0.027860 send = 0.011694
[311] copy/comp = 0.267247 copy = 0.012784 compute = 0.047837 twid = 0.026921 send = 0.011766
[55] copy/comp = 0.291939 copy = 0.012658 compute = 0.043358 twid = 0.022356 send = 0.011791
[458] copy/comp = 0.241127 copy = 0.012488 compute = 0.051790 twid = 0.029711 send = 0.010966
[202] copy/comp = 0.260694 copy = 0.012514 compute = 0.048002 twid = 0.026011 send = 0.011065
[842] copy/comp = 0.221939 copy = 0.012403 compute = 0.055887 twid = 0.034189 send = 0.010875
[586] copy/comp = 0.231763 copy = 0.012465 compute = 0.053782 twid = 0.031912 send = 0.010997
[778] copy/comp = 0.225061 copy = 0.012413 compute = 0.055154 twid = 0.033757 send = 0.011124
[522] copy/comp = 0.237238 copy = 0.012461 compute = 0.052525 twid = 0.030758 send = 0.010921
[650] copy/comp = 0.227838 copy = 0.012403 compute = 0.054437 twid = 0.032805 send = 0.010974
[906] copy/comp = 0.221835 copy = 0.012415 compute = 0.055964 twid = 0.034584 send = 0.011170
[714] copy/comp = 0.225930 copy = 0.012402 compute = 0.054892 twid = 0.033376 send = 0.011033
[970] copy/comp = 0.221324 copy = 0.012416 compute = 0.056098 twid = 0.034854 send = 0.011280
[394] copy/comp = 0.250643 copy = 0.012486 compute = 0.049817 twid = 0.028036 send = 0.011020
[138] copy/comp = 0.274350 copy = 0.012419 compute = 0.045267 twid = 0.023850 send = 0.011029
[74] copy/comp = 0.278910 copy = 0.012422 compute = 0.044536 twid = 0.022926 send = 0.011056
[330] copy/comp = 0.252255 copy = 0.012423 compute = 0.049249 twid = 0.027429 send = 0.010892
[266] copy/comp = 0.258027 copy = 0.012414 compute = 0.048111 twid = 0.026703 send = 0.011021
[12] copy/comp = 0.304417 copy = 0.012953 compute = 0.042550 twid = 0.021443 send = 0.011507
[474] copy/comp = 0.241571 copy = 0.012517 compute = 0.051813 twid = 0.030089 send = 0.011000
[218] copy/comp = 0.262060 copy = 0.012555 compute = 0.047910 twid = 0.026469 send = 0.011106
[858] copy/comp = 0.225080 copy = 0.012492 compute = 0.055498 twid = 0.034325 send = 0.011221
[602] copy/comp = 0.233407 copy = 0.012514 compute = 0.053613 twid = 0.032196 send = 0.011041
[794] copy/comp = 0.226077 copy = 0.012446 compute = 0.055051 twid = 0.033835 send = 0.011109
[538] copy/comp = 0.237334 copy = 0.012481 compute = 0.052590 twid = 0.031101 send = 0.010938
[666] copy/comp = 0.229827 copy = 0.012461 compute = 0.054221 twid = 0.032981 send = 0.011126
[922] copy/comp = 0.223604 copy = 0.012451 compute = 0.055685 twid = 0.034574 send = 0.011214
[730] copy/comp = 0.226972 copy = 0.012449 compute = 0.054846 twid = 0.033546 send = 0.011101
[986] copy/comp = 0.222678 copy = 0.012454 compute = 0.055927 twid = 0.034884 send = 0.011308
[410] copy/comp = 0.250323 copy = 0.012597 compute = 0.050322 twid = 0.028496 send = 0.010938
[154] copy/comp = 0.272723 copy = 0.012498 compute = 0.045826 twid = 0.024530 send = 0.011025
[90] copy/comp = 0.280816 copy = 0.012493 compute = 0.044487 twid = 0.023241 send = 0.011224
[346] copy/comp = 0.254160 copy = 0.012480 compute = 0.049103 twid = 0.027602 send = 0.011085
[282] copy/comp = 0.258603 copy = 0.012438 compute = 0.048098 twid = 0.026797 send = 0.011066
[26] copy/comp = 0.290270 copy = 0.012435 compute = 0.042841 twid = 0.021468 send = 0.011158
[490] copy/comp = 0.245741 copy = 0.012744 compute = 0.051859 twid = 0.030427 send = 0.011105
[234] copy/comp = 0.265284 copy = 0.012737 compute = 0.048014 twid = 0.026856 send = 0.011318
[874] copy/comp = 0.226848 copy = 0.012589 compute = 0.055496 twid = 0.034404 send = 0.011278
[618] copy/comp = 0.236061 copy = 0.012659 compute = 0.053625 twid = 0.032394 send = 0.011121
[810] copy/comp = 0.227132 copy = 0.012507 compute = 0.055064 twid = 0.033963 send = 0.011205
[554] copy/comp = 0.240717 copy = 0.012673 compute = 0.052646 twid = 0.031415 send = 0.011107
[682] copy/comp = 0.232411 copy = 0.012596 compute = 0.054199 twid = 0.033118 send = 0.011197
[938] copy/comp = 0.223413 copy = 0.012472 compute = 0.055823 twid = 0.034740 send = 0.011139
[746] copy/comp = 0.229371 copy = 0.012551 compute = 0.054720 twid = 0.033651 send = 0.011219
[1002] copy/comp = 0.222981 copy = 0.012478 compute = 0.055961 twid = 0.034963 send = 0.011285
[426] copy/comp = 0.250705 copy = 0.012662 compute = 0.050507 twid = 0.028923 send = 0.011117
[170] copy/comp = 0.270491 copy = 0.012548 compute = 0.046391 twid = 0.025187 send = 0.010966
[106] copy/comp = 0.282211 copy = 0.012537 compute = 0.044426 twid = 0.023456 send = 0.011235
[361] copy/comp = 0.257962 copy = 0.012619 compute = 0.048917 twid = 0.027755 send = 0.011570
[298] copy/comp = 0.262728 copy = 0.012610 compute = 0.047998 twid = 0.027012 send = 0.011232
[41] copy/comp = 0.291770 copy = 0.012473 compute = 0.042750 twid = 0.021540 send = 0.011603
[505] copy/comp = 0.245735 copy = 0.012745 compute = 0.051866 twid = 0.030656 send = 0.011518
[249] copy/comp = 0.265004 copy = 0.012669 compute = 0.047807 twid = 0.026721 send = 0.011496
[889] copy/comp = 0.228652 copy = 0.012689 compute = 0.055495 twid = 0.034487 send = 0.011772
[633] copy/comp = 0.237125 copy = 0.012745 compute = 0.053749 twid = 0.032608 send = 0.011658
[825] copy/comp = 0.230440 copy = 0.012687 compute = 0.055056 twid = 0.034117 send = 0.011808
[569] copy/comp = 0.241127 copy = 0.012754 compute = 0.052895 twid = 0.031691 send = 0.011534
[697] copy/comp = 0.233817 copy = 0.012693 compute = 0.054288 twid = 0.033310 send = 0.011800
[953] copy/comp = 0.225183 copy = 0.012551 compute = 0.055736 twid = 0.034781 send = 0.011695
[761] copy/comp = 0.231527 copy = 0.012661 compute = 0.054686 twid = 0.033732 send = 0.011694
[1017] copy/comp = 0.224388 copy = 0.012540 compute = 0.055885 twid = 0.034941 send = 0.011778
[441] copy/comp = 0.250499 copy = 0.012684 compute = 0.050636 twid = 0.029410 send = 0.011510
[185] copy/comp = 0.270350 copy = 0.012638 compute = 0.046746 twid = 0.025771 send = 0.011506
[121] copy/comp = 0.283557 copy = 0.012643 compute = 0.044586 twid = 0.023614 send = 0.011581
[376] copy/comp = 0.258937 copy = 0.012695 compute = 0.049026 twid = 0.027869 send = 0.011364
[312] copy/comp = 0.265758 copy = 0.012785 compute = 0.048109 twid = 0.027212 send = 0.011428
[56] copy/comp = 0.295978 copy = 0.012669 compute = 0.042804 twid = 0.021800 send = 0.011399
[459] copy/comp = 0.240863 copy = 0.012481 compute = 0.051817 twid = 0.029778 send = 0.011449
[203] copy/comp = 0.259946 copy = 0.012501 compute = 0.048093 twid = 0.026045 send = 0.011546
[843] copy/comp = 0.221922 copy = 0.012402 compute = 0.055883 twid = 0.034189 send = 0.011130
[587] copy/comp = 0.231173 copy = 0.012456 compute = 0.053882 twid = 0.031980 send = 0.011248
[779] copy/comp = 0.225022 copy = 0.012408 compute = 0.055143 twid = 0.033770 send = 0.011417
[523] copy/comp = 0.236759 copy = 0.012458 compute = 0.052620 twid = 0.030870 send = 0.011252
[651] copy/comp = 0.227902 copy = 0.012400 compute = 0.054407 twid = 0.032801 send = 0.011256
[907] copy/comp = 0.222483 copy = 0.012433 compute = 0.055883 twid = 0.034608 send = 0.011478
[715] copy/comp = 0.226048 copy = 0.012412 compute = 0.054908 twid = 0.033437 send = 0.011258
[971] copy/comp = 0.221549 copy = 0.012419 compute = 0.056054 twid = 0.034824 send = 0.011547
[395] copy/comp = 0.250082 copy = 0.012468 compute = 0.049855 twid = 0.028055 send = 0.011409
[139] copy/comp = 0.273747 copy = 0.012408 compute = 0.045326 twid = 0.023846 send = 0.011350
[75] copy/comp = 0.278144 copy = 0.012410 compute = 0.044619 twid = 0.022954 send = 0.011360
[331] copy/comp = 0.252215 copy = 0.012420 compute = 0.049245 twid = 0.027436 send = 0.011339
[267] copy/comp = 0.259360 copy = 0.012406 compute = 0.047835 twid = 0.026423 send = 0.011335
[13] copy/comp = 0.303061 copy = 0.012903 compute = 0.042575 twid = 0.021453 send = 0.011788
[475] copy/comp = 0.241361 copy = 0.012508 compute = 0.051825 twid = 0.030092 send = 0.011219
[219] copy/comp = 0.261431 copy = 0.012541 compute = 0.047972 twid = 0.026506 send = 0.011284
[859] copy/comp = 0.225425 copy = 0.012496 compute = 0.055434 twid = 0.034311 send = 0.011424
[603] copy/comp = 0.233326 copy = 0.012511 compute = 0.053621 twid = 0.032206 send = 0.011344
[795] copy/comp = 0.226060 copy = 0.012441 compute = 0.055034 twid = 0.033876 send = 0.011336
[539] copy/comp = 0.237316 copy = 0.012472 compute = 0.052556 twid = 0.031102 send = 0.011167
[667] copy/comp = 0.230077 copy = 0.012461 compute = 0.054162 twid = 0.032966 send = 0.011378
[923] copy/comp = 0.223473 copy = 0.012453 compute = 0.055726 twid = 0.034663 send = 0.011475
[731] copy/comp = 0.227519 copy = 0.012457 compute = 0.054750 twid = 0.033550 send = 0.011361
[987] copy/comp = 0.222819 copy = 0.012460 compute = 0.055921 twid = 0.034923 send = 0.011543
[411] copy/comp = 0.250078 copy = 0.012584 compute = 0.050321 twid = 0.028494 send = 0.011290
[155] copy/comp = 0.272053 copy = 0.012481 compute = 0.045879 twid = 0.024560 send = 0.011289
[91] copy/comp = 0.284165 copy = 0.012485 compute = 0.043935 twid = 0.022674 send = 0.011542
[347] copy/comp = 0.254486 copy = 0.012477 compute = 0.049027 twid = 0.027590 send = 0.011366
[283] copy/comp = 0.259052 copy = 0.012446 compute = 0.048044 twid = 0.026834 send = 0.011316
[27] copy/comp = 0.289937 copy = 0.012420 compute = 0.042836 twid = 0.021463 send = 0.011188
[491] copy/comp = 0.244350 copy = 0.012680 compute = 0.051891 twid = 0.030463 send = 0.011342
[235] copy/comp = 0.263023 copy = 0.012655 compute = 0.048112 twid = 0.026899 send = 0.011611
[875] copy/comp = 0.226279 copy = 0.012549 compute = 0.055459 twid = 0.034411 send = 0.011557
[619] copy/comp = 0.235698 copy = 0.012631 compute = 0.053591 twid = 0.032403 send = 0.011322
[811] copy/comp = 0.226917 copy = 0.012491 compute = 0.055046 twid = 0.033996 send = 0.011428
[555] copy/comp = 0.240218 copy = 0.012650 compute = 0.052662 twid = 0.031450 send = 0.011364
[683] copy/comp = 0.231516 copy = 0.012545 compute = 0.054184 twid = 0.033088 send = 0.011482
[939] copy/comp = 0.223745 copy = 0.012482 compute = 0.055788 twid = 0.034738 send = 0.011472
[747] copy/comp = 0.229728 copy = 0.012544 compute = 0.054605 twid = 0.033619 send = 0.011472
[1003] copy/comp = 0.222848 copy = 0.012468 compute = 0.055950 twid = 0.034978 send = 0.011614
[427] copy/comp = 0.249511 copy = 0.012623 compute = 0.050593 twid = 0.028994 send = 0.011275
[171] copy/comp = 0.269656 copy = 0.012516 compute = 0.046415 twid = 0.025201 send = 0.011240
[107] copy/comp = 0.284435 copy = 0.012493 compute = 0.043923 twid = 0.022884 send = 0.011546
[362] copy/comp = 0.257475 copy = 0.012622 compute = 0.049023 twid = 0.027748 send = 0.011329
[299] copy/comp = 0.262382 copy = 0.012592 compute = 0.047992 twid = 0.027035 send = 0.011604
[42] copy/comp = 0.291757 copy = 0.012493 compute = 0.042819 twid = 0.021611 send = 0.011295
[506] copy/comp = 0.244447 copy = 0.012728 compute = 0.052070 twid = 0.030677 send = 0.011172
[250] copy/comp = 0.264210 copy = 0.012642 compute = 0.047849 twid = 0.026780 send = 0.011175
[890] copy/comp = 0.228144 copy = 0.012671 compute = 0.055541 twid = 0.034533 send = 0.011632
[634] copy/comp = 0.236232 copy = 0.012725 compute = 0.053865 twid = 0.032653 send = 0.011304
[826] copy/comp = 0.230551 copy = 0.012699 compute = 0.055080 twid = 0.034120 send = 0.011393
[570] copy/comp = 0.241293 copy = 0.012774 compute = 0.052940 twid = 0.031714 send = 0.011173
[698] copy/comp = 0.234160 copy = 0.012702 compute = 0.054246 twid = 0.033255 send = 0.011385
[954] copy/comp = 0.225132 copy = 0.012554 compute = 0.055764 twid = 0.034760 send = 0.011286
[762] copy/comp = 0.231486 copy = 0.012647 compute = 0.054634 twid = 0.033657 send = 0.011382
[1018] copy/comp = 0.223964 copy = 0.012518 compute = 0.055893 twid = 0.034921 send = 0.011341
[442] copy/comp = 0.250059 copy = 0.012703 compute = 0.050802 twid = 0.029444 send = 0.011125
[186] copy/comp = 0.269545 copy = 0.012610 compute = 0.046783 twid = 0.025830 send = 0.011005
[122] copy/comp = 0.283718 copy = 0.012653 compute = 0.044597 twid = 0.023619 send = 0.011275
[377] copy/comp = 0.259443 copy = 0.012696 compute = 0.048937 twid = 0.027870 send = 0.011648
[313] copy/comp = 0.266079 copy = 0.012800 compute = 0.048107 twid = 0.027216 send = 0.011782
[57] copy/comp = 0.291909 copy = 0.012683 compute = 0.043447 twid = 0.022448 send = 0.011700
[460] copy/comp = 0.241811 copy = 0.012484 compute = 0.051628 twid = 0.029775 send = 0.010993
[204] copy/comp = 1.455115 copy = 0.069941 compute = 0.048066 twid = 0.026055 send = 0.011069
[844] copy/comp = 0.221527 copy = 0.012386 compute = 0.055911 twid = 0.034215 send = 0.010854
[588] copy/comp = 0.231311 copy = 0.012461 compute = 0.053870 twid = 0.031967 send = 0.010919
[780] copy/comp = 0.224937 copy = 0.012404 compute = 0.055144 twid = 0.033755 send = 0.068128
[524] copy/comp = 0.236376 copy = 0.012461 compute = 0.052716 twid = 0.030906 send = 0.010899
[652] copy/comp = 0.227464 copy = 0.012390 compute = 0.054472 twid = 0.032817 send = 0.011156
[908] copy/comp = 0.221760 copy = 0.012398 compute = 0.055906 twid = 0.034629 send = 0.011394
[716] copy/comp = 0.225762 copy = 0.012413 compute = 0.054982 twid = 0.033433 send = 0.010934
[972] copy/comp = 0.221232 copy = 0.012413 compute = 0.056108 twid = 0.034834 send = 0.011234
[396] copy/comp = 0.250916 copy = 0.012478 compute = 0.049731 twid = 0.028109 send = 0.011132
[140] copy/comp = 0.273733 copy = 0.012420 compute = 0.045373 twid = 0.023933 send = 0.011059
[76] copy/comp = 0.278391 copy = 0.012420 compute = 0.044613 twid = 0.022968 send = 0.011098
[332] copy/comp = 0.252493 copy = 0.012414 compute = 0.049167 twid = 0.027406 send = 0.011061
[268] copy/comp = 0.257829 copy = 0.012413 compute = 0.048144 twid = 0.026702 send = 0.011067
[14] copy/comp = 0.303029 copy = 0.012917 compute = 0.042628 twid = 0.021452 send = 0.011483
[476] copy/comp = 0.241971 copy = 0.012510 compute = 0.051702 twid = 0.030102 send = 0.010973
[220] copy/comp = 0.261582 copy = 0.012552 compute = 0.047983 twid = 0.026507 send = 0.010854
[860] copy/comp = 0.224929 copy = 0.012481 compute = 0.055488 twid = 0.034319 send = 0.011150
[604] copy/comp = 0.233364 copy = 0.012513 compute = 0.053621 twid = 0.032191 send = 0.010978
[796] copy/comp = 0.226015 copy = 0.012436 compute = 0.055024 twid = 0.033838 send = 0.011016
[540] copy/comp = 0.237110 copy = 0.012479 compute = 0.052629 twid = 0.031134 send = 0.010837
[668] copy/comp = 0.229975 copy = 0.012453 compute = 0.054149 twid = 0.032938 send = 0.011079
[924] copy/comp = 0.223274 copy = 0.012432 compute = 0.055679 twid = 0.034639 send = 0.011409
[732] copy/comp = 0.227177 copy = 0.012455 compute = 0.054826 twid = 0.033534 send = 0.011011
[988] copy/comp = 0.222457 copy = 0.012450 compute = 0.055967 twid = 0.034911 send = 0.011242
[412] copy/comp = 0.251266 copy = 0.012611 compute = 0.050189 twid = 0.028531 send = 0.010969
[156] copy/comp = 0.271113 copy = 0.012488 compute = 0.046060 twid = 0.024609 send = 0.010955
[92] copy/comp = 0.279950 copy = 0.012482 compute = 0.044585 twid = 0.023272 send = 0.011208
[348] copy/comp = 0.254720 copy = 0.012477 compute = 0.048985 twid = 0.027621 send = 0.011094
[284] copy/comp = 0.258812 copy = 0.012444 compute = 0.048080 twid = 0.026827 send = 0.011027
[28] copy/comp = 0.290073 copy = 0.012408 compute = 0.042775 twid = 0.021467 send = 0.010975
[492] copy/comp = 0.246343 copy = 0.012754 compute = 0.051774 twid = 0.030493 send = 0.011057
[236] copy/comp = 0.264141 copy = 0.012702 compute = 0.048089 twid = 0.026922 send = 0.011408
[876] copy/comp = 0.226910 copy = 0.012582 compute = 0.055448 twid = 0.034410 send = 0.011266
[620] copy/comp = 0.235999 copy = 0.012668 compute = 0.053676 twid = 0.032473 send = 0.011077
[812] copy/comp = 0.227014 copy = 0.012506 compute = 0.055089 twid = 0.033992 send = 0.011153
[556] copy/comp = 0.240752 copy = 0.012680 compute = 0.052668 twid = 0.031447 send = 0.011054
[684] copy/comp = 0.232082 copy = 0.012577 compute = 0.054194 twid = 0.033151 send = 0.011224
[940] copy/comp = 0.223696 copy = 0.012471 compute = 0.055750 twid = 0.034718 send = 0.011384
[748] copy/comp = 0.229404 copy = 0.012571 compute = 0.054799 twid = 0.033706 send = 0.011251
[1004] copy/comp = 0.222977 copy = 0.012480 compute = 0.055970 twid = 0.034980 send = 0.011323
[428] copy/comp = 0.251504 copy = 0.012696 compute = 0.050480 twid = 0.029019 send = 0.010994
[172] copy/comp = 0.269879 copy = 0.012542 compute = 0.046472 twid = 0.025241 send = 0.010983
[108] copy/comp = 0.281697 copy = 0.012551 compute = 0.044554 twid = 0.023476 send = 0.011176
[363] copy/comp = 0.257202 copy = 0.012609 compute = 0.049023 twid = 0.027779 send = 0.011612
[300] copy/comp = 0.263586 copy = 0.012657 compute = 0.048018 twid = 0.027059 send = 0.011317
[43] copy/comp = 0.290420 copy = 0.012452 compute = 0.042877 twid = 0.021671 send = 0.011368
[507] copy/comp = 0.243717 copy = 0.012688 compute = 0.052059 twid = 0.030688 send = 0.011360
[251] copy/comp = 0.264272 copy = 0.012663 compute = 0.047918 twid = 0.026762 send = 0.011510
[891] copy/comp = 0.228305 copy = 0.012662 compute = 0.055459 twid = 0.034513 send = 0.011653
[635] copy/comp = 0.236644 copy = 0.012730 compute = 0.053793 twid = 0.032649 send = 0.011575
[827] copy/comp = 0.230487 copy = 0.012681 compute = 0.055017 twid = 0.034099 send = 0.011729
[571] copy/comp = 0.240963 copy = 0.012761 compute = 0.052957 twid = 0.031731 send = 0.011416
[699] copy/comp = 0.233601 copy = 0.012680 compute = 0.054282 twid = 0.033287 send = 0.011693
[955] copy/comp = 0.225382 copy = 0.012564 compute = 0.055745 twid = 0.034772 send = 0.011617
[763] copy/comp = 0.231836 copy = 0.012665 compute = 0.054630 twid = 0.033705 send = 0.011616
[1019] copy/comp = 0.224050 copy = 0.012521 compute = 0.055883 twid = 0.034939 send = 0.011689
[443] copy/comp = 0.249116 copy = 0.012651 compute = 0.050785 twid = 0.029464 send = 0.011303
[187] copy/comp = 0.270533 copy = 0.012640 compute = 0.046722 twid = 0.025785 send = 0.011376
[123] copy/comp = 0.283946 copy = 0.012678 compute = 0.044648 twid = 0.023640 send = 0.011573
[378] copy/comp = 0.259096 copy = 0.012718 compute = 0.049085 twid = 0.027880 send = 0.011455
[314] copy/comp = 0.265340 copy = 0.012768 compute = 0.048120 twid = 0.027240 send = 0.011407
[58] copy/comp = 0.291965 copy = 0.012704 compute = 0.043510 twid = 0.022521 send = 0.011352
[461] copy/comp = 0.240696 copy = 0.012474 compute = 0.051824 twid = 0.029834 send = 0.011103
[205] copy/comp = 0.265344 copy = 0.012765 compute = 0.048106 twid = 0.026100 send = 0.011423
[845] copy/comp = 0.221565 copy = 0.012392 compute = 0.055930 twid = 0.034208 send = 0.011172
[589] copy/comp = 0.231067 copy = 0.012433 compute = 0.053808 twid = 0.031973 send = 0.011242
[781] copy/comp = 0.230848 copy = 0.012728 compute = 0.055135 twid = 0.033731 send = 0.011731
[525] copy/comp = 0.235983 copy = 0.012447 compute = 0.052745 twid = 0.030932 send = 0.011274
[653] copy/comp = 0.227417 copy = 0.012384 compute = 0.054457 twid = 0.032834 send = 0.011234
[909] copy/comp = 0.221738 copy = 0.012398 compute = 0.055915 twid = 0.034567 send = 0.011385
[717] copy/comp = 0.225639 copy = 0.012398 compute = 0.054944 twid = 0.033440 send = 0.011286
[973] copy/comp = 0.220928 copy = 0.012401 compute = 0.056133 twid = 0.034867 send = 0.060945
[397] copy/comp = 0.249729 copy = 0.012469 compute = 0.049928 twid = 0.028166 send = 0.011284
[141] copy/comp = 0.274565 copy = 0.012416 compute = 0.045220 twid = 0.023987 send = 0.011281
[77] copy/comp = 0.278939 copy = 0.012414 compute = 0.044506 twid = 0.023026 send = 0.011323
[333] copy/comp = 0.251707 copy = 0.012409 compute = 0.049298 twid = 0.027462 send = 0.011147
[269] copy/comp = 0.257522 copy = 0.012405 compute = 0.048171 twid = 0.026708 send = 0.011192
[15] copy/comp = 0.302086 copy = 0.012869 compute = 0.042602 twid = 0.021446 send = 0.011670
[477] copy/comp = 0.241006 copy = 0.012505 compute = 0.051885 twid = 0.030154 send = 0.011150
[221] copy/comp = 0.260845 copy = 0.012496 compute = 0.047907 twid = 0.026440 send = 0.011010
[861] copy/comp = 0.224649 copy = 0.012475 compute = 0.055533 twid = 0.034329 send = 0.011445
[605] copy/comp = 0.232998 copy = 0.012496 compute = 0.053631 twid = 0.032260 send = 0.011306
[797] copy/comp = 0.225175 copy = 0.012404 compute = 0.055085 twid = 0.033893 send = 0.011222
[541] copy/comp = 0.236833 copy = 0.012483 compute = 0.052706 twid = 0.031194 send = 0.011189
[669] copy/comp = 0.230169 copy = 0.012466 compute = 0.054159 twid = 0.032946 send = 0.011412
[925] copy/comp = 0.222806 copy = 0.012427 compute = 0.055776 twid = 0.034672 send = 0.011464
[733] copy/comp = 0.226996 copy = 0.012440 compute = 0.054802 twid = 0.033528 send = 0.011341
[989] copy/comp = 0.222143 copy = 0.012434 compute = 0.055972 twid = 0.034896 send = 0.011556
[413] copy/comp = 0.249892 copy = 0.012588 compute = 0.050375 twid = 0.028547 send = 0.011207
[157] copy/comp = 0.271699 copy = 0.012474 compute = 0.045910 twid = 0.024646 send = 0.011263
[93] copy/comp = 0.280680 copy = 0.012485 compute = 0.044481 twid = 0.023304 send = 0.011371
[349] copy/comp = 0.254106 copy = 0.012469 compute = 0.049068 twid = 0.027643 send = 0.011311
[285] copy/comp = 0.258660 copy = 0.012440 compute = 0.048094 twid = 0.026843 send = 0.011294
[29] copy/comp = 0.289299 copy = 0.012406 compute = 0.042884 twid = 0.021478 send = 0.011190
[493] copy/comp = 0.243788 copy = 0.012652 compute = 0.051898 twid = 0.030494 send = 0.011324
[237] copy/comp = 0.264399 copy = 0.012678 compute = 0.047951 twid = 0.026796 send = 0.011377
[877] copy/comp = 0.226835 copy = 0.012585 compute = 0.055481 twid = 0.034421 send = 0.011567
[621] copy/comp = 0.235801 copy = 0.012641 compute = 0.053610 twid = 0.032402 send = 0.011320
[813] copy/comp = 0.226708 copy = 0.012494 compute = 0.055112 twid = 0.034013 send = 0.011416
[557] copy/comp = 0.240237 copy = 0.012667 compute = 0.052727 twid = 0.031487 send = 0.011439
[685] copy/comp = 0.232329 copy = 0.012589 compute = 0.054187 twid = 0.033132 send = 0.011588
[941] copy/comp = 0.222834 copy = 0.012463 compute = 0.055931 twid = 0.034781 send = 0.011530
[749] copy/comp = 0.229325 copy = 0.012545 compute = 0.054703 twid = 0.033649 send = 0.011608
[1005] copy/comp = 0.222721 copy = 0.012469 compute = 0.055984 twid = 0.034977 send = 0.011565
[429] copy/comp = 0.249059 copy = 0.012623 compute = 0.050682 twid = 0.029078 send = 0.011196
[173] copy/comp = 0.270353 copy = 0.012569 compute = 0.046490 twid = 0.025273 send = 0.011267
[109] copy/comp = 0.281015 copy = 0.012537 compute = 0.044613 twid = 0.023488 send = 0.011398
[364] copy/comp = 0.258530 copy = 0.012641 compute = 0.048896 twid = 0.027779 send = 0.011593
[301] copy/comp = 0.263652 copy = 0.012666 compute = 0.048041 twid = 0.027063 send = 0.011573
[44] copy/comp = 0.290379 copy = 0.012465 compute = 0.042926 twid = 0.021775 send = 0.011131
[508] copy/comp = 0.245034 copy = 0.012741 compute = 0.051997 twid = 0.030766 send = 0.011134
[252] copy/comp = 0.265063 copy = 0.012671 compute = 0.047802 twid = 0.026748 send = 0.011044
[892] copy/comp = 0.228663 copy = 0.012681 compute = 0.055457 twid = 0.034529 send = 0.011274
[636] copy/comp = 0.236343 copy = 0.012728 compute = 0.053856 twid = 0.032705 send = 0.011197
[828] copy/comp = 0.230292 copy = 0.012681 compute = 0.055065 twid = 0.034135 send = 0.011385
[572] copy/comp = 0.240504 copy = 0.012736 compute = 0.052954 twid = 0.031745 send = 0.011105
[700] copy/comp = 0.233922 copy = 0.012683 compute = 0.054217 twid = 0.033257 send = 0.011363
[956] copy/comp = 0.224922 copy = 0.012535 compute = 0.055730 twid = 0.034771 send = 0.011534
[764] copy/comp = 0.231617 copy = 0.012667 compute = 0.054689 twid = 0.033714 send = 0.011272
[1020] copy/comp = 0.223684 copy = 0.012506 compute = 0.055909 twid = 0.034926 send = 0.011382
[444] copy/comp = 0.251131 copy = 0.012680 compute = 0.050493 twid = 0.029312 send = 0.011057
[188] copy/comp = 0.270546 copy = 0.012657 compute = 0.046784 twid = 0.025815 send = 0.011133
[124] copy/comp = 0.282640 copy = 0.012631 compute = 0.044689 twid = 0.023663 send = 0.011372
[379] copy/comp = 0.259230 copy = 0.012714 compute = 0.049045 twid = 0.027885 send = 0.011704
[315] copy/comp = 0.265045 copy = 0.012757 compute = 0.048132 twid = 0.027286 send = 0.011713
[59] copy/comp = 0.291488 copy = 0.012693 compute = 0.043545 twid = 0.022536 send = 0.011426
[462] copy/comp = 0.240810 copy = 0.012479 compute = 0.051821 twid = 0.029860 send = 0.010888
[206] copy/comp = 0.269167 copy = 0.012944 compute = 0.048087 twid = 0.026135 send = 0.011116
[846] copy/comp = 0.221215 copy = 0.012391 compute = 0.056011 twid = 0.034255 send = 0.010841
[590] copy/comp = 0.230886 copy = 0.012446 compute = 0.053907 twid = 0.032021 send = 0.010996
[782] copy/comp = 0.233332 copy = 0.012889 compute = 0.055239 twid = 0.033785 send = 0.011333
[526] copy/comp = 0.235942 copy = 0.012447 compute = 0.052752 twid = 0.030914 send = 0.010912
[654] copy/comp = 0.227507 copy = 0.012405 compute = 0.054527 twid = 0.032822 send = 0.010964
[910] copy/comp = 0.221722 copy = 0.012400 compute = 0.055927 twid = 0.034602 send = 0.011108
[718] copy/comp = 0.225695 copy = 0.012406 compute = 0.054969 twid = 0.033413 send = 0.011016
[974] copy/comp = 0.226057 copy = 0.012683 compute = 0.056106 twid = 0.034846 send = 0.011466
[398] copy/comp = 0.250732 copy = 0.012492 compute = 0.049823 twid = 0.028191 send = 0.010998
[142] copy/comp = 0.274225 copy = 0.012427 compute = 0.045318 twid = 0.024055 send = 0.011024
[78] copy/comp = 0.279075 copy = 0.012428 compute = 0.044533 twid = 0.023039 send = 0.011064
[334] copy/comp = 0.251788 copy = 0.012415 compute = 0.049306 twid = 0.027454 send = 0.010931
[270] copy/comp = 0.257628 copy = 0.012422 compute = 0.048216 twid = 0.026704 send = 0.010924
[478] copy/comp = 0.241193 copy = 0.012520 compute = 0.051909 twid = 0.030158 send = 0.010914
[222] copy/comp = 0.261535 copy = 0.012533 compute = 0.047919 twid = 0.026477 send = 0.010753
[862] copy/comp = 0.224665 copy = 0.012481 compute = 0.055553 twid = 0.034324 send = 0.011243
[606] copy/comp = 0.233129 copy = 0.012515 compute = 0.053681 twid = 0.032271 send = 0.011053
[798] copy/comp = 0.224967 copy = 0.012413 compute = 0.055177 twid = 0.033883 send = 0.011021
[542] copy/comp = 0.236763 copy = 0.012487 compute = 0.052742 twid = 0.031220 send = 0.010969
[670] copy/comp = 0.229706 copy = 0.012471 compute = 0.054293 twid = 0.033029 send = 0.011133
[926] copy/comp = 0.222944 copy = 0.012437 compute = 0.055785 twid = 0.034702 send = 0.011212
[734] copy/comp = 0.227170 copy = 0.012455 compute = 0.054826 twid = 0.033569 send = 0.011159
[990] copy/comp = 0.221995 copy = 0.012430 compute = 0.055992 twid = 0.034953 send = 0.011150
[414] copy/comp = 0.250598 copy = 0.012609 compute = 0.050316 twid = 0.028582 send = 0.010909
[158] copy/comp = 0.270533 copy = 0.012469 compute = 0.046091 twid = 0.024703 send = 0.010998
[94] copy/comp = 0.280409 copy = 0.012486 compute = 0.044527 twid = 0.023292 send = 0.011224
[350] copy/comp = 0.254013 copy = 0.012467 compute = 0.049082 twid = 0.027605 send = 0.011083
[286] copy/comp = 0.258952 copy = 0.012451 compute = 0.048083 twid = 0.026860 send = 0.010975
[30] copy/comp = 0.289916 copy = 0.012417 compute = 0.042828 twid = 0.021465 send = 0.010925
[494] copy/comp = 0.243538 copy = 0.012646 compute = 0.051928 twid = 0.030525 send = 0.010955
[238] copy/comp = 0.263185 copy = 0.012620 compute = 0.047950 twid = 0.026795 send = 0.011035
[878] copy/comp = 0.226015 copy = 0.012556 compute = 0.055552 twid = 0.034443 send = 0.011254
[622] copy/comp = 0.235034 copy = 0.012626 compute = 0.053721 twid = 0.032500 send = 0.010951
[814] copy/comp = 0.225838 copy = 0.012455 compute = 0.055151 twid = 0.034006 send = 0.011121
[558] copy/comp = 0.240591 copy = 0.012677 compute = 0.052691 twid = 0.031453 send = 0.011063
[686] copy/comp = 0.231705 copy = 0.012565 compute = 0.054228 twid = 0.033158 send = 0.011227
[942] copy/comp = 0.223371 copy = 0.012453 compute = 0.055749 twid = 0.034637 send = 0.011139
[750] copy/comp = 0.228820 copy = 0.012529 compute = 0.054756 twid = 0.033714 send = 0.011229
[1006] copy/comp = 0.222267 copy = 0.012437 compute = 0.055953 twid = 0.034942 send = 0.011196
[430] copy/comp = 0.247616 copy = 0.012556 compute = 0.050708 twid = 0.029101 send = 0.010871
[174] copy/comp = 0.269087 copy = 0.012510 compute = 0.046492 twid = 0.025300 send = 0.011175
[110] copy/comp = 0.281172 copy = 0.012533 compute = 0.044574 twid = 0.023517 send = 0.011100
[365] copy/comp = 0.257143 copy = 0.012599 compute = 0.048997 twid = 0.027785 send = 0.011549
[302] copy/comp = 0.263218 copy = 0.012641 compute = 0.048025 twid = 0.027102 send = 0.011208
[45] copy/comp = 0.290545 copy = 0.012471 compute = 0.042924 twid = 0.021795 send = 0.011389
[509] copy/comp = 0.243799 copy = 0.012707 compute = 0.052121 twid = 0.030748 send = 0.011345
[253] copy/comp = 0.263904 copy = 0.012622 compute = 0.047828 twid = 0.026769 send = 0.011177
[893] copy/comp = 0.228031 copy = 0.012661 compute = 0.055522 twid = 0.034540 send = 0.011618
[637] copy/comp = 0.235893 copy = 0.012703 compute = 0.053851 twid = 0.032701 send = 0.011540
[829] copy/comp = 0.229978 copy = 0.012668 compute = 0.055083 twid = 0.034132 send = 0.011757
[573] copy/comp = 0.240359 copy = 0.012743 compute = 0.053017 twid = 0.031818 send = 0.011443
[701] copy/comp = 0.233984 copy = 0.012695 compute = 0.054254 twid = 0.033274 send = 0.011668
[957] copy/comp = 0.224642 copy = 0.012530 compute = 0.055779 twid = 0.034791 send = 0.011648
[765] copy/comp = 0.230995 copy = 0.012626 compute = 0.054658 twid = 0.033695 send = 0.011730
[1021] copy/comp = 0.223546 copy = 0.012494 compute = 0.055892 twid = 0.034950 send = 0.011683
[445] copy/comp = 0.249217 copy = 0.012670 compute = 0.050838 twid = 0.029556 send = 0.011393
[189] copy/comp = 0.270749 copy = 0.012668 compute = 0.046788 twid = 0.025849 send = 0.011328
[125] copy/comp = 0.282324 copy = 0.012615 compute = 0.044684 twid = 0.023714 send = 0.011501
[380] copy/comp = 0.260003 copy = 0.012727 compute = 0.048950 twid = 0.027914 send = 0.011459
[316] copy/comp = 0.265733 copy = 0.012780 compute = 0.048095 twid = 0.027247 send = 0.011380
[60] copy/comp = 0.290868 copy = 0.012686 compute = 0.043615 twid = 0.022634 send = 0.011031
[463] copy/comp = 0.240322 copy = 0.012458 compute = 0.051838 twid = 0.029916 send = 0.011191
[207] copy/comp = 0.268595 copy = 0.012925 compute = 0.048120 twid = 0.026195 send = 0.011480
[847] copy/comp = 0.220923 copy = 0.012388 compute = 0.056075 twid = 0.034269 send = 0.011324
[591] copy/comp = 0.230666 copy = 0.012427 compute = 0.053873 twid = 0.032015 send = 0.011140
[783] copy/comp = 0.232761 copy = 0.012855 compute = 0.055228 twid = 0.033793 send = 0.011630
[527] copy/comp = 0.235826 copy = 0.012436 compute = 0.052735 twid = 0.030943 send = 0.011102
[655] copy/comp = 0.227008 copy = 0.012388 compute = 0.054572 twid = 0.032870 send = 0.011151
[911] copy/comp = 0.221568 copy = 0.012390 compute = 0.055918 twid = 0.034604 send = 0.011322
[719] copy/comp = 0.226058 copy = 0.012389 compute = 0.054805 twid = 0.033301 send = 0.011196
[975] copy/comp = 0.229352 copy = 0.012874 compute = 0.056134 twid = 0.034853 send = 0.011627
[399] copy/comp = 0.250285 copy = 0.012485 compute = 0.049881 twid = 0.028273 send = 0.011199
[143] copy/comp = 0.273720 copy = 0.012428 compute = 0.045405 twid = 0.024080 send = 0.011300
[79] copy/comp = 0.277961 copy = 0.012416 compute = 0.044666 twid = 0.023063 send = 0.011339
[335] copy/comp = 0.251440 copy = 0.012406 compute = 0.049340 twid = 0.027488 send = 0.011217
[271] copy/comp = 0.257797 copy = 0.012412 compute = 0.048146 twid = 0.026719 send = 0.011219
[479] copy/comp = 0.240794 copy = 0.012507 compute = 0.051942 twid = 0.030188 send = 0.011328
[223] copy/comp = 0.262040 copy = 0.012564 compute = 0.047946 twid = 0.026488 send = 0.011304
[863] copy/comp = 0.224459 copy = 0.012487 compute = 0.055631 twid = 0.034359 send = 0.011616
[607] copy/comp = 0.233609 copy = 0.012528 compute = 0.053629 twid = 0.032238 send = 0.011435
[799] copy/comp = 0.225368 copy = 0.012407 compute = 0.055052 twid = 0.033830 send = 0.011235
[543] copy/comp = 0.236877 copy = 0.012487 compute = 0.052715 twid = 0.031227 send = 0.011243
[671] copy/comp = 0.229651 copy = 0.012460 compute = 0.054258 twid = 0.033010 send = 0.011512
[927] copy/comp = 0.222967 copy = 0.012426 compute = 0.055729 twid = 0.034641 send = 0.011358
[735] copy/comp = 0.226942 copy = 0.012437 compute = 0.054804 twid = 0.033567 send = 0.011391
[991] copy/comp = 0.221927 copy = 0.012424 compute = 0.055982 twid = 0.034939 send = 0.011341
[415] copy/comp = 0.251018 copy = 0.012643 compute = 0.050365 twid = 0.028674 send = 0.011366
[159] copy/comp = 0.272371 copy = 0.012564 compute = 0.046129 twid = 0.024766 send = 0.011710
[95] copy/comp = 0.279750 copy = 0.012483 compute = 0.044623 twid = 0.023300 send = 0.011548
[351] copy/comp = 0.254024 copy = 0.012475 compute = 0.049111 twid = 0.027642 send = 0.011341
[287] copy/comp = 0.258823 copy = 0.012440 compute = 0.048066 twid = 0.026867 send = 0.011264
[31] copy/comp = 0.289172 copy = 0.012405 compute = 0.042899 twid = 0.021475 send = 0.011207
[495] copy/comp = 0.248261 copy = 0.012907 compute = 0.051989 twid = 0.030555 send = 0.011683
[239] copy/comp = 0.269591 copy = 0.012957 compute = 0.048062 twid = 0.026808 send = 0.011854
[879] copy/comp = 0.227083 copy = 0.012624 compute = 0.055591 twid = 0.034480 send = 0.011793
[623] copy/comp = 0.237575 copy = 0.012756 compute = 0.053692 twid = 0.032490 send = 0.011773
[815] copy/comp = 0.226918 copy = 0.012497 compute = 0.055074 twid = 0.033996 send = 0.011496
[559] copy/comp = 0.242003 copy = 0.012747 compute = 0.052674 twid = 0.031504 send = 0.011707
[687] copy/comp = 0.232762 copy = 0.012621 compute = 0.054222 twid = 0.033156 send = 0.011716
[943] copy/comp = 0.223297 copy = 0.012472 compute = 0.055856 twid = 0.034766 send = 0.011453
[751] copy/comp = 0.229550 copy = 0.012564 compute = 0.054732 twid = 0.033649 send = 0.011700
[1007] copy/comp = 0.222331 copy = 0.012451 compute = 0.056003 twid = 0.034987 send = 0.011404
[431] copy/comp = 0.254510 copy = 0.012965 compute = 0.050939 twid = 0.029182 send = 0.011842
[175] copy/comp = 0.272865 copy = 0.012765 compute = 0.046781 twid = 0.025569 send = 0.011642
[111] copy/comp = 0.282036 copy = 0.012581 compute = 0.044609 twid = 0.023525 send = 0.011626
[366] copy/comp = 0.257443 copy = 0.012609 compute = 0.048979 twid = 0.027773 send = 0.011266
[303] copy/comp = 0.263098 copy = 0.012652 compute = 0.048090 twid = 0.027112 send = 0.011662
[46] copy/comp = 0.290158 copy = 0.012476 compute = 0.042996 twid = 0.021880 send = 0.011120
[510] copy/comp = 0.243808 copy = 0.012711 compute = 0.052136 twid = 0.030796 send = 0.011046
[254] copy/comp = 0.264166 copy = 0.012626 compute = 0.047797 twid = 0.026748 send = 0.010979
[894] copy/comp = 0.228458 copy = 0.012690 compute = 0.055544 twid = 0.034574 send = 0.011287
[638] copy/comp = 0.236428 copy = 0.012714 compute = 0.053774 twid = 0.032649 send = 0.011203
[830] copy/comp = 0.230336 copy = 0.012702 compute = 0.055144 twid = 0.034148 send = 0.011415
[574] copy/comp = 0.240898 copy = 0.012762 compute = 0.052978 twid = 0.031802 send = 0.011080
[702] copy/comp = 0.234478 copy = 0.012728 compute = 0.054284 twid = 0.033290 send = 0.011317
[958] copy/comp = 0.224585 copy = 0.012535 compute = 0.055814 twid = 0.034807 send = 0.011296
[766] copy/comp = 0.230785 copy = 0.012619 compute = 0.054680 twid = 0.033721 send = 0.011374
[1022] copy/comp = 0.223129 copy = 0.012487 compute = 0.055964 twid = 0.034979 send = 0.011225
[446] copy/comp = 0.247673 copy = 0.012597 compute = 0.050863 twid = 0.029560 send = 0.011011
[190] copy/comp = 0.269523 copy = 0.012614 compute = 0.046802 twid = 0.025851 send = 0.011063
[126] copy/comp = 0.281824 copy = 0.012596 compute = 0.044694 twid = 0.023700 send = 0.011226
[381] copy/comp = 0.259484 copy = 0.012723 compute = 0.049031 twid = 0.027903 send = 0.011657
[317] copy/comp = 0.265570 copy = 0.012790 compute = 0.048162 twid = 0.027290 send = 0.011620
[61] copy/comp = 0.291737 copy = 0.012726 compute = 0.043621 twid = 0.022657 send = 0.011285
[367] copy/comp = 0.258658 copy = 0.012680 compute = 0.049020 twid = 0.027793 send = 0.011641
[47] copy/comp = 0.290336 copy = 0.012507 compute = 0.043077 twid = 0.021919 send = 0.011482
[511] copy/comp = 0.250996 copy = 0.013113 compute = 0.052245 twid = 0.030784 send = 0.012134
[255] copy/comp = 0.268217 copy = 0.012837 compute = 0.047860 twid = 0.026797 send = 0.011499
[895] copy/comp = 0.229415 copy = 0.012749 compute = 0.055574 twid = 0.034593 send = 0.011913
[639] copy/comp = 0.241161 copy = 0.012994 compute = 0.053879 twid = 0.032754 send = 0.012259
[831] copy/comp = 0.230555 copy = 0.012682 compute = 0.055006 twid = 0.034086 send = 0.012128
[575] copy/comp = 0.246618 copy = 0.013078 compute = 0.053028 twid = 0.031867 send = 0.012197
[703] copy/comp = 0.235300 copy = 0.012768 compute = 0.054262 twid = 0.033306 send = 0.012006
[959] copy/comp = 0.225199 copy = 0.012546 compute = 0.055709 twid = 0.034736 send = 0.011717
[767] copy/comp = 0.231328 copy = 0.012637 compute = 0.054628 twid = 0.033691 send = 0.012163
[1023] copy/comp = 0.223457 copy = 0.012489 compute = 0.055889 twid = 0.034924 send = 0.011509
[447] copy/comp = 0.257130 copy = 0.013302 compute = 0.051733 twid = 0.029825 send = 0.012312
[191] copy/comp = 0.273775 copy = 0.012999 compute = 0.047481 twid = 0.026504 send = 0.012004
[127] copy/comp = 0.285316 copy = 0.012765 compute = 0.044740 twid = 0.023739 send = 0.011859
[382] copy/comp = 0.259875 copy = 0.012741 compute = 0.049026 twid = 0.027908 send = 0.011419
[318] copy/comp = 0.266860 copy = 0.012839 compute = 0.048110 twid = 0.027311 send = 0.011323
[62] copy/comp = 0.290793 copy = 0.012695 compute = 0.043656 twid = 0.022717 send = 0.011039
[383] copy/comp = 0.260034 copy = 0.012767 compute = 0.049097 twid = 0.027942 send = 0.011873
[319] copy/comp = 0.266286 copy = 0.012833 compute = 0.048192 twid = 0.027326 send = 0.012058
[63] copy/comp = 0.293434 copy = 0.012839 compute = 0.043754 twid = 0.022760 send = 0.011905
End of program
