Charm++> Running on Non-smp mode
Converse/Charm++ Commit ID: v6.3.0-631-gd27dc40
[0] isomalloc.c> Disabling isomalloc because isomalloc disabled by conv-mach
Charm++> Running on 16 unique compute nodes (4-way SMP).
TRANSPOSING
TRANSPOSING
TRANSPOSING
FFT on 16384 elements with 512 chares took 7.773201 time at 4.834683 GFlop/s
[0] copy/comp = 0.133054 copy = 0.050484 compute = 0.379426 twid = 0.164181 send = 0.005013
[1] copy/comp = 0.130740 copy = 0.050678 compute = 0.387620 twid = 0.171607 send = 0.004904
[8] copy/comp = 0.137607 copy = 0.052771 compute = 0.383489 twid = 0.166977 send = 0.005061
[16] copy/comp = 0.140433 copy = 0.053744 compute = 0.382705 twid = 0.167007 send = 0.004928
[224] copy/comp = 0.122282 copy = 0.055062 compute = 0.450289 twid = 0.233886 send = 0.005040
[288] copy/comp = 0.117074 copy = 0.055034 compute = 0.470080 twid = 0.253545 send = 0.005015
[384] copy/comp = 0.135457 copy = 0.066305 compute = 0.489494 twid = 0.273486 send = 0.005872
[480] copy/comp = 0.114820 copy = 0.057081 compute = 0.497134 twid = 0.278151 send = 0.005182
[64] copy/comp = 0.138293 copy = 0.054831 compute = 0.396486 twid = 0.182004 send = 0.004992
[416] copy/comp = 0.110210 copy = 0.054752 compute = 0.496798 twid = 0.272863 send = 0.004999
[96] copy/comp = 0.131816 copy = 0.054743 compute = 0.415300 twid = 0.200743 send = 0.005083
[32] copy/comp = 0.137104 copy = 0.054967 compute = 0.400915 twid = 0.186402 send = 0.004904
[160] copy/comp = 0.134995 copy = 0.058183 compute = 0.431003 twid = 0.215174 send = 0.005507
[256] copy/comp = 0.119474 copy = 0.054908 compute = 0.459580 twid = 0.243857 send = 0.005097
[320] copy/comp = 0.115726 copy = 0.055109 compute = 0.476205 twid = 0.260432 send = 0.005149
[448] copy/comp = 0.110791 copy = 0.054806 compute = 0.494677 twid = 0.276419 send = 0.004951
[352] copy/comp = 0.114272 copy = 0.054958 compute = 0.480936 twid = 0.265290 send = 0.005038
[192] copy/comp = 0.125714 copy = 0.054911 compute = 0.436795 twid = 0.220652 send = 0.005020
[128] copy/comp = 0.124872 copy = 0.054860 compute = 0.439332 twid = 0.209488 send = 0.005144
[2] copy/comp = 0.130797 copy = 0.050640 compute = 0.387167 twid = 0.171574 send = 0.004703
[232] copy/comp = 0.123256 copy = 0.055832 compute = 0.452972 twid = 0.236818 send = 0.005386
[104] copy/comp = 0.129725 copy = 0.054854 compute = 0.422850 twid = 0.207482 send = 0.005129
[424] copy/comp = 0.124325 copy = 0.061445 compute = 0.494232 twid = 0.273876 send = 0.005744
[296] copy/comp = 0.116894 copy = 0.055066 compute = 0.471072 twid = 0.254587 send = 0.005052
[392] copy/comp = 0.110061 copy = 0.055381 compute = 0.503180 twid = 0.269986 send = 0.005097
[264] copy/comp = 0.123711 copy = 0.057359 compute = 0.463650 twid = 0.247510 send = 0.005123
[328] copy/comp = 0.115596 copy = 0.055228 compute = 0.477764 twid = 0.261722 send = 0.005192
[456] copy/comp = 0.139858 copy = 0.071010 compute = 0.507728 twid = 0.291373 send = 0.006111
[168] copy/comp = 0.127511 copy = 0.055239 compute = 0.433211 twid = 0.216853 send = 0.005001
[360] copy/comp = 0.113752 copy = 0.054925 compute = 0.482847 twid = 0.266533 send = 0.005004
[488] copy/comp = 0.114857 copy = 0.057159 compute = 0.497652 twid = 0.278178 send = 0.005141
[200] copy/comp = 0.129127 copy = 0.056692 compute = 0.439042 twid = 0.222918 send = 0.005421
[72] copy/comp = 0.143324 copy = 0.057496 compute = 0.401159 twid = 0.185028 send = 0.005062
[40] copy/comp = 0.153037 copy = 0.061920 compute = 0.404607 twid = 0.190577 send = 0.005665
[136] copy/comp = 0.129866 copy = 0.057148 compute = 0.440052 twid = 0.209760 send = 0.005006
[240] copy/comp = 0.123205 copy = 0.056084 compute = 0.455205 twid = 0.239551 send = 0.005384
[112] copy/comp = 0.130556 copy = 0.055278 compute = 0.423403 twid = 0.207429 send = 0.005110
[432] copy/comp = 0.122274 copy = 0.061045 compute = 0.499248 twid = 0.283321 send = 0.005582
[400] copy/comp = 0.115799 copy = 0.056936 compute = 0.491681 twid = 0.270949 send = 0.005128
[304] copy/comp = 0.117362 copy = 0.055386 compute = 0.471922 twid = 0.256502 send = 0.005096
[272] copy/comp = 0.124058 copy = 0.057634 compute = 0.464573 twid = 0.249146 send = 0.005179
[464] copy/comp = 0.111187 copy = 0.055032 compute = 0.494948 twid = 0.277190 send = 0.005001
[336] copy/comp = 0.115770 copy = 0.055519 compute = 0.479560 twid = 0.264050 send = 0.005303
[368] copy/comp = 0.114271 copy = 0.055228 compute = 0.483306 twid = 0.267519 send = 0.005030
[208] copy/comp = 0.125460 copy = 0.055709 compute = 0.444037 twid = 0.228457 send = 0.004956
[48] copy/comp = 0.128359 copy = 0.054933 compute = 0.427964 twid = 0.180200 send = 0.004930
[496] copy/comp = 0.115199 copy = 0.057308 compute = 0.497466 twid = 0.278492 send = 0.005154
[80] copy/comp = 0.142445 copy = 0.057759 compute = 0.405479 twid = 0.191347 send = 0.005037
[176] copy/comp = 0.127706 copy = 0.055429 compute = 0.434031 twid = 0.218246 send = 0.005012
[144] copy/comp = 0.129011 copy = 0.055251 compute = 0.428262 twid = 0.214991 send = 0.005006
[248] copy/comp = 0.124989 copy = 0.057264 compute = 0.458154 twid = 0.242362 send = 0.006110
[440] copy/comp = 0.110973 copy = 0.055037 compute = 0.495948 twid = 0.275729 send = 0.005004
[120] copy/comp = 0.130750 copy = 0.055438 compute = 0.423996 twid = 0.209331 send = 0.005185
[312] copy/comp = 0.117024 copy = 0.055489 compute = 0.474167 twid = 0.258350 send = 0.005088
[408] copy/comp = 0.113847 copy = 0.057003 compute = 0.500697 twid = 0.271181 send = 0.005126
[280] copy/comp = 0.122614 copy = 0.057304 compute = 0.467358 twid = 0.251509 send = 0.005199
[344] copy/comp = 0.115407 copy = 0.055410 compute = 0.480128 twid = 0.264135 send = 0.005330
[472] copy/comp = 0.105157 copy = 0.055133 compute = 0.524289 twid = 0.291302 send = 0.004992
[376] copy/comp = 0.120860 copy = 0.058543 compute = 0.484383 twid = 0.268392 send = 0.006252
[216] copy/comp = 0.131926 copy = 0.059047 compute = 0.447576 twid = 0.231898 send = 0.006065
[88] copy/comp = 0.135368 copy = 0.055815 compute = 0.412316 twid = 0.196479 send = 0.004996
[152] copy/comp = 0.132148 copy = 0.059485 compute = 0.450139 twid = 0.236852 send = 0.005460
[225] copy/comp = 0.120891 copy = 0.054696 compute = 0.452436 twid = 0.235843 send = 0.004919
[97] copy/comp = 0.130074 copy = 0.054703 compute = 0.420554 twid = 0.204622 send = 0.005084
[417] copy/comp = 0.111762 copy = 0.054713 compute = 0.489546 twid = 0.273017 send = 0.004905
[289] copy/comp = 0.115968 copy = 0.054573 compute = 0.470592 twid = 0.253853 send = 0.004977
[385] copy/comp = 0.136894 copy = 0.067523 compute = 0.493252 twid = 0.269805 send = 0.005987
[257] copy/comp = 0.118264 copy = 0.054618 compute = 0.461828 twid = 0.245289 send = 0.004944
[321] copy/comp = 0.114410 copy = 0.054543 compute = 0.476733 twid = 0.260530 send = 0.005050
[449] copy/comp = 0.111166 copy = 0.054660 compute = 0.491699 twid = 0.276249 send = 0.004944
[353] copy/comp = 0.113247 copy = 0.054657 compute = 0.482635 twid = 0.266504 send = 0.005289
[481] copy/comp = 0.114825 copy = 0.056733 compute = 0.494082 twid = 0.278092 send = 0.004999
[193] copy/comp = 0.124310 copy = 0.054575 compute = 0.439022 twid = 0.222592 send = 0.004883
[65] copy/comp = 0.135616 copy = 0.054629 compute = 0.402822 twid = 0.186811 send = 0.004957
[33] copy/comp = 0.137644 copy = 0.054713 compute = 0.397499 twid = 0.181669 send = 0.004928
[161] copy/comp = 0.126601 copy = 0.054858 compute = 0.433319 twid = 0.217433 send = 0.004978
[129] copy/comp = 0.128352 copy = 0.054676 compute = 0.425981 twid = 0.212136 send = 0.005136
[3] copy/comp = 0.130187 copy = 0.050560 compute = 0.388361 twid = 0.171567 send = 0.004730
[233] copy/comp = 0.121730 copy = 0.055439 compute = 0.455427 twid = 0.239046 send = 0.004920
[105] copy/comp = 0.129818 copy = 0.054912 compute = 0.422993 twid = 0.207866 send = 0.005008
[425] copy/comp = 0.112089 copy = 0.054942 compute = 0.490166 twid = 0.273961 send = 0.004903
[297] copy/comp = 0.116127 copy = 0.054843 compute = 0.472268 twid = 0.255863 send = 0.004951
[393] copy/comp = 0.112283 copy = 0.054609 compute = 0.486350 twid = 0.270087 send = 0.005054
[265] copy/comp = 0.118396 copy = 0.054869 compute = 0.463438 twid = 0.247134 send = 0.005012
[329] copy/comp = 0.114170 copy = 0.054674 compute = 0.478880 twid = 0.262591 send = 0.005048
[457] copy/comp = 0.111067 copy = 0.054689 compute = 0.492400 twid = 0.276701 send = 0.004905
[361] copy/comp = 0.113126 copy = 0.054747 compute = 0.483949 twid = 0.267559 send = 0.004843
[489] copy/comp = 0.114853 copy = 0.056846 compute = 0.494948 twid = 0.278691 send = 0.005037
[201] copy/comp = 0.123947 copy = 0.054714 compute = 0.441431 twid = 0.224995 send = 0.004934
[73] copy/comp = 0.134802 copy = 0.054841 compute = 0.406821 twid = 0.190352 send = 0.005004
[41] copy/comp = 0.143239 copy = 0.056649 compute = 0.395485 twid = 0.180153 send = 0.005768
[169] copy/comp = 0.125759 copy = 0.054737 compute = 0.435253 twid = 0.218950 send = 0.004864
[137] copy/comp = 0.127967 copy = 0.054702 compute = 0.427469 twid = 0.213437 send = 0.004946
[9] copy/comp = 0.130974 copy = 0.050847 compute = 0.388226 twid = 0.171717 send = 0.004903
[241] copy/comp = 0.122235 copy = 0.055874 compute = 0.457105 twid = 0.241525 send = 0.004898
[113] copy/comp = 0.130864 copy = 0.055453 compute = 0.423743 twid = 0.207816 send = 0.004999
[433] copy/comp = 0.132821 copy = 0.066055 compute = 0.497322 twid = 0.274971 send = 0.005676
[305] copy/comp = 0.123486 copy = 0.058576 compute = 0.474350 twid = 0.257799 send = 0.005193
[401] copy/comp = 0.112679 copy = 0.054875 compute = 0.487002 twid = 0.270977 send = 0.004968
[273] copy/comp = 0.118275 copy = 0.055017 compute = 0.465159 twid = 0.249482 send = 0.004971
[337] copy/comp = 0.114613 copy = 0.054958 compute = 0.479513 twid = 0.263789 send = 0.005059
[465] copy/comp = 0.117093 copy = 0.057666 compute = 0.492480 twid = 0.277384 send = 0.005284
[369] copy/comp = 0.113563 copy = 0.055015 compute = 0.484439 twid = 0.268596 send = 0.005233
[497] copy/comp = 0.111601 copy = 0.055232 compute = 0.494903 twid = 0.279241 send = 0.004993
[209] copy/comp = 0.130144 copy = 0.057870 compute = 0.444660 twid = 0.229052 send = 0.005479
[81] copy/comp = 0.134568 copy = 0.055375 compute = 0.411500 twid = 0.196011 send = 0.004959
[49] copy/comp = 0.137773 copy = 0.054695 compute = 0.396992 twid = 0.184683 send = 0.004951
[177] copy/comp = 0.126201 copy = 0.055186 compute = 0.437290 twid = 0.221225 send = 0.004898
[145] copy/comp = 0.128799 copy = 0.054916 compute = 0.426371 twid = 0.213023 send = 0.004903
[17] copy/comp = 0.138637 copy = 0.053734 compute = 0.387588 twid = 0.171772 send = 0.004997
[249] copy/comp = 0.121150 copy = 0.055695 compute = 0.459723 twid = 0.244163 send = 0.004898
[121] copy/comp = 0.130612 copy = 0.055696 compute = 0.426422 twid = 0.212075 send = 0.004990
[441] copy/comp = 0.111680 copy = 0.054910 compute = 0.491672 twid = 0.275751 send = 0.004899
[313] copy/comp = 0.115984 copy = 0.055145 compute = 0.475452 twid = 0.259666 send = 0.004915
[409] copy/comp = 0.112605 copy = 0.054956 compute = 0.488037 twid = 0.272059 send = 0.005109
[281] copy/comp = 0.118345 copy = 0.055317 compute = 0.467423 twid = 0.251762 send = 0.004969
[345] copy/comp = 0.114497 copy = 0.055097 compute = 0.481209 twid = 0.265248 send = 0.005096
[473] copy/comp = 0.110624 copy = 0.054844 compute = 0.495770 twid = 0.277761 send = 0.005024
[377] copy/comp = 0.114270 copy = 0.055427 compute = 0.485058 twid = 0.269292 send = 0.004919
[504] copy/comp = 0.136948 copy = 0.068113 compute = 0.497367 twid = 0.279416 send = 0.006455
[217] copy/comp = 0.123980 copy = 0.055529 compute = 0.447888 twid = 0.232260 send = 0.004901
[89] copy/comp = 0.132957 copy = 0.055370 compute = 0.416450 twid = 0.200795 send = 0.004947
[56] copy/comp = 0.138271 copy = 0.055283 compute = 0.399818 twid = 0.185722 send = 0.004906
[184] copy/comp = 0.128023 copy = 0.055749 compute = 0.435460 twid = 0.219492 send = 0.005082
[153] copy/comp = 0.130678 copy = 0.056212 compute = 0.430159 twid = 0.217040 send = 0.004936
[24] copy/comp = 0.139215 copy = 0.053818 compute = 0.386577 twid = 0.170692 send = 0.005052
[226] copy/comp = 0.121071 copy = 0.054615 compute = 0.451095 twid = 0.234906 send = 0.004843
[98] copy/comp = 0.129391 copy = 0.054498 compute = 0.421189 twid = 0.205046 send = 0.004774
[418] copy/comp = 0.112205 copy = 0.054827 compute = 0.488636 twid = 0.273186 send = 0.004768
[290] copy/comp = 0.116609 copy = 0.054781 compute = 0.469786 twid = 0.254062 send = 0.004817
[386] copy/comp = 0.113124 copy = 0.054813 compute = 0.484538 twid = 0.269721 send = 0.004837
[258] copy/comp = 0.118441 copy = 0.054588 compute = 0.460889 twid = 0.245597 send = 0.004792
[322] copy/comp = 0.114701 copy = 0.054714 compute = 0.477016 twid = 0.261639 send = 0.004844
[450] copy/comp = 0.113788 copy = 0.055861 compute = 0.490921 twid = 0.276389 send = 0.004800
[354] copy/comp = 0.113677 copy = 0.054758 compute = 0.481699 twid = 0.266636 send = 0.004814
[482] copy/comp = 0.111197 copy = 0.054895 compute = 0.493672 twid = 0.278372 send = 0.004875
[194] copy/comp = 0.124605 copy = 0.054694 compute = 0.438938 twid = 0.222665 send = 0.004799
[66] copy/comp = 0.135520 copy = 0.054618 compute = 0.403025 twid = 0.186877 send = 0.004832
[34] copy/comp = 0.138678 copy = 0.055033 compute = 0.396837 twid = 0.182122 send = 0.004840
[162] copy/comp = 0.126292 copy = 0.054748 compute = 0.433501 twid = 0.217628 send = 0.004891
[130] copy/comp = 0.134160 copy = 0.057171 compute = 0.426143 twid = 0.212190 send = 0.004998
[4] copy/comp = 0.130170 copy = 0.050538 compute = 0.388244 twid = 0.171648 send = 0.004747
[234] copy/comp = 0.121632 copy = 0.055427 compute = 0.455696 twid = 0.239498 send = 0.004821
[106] copy/comp = 0.128975 copy = 0.054726 compute = 0.424312 twid = 0.208193 send = 0.004803
[426] copy/comp = 0.112254 copy = 0.054940 compute = 0.489428 twid = 0.274096 send = 0.004741
[298] copy/comp = 0.116405 copy = 0.054898 compute = 0.471615 twid = 0.256096 send = 0.004837
[394] copy/comp = 0.112804 copy = 0.054790 compute = 0.485716 twid = 0.270089 send = 0.004790
[266] copy/comp = 0.118444 copy = 0.054803 compute = 0.462690 twid = 0.247395 send = 0.004876
[330] copy/comp = 0.114939 copy = 0.054997 compute = 0.478488 twid = 0.262964 send = 0.004821
[458] copy/comp = 0.111572 copy = 0.054863 compute = 0.491728 twid = 0.276887 send = 0.004787
[362] copy/comp = 0.113468 copy = 0.054842 compute = 0.483326 twid = 0.267743 send = 0.004769
[490] copy/comp = 0.111233 copy = 0.054956 compute = 0.494062 twid = 0.278566 send = 0.004816
[202] copy/comp = 0.124279 copy = 0.054909 compute = 0.441818 twid = 0.225499 send = 0.004817
[74] copy/comp = 0.134385 copy = 0.054727 compute = 0.407242 twid = 0.191096 send = 0.004837
[42] copy/comp = 0.137420 copy = 0.055088 compute = 0.400873 twid = 0.184963 send = 0.004827
[170] copy/comp = 0.125484 copy = 0.054765 compute = 0.436433 twid = 0.220063 send = 0.004837
[138] copy/comp = 0.128044 copy = 0.054780 compute = 0.427824 twid = 0.213569 send = 0.004835
[10] copy/comp = 0.130847 copy = 0.050747 compute = 0.387837 twid = 0.171636 send = 0.004690
[242] copy/comp = 0.122219 copy = 0.055874 compute = 0.457169 twid = 0.241678 send = 0.004904
[114] copy/comp = 0.129232 copy = 0.055167 compute = 0.426881 twid = 0.211081 send = 0.004746
[434] copy/comp = 0.112980 copy = 0.055325 compute = 0.489691 twid = 0.274981 send = 0.004822
[306] copy/comp = 0.116927 copy = 0.055305 compute = 0.472987 twid = 0.258002 send = 0.004829
[402] copy/comp = 0.111016 copy = 0.055024 compute = 0.495638 twid = 0.271116 send = 0.005069
[274] copy/comp = 0.118888 copy = 0.055194 compute = 0.464252 twid = 0.249690 send = 0.004846
[338] copy/comp = 0.115349 copy = 0.055244 compute = 0.478930 twid = 0.264331 send = 0.004869
[466] copy/comp = 0.111627 copy = 0.054901 compute = 0.491824 twid = 0.277394 send = 0.004784
[370] copy/comp = 0.114071 copy = 0.055203 compute = 0.483932 twid = 0.268697 send = 0.004750
[498] copy/comp = 0.111517 copy = 0.055094 compute = 0.494038 twid = 0.279136 send = 0.004837
[210] copy/comp = 0.125008 copy = 0.055439 compute = 0.443481 twid = 0.227867 send = 0.004833
[82] copy/comp = 0.135058 copy = 0.055136 compute = 0.408235 twid = 0.192860 send = 0.004830
[50] copy/comp = 0.137651 copy = 0.054935 compute = 0.399087 twid = 0.184884 send = 0.004819
[178] copy/comp = 0.126131 copy = 0.055130 compute = 0.437083 twid = 0.221389 send = 0.004883
[146] copy/comp = 0.128169 copy = 0.054998 compute = 0.429108 twid = 0.215457 send = 0.004859
[18] copy/comp = 0.138117 copy = 0.053479 compute = 0.387199 twid = 0.171784 send = 0.004718
[250] copy/comp = 0.121470 copy = 0.055650 compute = 0.458139 twid = 0.242554 send = 0.004825
[122] copy/comp = 0.129797 copy = 0.055362 compute = 0.426526 twid = 0.212140 send = 0.004778
[442] copy/comp = 0.111925 copy = 0.054943 compute = 0.490894 twid = 0.275811 send = 0.004817
[314] copy/comp = 0.116341 copy = 0.055260 compute = 0.474980 twid = 0.259847 send = 0.004858
[410] copy/comp = 0.113039 copy = 0.055110 compute = 0.487534 twid = 0.272194 send = 0.004922
[282] copy/comp = 0.118073 copy = 0.055079 compute = 0.466485 twid = 0.251969 send = 0.004839
[346] copy/comp = 0.115342 copy = 0.055400 compute = 0.480310 twid = 0.265473 send = 0.004890
[474] copy/comp = 0.111844 copy = 0.055046 compute = 0.492167 twid = 0.277248 send = 0.004763
[378] copy/comp = 0.115131 copy = 0.055785 compute = 0.484538 twid = 0.269403 send = 0.004819
[505] copy/comp = 0.111930 copy = 0.055453 compute = 0.495428 twid = 0.279491 send = 0.004975
[218] copy/comp = 0.123437 copy = 0.055313 compute = 0.448108 twid = 0.232660 send = 0.004819
[90] copy/comp = 0.132733 copy = 0.055333 compute = 0.416878 twid = 0.201367 send = 0.004844
[57] copy/comp = 0.136284 copy = 0.054987 compute = 0.403477 twid = 0.188131 send = 0.004930
[185] copy/comp = 0.126612 copy = 0.055325 compute = 0.436967 twid = 0.221384 send = 0.004956
[154] copy/comp = 0.128618 copy = 0.055258 compute = 0.429627 twid = 0.216103 send = 0.004988
[227] copy/comp = 0.121086 copy = 0.054762 compute = 0.452258 twid = 0.235878 send = 0.004795
[25] copy/comp = 0.143435 copy = 0.055552 compute = 0.387298 twid = 0.171709 send = 0.005400
[99] copy/comp = 0.129411 copy = 0.054418 compute = 0.420505 twid = 0.205475 send = 0.004755
[419] copy/comp = 0.111755 copy = 0.054719 compute = 0.489637 twid = 0.273256 send = 0.004854
[291] copy/comp = 0.116330 copy = 0.054798 compute = 0.471058 twid = 0.254373 send = 0.004888
[387] copy/comp = 0.112802 copy = 0.054793 compute = 0.485742 twid = 0.269877 send = 0.004798
[259] copy/comp = 0.118479 copy = 0.054817 compute = 0.462670 twid = 0.246330 send = 0.004813
[323] copy/comp = 0.114460 copy = 0.054715 compute = 0.478024 twid = 0.261919 send = 0.004838
[451] copy/comp = 0.111469 copy = 0.054844 compute = 0.492010 twid = 0.276469 send = 0.004872
[355] copy/comp = 0.113681 copy = 0.054899 compute = 0.482924 twid = 0.266685 send = 0.004844
[483] copy/comp = 0.110675 copy = 0.054748 compute = 0.494679 twid = 0.278482 send = 0.004907
[195] copy/comp = 0.124340 copy = 0.054732 compute = 0.440178 twid = 0.223723 send = 0.004777
[67] copy/comp = 0.135228 copy = 0.054709 compute = 0.404565 twid = 0.189450 send = 0.004768
[35] copy/comp = 0.137728 copy = 0.054901 compute = 0.398621 twid = 0.182557 send = 0.004809
[163] copy/comp = 0.125873 copy = 0.054786 compute = 0.435244 twid = 0.218825 send = 0.004849
[131] copy/comp = 0.128557 copy = 0.054753 compute = 0.425901 twid = 0.212122 send = 0.004960
[5] copy/comp = 0.130225 copy = 0.050543 compute = 0.388125 twid = 0.171689 send = 0.005014
[235] copy/comp = 0.120500 copy = 0.054937 compute = 0.455906 twid = 0.239177 send = 0.004750
[107] copy/comp = 0.128235 copy = 0.054560 compute = 0.425469 twid = 0.208549 send = 0.004944
[427] copy/comp = 0.111814 copy = 0.054880 compute = 0.490812 twid = 0.274236 send = 0.004806
[299] copy/comp = 0.124066 copy = 0.058866 compute = 0.474473 twid = 0.256337 send = 0.005235
[395] copy/comp = 0.112291 copy = 0.054688 compute = 0.487018 twid = 0.270268 send = 0.004888
[267] copy/comp = 0.118321 copy = 0.055027 compute = 0.465065 twid = 0.248225 send = 0.004952
[331] copy/comp = 0.118605 copy = 0.056905 compute = 0.479782 twid = 0.263214 send = 0.004849
[459] copy/comp = 0.111199 copy = 0.054831 compute = 0.493092 twid = 0.277142 send = 0.004843
[363] copy/comp = 0.113079 copy = 0.054852 compute = 0.485079 twid = 0.267761 send = 0.004825
[491] copy/comp = 0.110748 copy = 0.054871 compute = 0.495461 twid = 0.278844 send = 0.004864
[203] copy/comp = 0.123653 copy = 0.054860 compute = 0.443660 twid = 0.226923 send = 0.004810
[75] copy/comp = 0.133765 copy = 0.054938 compute = 0.410707 twid = 0.194175 send = 0.004834
[43] copy/comp = 0.137442 copy = 0.054964 compute = 0.399905 twid = 0.185308 send = 0.004822
[171] copy/comp = 0.125297 copy = 0.054810 compute = 0.437445 twid = 0.220311 send = 0.004861
[139] copy/comp = 0.127804 copy = 0.054726 compute = 0.428199 twid = 0.213745 send = 0.004787
[11] copy/comp = 0.130682 copy = 0.050793 compute = 0.388679 twid = 0.171632 send = 0.004672
[243] copy/comp = 0.121010 copy = 0.055480 compute = 0.458477 twid = 0.242680 send = 0.004852
[115] copy/comp = 0.128781 copy = 0.055053 compute = 0.427498 twid = 0.211431 send = 0.004804
[435] copy/comp = 0.112728 copy = 0.055331 compute = 0.490834 twid = 0.275107 send = 0.004850
[307] copy/comp = 0.116926 copy = 0.055468 compute = 0.474384 twid = 0.258277 send = 0.004918
[403] copy/comp = 0.112976 copy = 0.055053 compute = 0.487299 twid = 0.271338 send = 0.004949
[275] copy/comp = 0.118880 copy = 0.055437 compute = 0.466331 twid = 0.250645 send = 0.004918
[339] copy/comp = 0.119855 copy = 0.057570 compute = 0.480334 twid = 0.264346 send = 0.004872
[467] copy/comp = 0.111453 copy = 0.054922 compute = 0.492786 twid = 0.277358 send = 0.004808
[371] copy/comp = 0.113962 copy = 0.055238 compute = 0.484703 twid = 0.268868 send = 0.004864
[499] copy/comp = 0.111285 copy = 0.055147 compute = 0.495552 twid = 0.279382 send = 0.004872
[211] copy/comp = 0.124050 copy = 0.055430 compute = 0.446836 twid = 0.230763 send = 0.004807
[83] copy/comp = 0.133401 copy = 0.055371 compute = 0.415071 twid = 0.199270 send = 0.004798
[51] copy/comp = 0.136948 copy = 0.054866 compute = 0.400635 twid = 0.187157 send = 0.004875
[179] copy/comp = 0.130423 copy = 0.057112 compute = 0.437898 twid = 0.221498 send = 0.005199
[147] copy/comp = 0.138040 copy = 0.060567 compute = 0.438767 twid = 0.225379 send = 0.005487
[19] copy/comp = 0.138283 copy = 0.053596 compute = 0.387580 twid = 0.171746 send = 0.004706
[251] copy/comp = 0.120815 copy = 0.055661 compute = 0.460718 twid = 0.244675 send = 0.004811
[123] copy/comp = 0.128953 copy = 0.055215 compute = 0.428180 twid = 0.213528 send = 0.004797
[443] copy/comp = 0.111602 copy = 0.054867 compute = 0.491626 twid = 0.275751 send = 0.004832
[315] copy/comp = 0.123486 copy = 0.058899 compute = 0.476971 twid = 0.260049 send = 0.005164
[411] copy/comp = 0.112824 copy = 0.055120 compute = 0.488552 twid = 0.272365 send = 0.004845
[283] copy/comp = 0.118533 copy = 0.055553 compute = 0.468675 twid = 0.252807 send = 0.004904
[347] copy/comp = 0.116888 copy = 0.056308 compute = 0.481726 twid = 0.265565 send = 0.004887
[475] copy/comp = 0.113551 copy = 0.056089 compute = 0.493953 twid = 0.277931 send = 0.004849
[379] copy/comp = 0.114641 copy = 0.055646 compute = 0.485397 twid = 0.269366 send = 0.004807
[506] copy/comp = 0.112088 copy = 0.055443 compute = 0.494636 twid = 0.279345 send = 0.004776
[219] copy/comp = 0.123537 copy = 0.055577 compute = 0.449878 twid = 0.233745 send = 0.004848
[91] copy/comp = 0.141642 copy = 0.059415 compute = 0.419473 twid = 0.203662 send = 0.005893
[58] copy/comp = 0.136916 copy = 0.055273 compute = 0.403700 twid = 0.188339 send = 0.004844
[186] copy/comp = 0.126539 copy = 0.055322 compute = 0.437193 twid = 0.221533 send = 0.004940
[228] copy/comp = 0.120139 copy = 0.054560 compute = 0.454143 twid = 0.237331 send = 0.005171
[155] copy/comp = 0.128748 copy = 0.055333 compute = 0.429780 twid = 0.216325 send = 0.005016
[100] copy/comp = 0.129116 copy = 0.054696 compute = 0.423621 twid = 0.207469 send = 0.005007
[26] copy/comp = 0.136144 copy = 0.053535 compute = 0.393223 twid = 0.177612 send = 0.004691
[420] copy/comp = 0.111567 copy = 0.054661 compute = 0.489938 twid = 0.273375 send = 0.004845
[292] copy/comp = 0.115796 copy = 0.054669 compute = 0.472115 twid = 0.255142 send = 0.004848
[388] copy/comp = 0.112262 copy = 0.054573 compute = 0.486127 twid = 0.269895 send = 0.004927
[260] copy/comp = 0.118077 copy = 0.054670 compute = 0.463002 twid = 0.246669 send = 0.004782
[324] copy/comp = 0.114337 copy = 0.054705 compute = 0.478453 twid = 0.262175 send = 0.004796
[452] copy/comp = 0.110855 copy = 0.054531 compute = 0.491913 twid = 0.276291 send = 0.004869
[356] copy/comp = 0.113601 copy = 0.054923 compute = 0.483479 twid = 0.267031 send = 0.004853
[484] copy/comp = 0.110463 copy = 0.054641 compute = 0.494652 twid = 0.278391 send = 0.004898
[196] copy/comp = 0.123987 copy = 0.054603 compute = 0.440388 twid = 0.223725 send = 0.005131
[68] copy/comp = 0.134380 copy = 0.054545 compute = 0.405898 twid = 0.189566 send = 0.005176
[36] copy/comp = 0.137765 copy = 0.054856 compute = 0.398182 twid = 0.183001 send = 0.005272
[164] copy/comp = 0.126386 copy = 0.055081 compute = 0.435816 twid = 0.219086 send = 0.005179
[132] copy/comp = 0.127579 copy = 0.054669 compute = 0.428511 twid = 0.213482 send = 0.004924
[6] copy/comp = 0.130064 copy = 0.050537 compute = 0.388553 twid = 0.171569 send = 0.004744
[236] copy/comp = 0.119791 copy = 0.054754 compute = 0.457078 twid = 0.240239 send = 0.005206
[108] copy/comp = 0.128367 copy = 0.054814 compute = 0.427011 twid = 0.210483 send = 0.004874
[428] copy/comp = 0.111681 copy = 0.054805 compute = 0.490730 twid = 0.274335 send = 0.004851
[300] copy/comp = 0.115601 copy = 0.054753 compute = 0.473639 twid = 0.257181 send = 0.004810
[396] copy/comp = 0.111844 copy = 0.054462 compute = 0.486946 twid = 0.270472 send = 0.004755
[268] copy/comp = 0.118126 copy = 0.054902 compute = 0.464774 twid = 0.248546 send = 0.004857
[332] copy/comp = 0.118823 copy = 0.056963 compute = 0.479395 twid = 0.263244 send = 0.004834
[460] copy/comp = 0.110818 copy = 0.054615 compute = 0.492833 twid = 0.276944 send = 0.004813
[364] copy/comp = 0.113514 copy = 0.054975 compute = 0.484295 twid = 0.267869 send = 0.004838
[492] copy/comp = 0.110476 copy = 0.054729 compute = 0.495395 twid = 0.279023 send = 0.004910
[204] copy/comp = 0.123331 copy = 0.054761 compute = 0.444020 twid = 0.227346 send = 0.005151
[76] copy/comp = 0.133141 copy = 0.054761 compute = 0.411302 twid = 0.194858 send = 0.004863
[44] copy/comp = 0.136987 copy = 0.054941 compute = 0.401067 twid = 0.185513 send = 0.005207
[172] copy/comp = 0.125550 copy = 0.054933 compute = 0.437538 twid = 0.220407 send = 0.005198
[140] copy/comp = 0.127510 copy = 0.054751 compute = 0.429383 twid = 0.214046 send = 0.004849
[12] copy/comp = 0.130566 copy = 0.050710 compute = 0.388388 twid = 0.171620 send = 0.004753
[244] copy/comp = 0.120087 copy = 0.055199 compute = 0.459662 twid = 0.243689 send = 0.005174
[116] copy/comp = 0.129169 copy = 0.055429 compute = 0.429120 twid = 0.213121 send = 0.004851
[436] copy/comp = 0.112627 copy = 0.055291 compute = 0.490927 twid = 0.275248 send = 0.004791
[308] copy/comp = 0.117026 copy = 0.055444 compute = 0.473773 twid = 0.257959 send = 0.004843
[404] copy/comp = 0.112511 copy = 0.054832 compute = 0.487350 twid = 0.271472 send = 0.004777
[276] copy/comp = 0.117920 copy = 0.055041 compute = 0.466771 twid = 0.250877 send = 0.004839
[340] copy/comp = 0.115422 copy = 0.055399 compute = 0.479970 twid = 0.264503 send = 0.004794
[468] copy/comp = 0.110832 copy = 0.054646 compute = 0.493054 twid = 0.277392 send = 0.004792
[372] copy/comp = 0.114062 copy = 0.055272 compute = 0.484578 twid = 0.268804 send = 0.004857
[500] copy/comp = 0.111065 copy = 0.055039 compute = 0.495561 twid = 0.279347 send = 0.004901
[212] copy/comp = 0.123532 copy = 0.055221 compute = 0.447018 twid = 0.231185 send = 0.005179
[84] copy/comp = 0.132596 copy = 0.055112 compute = 0.415636 twid = 0.199939 send = 0.005168
[52] copy/comp = 0.136559 copy = 0.054879 compute = 0.401871 twid = 0.187332 send = 0.005217
[180] copy/comp = 0.126859 copy = 0.055538 compute = 0.437791 twid = 0.221640 send = 0.005185
[148] copy/comp = 0.129127 copy = 0.055130 compute = 0.426942 twid = 0.212665 send = 0.004820
[20] copy/comp = 0.138033 copy = 0.053540 compute = 0.387881 twid = 0.172032 send = 0.004840
[252] copy/comp = 0.120372 copy = 0.055480 compute = 0.460903 twid = 0.244949 send = 0.005203
[124] copy/comp = 0.129523 copy = 0.055449 compute = 0.428105 twid = 0.213472 send = 0.004884
[444] copy/comp = 0.111469 copy = 0.054867 compute = 0.492214 twid = 0.276071 send = 0.004836
[316] copy/comp = 0.116207 copy = 0.055361 compute = 0.476396 twid = 0.260719 send = 0.004871
[412] copy/comp = 0.112438 copy = 0.054920 compute = 0.488452 twid = 0.272420 send = 0.004895
[284] copy/comp = 0.117842 copy = 0.055276 compute = 0.469065 twid = 0.253139 send = 0.004882
[348] copy/comp = 0.118508 copy = 0.057054 compute = 0.481434 twid = 0.265800 send = 0.004822
[476] copy/comp = 0.111190 copy = 0.054906 compute = 0.493806 twid = 0.277997 send = 0.004884
[380] copy/comp = 0.114750 copy = 0.055685 compute = 0.485276 twid = 0.269396 send = 0.004786
[507] copy/comp = 0.111473 copy = 0.055244 compute = 0.495578 twid = 0.279400 send = 0.004834
[220] copy/comp = 0.122618 copy = 0.055229 compute = 0.450412 twid = 0.234367 send = 0.005210
[92] copy/comp = 0.131610 copy = 0.055254 compute = 0.419833 twid = 0.204111 send = 0.004893
[59] copy/comp = 0.149825 copy = 0.060349 compute = 0.402798 twid = 0.188385 send = 0.006288
[229] copy/comp = 0.121238 copy = 0.054823 compute = 0.452193 twid = 0.236723 send = 0.004787
[187] copy/comp = 0.126590 copy = 0.055577 compute = 0.439029 twid = 0.222654 send = 0.004873
[101] copy/comp = 0.128151 copy = 0.054403 compute = 0.424522 twid = 0.207914 send = 0.004876
[156] copy/comp = 0.128235 copy = 0.055385 compute = 0.431899 twid = 0.217635 send = 0.004905
[421] copy/comp = 0.111754 copy = 0.054643 compute = 0.488955 twid = 0.273424 send = 0.005212
[293] copy/comp = 0.116014 copy = 0.054661 compute = 0.471160 twid = 0.255507 send = 0.005184
[27] copy/comp = 0.135939 copy = 0.053573 compute = 0.394091 twid = 0.178318 send = 0.004733
[389] copy/comp = 0.113067 copy = 0.054827 compute = 0.484908 twid = 0.269921 send = 0.005167
[261] copy/comp = 0.118125 copy = 0.054603 compute = 0.462250 twid = 0.246821 send = 0.005266
[325] copy/comp = 0.114671 copy = 0.054777 compute = 0.477686 twid = 0.262221 send = 0.005133
[453] copy/comp = 0.111701 copy = 0.054861 compute = 0.491140 twid = 0.276550 send = 0.005281
[357] copy/comp = 0.113749 copy = 0.054858 compute = 0.482278 twid = 0.267069 send = 0.005214
[485] copy/comp = 0.111034 copy = 0.054812 compute = 0.493650 twid = 0.278597 send = 0.005300
[197] copy/comp = 0.124506 copy = 0.054739 compute = 0.439647 twid = 0.223942 send = 0.004802
[69] copy/comp = 0.130286 copy = 0.052920 compute = 0.406182 twid = 0.189736 send = 0.004782
[37] copy/comp = 0.137968 copy = 0.054872 compute = 0.397712 twid = 0.181788 send = 0.004820
[165] copy/comp = 0.126237 copy = 0.054894 compute = 0.434849 twid = 0.219218 send = 0.004792
[133] copy/comp = 0.127972 copy = 0.054820 compute = 0.428375 twid = 0.213379 send = 0.005207
[7] copy/comp = 0.130089 copy = 0.050491 compute = 0.388125 twid = 0.171582 send = 0.004692
[237] copy/comp = 0.120393 copy = 0.054930 compute = 0.456253 twid = 0.240560 send = 0.004799
[109] copy/comp = 0.128108 copy = 0.054774 compute = 0.427557 twid = 0.210861 send = 0.005164
[429] copy/comp = 0.111959 copy = 0.054838 compute = 0.489802 twid = 0.274413 send = 0.005285
[301] copy/comp = 0.115748 copy = 0.054776 compute = 0.473231 twid = 0.257397 send = 0.005154
[397] copy/comp = 0.112601 copy = 0.054754 compute = 0.486262 twid = 0.270720 send = 0.005177
[269] copy/comp = 0.118072 copy = 0.054824 compute = 0.464323 twid = 0.248785 send = 0.005247
[333] copy/comp = 0.114868 copy = 0.055000 compute = 0.478807 twid = 0.263449 send = 0.005218
[461] copy/comp = 0.111687 copy = 0.054937 compute = 0.491887 twid = 0.277085 send = 0.005248
[365] copy/comp = 0.113279 copy = 0.054793 compute = 0.483698 twid = 0.268163 send = 0.005265
[493] copy/comp = 0.111054 copy = 0.054914 compute = 0.494482 twid = 0.279017 send = 0.005310
[205] copy/comp = 0.123598 copy = 0.054839 compute = 0.443688 twid = 0.227909 send = 0.004777
[77] copy/comp = 0.132779 copy = 0.054715 compute = 0.412075 twid = 0.195538 send = 0.005647
[45] copy/comp = 0.137513 copy = 0.055014 compute = 0.400065 twid = 0.183838 send = 0.004774
[173] copy/comp = 0.125543 copy = 0.054834 compute = 0.436773 twid = 0.220625 send = 0.004775
[141] copy/comp = 0.127590 copy = 0.054817 compute = 0.429637 twid = 0.214232 send = 0.005167
[13] copy/comp = 0.130495 copy = 0.050698 compute = 0.388504 twid = 0.171659 send = 0.005026
[245] copy/comp = 0.120910 copy = 0.055419 compute = 0.458346 twid = 0.243641 send = 0.004953
[117] copy/comp = 0.129062 copy = 0.055388 compute = 0.429158 twid = 0.213405 send = 0.005176
[437] copy/comp = 0.112776 copy = 0.055249 compute = 0.489901 twid = 0.275331 send = 0.005227
[309] copy/comp = 0.116655 copy = 0.055331 compute = 0.474309 twid = 0.259325 send = 0.005213
[405] copy/comp = 0.116332 copy = 0.056602 compute = 0.486552 twid = 0.271642 send = 0.005177
[277] copy/comp = 0.118247 copy = 0.055098 compute = 0.465953 twid = 0.251153 send = 0.005247
[341] copy/comp = 0.115382 copy = 0.055313 compute = 0.479385 twid = 0.264677 send = 0.005122
[469] copy/comp = 0.111779 copy = 0.054990 compute = 0.491951 twid = 0.277574 send = 0.005282
[373] copy/comp = 0.114141 copy = 0.055264 compute = 0.484175 twid = 0.269065 send = 0.005189
[501] copy/comp = 0.111606 copy = 0.055212 compute = 0.494707 twid = 0.279576 send = 0.005376
[213] copy/comp = 0.123982 copy = 0.055342 compute = 0.446371 twid = 0.231625 send = 0.004716
[85] copy/comp = 0.130583 copy = 0.054369 compute = 0.416351 twid = 0.200525 send = 0.005127
[53] copy/comp = 0.136787 copy = 0.054989 compute = 0.402008 twid = 0.187537 send = 0.004749
[181] copy/comp = 0.126510 copy = 0.055260 compute = 0.436805 twid = 0.221840 send = 0.004812
[149] copy/comp = 0.128884 copy = 0.055306 compute = 0.429117 twid = 0.215043 send = 0.005216
[21] copy/comp = 0.131785 copy = 0.051249 compute = 0.388882 twid = 0.173094 send = 0.005004
[253] copy/comp = 0.121327 copy = 0.055643 compute = 0.458622 twid = 0.243794 send = 0.004745
[125] copy/comp = 0.130076 copy = 0.055678 compute = 0.428040 twid = 0.213543 send = 0.005285
[445] copy/comp = 0.111543 copy = 0.054807 compute = 0.491352 twid = 0.276233 send = 0.005177
[317] copy/comp = 0.116061 copy = 0.055260 compute = 0.476128 twid = 0.261073 send = 0.005230
[413] copy/comp = 0.116299 copy = 0.056697 compute = 0.487512 twid = 0.272529 send = 0.005160
[285] copy/comp = 0.118139 copy = 0.055313 compute = 0.468200 twid = 0.253393 send = 0.005256
[349] copy/comp = 0.115456 copy = 0.055481 compute = 0.480537 twid = 0.265934 send = 0.005176
[477] copy/comp = 0.112095 copy = 0.055212 compute = 0.492543 twid = 0.277970 send = 0.005298
[381] copy/comp = 0.114654 copy = 0.055540 compute = 0.484414 twid = 0.269441 send = 0.005139
[508] copy/comp = 0.111514 copy = 0.055268 compute = 0.495618 twid = 0.279447 send = 0.004801
[221] copy/comp = 0.123426 copy = 0.055463 compute = 0.449365 twid = 0.234617 send = 0.004774
[93] copy/comp = 0.128318 copy = 0.053973 compute = 0.420622 twid = 0.204655 send = 0.005167
[230] copy/comp = 0.120271 copy = 0.054570 compute = 0.453729 twid = 0.238125 send = 0.004844
[60] copy/comp = 0.136257 copy = 0.055097 compute = 0.404364 twid = 0.188604 send = 0.005304
[102] copy/comp = 0.118825 copy = 0.050457 compute = 0.424635 twid = 0.208330 send = 0.004706
[188] copy/comp = 0.132162 copy = 0.057999 compute = 0.438848 twid = 0.222833 send = 0.005580
[422] copy/comp = 0.112394 copy = 0.054979 compute = 0.489160 twid = 0.273681 send = 0.004765
[157] copy/comp = 0.128041 copy = 0.055341 compute = 0.432212 twid = 0.217838 send = 0.005350
[294] copy/comp = 0.116463 copy = 0.054895 compute = 0.471353 twid = 0.255679 send = 0.004744
[390] copy/comp = 0.112990 copy = 0.054791 compute = 0.484917 twid = 0.269861 send = 0.004927
[28] copy/comp = 0.135277 copy = 0.053417 compute = 0.394868 twid = 0.179054 send = 0.004977
[262] copy/comp = 0.118576 copy = 0.054719 compute = 0.461464 twid = 0.246203 send = 0.004778
[326] copy/comp = 0.114901 copy = 0.054903 compute = 0.477831 twid = 0.262383 send = 0.004704
[454] copy/comp = 0.111231 copy = 0.055719 compute = 0.500935 twid = 0.286419 send = 0.004870
[358] copy/comp = 0.113946 copy = 0.054850 compute = 0.481371 twid = 0.266272 send = 0.004835
[486] copy/comp = 0.110843 copy = 0.054710 compute = 0.493577 twid = 0.278409 send = 0.004887
[198] copy/comp = 0.124475 copy = 0.054737 compute = 0.439740 twid = 0.224402 send = 0.004741
[70] copy/comp = 0.127697 copy = 0.051904 compute = 0.406457 twid = 0.190381 send = 0.004695
[38] copy/comp = 0.139225 copy = 0.055423 compute = 0.398081 twid = 0.182109 send = 0.005136
[166] copy/comp = 0.126146 copy = 0.054822 compute = 0.434590 twid = 0.219251 send = 0.004696
[134] copy/comp = 0.128099 copy = 0.054731 compute = 0.427255 twid = 0.213438 send = 0.004893
[238] copy/comp = 0.119817 copy = 0.054679 compute = 0.456355 twid = 0.241125 send = 0.004796
[110] copy/comp = 0.123955 copy = 0.052851 compute = 0.426369 twid = 0.211133 send = 0.004788
[430] copy/comp = 0.112473 copy = 0.055089 compute = 0.489797 twid = 0.274478 send = 0.004779
[302] copy/comp = 0.116120 copy = 0.054953 compute = 0.473237 twid = 0.257654 send = 0.004763
[398] copy/comp = 0.112594 copy = 0.054763 compute = 0.486380 twid = 0.270680 send = 0.004765
[270] copy/comp = 0.118384 copy = 0.054986 compute = 0.464473 twid = 0.249146 send = 0.004878
[334] copy/comp = 0.115036 copy = 0.055101 compute = 0.478985 twid = 0.263614 send = 0.004716
[462] copy/comp = 0.112030 copy = 0.055105 compute = 0.491877 twid = 0.277141 send = 0.004717
[366] copy/comp = 0.112973 copy = 0.054758 compute = 0.484703 twid = 0.268084 send = 0.004847
[494] copy/comp = 0.110908 copy = 0.054870 compute = 0.494732 twid = 0.279231 send = 0.004907
[206] copy/comp = 0.123787 copy = 0.054944 compute = 0.443856 twid = 0.228337 send = 0.004756
[78] copy/comp = 0.128158 copy = 0.052930 compute = 0.413009 twid = 0.196209 send = 0.004737
[46] copy/comp = 0.137574 copy = 0.054999 compute = 0.399776 twid = 0.184141 send = 0.004763
[174] copy/comp = 0.125516 copy = 0.054785 compute = 0.436477 twid = 0.220734 send = 0.004733
[142] copy/comp = 0.127409 copy = 0.054777 compute = 0.429931 twid = 0.214471 send = 0.004849
[14] copy/comp = 0.130573 copy = 0.050680 compute = 0.388137 twid = 0.171615 send = 0.004650
[246] copy/comp = 0.120692 copy = 0.055306 compute = 0.458244 twid = 0.243668 send = 0.004832
[118] copy/comp = 0.131294 copy = 0.056386 compute = 0.429461 twid = 0.213531 send = 0.005689
[438] copy/comp = 0.113335 copy = 0.055547 compute = 0.490116 twid = 0.275528 send = 0.004722
[310] copy/comp = 0.116975 copy = 0.055490 compute = 0.474377 twid = 0.259534 send = 0.004829
[406] copy/comp = 0.116958 copy = 0.056917 compute = 0.486647 twid = 0.271628 send = 0.004796
[278] copy/comp = 0.118305 copy = 0.055168 compute = 0.466324 twid = 0.251498 send = 0.004828
[342] copy/comp = 0.115643 copy = 0.055507 compute = 0.479986 twid = 0.264877 send = 0.004671
[470] copy/comp = 0.112409 copy = 0.055232 compute = 0.491348 twid = 0.276805 send = 0.004705
[374] copy/comp = 0.114211 copy = 0.055352 compute = 0.484645 twid = 0.269087 send = 0.004878
[502] copy/comp = 0.111387 copy = 0.055059 compute = 0.494303 twid = 0.279456 send = 0.004914
[214] copy/comp = 0.124365 copy = 0.055565 compute = 0.446792 twid = 0.232047 send = 0.004745
[86] copy/comp = 0.127401 copy = 0.052939 compute = 0.415529 twid = 0.201106 send = 0.004738
[54] copy/comp = 0.136880 copy = 0.054799 compute = 0.400341 twid = 0.187725 send = 0.004759
[182] copy/comp = 0.126623 copy = 0.055334 compute = 0.436998 twid = 0.221978 send = 0.004752
[150] copy/comp = 0.129055 copy = 0.055336 compute = 0.428778 twid = 0.215287 send = 0.004825
[22] copy/comp = 0.147770 copy = 0.057599 compute = 0.389787 twid = 0.174149 send = 0.005577
[254] copy/comp = 0.120840 copy = 0.055608 compute = 0.460181 twid = 0.245482 send = 0.004779
[126] copy/comp = 0.125905 copy = 0.053894 compute = 0.428053 twid = 0.213525 send = 0.004772
[446] copy/comp = 0.107013 copy = 0.055106 compute = 0.514950 twid = 0.275553 send = 0.004818
[318] copy/comp = 0.116215 copy = 0.055334 compute = 0.476129 twid = 0.261289 send = 0.004899
[414] copy/comp = 0.114493 copy = 0.055759 compute = 0.487011 twid = 0.271845 send = 0.005190
[286] copy/comp = 0.117983 copy = 0.055278 compute = 0.468525 twid = 0.253738 send = 0.004900
[350] copy/comp = 0.115604 copy = 0.055589 compute = 0.480858 twid = 0.265933 send = 0.004714
[478] copy/comp = 0.112513 copy = 0.055457 compute = 0.492892 twid = 0.278146 send = 0.004801
[382] copy/comp = 0.114970 copy = 0.055709 compute = 0.484549 twid = 0.269464 send = 0.004902
[509] copy/comp = 0.112261 copy = 0.055542 compute = 0.494755 twid = 0.279471 send = 0.005257
[222] copy/comp = 0.123360 copy = 0.055510 compute = 0.449981 twid = 0.235181 send = 0.004875
[94] copy/comp = 0.127250 copy = 0.053587 compute = 0.421117 twid = 0.205138 send = 0.004736
[231] copy/comp = 0.119653 copy = 0.054533 compute = 0.455758 twid = 0.237087 send = 0.004763
[103] copy/comp = 0.119000 copy = 0.050579 compute = 0.425033 twid = 0.208758 send = 0.004688
[61] copy/comp = 0.137419 copy = 0.055281 compute = 0.402281 twid = 0.186433 send = 0.004842
[423] copy/comp = 0.110112 copy = 0.054894 compute = 0.498531 twid = 0.273293 send = 0.004863
[189] copy/comp = 0.126702 copy = 0.055538 compute = 0.438334 twid = 0.222937 send = 0.004783
[295] copy/comp = 0.115441 copy = 0.054595 compute = 0.472924 twid = 0.256044 send = 0.004745
[158] copy/comp = 0.128547 copy = 0.055423 compute = 0.431151 twid = 0.217937 send = 0.005007
[391] copy/comp = 0.112520 copy = 0.054633 compute = 0.485544 twid = 0.269275 send = 0.005077
[29] copy/comp = 0.129505 copy = 0.051208 compute = 0.395412 twid = 0.179688 send = 0.004721
[263] copy/comp = 0.118094 copy = 0.054773 compute = 0.463807 twid = 0.247230 send = 0.004754
[327] copy/comp = 0.113829 copy = 0.054557 compute = 0.479287 twid = 0.262580 send = 0.004728
[455] copy/comp = 0.108425 copy = 0.054538 compute = 0.503003 twid = 0.275933 send = 0.005036
[359] copy/comp = 0.113342 copy = 0.054877 compute = 0.484169 twid = 0.267242 send = 0.004968
[487] copy/comp = 0.110722 copy = 0.054817 compute = 0.495081 twid = 0.278456 send = 0.004865
[199] copy/comp = 0.123016 copy = 0.054401 compute = 0.442229 twid = 0.224906 send = 0.004785
[71] copy/comp = 0.123847 copy = 0.050463 compute = 0.407460 twid = 0.191165 send = 0.004759
[39] copy/comp = 0.136704 copy = 0.054572 compute = 0.399197 twid = 0.182459 send = 0.005016
[167] copy/comp = 0.125579 copy = 0.054771 compute = 0.436151 twid = 0.219530 send = 0.004880
[135] copy/comp = 0.127802 copy = 0.054692 compute = 0.427942 twid = 0.213469 send = 0.004882
[239] copy/comp = 0.125910 copy = 0.058020 compute = 0.460804 twid = 0.242410 send = 0.005162
[111] copy/comp = 0.125679 copy = 0.053990 compute = 0.429587 twid = 0.212889 send = 0.005447
[431] copy/comp = 0.115233 copy = 0.057105 compute = 0.495563 twid = 0.273880 send = 0.005244
[303] copy/comp = 0.120282 copy = 0.057105 compute = 0.474762 twid = 0.257862 send = 0.005210
[399] copy/comp = 0.112065 copy = 0.054646 compute = 0.487628 twid = 0.270787 send = 0.004747
[271] copy/comp = 0.124851 copy = 0.058205 compute = 0.466198 twid = 0.249499 send = 0.006156
[335] copy/comp = 0.119400 copy = 0.057360 compute = 0.480403 twid = 0.263714 send = 0.005969
[463] copy/comp = 0.110960 copy = 0.054641 compute = 0.492436 twid = 0.276456 send = 0.004901
[367] copy/comp = 0.116077 copy = 0.056331 compute = 0.485289 twid = 0.268296 send = 0.005132
[495] copy/comp = 0.111818 copy = 0.055474 compute = 0.496112 twid = 0.279222 send = 0.005516
[207] copy/comp = 0.129195 copy = 0.057708 compute = 0.446670 twid = 0.229752 send = 0.005194
[79] copy/comp = 0.132686 copy = 0.055174 compute = 0.415824 twid = 0.199245 send = 0.005204
[47] copy/comp = 0.138332 copy = 0.055380 compute = 0.400340 twid = 0.184315 send = 0.004920
[175] copy/comp = 0.129479 copy = 0.057247 compute = 0.442131 twid = 0.220872 send = 0.005233
[143] copy/comp = 0.130098 copy = 0.055973 compute = 0.430234 twid = 0.214750 send = 0.005206
[15] copy/comp = 0.137303 copy = 0.053280 compute = 0.388044 twid = 0.171650 send = 0.005491
[247] copy/comp = 0.135586 copy = 0.062861 compute = 0.463621 twid = 0.247021 send = 0.005768
[119] copy/comp = 0.140533 copy = 0.060722 compute = 0.432080 twid = 0.216188 send = 0.005565
[439] copy/comp = 0.113094 copy = 0.055557 compute = 0.491248 twid = 0.275099 send = 0.004936
[311] copy/comp = 0.125795 copy = 0.059915 compute = 0.476291 twid = 0.260402 send = 0.005244
[407] copy/comp = 0.115413 copy = 0.056325 compute = 0.488032 twid = 0.271908 send = 0.005421
[279] copy/comp = 0.129748 copy = 0.060884 compute = 0.469246 twid = 0.253021 send = 0.005834
[343] copy/comp = 0.124000 copy = 0.059725 compute = 0.481653 twid = 0.265287 send = 0.005922
[471] copy/comp = 0.105312 copy = 0.054879 compute = 0.521109 twid = 0.287507 send = 0.004801
[375] copy/comp = 0.121448 copy = 0.058946 compute = 0.485362 twid = 0.269205 send = 0.005451
[503] copy/comp = 0.113537 copy = 0.056254 compute = 0.495470 twid = 0.279367 send = 0.005098
[215] copy/comp = 0.136764 copy = 0.061998 compute = 0.453323 twid = 0.237281 send = 0.005459
[87] copy/comp = 0.136239 copy = 0.057636 compute = 0.423050 twid = 0.207568 send = 0.005383
[55] copy/comp = 0.135644 copy = 0.054687 compute = 0.403167 twid = 0.187879 send = 0.004847
[183] copy/comp = 0.137244 copy = 0.060373 compute = 0.439894 twid = 0.222530 send = 0.005584
[151] copy/comp = 0.128464 copy = 0.055190 compute = 0.429611 twid = 0.215478 send = 0.005081
[23] copy/comp = 0.160945 copy = 0.062903 compute = 0.390835 twid = 0.175106 send = 0.005508
[255] copy/comp = 0.140472 copy = 0.065766 compute = 0.468178 twid = 0.252341 send = 0.005960
[127] copy/comp = 0.150516 copy = 0.064971 compute = 0.431655 twid = 0.216876 send = 0.007038
[447] copy/comp = 0.115452 copy = 0.056869 compute = 0.492579 twid = 0.276346 send = 0.005082
[319] copy/comp = 0.128511 copy = 0.061719 compute = 0.480262 twid = 0.264120 send = 0.005916
[415] copy/comp = 0.125417 copy = 0.061302 compute = 0.488784 twid = 0.272700 send = 0.005475
[287] copy/comp = 0.138478 copy = 0.065746 compute = 0.474773 twid = 0.258825 send = 0.006399
[351] copy/comp = 0.127490 copy = 0.061582 compute = 0.483032 twid = 0.266985 send = 0.006497
[479] copy/comp = 0.111956 copy = 0.055307 compute = 0.494004 twid = 0.278079 send = 0.005422
[383] copy/comp = 0.125326 copy = 0.060890 compute = 0.485852 twid = 0.269855 send = 0.005967
[510] copy/comp = 0.111964 copy = 0.055382 compute = 0.494640 twid = 0.279471 send = 0.004795
[223] copy/comp = 0.147347 copy = 0.068155 compute = 0.462547 twid = 0.246550 send = 0.005866
[95] copy/comp = 0.146325 copy = 0.064117 compute = 0.438180 twid = 0.222348 send = 0.005865
[62] copy/comp = 0.138075 copy = 0.056669 compute = 0.410420 twid = 0.194865 send = 0.005197
[190] copy/comp = 0.126479 copy = 0.055516 compute = 0.438931 twid = 0.223041 send = 0.004863
[159] copy/comp = 0.129010 copy = 0.055379 compute = 0.429262 twid = 0.215105 send = 0.004982
[30] copy/comp = 0.134167 copy = 0.053139 compute = 0.396063 twid = 0.180247 send = 0.004780
[511] copy/comp = 0.114724 copy = 0.056908 compute = 0.496045 twid = 0.279425 send = 0.005624
[63] copy/comp = 0.135232 copy = 0.055653 compute = 0.411539 twid = 0.181956 send = 0.004973
[191] copy/comp = 0.144153 copy = 0.063489 compute = 0.440426 twid = 0.224531 send = 0.006179
[31] copy/comp = 0.174377 copy = 0.071179 compute = 0.408193 twid = 0.192397 send = 0.006349
End of program
