Charm++> Running on Non-smp mode
Converse/Charm++ Commit ID: v6.3.0-631-gd27dc40
[0] isomalloc.c> Disabling isomalloc because isomalloc disabled by conv-mach
Charm++> Running on 16 unique compute nodes (4-way SMP).
TRANSPOSING
TRANSPOSING
TRANSPOSING
FFT on 17408 elements with 512 chares took 10.397182 time at 4.105962 GFlop/s
[0] copy/comp = 0.085291 copy = 0.056908 compute = 0.667214 twid = 0.209613 send = 0.005027
[1] copy/comp = 0.084416 copy = 0.056694 compute = 0.671611 twid = 0.213294 send = 0.004970
[224] copy/comp = 0.077076 copy = 0.057174 compute = 0.741788 twid = 0.285001 send = 0.005039
[288] copy/comp = 0.074761 copy = 0.057023 compute = 0.762747 twid = 0.305687 send = 0.005111
[384] copy/comp = 0.069798 copy = 0.057142 compute = 0.818683 twid = 0.323898 send = 0.005048
[96] copy/comp = 0.076457 copy = 0.057125 compute = 0.747152 twid = 0.249997 send = 0.005091
[416] copy/comp = 0.072781 copy = 0.057233 compute = 0.786369 twid = 0.327559 send = 0.005069
[320] copy/comp = 0.074150 copy = 0.057202 compute = 0.771440 twid = 0.314500 send = 0.005023
[480] copy/comp = 0.086029 copy = 0.068419 compute = 0.795299 twid = 0.333399 send = 0.005920
[192] copy/comp = 0.078768 copy = 0.057277 compute = 0.727158 twid = 0.270561 send = 0.005017
[328] copy/comp = 0.073940 copy = 0.057373 compute = 0.775932 twid = 0.315970 send = 0.004994
[256] copy/comp = 0.075684 copy = 0.057139 compute = 0.754962 twid = 0.296277 send = 0.005028
[352] copy/comp = 0.073403 copy = 0.057129 compute = 0.778300 twid = 0.320073 send = 0.005010
[64] copy/comp = 0.082149 copy = 0.057194 compute = 0.696223 twid = 0.230241 send = 0.005083
[448] copy/comp = 0.082964 copy = 0.065391 compute = 0.788188 twid = 0.331594 send = 0.006172
[32] copy/comp = 0.083736 copy = 0.056981 compute = 0.680492 twid = 0.224293 send = 0.004978
[160] copy/comp = 0.079085 copy = 0.057024 compute = 0.721054 twid = 0.264714 send = 0.005085
[104] copy/comp = 0.079423 copy = 0.057179 compute = 0.719928 twid = 0.261743 send = 0.004850
[456] copy/comp = 0.074214 copy = 0.059529 compute = 0.802118 twid = 0.340978 send = 0.005305
[128] copy/comp = 0.080106 copy = 0.057337 compute = 0.715766 twid = 0.258958 send = 0.005056
[2] copy/comp = 0.084313 copy = 0.056670 compute = 0.672138 twid = 0.213273 send = 0.004825
[232] copy/comp = 0.076537 copy = 0.057376 compute = 0.749653 twid = 0.288602 send = 0.005007
[296] copy/comp = 0.074266 copy = 0.057174 compute = 0.769855 twid = 0.307973 send = 0.005089
[488] copy/comp = 0.071624 copy = 0.057184 compute = 0.798398 twid = 0.333856 send = 0.005010
[16] copy/comp = 0.092184 copy = 0.062153 compute = 0.674229 twid = 0.217624 send = 0.005581
[392] copy/comp = 0.072650 copy = 0.057134 compute = 0.786434 twid = 0.324956 send = 0.005004
[264] copy/comp = 0.075106 copy = 0.057155 compute = 0.760987 twid = 0.298362 send = 0.005118
[200] copy/comp = 0.078091 copy = 0.057268 compute = 0.733359 twid = 0.272960 send = 0.005035
[8] copy/comp = 0.089127 copy = 0.060319 compute = 0.676774 twid = 0.216586 send = 0.005267
[424] copy/comp = 0.073038 copy = 0.057358 compute = 0.785320 twid = 0.328743 send = 0.004946
[360] copy/comp = 0.079332 copy = 0.061964 compute = 0.781072 twid = 0.321269 send = 0.005741
[168] copy/comp = 0.078911 copy = 0.057229 compute = 0.725238 twid = 0.266413 send = 0.005045
[432] copy/comp = 0.072950 copy = 0.057463 compute = 0.787699 twid = 0.329838 send = 0.004979
[304] copy/comp = 0.074918 copy = 0.057457 compute = 0.766930 twid = 0.310258 send = 0.005084
[72] copy/comp = 0.082644 copy = 0.057299 compute = 0.693321 twid = 0.233482 send = 0.004975
[40] copy/comp = 0.080243 copy = 0.057033 compute = 0.710747 twid = 0.226959 send = 0.005132
[240] copy/comp = 0.083010 copy = 0.062037 compute = 0.747341 twid = 0.291660 send = 0.005688
[136] copy/comp = 0.079853 copy = 0.057431 compute = 0.719207 twid = 0.259025 send = 0.005107
[112] copy/comp = 0.089167 copy = 0.064455 compute = 0.722856 twid = 0.265435 send = 0.005566
[400] copy/comp = 0.073987 copy = 0.057784 compute = 0.781001 twid = 0.325491 send = 0.004906
[272] copy/comp = 0.075869 copy = 0.057434 compute = 0.757023 twid = 0.300679 send = 0.005059
[464] copy/comp = 0.074166 copy = 0.058988 compute = 0.795352 twid = 0.338066 send = 0.005072
[368] copy/comp = 0.073860 copy = 0.057449 compute = 0.777809 twid = 0.322385 send = 0.005015
[496] copy/comp = 0.072817 copy = 0.057795 compute = 0.793714 twid = 0.334806 send = 0.005009
[208] copy/comp = 0.078756 copy = 0.057724 compute = 0.732951 twid = 0.277172 send = 0.004983
[336] copy/comp = 0.074423 copy = 0.057572 compute = 0.773571 twid = 0.317492 send = 0.005047
[80] copy/comp = 0.083237 copy = 0.059037 compute = 0.709265 twid = 0.240104 send = 0.005095
[48] copy/comp = 0.085805 copy = 0.060699 compute = 0.707400 twid = 0.245693 send = 0.005551
[176] copy/comp = 0.079507 copy = 0.057521 compute = 0.723475 twid = 0.267931 send = 0.005056
[144] copy/comp = 0.080511 copy = 0.057701 compute = 0.716688 twid = 0.260820 send = 0.005106
[248] copy/comp = 0.077010 copy = 0.057954 compute = 0.752549 twid = 0.294805 send = 0.004964
[120] copy/comp = 0.085022 copy = 0.062114 compute = 0.730570 twid = 0.273831 send = 0.005162
[408] copy/comp = 0.075428 copy = 0.060137 compute = 0.797278 twid = 0.340386 send = 0.005188
[312] copy/comp = 0.074913 copy = 0.057683 compute = 0.769993 twid = 0.312281 send = 0.005028
[504] copy/comp = 0.072786 copy = 0.057789 compute = 0.793954 twid = 0.334942 send = 0.004933
[440] copy/comp = 0.070600 copy = 0.057442 compute = 0.813625 twid = 0.330665 send = 0.005096
[280] copy/comp = 0.076016 copy = 0.057798 compute = 0.760346 twid = 0.303257 send = 0.004960
[344] copy/comp = 0.074549 copy = 0.057873 compute = 0.776305 twid = 0.318855 send = 0.005198
[472] copy/comp = 0.072450 copy = 0.057349 compute = 0.791573 twid = 0.333175 send = 0.005065
[216] copy/comp = 0.078175 copy = 0.057778 compute = 0.739084 twid = 0.281400 send = 0.004958
[376] copy/comp = 0.074142 copy = 0.057844 compute = 0.780180 twid = 0.323110 send = 0.005003
[56] copy/comp = 0.081866 copy = 0.057363 compute = 0.700697 twid = 0.244549 send = 0.005003
[24] copy/comp = 0.084788 copy = 0.057331 compute = 0.676172 twid = 0.217594 send = 0.005189
[88] copy/comp = 0.081080 copy = 0.057843 compute = 0.713401 twid = 0.247625 send = 0.005031
[184] copy/comp = 0.079818 copy = 0.057908 compute = 0.725501 twid = 0.269225 send = 0.005043
[152] copy/comp = 0.080214 copy = 0.057813 compute = 0.720725 twid = 0.262839 send = 0.005114
[225] copy/comp = 0.076347 copy = 0.056739 compute = 0.743164 twid = 0.285846 send = 0.004839
[289] copy/comp = 0.074406 copy = 0.056735 compute = 0.762502 twid = 0.306049 send = 0.004870
[385] copy/comp = 0.072659 copy = 0.056696 compute = 0.780298 twid = 0.324013 send = 0.004903
[97] copy/comp = 0.080138 copy = 0.056729 compute = 0.707898 twid = 0.250632 send = 0.004927
[417] copy/comp = 0.072446 copy = 0.056787 compute = 0.783852 twid = 0.327720 send = 0.004929
[321] copy/comp = 0.073576 copy = 0.056772 compute = 0.771600 twid = 0.314699 send = 0.004845
[481] copy/comp = 0.071992 copy = 0.056940 compute = 0.790922 twid = 0.333521 send = 0.004862
[193] copy/comp = 0.078234 copy = 0.056954 compute = 0.727999 twid = 0.270685 send = 0.004834
[329] copy/comp = 0.073303 copy = 0.056911 compute = 0.776386 twid = 0.316237 send = 0.004836
[257] copy/comp = 0.075138 copy = 0.056745 compute = 0.755210 twid = 0.297463 send = 0.004933
[353] copy/comp = 0.072995 copy = 0.056763 compute = 0.777629 twid = 0.320309 send = 0.004891
[449] copy/comp = 0.075307 copy = 0.060093 compute = 0.797982 twid = 0.341093 send = 0.005625
[65] copy/comp = 0.082613 copy = 0.056756 compute = 0.687019 twid = 0.230391 send = 0.004913
[33] copy/comp = 0.083341 copy = 0.056745 compute = 0.680878 twid = 0.224792 send = 0.004933
[161] copy/comp = 0.078640 copy = 0.056745 compute = 0.721579 twid = 0.264891 send = 0.004970
[105] copy/comp = 0.079464 copy = 0.056848 compute = 0.715397 twid = 0.255936 send = 0.004855
[129] copy/comp = 0.079261 copy = 0.056872 compute = 0.717526 twid = 0.258912 send = 0.004892
[3] copy/comp = 0.084556 copy = 0.056689 compute = 0.670428 twid = 0.213276 send = 0.004901
[457] copy/comp = 0.072032 copy = 0.056934 compute = 0.790397 twid = 0.332026 send = 0.004966
[233] copy/comp = 0.076027 copy = 0.056955 compute = 0.749147 twid = 0.288852 send = 0.004833
[297] copy/comp = 0.074069 copy = 0.056955 compute = 0.768940 twid = 0.308398 send = 0.004952
[489] copy/comp = 0.071575 copy = 0.056809 compute = 0.793701 twid = 0.334067 send = 0.004780
[17] copy/comp = 0.085494 copy = 0.057246 compute = 0.669592 twid = 0.213350 send = 0.005061
[393] copy/comp = 0.072355 copy = 0.056881 compute = 0.786140 twid = 0.324436 send = 0.004881
[265] copy/comp = 0.074974 copy = 0.056963 compute = 0.759767 twid = 0.298402 send = 0.004831
[201] copy/comp = 0.077543 copy = 0.056910 compute = 0.733916 twid = 0.273556 send = 0.004923
[425] copy/comp = 0.072336 copy = 0.056826 compute = 0.785582 twid = 0.328764 send = 0.004809
[9] copy/comp = 0.084739 copy = 0.056912 compute = 0.671622 twid = 0.213272 send = 0.005020
[361] copy/comp = 0.072939 copy = 0.057058 compute = 0.782265 twid = 0.321474 send = 0.004811
[169] copy/comp = 0.078335 copy = 0.056866 compute = 0.725932 twid = 0.266612 send = 0.004914
[433] copy/comp = 0.072839 copy = 0.057135 compute = 0.784409 twid = 0.329764 send = 0.004947
[305] copy/comp = 0.074851 copy = 0.057293 compute = 0.765424 twid = 0.310448 send = 0.004895
[73] copy/comp = 0.081783 copy = 0.056831 compute = 0.694902 twid = 0.234419 send = 0.004905
[41] copy/comp = 0.082970 copy = 0.056843 compute = 0.685104 twid = 0.226150 send = 0.005065
[137] copy/comp = 0.079205 copy = 0.056961 compute = 0.719161 twid = 0.259051 send = 0.004866
[241] copy/comp = 0.076914 copy = 0.057520 compute = 0.747843 twid = 0.292761 send = 0.004878
[113] copy/comp = 0.080223 copy = 0.057280 compute = 0.714013 twid = 0.257486 send = 0.004791
[401] copy/comp = 0.077502 copy = 0.061724 compute = 0.796411 twid = 0.341657 send = 0.005154
[273] copy/comp = 0.075675 copy = 0.057282 compute = 0.756944 twid = 0.301026 send = 0.004859
[465] copy/comp = 0.072830 copy = 0.057299 compute = 0.786748 twid = 0.332649 send = 0.004928
[369] copy/comp = 0.073486 copy = 0.057230 compute = 0.778791 twid = 0.322687 send = 0.004879
[497] copy/comp = 0.072802 copy = 0.057484 compute = 0.789583 twid = 0.334619 send = 0.005230
[337] copy/comp = 0.073918 copy = 0.057178 compute = 0.773531 twid = 0.317650 send = 0.004864
[209] copy/comp = 0.078533 copy = 0.057651 compute = 0.734091 twid = 0.277994 send = 0.004838
[81] copy/comp = 0.082245 copy = 0.057376 compute = 0.697620 twid = 0.240828 send = 0.004868
[49] copy/comp = 0.083103 copy = 0.057002 compute = 0.685919 twid = 0.230485 send = 0.004896
[177] copy/comp = 0.079062 copy = 0.057285 compute = 0.724556 twid = 0.269190 send = 0.004900
[145] copy/comp = 0.080219 copy = 0.057506 compute = 0.716866 twid = 0.261078 send = 0.004954
[249] copy/comp = 0.076452 copy = 0.057537 compute = 0.752586 twid = 0.294910 send = 0.004829
[121] copy/comp = 0.079785 copy = 0.057246 compute = 0.717502 twid = 0.260620 send = 0.004870
[313] copy/comp = 0.074889 copy = 0.057612 compute = 0.769303 twid = 0.312535 send = 0.004832
[409] copy/comp = 0.072731 copy = 0.057143 compute = 0.785683 twid = 0.326818 send = 0.004940
[441] copy/comp = 0.072851 copy = 0.057305 compute = 0.786608 twid = 0.330859 send = 0.004900
[505] copy/comp = 0.072525 copy = 0.057395 compute = 0.791379 twid = 0.334840 send = 0.004781
[281] copy/comp = 0.075442 copy = 0.057415 compute = 0.761051 twid = 0.303580 send = 0.004809
[345] copy/comp = 0.074365 copy = 0.057718 compute = 0.776139 twid = 0.319027 send = 0.004882
[473] copy/comp = 0.072359 copy = 0.057034 compute = 0.788202 twid = 0.333244 send = 0.004968
[377] copy/comp = 0.073429 copy = 0.057347 compute = 0.780981 twid = 0.323690 send = 0.004943
[217] copy/comp = 0.077704 copy = 0.057419 compute = 0.738944 twid = 0.281678 send = 0.004875
[57] copy/comp = 0.082980 copy = 0.057150 compute = 0.688723 twid = 0.232039 send = 0.004931
[25] copy/comp = 0.084802 copy = 0.057266 compute = 0.675294 twid = 0.218358 send = 0.004962
[89] copy/comp = 0.081404 copy = 0.057350 compute = 0.704505 twid = 0.248236 send = 0.004814
[185] copy/comp = 0.079353 copy = 0.057669 compute = 0.726733 twid = 0.269426 send = 0.004876
[226] copy/comp = 0.076277 copy = 0.056692 compute = 0.743240 twid = 0.285973 send = 0.004879
[290] copy/comp = 0.074216 copy = 0.056729 compute = 0.764373 twid = 0.306329 send = 0.004831
[153] copy/comp = 0.080032 copy = 0.057668 compute = 0.720559 twid = 0.263130 send = 0.004947
[98] copy/comp = 0.079662 copy = 0.056585 compute = 0.710315 twid = 0.251047 send = 0.004940
[418] copy/comp = 0.072343 copy = 0.056752 compute = 0.784483 twid = 0.327902 send = 0.004854
[386] copy/comp = 0.072648 copy = 0.056705 compute = 0.780544 twid = 0.323942 send = 0.004758
[322] copy/comp = 0.073347 copy = 0.056750 compute = 0.773720 twid = 0.314836 send = 0.004814
[482] copy/comp = 0.071801 copy = 0.056843 compute = 0.791672 twid = 0.333717 send = 0.004990
[194] copy/comp = 0.078092 copy = 0.056798 compute = 0.727324 twid = 0.270932 send = 0.004810
[258] copy/comp = 0.074922 copy = 0.056696 compute = 0.756728 twid = 0.297782 send = 0.004864
[330] copy/comp = 0.073144 copy = 0.056874 compute = 0.777569 twid = 0.316321 send = 0.004809
[450] copy/comp = 0.072273 copy = 0.056901 compute = 0.787302 twid = 0.331293 send = 0.004821
[354] copy/comp = 0.072902 copy = 0.056716 compute = 0.777981 twid = 0.320478 send = 0.004824
[66] copy/comp = 0.082445 copy = 0.056724 compute = 0.688024 twid = 0.230479 send = 0.004827
[34] copy/comp = 0.083462 copy = 0.056725 compute = 0.679651 twid = 0.223781 send = 0.004925
[162] copy/comp = 0.078629 copy = 0.056710 compute = 0.721236 twid = 0.265237 send = 0.004874
[106] copy/comp = 0.084118 copy = 0.060031 compute = 0.713653 twid = 0.256410 send = 0.005002
[130] copy/comp = 0.079421 copy = 0.056866 compute = 0.716010 twid = 0.259009 send = 0.004817
[4] copy/comp = 0.084353 copy = 0.056760 compute = 0.672888 twid = 0.213307 send = 0.005055
[234] copy/comp = 0.082334 copy = 0.061692 compute = 0.749291 twid = 0.289490 send = 0.005362
[298] copy/comp = 0.074063 copy = 0.056945 compute = 0.768870 twid = 0.308698 send = 0.004798
[458] copy/comp = 0.071783 copy = 0.056857 compute = 0.792066 twid = 0.331976 send = 0.004833
[490] copy/comp = 0.071497 copy = 0.056759 compute = 0.793868 twid = 0.333972 send = 0.004813
[394] copy/comp = 0.072434 copy = 0.056867 compute = 0.785094 twid = 0.324518 send = 0.004857
[266] copy/comp = 0.074854 copy = 0.056887 compute = 0.759966 twid = 0.298640 send = 0.004826
[18] copy/comp = 0.085309 copy = 0.057076 compute = 0.669047 twid = 0.213405 send = 0.004837
[426] copy/comp = 0.086350 copy = 0.068215 compute = 0.789987 twid = 0.328932 send = 0.006085
[202] copy/comp = 0.080877 copy = 0.059464 compute = 0.735235 twid = 0.274116 send = 0.005458
[362] copy/comp = 0.072760 copy = 0.056979 compute = 0.783117 twid = 0.321586 send = 0.004875
[10] copy/comp = 0.084544 copy = 0.056848 compute = 0.672403 twid = 0.213249 send = 0.004860
[170] copy/comp = 0.078215 copy = 0.056841 compute = 0.726729 twid = 0.266771 send = 0.004840
[434] copy/comp = 0.072599 copy = 0.057045 compute = 0.785752 twid = 0.329924 send = 0.004826
[306] copy/comp = 0.074635 copy = 0.057206 compute = 0.766483 twid = 0.310784 send = 0.004817
[74] copy/comp = 0.081691 copy = 0.056800 compute = 0.695308 twid = 0.235321 send = 0.004806
[42] copy/comp = 0.082930 copy = 0.056919 compute = 0.686344 twid = 0.226506 send = 0.004809
[138] copy/comp = 0.079192 copy = 0.056918 compute = 0.718732 twid = 0.259121 send = 0.004742
[242] copy/comp = 0.076685 copy = 0.057322 compute = 0.747489 twid = 0.292425 send = 0.004834
[114] copy/comp = 0.080025 copy = 0.057123 compute = 0.713813 twid = 0.257732 send = 0.004815
[402] copy/comp = 0.073350 copy = 0.057306 compute = 0.781261 twid = 0.325707 send = 0.004785
[274] copy/comp = 0.075423 copy = 0.057094 compute = 0.756984 twid = 0.301357 send = 0.004880
[466] copy/comp = 0.072669 copy = 0.057205 compute = 0.787195 twid = 0.332502 send = 0.004838
[370] copy/comp = 0.073331 copy = 0.057137 compute = 0.779166 twid = 0.322894 send = 0.004841
[498] copy/comp = 0.072549 copy = 0.057351 compute = 0.790520 twid = 0.334708 send = 0.004894
[338] copy/comp = 0.073684 copy = 0.057104 compute = 0.774982 twid = 0.317862 send = 0.004800
[210] copy/comp = 0.078151 copy = 0.057357 compute = 0.733932 twid = 0.278471 send = 0.004823
[82] copy/comp = 0.081985 copy = 0.057175 compute = 0.697381 twid = 0.241562 send = 0.004859
[50] copy/comp = 0.082807 copy = 0.056901 compute = 0.687153 twid = 0.230685 send = 0.004815
[178] copy/comp = 0.078839 copy = 0.057158 compute = 0.724999 twid = 0.269363 send = 0.004829
[146] copy/comp = 0.080025 copy = 0.057359 compute = 0.716762 twid = 0.261350 send = 0.004828
[250] copy/comp = 0.076301 copy = 0.057380 compute = 0.752027 twid = 0.295023 send = 0.004828
[122] copy/comp = 0.079843 copy = 0.057283 compute = 0.717449 twid = 0.260644 send = 0.004846
[314] copy/comp = 0.074717 copy = 0.057504 compute = 0.769622 twid = 0.312823 send = 0.004782
[410] copy/comp = 0.072921 copy = 0.057168 compute = 0.783969 twid = 0.326914 send = 0.004955
[442] copy/comp = 0.072716 copy = 0.057260 compute = 0.787449 twid = 0.330950 send = 0.004798
[506] copy/comp = 0.072373 copy = 0.057380 compute = 0.792837 twid = 0.334935 send = 0.004778
[282] copy/comp = 0.075385 copy = 0.057366 compute = 0.760965 twid = 0.303959 send = 0.004806
[346] copy/comp = 0.074034 copy = 0.057592 compute = 0.777914 twid = 0.319098 send = 0.004840
[474] copy/comp = 0.072279 copy = 0.057064 compute = 0.789500 twid = 0.333316 send = 0.004775
[378] copy/comp = 0.073398 copy = 0.057319 compute = 0.780929 twid = 0.323665 send = 0.004809
[218] copy/comp = 0.077913 copy = 0.057565 compute = 0.738839 twid = 0.282050 send = 0.004863
[58] copy/comp = 0.082981 copy = 0.057164 compute = 0.688883 twid = 0.232287 send = 0.004876
[90] copy/comp = 0.080977 copy = 0.057180 compute = 0.706130 twid = 0.248863 send = 0.004843
[26] copy/comp = 0.084485 copy = 0.057209 compute = 0.677141 twid = 0.219028 send = 0.004952
[227] copy/comp = 0.076302 copy = 0.056684 compute = 0.742888 twid = 0.286524 send = 0.004761
[291] copy/comp = 0.074113 copy = 0.056685 compute = 0.764847 twid = 0.306606 send = 0.004854
[186] copy/comp = 0.079077 copy = 0.057389 compute = 0.725735 twid = 0.269611 send = 0.004825
[99] copy/comp = 0.080143 copy = 0.056702 compute = 0.707516 twid = 0.251587 send = 0.004828
[154] copy/comp = 0.079913 copy = 0.057568 compute = 0.720378 twid = 0.263338 send = 0.004825
[419] copy/comp = 0.072281 copy = 0.056747 compute = 0.785089 twid = 0.328012 send = 0.004909
[387] copy/comp = 0.072628 copy = 0.056699 compute = 0.780674 twid = 0.324107 send = 0.004734
[323] copy/comp = 0.073432 copy = 0.056737 compute = 0.772643 twid = 0.315165 send = 0.004809
[483] copy/comp = 0.071754 copy = 0.056783 compute = 0.791354 twid = 0.333659 send = 0.004759
[259] copy/comp = 0.075051 copy = 0.056720 compute = 0.755759 twid = 0.297961 send = 0.004880
[195] copy/comp = 0.078063 copy = 0.056807 compute = 0.727713 twid = 0.271078 send = 0.004756
[331] copy/comp = 0.073238 copy = 0.056897 compute = 0.776879 twid = 0.316540 send = 0.004775
[451] copy/comp = 0.072240 copy = 0.056915 compute = 0.787864 twid = 0.331418 send = 0.004830
[355] copy/comp = 0.072866 copy = 0.056692 compute = 0.778033 twid = 0.320551 send = 0.004840
[67] copy/comp = 0.082602 copy = 0.056697 compute = 0.686388 twid = 0.230676 send = 0.004778
[35] copy/comp = 0.083070 copy = 0.056708 compute = 0.682656 twid = 0.225742 send = 0.004888
[163] copy/comp = 0.078350 copy = 0.056678 compute = 0.723400 twid = 0.266582 send = 0.004892
[107] copy/comp = 0.079613 copy = 0.056784 compute = 0.713253 twid = 0.255026 send = 0.004838
[131] copy/comp = 0.079025 copy = 0.056773 compute = 0.718414 twid = 0.258949 send = 0.004834
[5] copy/comp = 0.084658 copy = 0.056835 compute = 0.671355 twid = 0.213218 send = 0.004806
[235] copy/comp = 0.075843 copy = 0.056966 compute = 0.751105 twid = 0.290167 send = 0.004770
[299] copy/comp = 0.074132 copy = 0.057022 compute = 0.769203 twid = 0.308906 send = 0.004827
[459] copy/comp = 0.071884 copy = 0.056811 compute = 0.790314 twid = 0.332018 send = 0.004784
[491] copy/comp = 0.071481 copy = 0.056790 compute = 0.794467 twid = 0.334249 send = 0.004845
[395] copy/comp = 0.072230 copy = 0.056789 compute = 0.786222 twid = 0.324555 send = 0.004739
[267] copy/comp = 0.074612 copy = 0.056914 compute = 0.762800 twid = 0.300023 send = 0.004870
[427] copy/comp = 0.072216 copy = 0.056809 compute = 0.786648 twid = 0.329118 send = 0.004809
[203] copy/comp = 0.077448 copy = 0.056961 compute = 0.735475 twid = 0.275734 send = 0.004760
[19] copy/comp = 0.085363 copy = 0.057142 compute = 0.669404 twid = 0.213378 send = 0.004811
[363] copy/comp = 0.072936 copy = 0.057110 compute = 0.783015 twid = 0.321717 send = 0.004779
[171] copy/comp = 0.078230 copy = 0.056845 compute = 0.726634 twid = 0.267007 send = 0.004804
[11] copy/comp = 0.084479 copy = 0.056819 compute = 0.672583 twid = 0.213367 send = 0.004800
[75] copy/comp = 0.081694 copy = 0.056722 compute = 0.694320 twid = 0.236123 send = 0.004756
[435] copy/comp = 0.072550 copy = 0.057009 compute = 0.785786 twid = 0.330016 send = 0.004767
[307] copy/comp = 0.074444 copy = 0.057120 compute = 0.767291 twid = 0.310987 send = 0.004828
[43] copy/comp = 0.082741 copy = 0.056895 compute = 0.687628 twid = 0.228777 send = 0.004953
[139] copy/comp = 0.079078 copy = 0.056884 compute = 0.719343 twid = 0.259398 send = 0.004837
[243] copy/comp = 0.076617 copy = 0.057409 compute = 0.749297 twid = 0.293415 send = 0.004807
[115] copy/comp = 0.079999 copy = 0.057188 compute = 0.714861 twid = 0.258108 send = 0.004909
[403] copy/comp = 0.073419 copy = 0.057388 compute = 0.781647 twid = 0.325977 send = 0.004776
[275] copy/comp = 0.075292 copy = 0.057046 compute = 0.757667 twid = 0.301698 send = 0.004910
[467] copy/comp = 0.072677 copy = 0.057225 compute = 0.787387 twid = 0.332643 send = 0.004797
[371] copy/comp = 0.073365 copy = 0.057190 compute = 0.779531 twid = 0.323012 send = 0.004832
[339] copy/comp = 0.073905 copy = 0.057197 compute = 0.773933 twid = 0.317914 send = 0.004776
[499] copy/comp = 0.072715 copy = 0.057477 compute = 0.790446 twid = 0.334781 send = 0.004826
[211] copy/comp = 0.078207 copy = 0.057458 compute = 0.734691 twid = 0.279067 send = 0.004817
[83] copy/comp = 0.081862 copy = 0.057167 compute = 0.698330 twid = 0.242226 send = 0.004768
[51] copy/comp = 0.082851 copy = 0.056922 compute = 0.687037 twid = 0.230979 send = 0.004910
[179] copy/comp = 0.078859 copy = 0.057149 compute = 0.724691 twid = 0.269454 send = 0.004829
[147] copy/comp = 0.079771 copy = 0.057251 compute = 0.717695 twid = 0.261570 send = 0.004908
[251] copy/comp = 0.076698 copy = 0.057726 compute = 0.752636 twid = 0.294981 send = 0.005074
[123] copy/comp = 0.080004 copy = 0.057276 compute = 0.715914 twid = 0.259040 send = 0.004876
[315] copy/comp = 0.074399 copy = 0.057303 compute = 0.770217 twid = 0.313064 send = 0.004832
[411] copy/comp = 0.072922 copy = 0.057182 compute = 0.784159 twid = 0.327032 send = 0.004918
[443] copy/comp = 0.072848 copy = 0.057396 compute = 0.787897 twid = 0.331098 send = 0.004865
[507] copy/comp = 0.072397 copy = 0.057331 compute = 0.791898 twid = 0.334864 send = 0.004782
[283] copy/comp = 0.075409 copy = 0.057418 compute = 0.761426 twid = 0.304273 send = 0.004823
[347] copy/comp = 0.074069 copy = 0.057577 compute = 0.777340 twid = 0.319218 send = 0.004813
[475] copy/comp = 0.072226 copy = 0.057024 compute = 0.789528 twid = 0.333439 send = 0.004781
[379] copy/comp = 0.075004 copy = 0.058657 compute = 0.782045 twid = 0.323621 send = 0.005372
[219] copy/comp = 0.079681 copy = 0.059037 compute = 0.740909 twid = 0.282741 send = 0.005160
[91] copy/comp = 0.081068 copy = 0.057165 compute = 0.705156 twid = 0.249411 send = 0.004800
[59] copy/comp = 0.082925 copy = 0.057112 compute = 0.688717 twid = 0.232419 send = 0.004890
[228] copy/comp = 0.076236 copy = 0.056720 compute = 0.744005 twid = 0.286582 send = 0.005165
[27] copy/comp = 0.084379 copy = 0.057336 compute = 0.679502 twid = 0.220840 send = 0.004846
[292] copy/comp = 0.074084 copy = 0.056721 compute = 0.765627 twid = 0.306914 send = 0.005130
[187] copy/comp = 0.079154 copy = 0.057533 compute = 0.726857 twid = 0.269747 send = 0.004853
[100] copy/comp = 0.080215 copy = 0.056736 compute = 0.707293 twid = 0.252080 send = 0.005088
[420] copy/comp = 0.072447 copy = 0.056788 compute = 0.783847 twid = 0.328125 send = 0.005139
[155] copy/comp = 0.079768 copy = 0.057559 compute = 0.721578 twid = 0.263573 send = 0.004816
[388] copy/comp = 0.072624 copy = 0.056714 compute = 0.780921 twid = 0.324136 send = 0.004993
[324] copy/comp = 0.073464 copy = 0.056766 compute = 0.772707 twid = 0.315306 send = 0.005062
[260] copy/comp = 0.075073 copy = 0.056732 compute = 0.755692 twid = 0.298016 send = 0.005109
[484] copy/comp = 0.071857 copy = 0.056845 compute = 0.791085 twid = 0.333897 send = 0.005056
[196] copy/comp = 0.078149 copy = 0.056873 compute = 0.727743 twid = 0.271192 send = 0.005186
[332] copy/comp = 0.073362 copy = 0.056932 compute = 0.776044 twid = 0.316740 send = 0.005022
[452] copy/comp = 0.072189 copy = 0.056893 compute = 0.788116 twid = 0.331596 send = 0.005059
[356] copy/comp = 0.072894 copy = 0.056723 compute = 0.778157 twid = 0.320802 send = 0.005139
[68] copy/comp = 0.082217 copy = 0.056703 compute = 0.689671 twid = 0.233598 send = 0.005099
[36] copy/comp = 0.083347 copy = 0.056745 compute = 0.680822 twid = 0.224487 send = 0.005186
[164] copy/comp = 0.078468 copy = 0.056701 compute = 0.722594 twid = 0.266823 send = 0.005203
[132] copy/comp = 0.079248 copy = 0.056946 compute = 0.718570 twid = 0.258982 send = 0.005165
[108] copy/comp = 0.079581 copy = 0.056784 compute = 0.713534 twid = 0.255366 send = 0.005087
[6] copy/comp = 0.085714 copy = 0.057586 compute = 0.671844 twid = 0.213328 send = 0.005058
[236] copy/comp = 0.075853 copy = 0.056894 compute = 0.750056 twid = 0.289886 send = 0.005085
[300] copy/comp = 0.074120 copy = 0.056936 compute = 0.768152 twid = 0.309228 send = 0.005101
[460] copy/comp = 0.071948 copy = 0.056830 compute = 0.789878 twid = 0.332109 send = 0.005138
[396] copy/comp = 0.075037 copy = 0.059485 compute = 0.792737 twid = 0.331811 send = 0.005180
[268] copy/comp = 0.074867 copy = 0.056953 compute = 0.760724 twid = 0.300101 send = 0.005034
[492] copy/comp = 0.071553 copy = 0.056793 compute = 0.793726 twid = 0.334503 send = 0.005146
[428] copy/comp = 0.072366 copy = 0.056947 compute = 0.786932 twid = 0.329240 send = 0.005131
[204] copy/comp = 0.077291 copy = 0.056837 compute = 0.735363 twid = 0.276224 send = 0.005079
[364] copy/comp = 0.072918 copy = 0.057021 compute = 0.781986 twid = 0.321966 send = 0.005044
[20] copy/comp = 0.085513 copy = 0.057238 compute = 0.669352 twid = 0.213743 send = 0.005222
[172] copy/comp = 0.078140 copy = 0.056868 compute = 0.727769 twid = 0.267185 send = 0.005092
[12] copy/comp = 0.084461 copy = 0.056871 compute = 0.673337 twid = 0.213281 send = 0.005252
[76] copy/comp = 0.081376 copy = 0.056718 compute = 0.696983 twid = 0.239498 send = 0.005119
[436] copy/comp = 0.072744 copy = 0.057149 compute = 0.785623 twid = 0.330204 send = 0.005173
[308] copy/comp = 0.074568 copy = 0.057186 compute = 0.766892 twid = 0.311321 send = 0.005034
[44] copy/comp = 0.082705 copy = 0.056920 compute = 0.688224 twid = 0.229040 send = 0.005113
[140] copy/comp = 0.079546 copy = 0.057116 compute = 0.718018 twid = 0.259712 send = 0.005189
[244] copy/comp = 0.076581 copy = 0.057461 compute = 0.750336 twid = 0.294026 send = 0.005142
[116] copy/comp = 0.079847 copy = 0.057185 compute = 0.716179 twid = 0.258501 send = 0.005319
[404] copy/comp = 0.073530 copy = 0.057416 compute = 0.780847 twid = 0.325998 send = 0.005042
[276] copy/comp = 0.075467 copy = 0.057173 compute = 0.757581 twid = 0.302051 send = 0.005192
[468] copy/comp = 0.072806 copy = 0.057302 compute = 0.787056 twid = 0.332673 send = 0.005038
[340] copy/comp = 0.073985 copy = 0.057252 compute = 0.773832 twid = 0.318147 send = 0.005044
[372] copy/comp = 0.073428 copy = 0.057162 compute = 0.778469 twid = 0.323074 send = 0.005105
[500] copy/comp = 0.072848 copy = 0.057553 compute = 0.790045 twid = 0.334910 send = 0.005045
[212] copy/comp = 0.078078 copy = 0.057425 compute = 0.735489 twid = 0.279405 send = 0.005221
[84] copy/comp = 0.081690 copy = 0.057172 compute = 0.699862 twid = 0.245219 send = 0.005140
[52] copy/comp = 0.083227 copy = 0.056984 compute = 0.684683 twid = 0.228703 send = 0.005193
[180] copy/comp = 0.078868 copy = 0.057249 compute = 0.725891 twid = 0.269729 send = 0.005211
[148] copy/comp = 0.080172 copy = 0.057479 compute = 0.716943 twid = 0.261885 send = 0.005135
[252] copy/comp = 0.076189 copy = 0.057300 compute = 0.752078 twid = 0.295266 send = 0.005077
[124] copy/comp = 0.086126 copy = 0.061886 compute = 0.718552 twid = 0.259061 send = 0.005977
[316] copy/comp = 0.074474 copy = 0.057333 compute = 0.769835 twid = 0.313336 send = 0.005087
[444] copy/comp = 0.072567 copy = 0.057144 compute = 0.787459 twid = 0.331187 send = 0.005146
[412] copy/comp = 0.072947 copy = 0.057166 compute = 0.783665 twid = 0.327104 send = 0.005078
[284] copy/comp = 0.075165 copy = 0.057330 compute = 0.762725 twid = 0.304630 send = 0.005182
[508] copy/comp = 0.072357 copy = 0.057383 compute = 0.793060 twid = 0.334928 send = 0.005130
[348] copy/comp = 0.074062 copy = 0.057521 compute = 0.776667 twid = 0.319476 send = 0.005046
[476] copy/comp = 0.072191 copy = 0.057042 compute = 0.790147 twid = 0.333370 send = 0.005033
[380] copy/comp = 0.073491 copy = 0.057347 compute = 0.780336 twid = 0.323587 send = 0.005160
[220] copy/comp = 0.077171 copy = 0.057165 compute = 0.740759 twid = 0.283578 send = 0.005162
[92] copy/comp = 0.080824 copy = 0.057091 compute = 0.706365 twid = 0.250003 send = 0.005170
[60] copy/comp = 0.083412 copy = 0.057229 compute = 0.686101 twid = 0.230062 send = 0.005172
[229] copy/comp = 0.076281 copy = 0.056736 compute = 0.743774 twid = 0.287150 send = 0.004801
[28] copy/comp = 0.084219 copy = 0.057302 compute = 0.680397 twid = 0.221558 send = 0.005152
[101] copy/comp = 0.080173 copy = 0.056802 compute = 0.708492 twid = 0.252578 send = 0.004903
[293] copy/comp = 0.074032 copy = 0.056742 compute = 0.766453 twid = 0.307874 send = 0.004750
[188] copy/comp = 0.079714 copy = 0.058019 compute = 0.727836 twid = 0.269977 send = 0.005619
[421] copy/comp = 0.072697 copy = 0.057051 compute = 0.784782 twid = 0.328362 send = 0.005099
[156] copy/comp = 0.079790 copy = 0.057542 compute = 0.721166 twid = 0.263806 send = 0.005186
[389] copy/comp = 0.072629 copy = 0.056760 compute = 0.781505 twid = 0.324445 send = 0.004777
[325] copy/comp = 0.073481 copy = 0.056803 compute = 0.773036 twid = 0.315582 send = 0.004753
[261] copy/comp = 0.075248 copy = 0.056868 compute = 0.755744 twid = 0.298287 send = 0.004844
[485] copy/comp = 0.071942 copy = 0.056921 compute = 0.791211 twid = 0.333739 send = 0.004795
[197] copy/comp = 0.087347 copy = 0.063608 compute = 0.728222 twid = 0.271230 send = 0.005946
[333] copy/comp = 0.073296 copy = 0.056981 compute = 0.777401 twid = 0.317007 send = 0.004800
[453] copy/comp = 0.072202 copy = 0.056947 compute = 0.788727 twid = 0.331724 send = 0.004717
[357] copy/comp = 0.072924 copy = 0.056772 compute = 0.778507 twid = 0.320834 send = 0.004784
[69] copy/comp = 0.082309 copy = 0.056746 compute = 0.689427 twid = 0.233768 send = 0.004747
[37] copy/comp = 0.083290 copy = 0.056807 compute = 0.682031 twid = 0.224878 send = 0.004884
[165] copy/comp = 0.078516 copy = 0.056735 compute = 0.722590 twid = 0.266948 send = 0.004836
[133] copy/comp = 0.079302 copy = 0.056958 compute = 0.718247 twid = 0.258986 send = 0.004885
[109] copy/comp = 0.079723 copy = 0.056848 compute = 0.713067 twid = 0.255845 send = 0.004919
[7] copy/comp = 0.082238 copy = 0.056645 compute = 0.688786 twid = 0.213218 send = 0.004847
[237] copy/comp = 0.075865 copy = 0.056905 compute = 0.750082 twid = 0.291200 send = 0.004861
[301] copy/comp = 0.073819 copy = 0.056865 compute = 0.770320 twid = 0.309572 send = 0.004824
[461] copy/comp = 0.071900 copy = 0.056879 compute = 0.791084 twid = 0.332222 send = 0.004862
[397] copy/comp = 0.072507 copy = 0.056943 compute = 0.785352 twid = 0.325011 send = 0.004777
[269] copy/comp = 0.075140 copy = 0.057085 compute = 0.759712 twid = 0.300409 send = 0.004849
[429] copy/comp = 0.072230 copy = 0.056927 compute = 0.788128 twid = 0.329292 send = 0.004790
[493] copy/comp = 0.071650 copy = 0.056876 compute = 0.793800 twid = 0.334394 send = 0.004830
[365] copy/comp = 0.073084 copy = 0.057216 compute = 0.782874 twid = 0.321935 send = 0.004849
[205] copy/comp = 0.077375 copy = 0.056927 compute = 0.735726 twid = 0.276798 send = 0.004746
[173] copy/comp = 0.078379 copy = 0.056930 compute = 0.726343 twid = 0.267284 send = 0.004794
[13] copy/comp = 0.084769 copy = 0.057027 compute = 0.672737 twid = 0.213327 send = 0.004756
[21] copy/comp = 0.085666 copy = 0.057465 compute = 0.670800 twid = 0.214853 send = 0.004798
[77] copy/comp = 0.081188 copy = 0.056792 compute = 0.699506 twid = 0.240324 send = 0.004769
[437] copy/comp = 0.072815 copy = 0.057183 compute = 0.785320 twid = 0.330294 send = 0.004868
[45] copy/comp = 0.082851 copy = 0.056988 compute = 0.687834 twid = 0.229416 send = 0.004810
[309] copy/comp = 0.074452 copy = 0.057134 compute = 0.767390 twid = 0.311503 send = 0.004803
[141] copy/comp = 0.079180 copy = 0.057064 compute = 0.720688 twid = 0.259969 send = 0.004811
[245] copy/comp = 0.076609 copy = 0.057490 compute = 0.750436 twid = 0.294470 send = 0.004868
[117] copy/comp = 0.080082 copy = 0.057344 compute = 0.716064 twid = 0.258906 send = 0.004788
[405] copy/comp = 0.073421 copy = 0.057364 compute = 0.781299 twid = 0.326266 send = 0.004815
[277] copy/comp = 0.075466 copy = 0.057241 compute = 0.758495 twid = 0.302474 send = 0.004833
[341] copy/comp = 0.074008 copy = 0.057324 compute = 0.774563 twid = 0.318259 send = 0.004787
[469] copy/comp = 0.072613 copy = 0.057197 compute = 0.787691 twid = 0.332672 send = 0.004868
[373] copy/comp = 0.073466 copy = 0.057239 compute = 0.779119 twid = 0.323198 send = 0.004814
[501] copy/comp = 0.072635 copy = 0.057388 compute = 0.790085 twid = 0.335081 send = 0.004869
[213] copy/comp = 0.078074 copy = 0.057453 compute = 0.735889 twid = 0.279871 send = 0.004783
[85] copy/comp = 0.081375 copy = 0.057113 compute = 0.701841 twid = 0.245878 send = 0.004739
[53] copy/comp = 0.083395 copy = 0.057093 compute = 0.684604 twid = 0.228921 send = 0.004807
[181] copy/comp = 0.078924 copy = 0.057249 compute = 0.725373 twid = 0.269820 send = 0.004828
[149] copy/comp = 0.080137 copy = 0.057557 compute = 0.718229 twid = 0.262149 send = 0.004878
[253] copy/comp = 0.076371 copy = 0.057474 compute = 0.752557 twid = 0.296471 send = 0.004827
[125] copy/comp = 0.080207 copy = 0.057413 compute = 0.715805 twid = 0.259073 send = 0.004831
[445] copy/comp = 0.072848 copy = 0.057323 compute = 0.786880 twid = 0.331256 send = 0.004854
[317] copy/comp = 0.074637 copy = 0.057477 compute = 0.770090 twid = 0.313545 send = 0.004778
[413] copy/comp = 0.073244 copy = 0.057414 compute = 0.783869 twid = 0.327151 send = 0.004792
[285] copy/comp = 0.075417 copy = 0.057492 compute = 0.762313 twid = 0.304834 send = 0.004802
[509] copy/comp = 0.072495 copy = 0.057505 compute = 0.793224 twid = 0.334856 send = 0.004833
[349] copy/comp = 0.074086 copy = 0.057585 compute = 0.777272 twid = 0.319686 send = 0.004766
[477] copy/comp = 0.072301 copy = 0.057107 compute = 0.789855 twid = 0.333555 send = 0.004839
[381] copy/comp = 0.073564 copy = 0.057475 compute = 0.781287 twid = 0.323544 send = 0.004796
[221] copy/comp = 0.077490 copy = 0.057343 compute = 0.740005 twid = 0.283636 send = 0.004797
[93] copy/comp = 0.080898 copy = 0.057205 compute = 0.707127 twid = 0.250544 send = 0.004790
[61] copy/comp = 0.083459 copy = 0.057264 compute = 0.686136 twid = 0.230192 send = 0.004745
[230] copy/comp = 0.076256 copy = 0.056767 compute = 0.744425 twid = 0.287364 send = 0.004841
[29] copy/comp = 0.084485 copy = 0.057361 compute = 0.678947 twid = 0.222262 send = 0.004845
[102] copy/comp = 0.080158 copy = 0.056783 compute = 0.708385 twid = 0.253065 send = 0.004832
[294] copy/comp = 0.074380 copy = 0.057021 compute = 0.766623 twid = 0.308146 send = 0.004961
[422] copy/comp = 0.072476 copy = 0.056839 compute = 0.784241 twid = 0.328356 send = 0.004820
[189] copy/comp = 0.079169 copy = 0.057482 compute = 0.726066 twid = 0.270144 send = 0.004811
[390] copy/comp = 0.072673 copy = 0.056763 compute = 0.781077 twid = 0.324446 send = 0.004948
[157] copy/comp = 0.079808 copy = 0.057672 compute = 0.722631 twid = 0.264086 send = 0.004846
[262] copy/comp = 0.074759 copy = 0.056604 compute = 0.757151 twid = 0.298755 send = 0.004896
[326] copy/comp = 0.073412 copy = 0.056695 compute = 0.772286 twid = 0.315847 send = 0.004867
[486] copy/comp = 0.071903 copy = 0.056850 compute = 0.790653 twid = 0.333933 send = 0.004791
[198] copy/comp = 0.078185 copy = 0.056984 compute = 0.728827 twid = 0.271893 send = 0.004754
[334] copy/comp = 0.073144 copy = 0.056893 compute = 0.777825 twid = 0.317198 send = 0.004903
[454] copy/comp = 0.072382 copy = 0.057020 compute = 0.787762 twid = 0.331513 send = 0.004844
[358] copy/comp = 0.072910 copy = 0.056752 compute = 0.778386 twid = 0.321045 send = 0.004813
[70] copy/comp = 0.082140 copy = 0.056763 compute = 0.691049 twid = 0.234504 send = 0.004730
[38] copy/comp = 0.083089 copy = 0.056782 compute = 0.683389 twid = 0.227098 send = 0.004863
[166] copy/comp = 0.078416 copy = 0.056730 compute = 0.723450 twid = 0.267128 send = 0.004757
[134] copy/comp = 0.085765 copy = 0.061631 compute = 0.718604 twid = 0.258984 send = 0.005337
[110] copy/comp = 0.079065 copy = 0.056715 compute = 0.717322 twid = 0.256202 send = 0.004924
[238] copy/comp = 0.075812 copy = 0.056967 compute = 0.751432 twid = 0.291588 send = 0.004796
[302] copy/comp = 0.074035 copy = 0.056990 compute = 0.769773 twid = 0.309704 send = 0.004805
[462] copy/comp = 0.071961 copy = 0.056860 compute = 0.790145 twid = 0.332324 send = 0.004787
[398] copy/comp = 0.072489 copy = 0.056921 compute = 0.785240 twid = 0.325014 send = 0.004746
[270] copy/comp = 0.074941 copy = 0.057011 compute = 0.760734 twid = 0.300785 send = 0.004833
[430] copy/comp = 0.077189 copy = 0.061635 compute = 0.798488 twid = 0.340359 send = 0.005274
[494] copy/comp = 0.071389 copy = 0.056701 compute = 0.794264 twid = 0.334918 send = 0.004927
[366] copy/comp = 0.072693 copy = 0.056964 compute = 0.783620 twid = 0.322320 send = 0.004890
[206] copy/comp = 0.077495 copy = 0.057057 compute = 0.736267 twid = 0.277320 send = 0.004735
[174] copy/comp = 0.084595 copy = 0.062520 compute = 0.739051 twid = 0.267543 send = 0.005096
[14] copy/comp = 0.084760 copy = 0.056984 compute = 0.672297 twid = 0.213260 send = 0.004837
[22] copy/comp = 0.085450 copy = 0.057456 compute = 0.672390 twid = 0.215777 send = 0.004812
[78] copy/comp = 0.081498 copy = 0.058069 compute = 0.712523 twid = 0.241013 send = 0.004793
[438] copy/comp = 0.073704 copy = 0.058696 compute = 0.796370 twid = 0.340903 send = 0.005241
[46] copy/comp = 0.082709 copy = 0.056967 compute = 0.688763 twid = 0.229731 send = 0.004906
[310] copy/comp = 0.074472 copy = 0.057187 compute = 0.767900 twid = 0.311799 send = 0.004778
[142] copy/comp = 0.079118 copy = 0.056911 compute = 0.719323 twid = 0.260269 send = 0.004883
[246] copy/comp = 0.076652 copy = 0.057534 compute = 0.750584 twid = 0.294544 send = 0.004747
[118] copy/comp = 0.079961 copy = 0.057191 compute = 0.715241 twid = 0.258979 send = 0.004942
[406] copy/comp = 0.077361 copy = 0.060518 compute = 0.782281 twid = 0.326507 send = 0.005474
[278] copy/comp = 0.075347 copy = 0.057163 compute = 0.758661 twid = 0.302724 send = 0.004813
[342] copy/comp = 0.073967 copy = 0.057218 compute = 0.773557 twid = 0.318444 send = 0.004833
[470] copy/comp = 0.072773 copy = 0.057394 compute = 0.788665 twid = 0.332832 send = 0.004789
[374] copy/comp = 0.073593 copy = 0.057311 compute = 0.778756 twid = 0.323321 send = 0.004835
[502] copy/comp = 0.072639 copy = 0.057508 compute = 0.791700 twid = 0.335258 send = 0.005010
[214] copy/comp = 0.078258 copy = 0.057583 compute = 0.735803 twid = 0.280251 send = 0.004800
[86] copy/comp = 0.081386 copy = 0.057117 compute = 0.701804 twid = 0.246409 send = 0.004836
[54] copy/comp = 0.083363 copy = 0.057047 compute = 0.684315 twid = 0.229267 send = 0.004810
[182] copy/comp = 0.087215 copy = 0.064006 compute = 0.733886 twid = 0.270020 send = 0.005286
[150] copy/comp = 0.079903 copy = 0.057411 compute = 0.718505 twid = 0.262436 send = 0.004806
[254] copy/comp = 0.076252 copy = 0.057430 compute = 0.753164 twid = 0.296391 send = 0.004780
[126] copy/comp = 0.079990 copy = 0.057304 compute = 0.716398 twid = 0.259078 send = 0.004880
[446] copy/comp = 0.072773 copy = 0.057348 compute = 0.788036 twid = 0.331406 send = 0.004861
[318] copy/comp = 0.074607 copy = 0.057521 compute = 0.770982 twid = 0.313781 send = 0.004739
[414] copy/comp = 0.073235 copy = 0.057412 compute = 0.783939 twid = 0.327276 send = 0.004777
[286] copy/comp = 0.074884 copy = 0.057156 compute = 0.763254 twid = 0.305243 send = 0.004964
[510] copy/comp = 0.072207 copy = 0.057269 compute = 0.793127 twid = 0.335598 send = 0.004889
[350] copy/comp = 0.074180 copy = 0.057600 compute = 0.776490 twid = 0.319812 send = 0.004789
[478] copy/comp = 0.072286 copy = 0.057110 compute = 0.790057 twid = 0.333777 send = 0.004749
[382] copy/comp = 0.073363 copy = 0.057305 compute = 0.781106 twid = 0.323706 send = 0.004880
[222] copy/comp = 0.077433 copy = 0.057392 compute = 0.741188 twid = 0.284223 send = 0.004850
[94] copy/comp = 0.081060 copy = 0.057297 compute = 0.706841 twid = 0.251029 send = 0.004767
[62] copy/comp = 0.083497 copy = 0.057332 compute = 0.686639 twid = 0.230321 send = 0.004784
[231] copy/comp = 0.075680 copy = 0.056608 compute = 0.747999 twid = 0.288369 send = 0.004790
[30] copy/comp = 0.093623 copy = 0.064646 compute = 0.690490 twid = 0.233341 send = 0.005269
[103] copy/comp = 0.079952 copy = 0.056763 compute = 0.709971 twid = 0.253482 send = 0.004808
[423] copy/comp = 0.070456 copy = 0.056923 compute = 0.807929 twid = 0.328535 send = 0.004822
[295] copy/comp = 0.074079 copy = 0.056797 compute = 0.766702 twid = 0.308461 send = 0.004752
[391] copy/comp = 0.072526 copy = 0.056716 compute = 0.782015 twid = 0.324519 send = 0.004851
[190] copy/comp = 0.079246 copy = 0.057579 compute = 0.726592 twid = 0.270207 send = 0.004763
[263] copy/comp = 0.075003 copy = 0.056794 compute = 0.757223 twid = 0.298810 send = 0.005011
[158] copy/comp = 0.081343 copy = 0.058669 compute = 0.721249 twid = 0.264312 send = 0.005294
[327] copy/comp = 0.078318 copy = 0.060598 compute = 0.773742 twid = 0.315826 send = 0.005366
[487] copy/comp = 0.071661 copy = 0.056787 compute = 0.792445 twid = 0.334422 send = 0.004950
[199] copy/comp = 0.077995 copy = 0.056901 compute = 0.729547 twid = 0.272494 send = 0.004802
[335] copy/comp = 0.086471 copy = 0.067552 compute = 0.781213 twid = 0.317384 send = 0.005942
[455] copy/comp = 0.072107 copy = 0.056835 compute = 0.788214 twid = 0.331743 send = 0.004896
[359] copy/comp = 0.072434 copy = 0.056621 compute = 0.781699 twid = 0.321274 send = 0.004872
[71] copy/comp = 0.082075 copy = 0.056812 compute = 0.692196 twid = 0.235381 send = 0.004767
[39] copy/comp = 0.080034 copy = 0.056757 compute = 0.709170 twid = 0.226525 send = 0.004887
[167] copy/comp = 0.078411 copy = 0.056712 compute = 0.723264 twid = 0.267395 send = 0.004807
[135] copy/comp = 0.079006 copy = 0.056825 compute = 0.719250 twid = 0.259050 send = 0.004848
[111] copy/comp = 0.077905 copy = 0.056696 compute = 0.727761 twid = 0.256641 send = 0.004833
[239] copy/comp = 0.079439 copy = 0.060028 compute = 0.755646 twid = 0.293747 send = 0.005265
[303] copy/comp = 0.082815 copy = 0.063797 compute = 0.770355 twid = 0.310347 send = 0.006197
[399] copy/comp = 0.080786 copy = 0.065182 compute = 0.806841 twid = 0.325283 send = 0.006128
[463] copy/comp = 0.076577 copy = 0.060650 compute = 0.792009 twid = 0.332385 send = 0.005607
[431] copy/comp = 0.071951 copy = 0.056715 compute = 0.788237 twid = 0.329613 send = 0.004889
[271] copy/comp = 0.088206 copy = 0.067329 compute = 0.763312 twid = 0.301458 send = 0.006179
[495] copy/comp = 0.073823 copy = 0.058617 compute = 0.794024 twid = 0.334655 send = 0.005123
[367] copy/comp = 0.078185 copy = 0.061430 compute = 0.785699 twid = 0.322461 send = 0.005701
[207] copy/comp = 0.080510 copy = 0.059761 compute = 0.742276 twid = 0.280091 send = 0.005193
[175] copy/comp = 0.082926 copy = 0.060351 compute = 0.727774 twid = 0.267797 send = 0.005169
[15] copy/comp = 0.089062 copy = 0.060012 compute = 0.673824 twid = 0.213333 send = 0.005810
[79] copy/comp = 0.084825 copy = 0.059663 compute = 0.703363 twid = 0.244293 send = 0.005154
[23] copy/comp = 0.084993 copy = 0.057248 compute = 0.673566 twid = 0.216762 send = 0.004922
[47] copy/comp = 0.093285 copy = 0.064373 compute = 0.690071 twid = 0.231103 send = 0.006008
[439] copy/comp = 0.072558 copy = 0.057030 compute = 0.785988 twid = 0.330570 send = 0.004904
[143] copy/comp = 0.089280 copy = 0.064496 compute = 0.722406 twid = 0.260606 send = 0.006190
[311] copy/comp = 0.077877 copy = 0.059853 compute = 0.768559 twid = 0.312383 send = 0.005148
[247] copy/comp = 0.082834 copy = 0.062338 compute = 0.752568 twid = 0.297121 send = 0.005320
[119] copy/comp = 0.079334 copy = 0.056970 compute = 0.718105 twid = 0.259032 send = 0.004905
[407] copy/comp = 0.073029 copy = 0.057127 compute = 0.782246 twid = 0.326607 send = 0.004974
[279] copy/comp = 0.079214 copy = 0.060151 compute = 0.759340 twid = 0.303180 send = 0.005249
[343] copy/comp = 0.080751 copy = 0.062579 compute = 0.774959 twid = 0.318649 send = 0.005352
[471] copy/comp = 0.070861 copy = 0.057176 compute = 0.806876 twid = 0.332703 send = 0.004879
[375] copy/comp = 0.075647 copy = 0.059091 compute = 0.781138 twid = 0.323507 send = 0.005286
[503] copy/comp = 0.072734 copy = 0.057439 compute = 0.789706 twid = 0.334917 send = 0.004996
[215] copy/comp = 0.082470 copy = 0.061412 compute = 0.744660 twid = 0.284185 send = 0.005474
[87] copy/comp = 0.086221 copy = 0.061177 compute = 0.709541 twid = 0.253803 send = 0.005023
[55] copy/comp = 0.083161 copy = 0.056966 compute = 0.685004 twid = 0.229437 send = 0.004880
[183] copy/comp = 0.083591 copy = 0.060726 compute = 0.726468 twid = 0.270242 send = 0.005182
[151] copy/comp = 0.081187 copy = 0.058345 compute = 0.718647 twid = 0.262673 send = 0.005085
[255] copy/comp = 0.088661 copy = 0.067465 compute = 0.760927 twid = 0.301996 send = 0.006021
[127] copy/comp = 0.079489 copy = 0.057019 compute = 0.717319 twid = 0.259059 send = 0.004960
[447] copy/comp = 0.074848 copy = 0.059048 compute = 0.788907 twid = 0.331599 send = 0.005661
[319] copy/comp = 0.089351 copy = 0.069066 compute = 0.772975 twid = 0.316044 send = 0.006719
[415] copy/comp = 0.072602 copy = 0.057346 compute = 0.789868 twid = 0.327573 send = 0.004877
[287] copy/comp = 0.090416 copy = 0.069150 compute = 0.764798 twid = 0.307636 send = 0.006721
[351] copy/comp = 0.082150 copy = 0.064128 compute = 0.780613 twid = 0.321224 send = 0.005375
[479] copy/comp = 0.068250 copy = 0.057908 compute = 0.848479 twid = 0.345725 send = 0.005168
[511] copy/comp = 0.086731 copy = 0.068731 compute = 0.792466 twid = 0.334991 send = 0.006091
[383] copy/comp = 0.079069 copy = 0.061915 compute = 0.783047 twid = 0.324007 send = 0.005673
[223] copy/comp = 0.090342 copy = 0.068099 compute = 0.753796 twid = 0.294790 send = 0.005806
[95] copy/comp = 0.090638 copy = 0.065527 compute = 0.722945 twid = 0.266739 send = 0.005686
[63] copy/comp = 0.082533 copy = 0.057695 compute = 0.699049 twid = 0.230532 send = 0.005579
[31] copy/comp = 0.084813 copy = 0.057976 compute = 0.683580 twid = 0.222149 send = 0.005249
[191] copy/comp = 0.087703 copy = 0.063876 compute = 0.728323 twid = 0.271838 send = 0.006017
[159] copy/comp = 0.095713 copy = 0.069211 compute = 0.723117 twid = 0.265363 send = 0.005872
End of program
