Charm++> Running on Non-smp mode
Converse/Charm++ Commit ID: v6.3.0-631-gd27dc40
[0] isomalloc.c> Disabling isomalloc because isomalloc disabled by conv-mach
Charm++> Running on 16 unique compute nodes (4-way SMP).
TRANSPOSING
TRANSPOSING
TRANSPOSING
FFT on 11264 elements with 1024 chares took 3.797309 time at 4.497136 GFlop/s
[0] copy/comp = 0.215743 copy = 0.019613 compute = 0.090910 twid = 0.041203 send = 0.011770
[1] copy/comp = 0.205452 copy = 0.019422 compute = 0.094536 twid = 0.044641 send = 0.012007
[448] copy/comp = 0.178390 copy = 0.019624 compute = 0.110006 twid = 0.059393 send = 0.011697
[192] copy/comp = 0.189710 copy = 0.019264 compute = 0.101544 twid = 0.051466 send = 0.011691
[832] copy/comp = 0.159495 copy = 0.019310 compute = 0.121069 twid = 0.068381 send = 0.011517
[576] copy/comp = 0.164383 copy = 0.019309 compute = 0.117466 twid = 0.063975 send = 0.011463
[768] copy/comp = 0.161472 copy = 0.019296 compute = 0.119501 twid = 0.067808 send = 0.011519
[512] copy/comp = 0.167626 copy = 0.019336 compute = 0.115352 twid = 0.062241 send = 0.011414
[640] copy/comp = 0.162897 copy = 0.019267 compute = 0.118275 twid = 0.065800 send = 0.011230
[896] copy/comp = 0.159347 copy = 0.019316 compute = 0.121217 twid = 0.069361 send = 0.011488
[704] copy/comp = 0.161720 copy = 0.019277 compute = 0.119197 twid = 0.066800 send = 0.011456
[960] copy/comp = 0.161299 copy = 0.019462 compute = 0.120659 twid = 0.069669 send = 0.011552
[384] copy/comp = 0.180961 copy = 0.020153 compute = 0.111365 twid = 0.056260 send = 0.011742
[128] copy/comp = 0.196001 copy = 0.019286 compute = 0.098398 twid = 0.048203 send = 0.011796
[64] copy/comp = 0.201480 copy = 0.019292 compute = 0.095750 twid = 0.045510 send = 0.011605
[320] copy/comp = 0.186410 copy = 0.019675 compute = 0.105550 twid = 0.055451 send = 0.011841
[256] copy/comp = 0.189335 copy = 0.019594 compute = 0.103491 twid = 0.053620 send = 0.011764
[2] copy/comp = 0.208393 copy = 0.019541 compute = 0.093772 twid = 0.043590 send = 0.011575
[464] copy/comp = 0.177902 copy = 0.019640 compute = 0.110398 twid = 0.060138 send = 0.011726
[208] copy/comp = 0.186565 copy = 0.019296 compute = 0.103426 twid = 0.053317 send = 0.011648
[848] copy/comp = 0.161845 copy = 0.019393 compute = 0.119826 twid = 0.068762 send = 0.011604
[592] copy/comp = 0.167830 copy = 0.019397 compute = 0.115575 twid = 0.064177 send = 0.011526
[784] copy/comp = 0.163526 copy = 0.019353 compute = 0.118351 twid = 0.067894 send = 0.011692
[528] copy/comp = 0.171019 copy = 0.019404 compute = 0.113459 twid = 0.062184 send = 0.011578
[656] copy/comp = 0.165973 copy = 0.019413 compute = 0.116965 twid = 0.066075 send = 0.011403
[912] copy/comp = 0.161444 copy = 0.019388 compute = 0.120094 twid = 0.069492 send = 0.011730
[720] copy/comp = 0.164341 copy = 0.019365 compute = 0.117836 twid = 0.067261 send = 0.011663
[976] copy/comp = 0.162877 copy = 0.019551 compute = 0.120037 twid = 0.069926 send = 0.011755
[400] copy/comp = 0.180782 copy = 0.019794 compute = 0.109491 twid = 0.056795 send = 0.011434
[144] copy/comp = 0.195392 copy = 0.019309 compute = 0.098819 twid = 0.048825 send = 0.011820
[80] copy/comp = 0.198882 copy = 0.019354 compute = 0.097315 twid = 0.047212 send = 0.011793
[336] copy/comp = 0.185702 copy = 0.019672 compute = 0.105935 twid = 0.055781 send = 0.011844
[272] copy/comp = 0.189458 copy = 0.019601 compute = 0.103460 twid = 0.053686 send = 0.011742
[16] copy/comp = 0.206286 copy = 0.019327 compute = 0.093691 twid = 0.043527 send = 0.011753
[480] copy/comp = 0.177603 copy = 0.019745 compute = 0.111174 twid = 0.060796 send = 0.011779
[224] copy/comp = 0.187885 copy = 0.019386 compute = 0.103180 twid = 0.053282 send = 0.011800
[864] copy/comp = 0.163768 copy = 0.019519 compute = 0.119184 twid = 0.068857 send = 0.011621
[608] copy/comp = 0.168130 copy = 0.019397 compute = 0.115367 twid = 0.064713 send = 0.011564
[800] copy/comp = 0.164080 copy = 0.019429 compute = 0.118409 twid = 0.068138 send = 0.011620
[544] copy/comp = 0.171839 copy = 0.019532 compute = 0.113665 twid = 0.062933 send = 0.011567
[672] copy/comp = 0.167396 copy = 0.019555 compute = 0.116819 twid = 0.066407 send = 0.011384
[928] copy/comp = 0.162646 copy = 0.019481 compute = 0.119775 twid = 0.069436 send = 0.011661
[736] copy/comp = 0.165439 copy = 0.019450 compute = 0.117565 twid = 0.067299 send = 0.011711
[992] copy/comp = 0.162733 copy = 0.019588 compute = 0.120370 twid = 0.070120 send = 0.011714
[416] copy/comp = 0.181806 copy = 0.019772 compute = 0.108753 twid = 0.057694 send = 0.011502
[160] copy/comp = 0.194064 copy = 0.019424 compute = 0.100092 twid = 0.050234 send = 0.011861
[96] copy/comp = 0.204353 copy = 0.019686 compute = 0.096332 twid = 0.046575 send = 0.011739
[352] copy/comp = 0.186474 copy = 0.019720 compute = 0.105749 twid = 0.055714 send = 0.011826
[288] copy/comp = 0.189876 copy = 0.019697 compute = 0.103734 twid = 0.054045 send = 0.011687
[32] copy/comp = 0.207883 copy = 0.019419 compute = 0.093415 twid = 0.043546 send = 0.011733
[496] copy/comp = 0.179179 copy = 0.019991 compute = 0.111572 twid = 0.061470 send = 0.011625
[240] copy/comp = 0.190169 copy = 0.019643 compute = 0.103290 twid = 0.053775 send = 0.011335
[880] copy/comp = 0.163946 copy = 0.019584 compute = 0.119452 twid = 0.069190 send = 0.011708
[624] copy/comp = 0.168872 copy = 0.019531 compute = 0.115653 twid = 0.065369 send = 0.011595
[816] copy/comp = 0.165590 copy = 0.019612 compute = 0.118434 twid = 0.068335 send = 0.011674
[560] copy/comp = 0.171361 copy = 0.019538 compute = 0.114018 twid = 0.063455 send = 0.011562
[688] copy/comp = 0.167227 copy = 0.019578 compute = 0.117073 twid = 0.066735 send = 0.011470
[944] copy/comp = 0.163030 copy = 0.019498 compute = 0.119598 twid = 0.069591 send = 0.011807
[752] copy/comp = 0.166033 copy = 0.019519 compute = 0.117564 twid = 0.067511 send = 0.011629
[1008] copy/comp = 0.162285 copy = 0.019514 compute = 0.120247 twid = 0.069966 send = 0.011768
[432] copy/comp = 0.182653 copy = 0.019887 compute = 0.108878 twid = 0.058593 send = 0.011696
[176] copy/comp = 0.193591 copy = 0.019432 compute = 0.100375 twid = 0.050465 send = 0.011864
[112] copy/comp = 0.199172 copy = 0.019536 compute = 0.098084 twid = 0.047984 send = 0.011736
[368] copy/comp = 0.186636 copy = 0.019743 compute = 0.105784 twid = 0.055949 send = 0.011915
[304] copy/comp = 0.188798 copy = 0.019678 compute = 0.104230 twid = 0.054547 send = 0.011652
[449] copy/comp = 0.177743 copy = 0.019564 compute = 0.110067 twid = 0.059815 send = 0.012035
[193] copy/comp = 0.190020 copy = 0.019532 compute = 0.102787 twid = 0.052427 send = 0.011993
[833] copy/comp = 0.162277 copy = 0.019403 compute = 0.119568 twid = 0.068600 send = 0.011752
[577] copy/comp = 0.168841 copy = 0.019403 compute = 0.114920 twid = 0.064040 send = 0.011550
[769] copy/comp = 0.164268 copy = 0.019431 compute = 0.118290 twid = 0.067702 send = 0.011845
[48] copy/comp = 0.205805 copy = 0.019450 compute = 0.094509 twid = 0.044384 send = 0.012011
[513] copy/comp = 0.171591 copy = 0.019422 compute = 0.113190 twid = 0.062286 send = 0.011796
[641] copy/comp = 0.165908 copy = 0.019359 compute = 0.116686 twid = 0.065895 send = 0.011484
[897] copy/comp = 0.162019 copy = 0.019411 compute = 0.119805 twid = 0.069330 send = 0.011813
[705] copy/comp = 0.164853 copy = 0.019408 compute = 0.117732 twid = 0.067044 send = 0.011857
[961] copy/comp = 0.161813 copy = 0.019426 compute = 0.120051 twid = 0.069859 send = 0.011929
[385] copy/comp = 0.182740 copy = 0.019601 compute = 0.107263 twid = 0.056651 send = 0.011649
[129] copy/comp = 0.198149 copy = 0.019527 compute = 0.098545 twid = 0.048216 send = 0.012006
[65] copy/comp = 0.199624 copy = 0.019395 compute = 0.097159 twid = 0.046626 send = 0.011979
[321] copy/comp = 0.185560 copy = 0.019591 compute = 0.105579 twid = 0.055426 send = 0.012085
[257] copy/comp = 0.188275 copy = 0.019590 compute = 0.104051 twid = 0.054221 send = 0.012267
[3] copy/comp = 0.206140 copy = 0.019540 compute = 0.094791 twid = 0.044657 send = 0.011655
[465] copy/comp = 0.176674 copy = 0.019597 compute = 0.110923 twid = 0.060552 send = 0.012025
[209] copy/comp = 0.188841 copy = 0.019571 compute = 0.103638 twid = 0.053414 send = 0.011995
[849] copy/comp = 0.163698 copy = 0.019492 compute = 0.119072 twid = 0.068896 send = 0.011849
[593] copy/comp = 0.169599 copy = 0.019504 compute = 0.115002 twid = 0.064549 send = 0.011672
[785] copy/comp = 0.164716 copy = 0.019487 compute = 0.118305 twid = 0.067954 send = 0.012002
[529] copy/comp = 0.172195 copy = 0.019496 compute = 0.113223 twid = 0.062693 send = 0.011858
[657] copy/comp = 0.167421 copy = 0.019507 compute = 0.116512 twid = 0.066175 send = 0.011673
[913] copy/comp = 0.162545 copy = 0.019466 compute = 0.119759 twid = 0.069552 send = 0.011907
[721] copy/comp = 0.165830 copy = 0.019467 compute = 0.117393 twid = 0.067347 send = 0.011973
[977] copy/comp = 0.162506 copy = 0.019506 compute = 0.120030 twid = 0.069995 send = 0.012041
[401] copy/comp = 0.181883 copy = 0.019660 compute = 0.108092 twid = 0.057407 send = 0.011572
[145] copy/comp = 0.196994 copy = 0.019548 compute = 0.099230 twid = 0.048930 send = 0.011864
[81] copy/comp = 0.200464 copy = 0.019572 compute = 0.097633 twid = 0.047255 send = 0.012053
[337] copy/comp = 0.185239 copy = 0.019605 compute = 0.105836 twid = 0.055801 send = 0.012087
[273] copy/comp = 0.188056 copy = 0.019586 compute = 0.104149 twid = 0.054229 send = 0.012230
[17] copy/comp = 0.206058 copy = 0.019572 compute = 0.094981 twid = 0.044658 send = 0.012039
[481] copy/comp = 0.177143 copy = 0.019743 compute = 0.111450 twid = 0.061162 send = 0.012130
[225] copy/comp = 0.189335 copy = 0.019679 compute = 0.103938 twid = 0.054100 send = 0.012063
[865] copy/comp = 0.164387 copy = 0.019651 compute = 0.119538 twid = 0.069072 send = 0.011862
[609] copy/comp = 0.167204 copy = 0.019510 compute = 0.116683 twid = 0.066416 send = 0.011743
[801] copy/comp = 0.165911 copy = 0.019605 compute = 0.118166 twid = 0.068142 send = 0.012022
[545] copy/comp = 0.173053 copy = 0.019651 compute = 0.113557 twid = 0.062971 send = 0.011850
[673] copy/comp = 0.168565 copy = 0.019691 compute = 0.116815 twid = 0.066435 send = 0.011511
[929] copy/comp = 0.163412 copy = 0.019554 compute = 0.119660 twid = 0.069549 send = 0.011918
[737] copy/comp = 0.166260 copy = 0.019585 compute = 0.117795 twid = 0.067604 send = 0.012009
[993] copy/comp = 0.163266 copy = 0.019593 compute = 0.120008 twid = 0.070120 send = 0.012047
[417] copy/comp = 0.181136 copy = 0.019724 compute = 0.108892 twid = 0.058319 send = 0.011666
[161] copy/comp = 0.196079 copy = 0.019704 compute = 0.100489 twid = 0.050240 send = 0.011960
[97] copy/comp = 0.202773 copy = 0.019656 compute = 0.096938 twid = 0.047070 send = 0.011997
[353] copy/comp = 0.185336 copy = 0.019656 compute = 0.106058 twid = 0.056145 send = 0.012072
[289] copy/comp = 0.188793 copy = 0.019701 compute = 0.104355 twid = 0.054584 send = 0.012201
[33] copy/comp = 0.205953 copy = 0.019538 compute = 0.094866 twid = 0.044664 send = 0.012080
[497] copy/comp = 0.179589 copy = 0.020087 compute = 0.111850 twid = 0.061812 send = 0.012157
[241] copy/comp = 0.189810 copy = 0.019690 compute = 0.103735 twid = 0.054490 send = 0.011883
[881] copy/comp = 0.165102 copy = 0.019696 compute = 0.119294 twid = 0.069308 send = 0.011853
[625] copy/comp = 0.170151 copy = 0.019671 compute = 0.115612 twid = 0.065427 send = 0.011744
[817] copy/comp = 0.166871 copy = 0.019761 compute = 0.118420 twid = 0.068341 send = 0.011958
[561] copy/comp = 0.172953 copy = 0.019698 compute = 0.113890 twid = 0.063534 send = 0.011841
[689] copy/comp = 0.168794 copy = 0.019730 compute = 0.116887 twid = 0.066679 send = 0.011612
[945] copy/comp = 0.163628 copy = 0.019618 compute = 0.119893 twid = 0.069701 send = 0.012010
[753] copy/comp = 0.167173 copy = 0.019708 compute = 0.117888 twid = 0.067785 send = 0.011982
[1009] copy/comp = 0.162563 copy = 0.019552 compute = 0.120276 twid = 0.070145 send = 0.012071
[433] copy/comp = 0.181591 copy = 0.019836 compute = 0.109234 twid = 0.058924 send = 0.011840
[177] copy/comp = 0.194222 copy = 0.019746 compute = 0.101668 twid = 0.051408 send = 0.012089
[113] copy/comp = 0.200967 copy = 0.019721 compute = 0.098131 twid = 0.047976 send = 0.012129
[450] copy/comp = 0.176765 copy = 0.019537 compute = 0.110523 twid = 0.059867 send = 0.011464
[369] copy/comp = 0.185125 copy = 0.019700 compute = 0.106412 twid = 0.056403 send = 0.011974
[305] copy/comp = 0.188030 copy = 0.019728 compute = 0.104921 twid = 0.055041 send = 0.012207
[194] copy/comp = 0.189760 copy = 0.019528 compute = 0.102909 twid = 0.052487 send = 0.011603
[834] copy/comp = 0.164021 copy = 0.019575 compute = 0.119342 twid = 0.068532 send = 0.011370
[578] copy/comp = 0.169820 copy = 0.019569 compute = 0.115231 twid = 0.064194 send = 0.011136
[770] copy/comp = 0.165012 copy = 0.019567 compute = 0.118577 twid = 0.067791 send = 0.011407
[514] copy/comp = 0.172745 copy = 0.019556 compute = 0.113205 twid = 0.062177 send = 0.011318
[49] copy/comp = 0.207045 copy = 0.019766 compute = 0.095468 twid = 0.045556 send = 0.012203
[642] copy/comp = 0.166955 copy = 0.019490 compute = 0.116741 twid = 0.065911 send = 0.011149
[898] copy/comp = 0.162936 copy = 0.019556 compute = 0.120022 twid = 0.069415 send = 0.011402
[706] copy/comp = 0.166202 copy = 0.019571 compute = 0.117752 twid = 0.067027 send = 0.011416
[962] copy/comp = 0.162465 copy = 0.019568 compute = 0.120445 twid = 0.069892 send = 0.011466
[386] copy/comp = 0.182458 copy = 0.019609 compute = 0.107472 twid = 0.056664 send = 0.011102
[130] copy/comp = 0.197763 copy = 0.019546 compute = 0.098834 twid = 0.048260 send = 0.011484
[66] copy/comp = 0.199861 copy = 0.019531 compute = 0.097725 twid = 0.047006 send = 0.011511
[322] copy/comp = 0.184605 copy = 0.019570 compute = 0.106011 twid = 0.055689 send = 0.011453
[258] copy/comp = 0.187394 copy = 0.019583 compute = 0.104500 twid = 0.054564 send = 0.011754
[4] copy/comp = 0.205496 copy = 0.019531 compute = 0.095043 twid = 0.044638 send = 0.011354
[466] copy/comp = 0.175913 copy = 0.019584 compute = 0.111326 twid = 0.060778 send = 0.011526
[210] copy/comp = 0.188891 copy = 0.019600 compute = 0.103763 twid = 0.053496 send = 0.011639
[850] copy/comp = 0.164706 copy = 0.019656 compute = 0.119341 twid = 0.068817 send = 0.011412
[594] copy/comp = 0.170555 copy = 0.019670 compute = 0.115330 twid = 0.064650 send = 0.011195
[786] copy/comp = 0.165968 copy = 0.019639 compute = 0.118329 twid = 0.067947 send = 0.011450
[530] copy/comp = 0.173473 copy = 0.019651 compute = 0.113278 twid = 0.062603 send = 0.011357
[658] copy/comp = 0.168497 copy = 0.019655 compute = 0.116650 twid = 0.066227 send = 0.011350
[914] copy/comp = 0.163560 copy = 0.019619 compute = 0.119948 twid = 0.069559 send = 0.011451
[722] copy/comp = 0.166821 copy = 0.019641 compute = 0.117739 twid = 0.067317 send = 0.011486
[978] copy/comp = 0.163463 copy = 0.019643 compute = 0.120165 twid = 0.069892 send = 0.011637
[402] copy/comp = 0.182237 copy = 0.019692 compute = 0.108055 twid = 0.057419 send = 0.011049
[146] copy/comp = 0.196281 copy = 0.019589 compute = 0.099802 twid = 0.049585 send = 0.011501
[82] copy/comp = 0.200462 copy = 0.019587 compute = 0.097710 twid = 0.047312 send = 0.011564
[338] copy/comp = 0.184816 copy = 0.019589 compute = 0.105989 twid = 0.056066 send = 0.011444
[274] copy/comp = 0.187415 copy = 0.019585 compute = 0.104502 twid = 0.054568 send = 0.011707
[18] copy/comp = 0.206569 copy = 0.019625 compute = 0.095004 twid = 0.044627 send = 0.011767
[482] copy/comp = 0.177156 copy = 0.019729 compute = 0.111365 twid = 0.060996 send = 0.011583
[226] copy/comp = 0.189391 copy = 0.019726 compute = 0.104153 twid = 0.054158 send = 0.011797
[866] copy/comp = 0.166356 copy = 0.019847 compute = 0.119305 twid = 0.069047 send = 0.011416
[610] copy/comp = 0.170554 copy = 0.019718 compute = 0.115608 twid = 0.065119 send = 0.011341
[802] copy/comp = 0.166889 copy = 0.019746 compute = 0.118316 twid = 0.068123 send = 0.011507
[546] copy/comp = 0.174956 copy = 0.019879 compute = 0.113624 twid = 0.063058 send = 0.011481
[674] copy/comp = 0.169978 copy = 0.019827 compute = 0.116644 twid = 0.066526 send = 0.011324
[930] copy/comp = 0.164595 copy = 0.019731 compute = 0.119874 twid = 0.069575 send = 0.011478
[738] copy/comp = 0.167981 copy = 0.019781 compute = 0.117759 twid = 0.067579 send = 0.011603
[994] copy/comp = 0.164347 copy = 0.019730 compute = 0.120048 twid = 0.070009 send = 0.011618
[418] copy/comp = 0.181332 copy = 0.019769 compute = 0.109020 twid = 0.058331 send = 0.011171
[162] copy/comp = 0.196748 copy = 0.019767 compute = 0.100467 twid = 0.050323 send = 0.011694
[98] copy/comp = 0.200125 copy = 0.019654 compute = 0.098211 twid = 0.048216 send = 0.011564
[354] copy/comp = 0.184783 copy = 0.019684 compute = 0.106525 twid = 0.056361 send = 0.011454
[290] copy/comp = 0.188242 copy = 0.019714 compute = 0.104728 twid = 0.054916 send = 0.011759
[34] copy/comp = 0.207697 copy = 0.019715 compute = 0.094920 twid = 0.044677 send = 0.011816
[498] copy/comp = 0.179188 copy = 0.020068 compute = 0.111995 twid = 0.061881 send = 0.011782
[242] copy/comp = 0.187316 copy = 0.019516 compute = 0.104185 twid = 0.054795 send = 0.011472
[882] copy/comp = 0.166730 copy = 0.019922 compute = 0.119488 twid = 0.069189 send = 0.011486
[626] copy/comp = 0.171539 copy = 0.019911 compute = 0.116075 twid = 0.065537 send = 0.011282
[818] copy/comp = 0.168192 copy = 0.019951 compute = 0.118622 twid = 0.068402 send = 0.011583
[562] copy/comp = 0.174847 copy = 0.019906 compute = 0.113849 twid = 0.063680 send = 0.011467
[690] copy/comp = 0.170177 copy = 0.019955 compute = 0.117258 twid = 0.066823 send = 0.011429
[946] copy/comp = 0.165142 copy = 0.019794 compute = 0.119861 twid = 0.069751 send = 0.011626
[754] copy/comp = 0.168783 copy = 0.019855 compute = 0.117637 twid = 0.067720 send = 0.011617
[1010] copy/comp = 0.163728 copy = 0.019684 compute = 0.120222 twid = 0.070082 send = 0.011630
[434] copy/comp = 0.182118 copy = 0.019952 compute = 0.109553 twid = 0.059186 send = 0.011340
[178] copy/comp = 0.195158 copy = 0.019806 compute = 0.101485 twid = 0.051436 send = 0.011721
[114] copy/comp = 0.202741 copy = 0.019851 compute = 0.097915 twid = 0.048029 send = 0.011609
[451] copy/comp = 0.176446 copy = 0.019517 compute = 0.110611 twid = 0.059900 send = 0.011562
[370] copy/comp = 0.184810 copy = 0.019724 compute = 0.106724 twid = 0.056665 send = 0.011407
[195] copy/comp = 0.188804 copy = 0.019525 compute = 0.103416 twid = 0.052951 send = 0.011786
[835] copy/comp = 0.163744 copy = 0.019544 compute = 0.119360 twid = 0.068661 send = 0.011657
[306] copy/comp = 0.188239 copy = 0.019779 compute = 0.105075 twid = 0.055345 send = 0.011708
[579] copy/comp = 0.169580 copy = 0.019557 compute = 0.115325 twid = 0.064180 send = 0.011468
[771] copy/comp = 0.164998 copy = 0.019552 compute = 0.118497 twid = 0.067707 send = 0.011607
[515] copy/comp = 0.172947 copy = 0.019545 compute = 0.113012 twid = 0.062151 send = 0.011598
[50] copy/comp = 0.206980 copy = 0.019833 compute = 0.095822 twid = 0.045679 send = 0.011961
[643] copy/comp = 0.167069 copy = 0.019493 compute = 0.116676 twid = 0.065866 send = 0.011414
[899] copy/comp = 0.163280 copy = 0.019562 compute = 0.119806 twid = 0.069292 send = 0.011645
[707] copy/comp = 0.165557 copy = 0.019536 compute = 0.118000 twid = 0.067100 send = 0.011646
[963] copy/comp = 0.162898 copy = 0.019585 compute = 0.120227 twid = 0.069894 send = 0.011666
[387] copy/comp = 0.182295 copy = 0.019598 compute = 0.107509 twid = 0.056731 send = 0.011443
[131] copy/comp = 0.196773 copy = 0.019532 compute = 0.099260 twid = 0.048799 send = 0.011667
[67] copy/comp = 0.200032 copy = 0.019533 compute = 0.097649 twid = 0.047053 send = 0.011637
[323] copy/comp = 0.184252 copy = 0.019559 compute = 0.106154 twid = 0.055747 send = 0.011715
[259] copy/comp = 0.187673 copy = 0.019562 compute = 0.104235 twid = 0.054569 send = 0.011905
[5] copy/comp = 0.205671 copy = 0.019534 compute = 0.094975 twid = 0.044662 send = 0.011525
[467] copy/comp = 0.176026 copy = 0.019571 compute = 0.111184 twid = 0.060630 send = 0.011690
[211] copy/comp = 0.187981 copy = 0.019591 compute = 0.104219 twid = 0.053898 send = 0.011918
[851] copy/comp = 0.164965 copy = 0.019649 compute = 0.119112 twid = 0.068864 send = 0.011722
[595] copy/comp = 0.170657 copy = 0.019663 compute = 0.115222 twid = 0.064661 send = 0.011534
[787] copy/comp = 0.165715 copy = 0.019618 compute = 0.118382 twid = 0.067945 send = 0.011689
[531] copy/comp = 0.173492 copy = 0.019644 compute = 0.113230 twid = 0.062644 send = 0.011661
[659] copy/comp = 0.168498 copy = 0.019664 compute = 0.116700 twid = 0.066162 send = 0.011602
[915] copy/comp = 0.163842 copy = 0.019621 compute = 0.119758 twid = 0.069549 send = 0.011747
[723] copy/comp = 0.166951 copy = 0.019631 compute = 0.117583 twid = 0.067315 send = 0.011715
[979] copy/comp = 0.163715 copy = 0.019677 compute = 0.120190 twid = 0.069971 send = 0.011894
[403] copy/comp = 0.181836 copy = 0.019698 compute = 0.108330 twid = 0.057499 send = 0.011373
[147] copy/comp = 0.195451 copy = 0.019574 compute = 0.100147 twid = 0.049637 send = 0.011670
[83] copy/comp = 0.199885 copy = 0.019605 compute = 0.098080 twid = 0.047720 send = 0.011850
[339] copy/comp = 0.183983 copy = 0.019582 compute = 0.106433 twid = 0.056095 send = 0.011785
[275] copy/comp = 0.187202 copy = 0.019559 compute = 0.104479 twid = 0.054554 send = 0.011878
[19] copy/comp = 0.206519 copy = 0.019615 compute = 0.094978 twid = 0.044647 send = 0.011811
[483] copy/comp = 0.177518 copy = 0.019771 compute = 0.111373 twid = 0.061270 send = 0.011779
[227] copy/comp = 0.188914 copy = 0.019764 compute = 0.104617 twid = 0.054543 send = 0.012040
[867] copy/comp = 0.166645 copy = 0.019879 compute = 0.119289 twid = 0.069056 send = 0.011760
[611] copy/comp = 0.171368 copy = 0.019798 compute = 0.115529 twid = 0.065198 send = 0.011664
[803] copy/comp = 0.167182 copy = 0.019761 compute = 0.118200 twid = 0.068142 send = 0.011727
[547] copy/comp = 0.175332 copy = 0.019917 compute = 0.113597 twid = 0.063051 send = 0.011830
[675] copy/comp = 0.170204 copy = 0.019853 compute = 0.116644 twid = 0.066508 send = 0.011708
[931] copy/comp = 0.164912 copy = 0.019767 compute = 0.119861 twid = 0.069710 send = 0.011822
[739] copy/comp = 0.168171 copy = 0.019802 compute = 0.117746 twid = 0.067544 send = 0.011873
[995] copy/comp = 0.164604 copy = 0.019797 compute = 0.120270 twid = 0.070060 send = 0.011891
[419] copy/comp = 0.181405 copy = 0.019795 compute = 0.109122 twid = 0.058457 send = 0.011520
[163] copy/comp = 0.195483 copy = 0.019771 compute = 0.101138 twid = 0.050935 send = 0.011782
[99] copy/comp = 0.200764 copy = 0.019692 compute = 0.098084 twid = 0.048215 send = 0.011765
[355] copy/comp = 0.185390 copy = 0.019710 compute = 0.106315 twid = 0.056396 send = 0.011833
[291] copy/comp = 0.188436 copy = 0.019747 compute = 0.104794 twid = 0.054947 send = 0.011923
[35] copy/comp = 0.208539 copy = 0.019761 compute = 0.094760 twid = 0.044663 send = 0.011886
[499] copy/comp = 0.179070 copy = 0.020056 compute = 0.112000 twid = 0.062010 send = 0.011903
[243] copy/comp = 0.188173 copy = 0.019643 compute = 0.104389 twid = 0.054819 send = 0.011755
[883] copy/comp = 0.167055 copy = 0.019926 compute = 0.119281 twid = 0.069273 send = 0.011724
[627] copy/comp = 0.171797 copy = 0.019939 compute = 0.116059 twid = 0.065567 send = 0.011596
[819] copy/comp = 0.168371 copy = 0.019950 compute = 0.118489 twid = 0.068432 send = 0.011745
[563] copy/comp = 0.174850 copy = 0.019968 compute = 0.114202 twid = 0.063725 send = 0.011867
[691] copy/comp = 0.170823 copy = 0.019981 compute = 0.116967 twid = 0.066758 send = 0.011766
[947] copy/comp = 0.165032 copy = 0.019803 compute = 0.119993 twid = 0.069801 send = 0.011873
[755] copy/comp = 0.168411 copy = 0.019848 compute = 0.117852 twid = 0.067742 send = 0.011925
[1011] copy/comp = 0.163823 copy = 0.019715 compute = 0.120342 twid = 0.070111 send = 0.011863
[435] copy/comp = 0.181682 copy = 0.019921 compute = 0.109646 twid = 0.059337 send = 0.011623
[179] copy/comp = 0.194222 copy = 0.019841 compute = 0.102158 twid = 0.051985 send = 0.011761
[452] copy/comp = 0.176161 copy = 0.019514 compute = 0.110774 twid = 0.059962 send = 0.011132
[115] copy/comp = 0.201700 copy = 0.019886 compute = 0.098594 twid = 0.048567 send = 0.011826
[196] copy/comp = 0.189136 copy = 0.019534 compute = 0.103280 twid = 0.052970 send = 0.011252
[371] copy/comp = 0.185182 copy = 0.019749 compute = 0.106646 twid = 0.056640 send = 0.011791
[836] copy/comp = 0.163534 copy = 0.019546 compute = 0.119523 twid = 0.068701 send = 0.011397
[307] copy/comp = 0.188414 copy = 0.019789 compute = 0.105030 twid = 0.055338 send = 0.011874
[580] copy/comp = 0.169171 copy = 0.019538 compute = 0.115493 twid = 0.064267 send = 0.011185
[772] copy/comp = 0.165179 copy = 0.019550 compute = 0.118353 twid = 0.067737 send = 0.011340
[516] copy/comp = 0.172385 copy = 0.019529 compute = 0.113285 twid = 0.062418 send = 0.011129
[644] copy/comp = 0.164034 copy = 0.019420 compute = 0.118389 twid = 0.067350 send = 0.011258
[51] copy/comp = 0.207962 copy = 0.019908 compute = 0.095727 twid = 0.045758 send = 0.011956
[900] copy/comp = 0.162980 copy = 0.019545 compute = 0.119924 twid = 0.069384 send = 0.011395
[708] copy/comp = 0.165533 copy = 0.019538 compute = 0.118031 twid = 0.067134 send = 0.011232
[964] copy/comp = 0.162287 copy = 0.019561 compute = 0.120534 twid = 0.069877 send = 0.011317
[388] copy/comp = 0.182183 copy = 0.019620 compute = 0.107694 twid = 0.056916 send = 0.011195
[132] copy/comp = 0.196438 copy = 0.019549 compute = 0.099517 twid = 0.048841 send = 0.011270
[68] copy/comp = 0.200056 copy = 0.019539 compute = 0.097668 twid = 0.047122 send = 0.011349
[324] copy/comp = 0.184304 copy = 0.019555 compute = 0.106099 twid = 0.055761 send = 0.011524
[260] copy/comp = 0.186861 copy = 0.019542 compute = 0.104580 twid = 0.054527 send = 0.011559
[6] copy/comp = 0.206019 copy = 0.019556 compute = 0.094924 twid = 0.044619 send = 0.011245
[468] copy/comp = 0.175961 copy = 0.019582 compute = 0.111285 twid = 0.060727 send = 0.011307
[212] copy/comp = 0.188303 copy = 0.019614 compute = 0.104161 twid = 0.053910 send = 0.011382
[852] copy/comp = 0.164851 copy = 0.019668 compute = 0.119307 twid = 0.068844 send = 0.011456
[596] copy/comp = 0.170298 copy = 0.019642 compute = 0.115341 twid = 0.064775 send = 0.011331
[788] copy/comp = 0.165976 copy = 0.019638 compute = 0.118320 twid = 0.067930 send = 0.011432
[532] copy/comp = 0.173233 copy = 0.019652 compute = 0.113445 twid = 0.062802 send = 0.011238
[660] copy/comp = 0.168350 copy = 0.019640 compute = 0.116662 twid = 0.066182 send = 0.011400
[916] copy/comp = 0.163514 copy = 0.019613 compute = 0.119948 twid = 0.069581 send = 0.011477
[724] copy/comp = 0.166964 copy = 0.019623 compute = 0.117527 twid = 0.067256 send = 0.011324
[980] copy/comp = 0.163638 copy = 0.019668 compute = 0.120193 twid = 0.070048 send = 0.011610
[404] copy/comp = 0.182059 copy = 0.019727 compute = 0.108358 twid = 0.057545 send = 0.011185
[148] copy/comp = 0.195973 copy = 0.019603 compute = 0.100028 twid = 0.049753 send = 0.011297
[84] copy/comp = 0.200055 copy = 0.019615 compute = 0.098048 twid = 0.047760 send = 0.011468
[340] copy/comp = 0.184010 copy = 0.019582 compute = 0.106416 twid = 0.056087 send = 0.011498
[276] copy/comp = 0.187062 copy = 0.019557 compute = 0.104547 twid = 0.054509 send = 0.011546
[20] copy/comp = 0.206902 copy = 0.019633 compute = 0.094890 twid = 0.044631 send = 0.011509
[484] copy/comp = 0.177144 copy = 0.019779 compute = 0.111654 twid = 0.061401 send = 0.011431
[228] copy/comp = 0.189237 copy = 0.019802 compute = 0.104642 twid = 0.054585 send = 0.011508
[868] copy/comp = 0.166927 copy = 0.019898 compute = 0.119203 twid = 0.069073 send = 0.011527
[612] copy/comp = 0.171310 copy = 0.019820 compute = 0.115694 twid = 0.065213 send = 0.011458
[804] copy/comp = 0.167131 copy = 0.019774 compute = 0.118312 twid = 0.068070 send = 0.011461
[548] copy/comp = 0.175493 copy = 0.019937 compute = 0.113604 twid = 0.063103 send = 0.011321
[676] copy/comp = 0.170163 copy = 0.019833 compute = 0.116555 twid = 0.066414 send = 0.011465
[932] copy/comp = 0.164650 copy = 0.019766 compute = 0.120047 twid = 0.069742 send = 0.011563
[740] copy/comp = 0.168531 copy = 0.019820 compute = 0.117605 twid = 0.067532 send = 0.011425
[996] copy/comp = 0.164408 copy = 0.019770 compute = 0.120247 twid = 0.070112 send = 0.011593
[420] copy/comp = 0.181760 copy = 0.019866 compute = 0.109299 twid = 0.058414 send = 0.011267
[164] copy/comp = 0.196089 copy = 0.019815 compute = 0.101050 twid = 0.050957 send = 0.011452
[100] copy/comp = 0.200933 copy = 0.019730 compute = 0.098189 twid = 0.048235 send = 0.011420
[356] copy/comp = 0.185150 copy = 0.019719 compute = 0.106501 twid = 0.056422 send = 0.011571
[292] copy/comp = 0.188322 copy = 0.019763 compute = 0.104945 twid = 0.054993 send = 0.011550
[36] copy/comp = 0.207942 copy = 0.019739 compute = 0.094927 twid = 0.044629 send = 0.011548
[500] copy/comp = 0.179306 copy = 0.020065 compute = 0.111905 twid = 0.061924 send = 0.011481
[244] copy/comp = 0.188249 copy = 0.019625 compute = 0.104250 twid = 0.054819 send = 0.011231
[884] copy/comp = 0.167186 copy = 0.019931 compute = 0.119217 twid = 0.069243 send = 0.011473
[628] copy/comp = 0.172097 copy = 0.019933 compute = 0.115825 twid = 0.065494 send = 0.011433
[820] copy/comp = 0.168420 copy = 0.019951 compute = 0.118458 twid = 0.068411 send = 0.011512
[564] copy/comp = 0.174869 copy = 0.019951 compute = 0.114089 twid = 0.063794 send = 0.011413
[692] copy/comp = 0.170569 copy = 0.019984 compute = 0.117160 twid = 0.066847 send = 0.011496
[948] copy/comp = 0.165146 copy = 0.019787 compute = 0.119813 twid = 0.069803 send = 0.011631
[756] copy/comp = 0.168420 copy = 0.019847 compute = 0.117843 twid = 0.067769 send = 0.011428
[1012] copy/comp = 0.163768 copy = 0.019679 compute = 0.120164 twid = 0.070107 send = 0.011563
[436] copy/comp = 0.181147 copy = 0.019886 compute = 0.109779 twid = 0.059292 send = 0.011208
[180] copy/comp = 0.194085 copy = 0.019830 compute = 0.102170 twid = 0.052056 send = 0.011366
[453] copy/comp = 0.175908 copy = 0.019513 compute = 0.110925 twid = 0.060049 send = 0.011403
[116] copy/comp = 0.201852 copy = 0.019880 compute = 0.098488 twid = 0.048571 send = 0.011443
[197] copy/comp = 0.188396 copy = 0.019519 compute = 0.103609 twid = 0.053044 send = 0.011497
[372] copy/comp = 0.185138 copy = 0.019756 compute = 0.106707 twid = 0.056695 send = 0.011537
[837] copy/comp = 0.163946 copy = 0.019552 compute = 0.119258 twid = 0.068587 send = 0.011642
[308] copy/comp = 0.188024 copy = 0.019778 compute = 0.105189 twid = 0.055377 send = 0.011518
[581] copy/comp = 0.168994 copy = 0.019538 compute = 0.115615 twid = 0.064329 send = 0.011374
[773] copy/comp = 0.164761 copy = 0.019554 compute = 0.118681 twid = 0.067846 send = 0.011567
[517] copy/comp = 0.172113 copy = 0.019530 compute = 0.113474 twid = 0.062299 send = 0.011432
[645] copy/comp = 0.166075 copy = 0.019406 compute = 0.116853 twid = 0.065933 send = 0.011431
[52] copy/comp = 0.207455 copy = 0.019926 compute = 0.096049 twid = 0.046049 send = 0.011611
[901] copy/comp = 0.162965 copy = 0.019553 compute = 0.119980 twid = 0.069415 send = 0.011582
[709] copy/comp = 0.165835 copy = 0.019550 compute = 0.117889 twid = 0.067066 send = 0.011487
[965] copy/comp = 0.162438 copy = 0.019580 compute = 0.120536 twid = 0.069944 send = 0.011573
[389] copy/comp = 0.181511 copy = 0.019603 compute = 0.107998 twid = 0.056949 send = 0.011371
[133] copy/comp = 0.196146 copy = 0.019547 compute = 0.099653 twid = 0.048879 send = 0.011498
[69] copy/comp = 0.200242 copy = 0.019538 compute = 0.097571 twid = 0.047124 send = 0.011549
[325] copy/comp = 0.183786 copy = 0.019549 compute = 0.106370 twid = 0.055802 send = 0.011710
[261] copy/comp = 0.187212 copy = 0.019542 compute = 0.104385 twid = 0.054551 send = 0.011672
[7] copy/comp = 0.365500 copy = 0.034738 compute = 0.095044 twid = 0.044657 send = 0.011226
[469] copy/comp = 0.175925 copy = 0.019575 compute = 0.111269 twid = 0.060737 send = 0.011509
[213] copy/comp = 0.188117 copy = 0.019606 compute = 0.104221 twid = 0.053964 send = 0.011684
[853] copy/comp = 0.164857 copy = 0.019653 compute = 0.119212 twid = 0.068741 send = 0.011737
[597] copy/comp = 0.170104 copy = 0.019632 compute = 0.115414 twid = 0.064748 send = 0.011559
[789] copy/comp = 0.165671 copy = 0.019617 compute = 0.118408 twid = 0.067959 send = 0.011604
[533] copy/comp = 0.173271 copy = 0.019636 compute = 0.113325 twid = 0.062689 send = 0.011477
[661] copy/comp = 0.168341 copy = 0.019624 compute = 0.116572 twid = 0.066303 send = 0.011638
[917] copy/comp = 0.163802 copy = 0.019612 compute = 0.119731 twid = 0.069406 send = 0.011693
[725] copy/comp = 0.166788 copy = 0.019625 compute = 0.117662 twid = 0.067361 send = 0.011518
[981] copy/comp = 0.163815 copy = 0.019686 compute = 0.120169 twid = 0.070010 send = 0.011807
[405] copy/comp = 0.182315 copy = 0.019734 compute = 0.108242 twid = 0.057596 send = 0.011279
[149] copy/comp = 0.195411 copy = 0.019621 compute = 0.100411 twid = 0.049845 send = 0.011599
[85] copy/comp = 0.199876 copy = 0.019611 compute = 0.098117 twid = 0.047804 send = 0.011771
[341] copy/comp = 0.183870 copy = 0.019589 compute = 0.106536 twid = 0.056148 send = 0.011736
[277] copy/comp = 0.186969 copy = 0.019553 compute = 0.104578 twid = 0.054559 send = 0.011665
[21] copy/comp = 0.206578 copy = 0.019622 compute = 0.094988 twid = 0.044637 send = 0.011668
[485] copy/comp = 0.176606 copy = 0.019724 compute = 0.111685 twid = 0.061389 send = 0.011608
[229] copy/comp = 0.189034 copy = 0.019794 compute = 0.104711 twid = 0.054645 send = 0.011693
[869] copy/comp = 0.166509 copy = 0.019881 compute = 0.119401 twid = 0.069009 send = 0.011787
[613] copy/comp = 0.171287 copy = 0.019798 compute = 0.115582 twid = 0.065227 send = 0.011722
[805] copy/comp = 0.166979 copy = 0.019739 compute = 0.118214 twid = 0.068164 send = 0.011643
[549] copy/comp = 0.175047 copy = 0.019889 compute = 0.113623 twid = 0.063153 send = 0.011502
[677] copy/comp = 0.169364 copy = 0.019813 compute = 0.116982 twid = 0.066556 send = 0.011676
[933] copy/comp = 0.164826 copy = 0.019740 compute = 0.119761 twid = 0.069641 send = 0.011726
[741] copy/comp = 0.167871 copy = 0.019798 compute = 0.117935 twid = 0.067565 send = 0.011707
[997] copy/comp = 0.164326 copy = 0.019780 compute = 0.120371 twid = 0.070162 send = 0.011842
[421] copy/comp = 0.180730 copy = 0.019770 compute = 0.109390 twid = 0.058520 send = 0.011410
[165] copy/comp = 0.195438 copy = 0.019802 compute = 0.101319 twid = 0.051060 send = 0.011720
[101] copy/comp = 0.200423 copy = 0.019694 compute = 0.098263 twid = 0.048274 send = 0.011645
[357] copy/comp = 0.184618 copy = 0.019677 compute = 0.106584 twid = 0.056404 send = 0.011729
[293] copy/comp = 0.188062 copy = 0.019709 compute = 0.104798 twid = 0.055024 send = 0.011716
[37] copy/comp = 0.207968 copy = 0.019714 compute = 0.094794 twid = 0.044643 send = 0.011712
[501] copy/comp = 0.179446 copy = 0.020099 compute = 0.112006 twid = 0.062027 send = 0.011756
[245] copy/comp = 0.188794 copy = 0.019665 compute = 0.104159 twid = 0.054763 send = 0.011536
[885] copy/comp = 0.167548 copy = 0.019989 compute = 0.119303 twid = 0.069177 send = 0.011858
[629] copy/comp = 0.172316 copy = 0.020012 compute = 0.116138 twid = 0.065656 send = 0.011614
[821] copy/comp = 0.169010 copy = 0.020019 compute = 0.118450 twid = 0.068416 send = 0.011784
[565] copy/comp = 0.174777 copy = 0.019979 compute = 0.114312 twid = 0.063838 send = 0.011670
[693] copy/comp = 0.171285 copy = 0.020023 compute = 0.116899 twid = 0.066734 send = 0.011780
[949] copy/comp = 0.165651 copy = 0.019855 compute = 0.119859 twid = 0.069690 send = 0.011854
[757] copy/comp = 0.169153 copy = 0.019899 compute = 0.117639 twid = 0.067719 send = 0.011777
[1013] copy/comp = 0.164410 copy = 0.019749 compute = 0.120118 twid = 0.070051 send = 0.011850
[437] copy/comp = 0.181612 copy = 0.019902 compute = 0.109584 twid = 0.059389 send = 0.011480
[454] copy/comp = 0.175892 copy = 0.019530 compute = 0.111034 twid = 0.060253 send = 0.011052
[181] copy/comp = 0.193421 copy = 0.019787 compute = 0.102299 twid = 0.052166 send = 0.011620
[198] copy/comp = 0.188571 copy = 0.019541 compute = 0.103628 twid = 0.053102 send = 0.011268
[117] copy/comp = 0.202001 copy = 0.019925 compute = 0.098637 twid = 0.048619 send = 0.011636
[838] copy/comp = 0.163773 copy = 0.019581 compute = 0.119559 twid = 0.068659 send = 0.011172
[373] copy/comp = 0.185389 copy = 0.019815 compute = 0.106882 twid = 0.056657 send = 0.011820
[309] copy/comp = 0.188200 copy = 0.019805 compute = 0.105233 twid = 0.055430 send = 0.011765
[582] copy/comp = 0.169175 copy = 0.019557 compute = 0.115599 twid = 0.064321 send = 0.010992
[774] copy/comp = 0.164882 copy = 0.019554 compute = 0.118596 twid = 0.067881 send = 0.011209
[518] copy/comp = 0.172562 copy = 0.019525 compute = 0.113147 twid = 0.062289 send = 0.011058
[646] copy/comp = 0.166005 copy = 0.019393 compute = 0.116821 twid = 0.065984 send = 0.011083
[902] copy/comp = 0.162661 copy = 0.019537 compute = 0.120108 twid = 0.069370 send = 0.011141
[53] copy/comp = 0.207328 copy = 0.019952 compute = 0.096232 twid = 0.046135 send = 0.011916
[710] copy/comp = 0.165816 copy = 0.019550 compute = 0.117899 twid = 0.067125 send = 0.011135
[966] copy/comp = 0.162292 copy = 0.019546 compute = 0.120435 twid = 0.069846 send = 0.011236
[390] copy/comp = 0.181810 copy = 0.019631 compute = 0.107975 twid = 0.056980 send = 0.011075
[134] copy/comp = 0.196016 copy = 0.019533 compute = 0.099648 twid = 0.048870 send = 0.011277
[70] copy/comp = 0.199466 copy = 0.019515 compute = 0.097837 twid = 0.047224 send = 0.011248
[326] copy/comp = 0.184285 copy = 0.019573 compute = 0.106208 twid = 0.055811 send = 0.011304
[262] copy/comp = 0.186792 copy = 0.019551 compute = 0.104666 twid = 0.054553 send = 0.011484
[8] copy/comp = 0.207397 copy = 0.019696 compute = 0.094967 twid = 0.044644 send = 0.010992
[470] copy/comp = 0.176151 copy = 0.019607 compute = 0.111308 twid = 0.060745 send = 0.011180
[214] copy/comp = 0.188079 copy = 0.019615 compute = 0.104292 twid = 0.053995 send = 0.011406
[854] copy/comp = 0.164913 copy = 0.019687 compute = 0.119380 twid = 0.068872 send = 0.011185
[598] copy/comp = 0.170286 copy = 0.019655 compute = 0.115424 twid = 0.064798 send = 0.011109
[790] copy/comp = 0.165900 copy = 0.019634 compute = 0.118350 twid = 0.067938 send = 0.011223
[534] copy/comp = 0.172815 copy = 0.019635 compute = 0.113617 twid = 0.062791 send = 0.011071
[662] copy/comp = 0.167683 copy = 0.019624 compute = 0.117029 twid = 0.066337 send = 0.011211
[918] copy/comp = 0.163275 copy = 0.019601 compute = 0.120046 twid = 0.069597 send = 0.011212
[726] copy/comp = 0.166731 copy = 0.019632 compute = 0.117748 twid = 0.067371 send = 0.011143
[982] copy/comp = 0.163460 copy = 0.019652 compute = 0.120228 twid = 0.070037 send = 0.011425
[406] copy/comp = 0.181849 copy = 0.019734 compute = 0.108520 twid = 0.057649 send = 0.010941
[150] copy/comp = 0.194877 copy = 0.019587 compute = 0.100507 twid = 0.049923 send = 0.011213
[86] copy/comp = 0.199845 copy = 0.019624 compute = 0.098195 twid = 0.047849 send = 0.011443
[342] copy/comp = 0.184251 copy = 0.019605 compute = 0.106406 twid = 0.056146 send = 0.011257
[278] copy/comp = 0.187040 copy = 0.019561 compute = 0.104582 twid = 0.054577 send = 0.011266
[22] copy/comp = 0.206942 copy = 0.019649 compute = 0.094951 twid = 0.044624 send = 0.011353
[486] copy/comp = 0.176741 copy = 0.019731 compute = 0.111637 twid = 0.061453 send = 0.011168
[230] copy/comp = 0.188892 copy = 0.019782 compute = 0.104727 twid = 0.054707 send = 0.011394
[870] copy/comp = 0.166256 copy = 0.019861 compute = 0.119459 twid = 0.069082 send = 0.011265
[614] copy/comp = 0.170941 copy = 0.019756 compute = 0.115573 twid = 0.065225 send = 0.011348
[806] copy/comp = 0.166585 copy = 0.019693 compute = 0.118214 twid = 0.068093 send = 0.011219
[550] copy/comp = 0.174448 copy = 0.019866 compute = 0.113880 twid = 0.063326 send = 0.011202
[678] copy/comp = 0.169451 copy = 0.019760 compute = 0.116612 twid = 0.066492 send = 0.011269
[934] copy/comp = 0.164312 copy = 0.019690 compute = 0.119834 twid = 0.069677 send = 0.011217
[742] copy/comp = 0.167687 copy = 0.019765 compute = 0.117868 twid = 0.067518 send = 0.011301
[998] copy/comp = 0.163844 copy = 0.019709 compute = 0.120290 twid = 0.070140 send = 0.011437
[422] copy/comp = 0.180356 copy = 0.019730 compute = 0.109393 twid = 0.058564 send = 0.011055
[166] copy/comp = 0.194172 copy = 0.019692 compute = 0.101414 twid = 0.051179 send = 0.011287
[102] copy/comp = 0.200454 copy = 0.019668 compute = 0.098115 twid = 0.048309 send = 0.011374
[358] copy/comp = 0.184786 copy = 0.019697 compute = 0.106594 twid = 0.056463 send = 0.011405
[294] copy/comp = 0.188048 copy = 0.019728 compute = 0.104907 twid = 0.055036 send = 0.011317
[38] copy/comp = 0.208240 copy = 0.019709 compute = 0.094648 twid = 0.044672 send = 0.011389
[502] copy/comp = 0.178200 copy = 0.020008 compute = 0.112276 twid = 0.062170 send = 0.011367
[246] copy/comp = 0.188412 copy = 0.019647 compute = 0.104277 twid = 0.054764 send = 0.011233
[886] copy/comp = 0.166807 copy = 0.019933 compute = 0.119498 twid = 0.069288 send = 0.011500
[630] copy/comp = 0.171713 copy = 0.019959 compute = 0.116235 twid = 0.065694 send = 0.011209
[822] copy/comp = 0.168585 copy = 0.019969 compute = 0.118452 twid = 0.068452 send = 0.011362
[566] copy/comp = 0.174384 copy = 0.019953 compute = 0.114421 twid = 0.063892 send = 0.011202
[694] copy/comp = 0.170423 copy = 0.019970 compute = 0.117181 twid = 0.066842 send = 0.011277
[950] copy/comp = 0.165082 copy = 0.019816 compute = 0.120035 twid = 0.069819 send = 0.011285
[758] copy/comp = 0.168417 copy = 0.019853 compute = 0.117878 twid = 0.067700 send = 0.011330
[1014] copy/comp = 0.163730 copy = 0.019683 compute = 0.120215 twid = 0.070131 send = 0.011413
[455] copy/comp = 0.175827 copy = 0.019524 compute = 0.111040 twid = 0.060143 send = 0.011360
[438] copy/comp = 0.180538 copy = 0.019830 compute = 0.109840 twid = 0.059413 send = 0.011116
[199] copy/comp = 0.188900 copy = 0.019551 compute = 0.103501 twid = 0.053139 send = 0.011657
[182] copy/comp = 0.192949 copy = 0.019737 compute = 0.102291 twid = 0.052216 send = 0.011295
[118] copy/comp = 0.201430 copy = 0.019897 compute = 0.098778 twid = 0.048645 send = 0.011358
[839] copy/comp = 0.163284 copy = 0.019544 compute = 0.119691 twid = 0.068669 send = 0.011459
[374] copy/comp = 0.185453 copy = 0.019804 compute = 0.106786 twid = 0.056706 send = 0.011411
[583] copy/comp = 0.169109 copy = 0.019531 compute = 0.115496 twid = 0.064308 send = 0.011386
[310] copy/comp = 0.188969 copy = 0.019883 compute = 0.105218 twid = 0.055448 send = 0.011450
[775] copy/comp = 0.164663 copy = 0.019546 compute = 0.118706 twid = 0.067864 send = 0.011588
[519] copy/comp = 0.171974 copy = 0.019520 compute = 0.113508 twid = 0.062294 send = 0.011366
[647] copy/comp = 0.165785 copy = 0.019393 compute = 0.116978 twid = 0.065913 send = 0.011380
[903] copy/comp = 0.162805 copy = 0.019546 compute = 0.120058 twid = 0.069324 send = 0.011536
[711] copy/comp = 0.165561 copy = 0.019537 compute = 0.118005 twid = 0.067100 send = 0.011512
[54] copy/comp = 0.207273 copy = 0.019928 compute = 0.096144 twid = 0.046218 send = 0.011512
[967] copy/comp = 0.162331 copy = 0.019568 compute = 0.120541 twid = 0.069846 send = 0.011563
[391] copy/comp = 0.181277 copy = 0.019607 compute = 0.108162 twid = 0.057017 send = 0.011447
[135] copy/comp = 0.196003 copy = 0.019536 compute = 0.099670 twid = 0.048880 send = 0.011595
[71] copy/comp = 0.199157 copy = 0.019531 compute = 0.098068 twid = 0.047249 send = 0.011627
[327] copy/comp = 0.184306 copy = 0.019558 compute = 0.106115 twid = 0.055850 send = 0.011728
[263] copy/comp = 0.186850 copy = 0.019550 compute = 0.104628 twid = 0.054545 send = 0.011764
[9] copy/comp = 0.207083 copy = 0.019682 compute = 0.095044 twid = 0.044620 send = 0.011054
[471] copy/comp = 0.175961 copy = 0.019608 compute = 0.111436 twid = 0.060794 send = 0.011566
[215] copy/comp = 0.188322 copy = 0.019645 compute = 0.104318 twid = 0.054097 send = 0.011634
[855] copy/comp = 0.164562 copy = 0.019651 compute = 0.119411 twid = 0.068899 send = 0.011525
[599] copy/comp = 0.170142 copy = 0.019641 compute = 0.115440 twid = 0.064805 send = 0.011511
[791] copy/comp = 0.165873 copy = 0.019617 compute = 0.118265 twid = 0.068011 send = 0.011816
[535] copy/comp = 0.173111 copy = 0.019640 compute = 0.113453 twid = 0.062781 send = 0.011404
[663] copy/comp = 0.167852 copy = 0.019628 compute = 0.116936 twid = 0.066288 send = 0.011567
[919] copy/comp = 0.163733 copy = 0.019603 compute = 0.119723 twid = 0.069548 send = 0.011545
[727] copy/comp = 0.166641 copy = 0.019615 compute = 0.117709 twid = 0.067320 send = 0.011491
[983] copy/comp = 0.163738 copy = 0.019651 compute = 0.120012 twid = 0.069918 send = 0.011705
[407] copy/comp = 0.181934 copy = 0.019745 compute = 0.108529 twid = 0.057726 send = 0.011330
[151] copy/comp = 0.194725 copy = 0.019605 compute = 0.100680 twid = 0.050020 send = 0.011636
[87] copy/comp = 0.199643 copy = 0.019624 compute = 0.098295 twid = 0.047865 send = 0.011779
[343] copy/comp = 0.184092 copy = 0.019591 compute = 0.106420 twid = 0.056141 send = 0.011710
[279] copy/comp = 0.186950 copy = 0.019557 compute = 0.104613 twid = 0.054632 send = 0.011593
[23] copy/comp = 0.206571 copy = 0.019620 compute = 0.094979 twid = 0.044621 send = 0.011481
[487] copy/comp = 0.176470 copy = 0.019753 compute = 0.111935 twid = 0.061499 send = 0.011468
[231] copy/comp = 0.189393 copy = 0.019785 compute = 0.104464 twid = 0.054691 send = 0.011739
[871] copy/comp = 0.166256 copy = 0.019868 compute = 0.119504 twid = 0.069120 send = 0.011683
[615] copy/comp = 0.171098 copy = 0.019801 compute = 0.115726 twid = 0.065244 send = 0.011713
[807] copy/comp = 0.166421 copy = 0.019735 compute = 0.118582 twid = 0.068222 send = 0.011642
[551] copy/comp = 0.174626 copy = 0.019892 compute = 0.113910 twid = 0.063353 send = 0.011529
[679] copy/comp = 0.169076 copy = 0.019778 compute = 0.116979 twid = 0.066543 send = 0.011650
[935] copy/comp = 0.164313 copy = 0.019711 compute = 0.119962 twid = 0.069683 send = 0.011590
[743] copy/comp = 0.167872 copy = 0.019794 compute = 0.117911 twid = 0.067619 send = 0.011640
[999] copy/comp = 0.164127 copy = 0.019741 compute = 0.120281 twid = 0.070111 send = 0.011705
[423] copy/comp = 0.180159 copy = 0.019723 compute = 0.109476 twid = 0.058645 send = 0.011480
[167] copy/comp = 0.193609 copy = 0.019677 compute = 0.101633 twid = 0.051286 send = 0.011748
[103] copy/comp = 0.201011 copy = 0.019699 compute = 0.098001 twid = 0.048309 send = 0.011751
[359] copy/comp = 0.184572 copy = 0.019699 compute = 0.106729 twid = 0.056485 send = 0.011808
[295] copy/comp = 0.187902 copy = 0.019718 compute = 0.104940 twid = 0.055061 send = 0.011764
[39] copy/comp = 0.208068 copy = 0.019701 compute = 0.094688 twid = 0.044661 send = 0.011679
[503] copy/comp = 0.178917 copy = 0.020066 compute = 0.112153 twid = 0.062003 send = 0.011746
[247] copy/comp = 0.188395 copy = 0.019662 compute = 0.104364 twid = 0.054739 send = 0.011662
[887] copy/comp = 0.167297 copy = 0.019976 compute = 0.119404 twid = 0.069250 send = 0.011756
[631] copy/comp = 0.172624 copy = 0.020064 compute = 0.116232 twid = 0.065721 send = 0.011603
[823] copy/comp = 0.169061 copy = 0.020069 compute = 0.118707 twid = 0.068449 send = 0.011854
[567] copy/comp = 0.174782 copy = 0.020003 compute = 0.114447 twid = 0.063899 send = 0.011637
[695] copy/comp = 0.171184 copy = 0.020052 compute = 0.117139 twid = 0.066773 send = 0.011856
[951] copy/comp = 0.165656 copy = 0.019892 compute = 0.120077 twid = 0.069795 send = 0.011677
[759] copy/comp = 0.169090 copy = 0.019934 compute = 0.117890 twid = 0.067734 send = 0.011814
[1015] copy/comp = 0.164214 copy = 0.019747 compute = 0.120254 twid = 0.070125 send = 0.011749
[456] copy/comp = 0.175746 copy = 0.019503 compute = 0.110975 twid = 0.060172 send = 0.011097
[439] copy/comp = 0.180870 copy = 0.019881 compute = 0.109920 twid = 0.059506 send = 0.011585
[200] copy/comp = 0.243415 copy = 0.025263 compute = 0.103788 twid = 0.053216 send = 0.010954
[183] copy/comp = 0.192841 copy = 0.019744 compute = 0.102383 twid = 0.052328 send = 0.011731
[840] copy/comp = 0.163376 copy = 0.019512 compute = 0.119432 twid = 0.068702 send = 0.011083
[119] copy/comp = 0.202022 copy = 0.019959 compute = 0.098795 twid = 0.048649 send = 0.011791
[375] copy/comp = 0.185993 copy = 0.019844 compute = 0.106690 twid = 0.056755 send = 0.011891
[584] copy/comp = 0.168770 copy = 0.019520 compute = 0.115658 twid = 0.064374 send = 0.010902
[311] copy/comp = 0.188812 copy = 0.019866 compute = 0.105218 twid = 0.055473 send = 0.011884
[776] copy/comp = 0.164887 copy = 0.019541 compute = 0.118509 twid = 0.067867 send = 0.011239
[520] copy/comp = 0.171375 copy = 0.019512 compute = 0.113856 twid = 0.062594 send = 0.010911
[648] copy/comp = 0.165691 copy = 0.019384 compute = 0.116991 twid = 0.065918 send = 0.011062
[904] copy/comp = 0.162829 copy = 0.019553 compute = 0.120083 twid = 0.069476 send = 0.011183
[712] copy/comp = 0.165479 copy = 0.019525 compute = 0.117990 twid = 0.067164 send = 0.011065
[55] copy/comp = 0.206712 copy = 0.019949 compute = 0.096504 twid = 0.046350 send = 0.011687
[968] copy/comp = 0.162101 copy = 0.019562 compute = 0.120676 twid = 0.069980 send = 0.011164
[392] copy/comp = 0.181301 copy = 0.019603 compute = 0.108125 twid = 0.056988 send = 0.011048
[136] copy/comp = 0.196066 copy = 0.019511 compute = 0.099510 twid = 0.048913 send = 0.011144
[72] copy/comp = 0.198881 copy = 0.019513 compute = 0.098112 twid = 0.047306 send = 0.011072
[328] copy/comp = 0.183667 copy = 0.019534 compute = 0.106356 twid = 0.055814 send = 0.011386
[264] copy/comp = 0.186635 copy = 0.019526 compute = 0.104621 twid = 0.054541 send = 0.011427
[10] copy/comp = 0.207238 copy = 0.019686 compute = 0.094992 twid = 0.044649 send = 0.010996
[472] copy/comp = 0.175543 copy = 0.019578 compute = 0.111528 twid = 0.060874 send = 0.011250
[216] copy/comp = 0.188132 copy = 0.019628 compute = 0.104329 twid = 0.054111 send = 0.011105
[856] copy/comp = 0.164443 copy = 0.019635 compute = 0.119401 twid = 0.068900 send = 0.011207
[600] copy/comp = 0.169955 copy = 0.019637 compute = 0.115542 twid = 0.064851 send = 0.011144
[792] copy/comp = 0.166005 copy = 0.019623 compute = 0.118204 twid = 0.067878 send = 0.011270
[536] copy/comp = 0.173352 copy = 0.019650 compute = 0.113356 twid = 0.062582 send = 0.011036
[664] copy/comp = 0.168217 copy = 0.019641 compute = 0.116762 twid = 0.066257 send = 0.011267
[920] copy/comp = 0.163565 copy = 0.019605 compute = 0.119862 twid = 0.069544 send = 0.011271
[728] copy/comp = 0.166307 copy = 0.019609 compute = 0.117909 twid = 0.067358 send = 0.011175
[984] copy/comp = 0.163645 copy = 0.019662 compute = 0.120153 twid = 0.070001 send = 0.011371
[408] copy/comp = 0.181478 copy = 0.019767 compute = 0.108923 twid = 0.057835 send = 0.011062
[152] copy/comp = 0.194395 copy = 0.019601 compute = 0.100830 twid = 0.050186 send = 0.011233
[88] copy/comp = 0.199513 copy = 0.019621 compute = 0.098345 twid = 0.047909 send = 0.011405
[344] copy/comp = 0.183743 copy = 0.019584 compute = 0.106584 twid = 0.056195 send = 0.011332
[280] copy/comp = 0.186626 copy = 0.019539 compute = 0.104697 twid = 0.054653 send = 0.011295
[24] copy/comp = 0.206437 copy = 0.019621 compute = 0.095044 twid = 0.044638 send = 0.011305
[488] copy/comp = 0.176825 copy = 0.019799 compute = 0.111967 twid = 0.061552 send = 0.011306
[232] copy/comp = 0.188948 copy = 0.019771 compute = 0.104635 twid = 0.054758 send = 0.011234
[872] copy/comp = 0.166984 copy = 0.019907 compute = 0.119214 twid = 0.069038 send = 0.011276
[616] copy/comp = 0.171573 copy = 0.019836 compute = 0.115615 twid = 0.065288 send = 0.011313
[808] copy/comp = 0.167074 copy = 0.019767 compute = 0.118315 twid = 0.068226 send = 0.011323
[552] copy/comp = 0.175421 copy = 0.019988 compute = 0.113943 twid = 0.063391 send = 0.011248
[680] copy/comp = 0.170147 copy = 0.019859 compute = 0.116717 twid = 0.066570 send = 0.011329
[936] copy/comp = 0.164912 copy = 0.019786 compute = 0.119979 twid = 0.069693 send = 0.011368
[744] copy/comp = 0.168428 copy = 0.019855 compute = 0.117883 twid = 0.067668 send = 0.011380
[1000] copy/comp = 0.164755 copy = 0.019826 compute = 0.120334 twid = 0.070149 send = 0.011421
[424] copy/comp = 0.180449 copy = 0.019782 compute = 0.109629 twid = 0.058799 send = 0.011165
[168] copy/comp = 0.193814 copy = 0.019722 compute = 0.101756 twid = 0.051495 send = 0.011319
[104] copy/comp = 0.201250 copy = 0.019766 compute = 0.098218 twid = 0.048358 send = 0.011427
[360] copy/comp = 0.185576 copy = 0.019761 compute = 0.106483 twid = 0.056480 send = 0.011408
[296] copy/comp = 0.188696 copy = 0.019810 compute = 0.104981 twid = 0.055102 send = 0.011512
[40] copy/comp = 0.207882 copy = 0.019754 compute = 0.095024 twid = 0.044665 send = 0.011345
[504] copy/comp = 0.178743 copy = 0.020054 compute = 0.112194 twid = 0.062032 send = 0.011436
[248] copy/comp = 0.187976 copy = 0.019613 compute = 0.104337 twid = 0.054772 send = 0.011065
[888] copy/comp = 0.167021 copy = 0.019959 compute = 0.119500 twid = 0.069277 send = 0.011275
[632] copy/comp = 0.171923 copy = 0.019982 compute = 0.116225 twid = 0.065736 send = 0.011220
[824] copy/comp = 0.168669 copy = 0.020020 compute = 0.118696 twid = 0.068479 send = 0.011539
[568] copy/comp = 0.174815 copy = 0.019996 compute = 0.114383 twid = 0.063907 send = 0.011227
[696] copy/comp = 0.170933 copy = 0.020009 compute = 0.117060 twid = 0.066864 send = 0.011531
[952] copy/comp = 0.165595 copy = 0.019863 compute = 0.119947 twid = 0.069775 send = 0.011666
[760] copy/comp = 0.169105 copy = 0.019894 compute = 0.117643 twid = 0.067727 send = 0.011332
[457] copy/comp = 0.175140 copy = 0.019506 compute = 0.111375 twid = 0.060390 send = 0.011386
[1016] copy/comp = 0.164296 copy = 0.019732 compute = 0.120101 twid = 0.070042 send = 0.011391
[440] copy/comp = 0.180561 copy = 0.019843 compute = 0.109898 twid = 0.059601 send = 0.011319
[201] copy/comp = 0.189558 copy = 0.019681 compute = 0.103825 twid = 0.053230 send = 0.011133
[184] copy/comp = 0.192154 copy = 0.019737 compute = 0.102713 twid = 0.052580 send = 0.011663
[841] copy/comp = 0.162968 copy = 0.019510 compute = 0.119717 twid = 0.068650 send = 0.011646
[120] copy/comp = 0.201692 copy = 0.019944 compute = 0.098881 twid = 0.048696 send = 0.011403
[585] copy/comp = 0.168677 copy = 0.019501 compute = 0.115610 twid = 0.064467 send = 0.011250
[376] copy/comp = 0.185266 copy = 0.019815 compute = 0.106953 twid = 0.056729 send = 0.011581
[777] copy/comp = 0.164990 copy = 0.019524 compute = 0.118333 twid = 0.067866 send = 0.011383
[521] copy/comp = 0.171252 copy = 0.019509 compute = 0.113922 twid = 0.062655 send = 0.011106
[312] copy/comp = 0.188442 copy = 0.019847 compute = 0.105321 twid = 0.055544 send = 0.011580
[649] copy/comp = 0.165601 copy = 0.019365 compute = 0.116937 twid = 0.066017 send = 0.011351
[905] copy/comp = 0.162817 copy = 0.019536 compute = 0.119984 twid = 0.069340 send = 0.011359
[713] copy/comp = 0.165283 copy = 0.019503 compute = 0.117996 twid = 0.067177 send = 0.011426
[56] copy/comp = 0.206080 copy = 0.019889 compute = 0.096513 twid = 0.046463 send = 0.011182
[969] copy/comp = 0.161896 copy = 0.019523 compute = 0.120592 twid = 0.069906 send = 0.011479
[393] copy/comp = 0.181441 copy = 0.019608 compute = 0.108069 twid = 0.056982 send = 0.011329
[137] copy/comp = 0.195798 copy = 0.019505 compute = 0.099618 twid = 0.048956 send = 0.011429
[73] copy/comp = 0.198671 copy = 0.019519 compute = 0.098246 twid = 0.047363 send = 0.011438
[329] copy/comp = 0.183710 copy = 0.019517 compute = 0.106237 twid = 0.055845 send = 0.011659
[265] copy/comp = 0.186480 copy = 0.019528 compute = 0.104720 twid = 0.054574 send = 0.011817
[11] copy/comp = 0.207084 copy = 0.019686 compute = 0.095062 twid = 0.044632 send = 0.010776
[473] copy/comp = 0.175484 copy = 0.019578 compute = 0.111563 twid = 0.061052 send = 0.011368
[217] copy/comp = 0.188426 copy = 0.019669 compute = 0.104386 twid = 0.054172 send = 0.011382
[857] copy/comp = 0.164494 copy = 0.019625 compute = 0.119306 twid = 0.068931 send = 0.011592
[601] copy/comp = 0.169961 copy = 0.019629 compute = 0.115493 twid = 0.064931 send = 0.011468
[793] copy/comp = 0.165914 copy = 0.019603 compute = 0.118154 twid = 0.067978 send = 0.011594
[537] copy/comp = 0.173068 copy = 0.019640 compute = 0.113481 twid = 0.062889 send = 0.011410
[665] copy/comp = 0.167806 copy = 0.019617 compute = 0.116901 twid = 0.066332 send = 0.011644
[921] copy/comp = 0.163592 copy = 0.019600 compute = 0.119808 twid = 0.069457 send = 0.011583
[729] copy/comp = 0.166036 copy = 0.019609 compute = 0.118103 twid = 0.067518 send = 0.011589
[985] copy/comp = 0.163224 copy = 0.019610 compute = 0.120139 twid = 0.070018 send = 0.011728
[409] copy/comp = 0.181460 copy = 0.019740 compute = 0.108786 twid = 0.057859 send = 0.011408
[153] copy/comp = 0.194991 copy = 0.019608 compute = 0.100560 twid = 0.050173 send = 0.011423
[89] copy/comp = 0.199589 copy = 0.019632 compute = 0.098361 twid = 0.047941 send = 0.011695
[345] copy/comp = 0.183715 copy = 0.019580 compute = 0.106579 twid = 0.056177 send = 0.011702
[281] copy/comp = 0.186590 copy = 0.019544 compute = 0.104742 twid = 0.054669 send = 0.011632
[25] copy/comp = 0.205987 copy = 0.019687 compute = 0.095573 twid = 0.044673 send = 0.011533
[489] copy/comp = 0.176953 copy = 0.019790 compute = 0.111837 twid = 0.061732 send = 0.011485
[233] copy/comp = 0.189667 copy = 0.019856 compute = 0.104686 twid = 0.054827 send = 0.011476
[873] copy/comp = 0.166553 copy = 0.019905 compute = 0.119512 twid = 0.069168 send = 0.011680
[617] copy/comp = 0.171279 copy = 0.019831 compute = 0.115780 twid = 0.065322 send = 0.011610
[809] copy/comp = 0.166913 copy = 0.019764 compute = 0.118407 twid = 0.068153 send = 0.011623
[553] copy/comp = 0.175031 copy = 0.019954 compute = 0.114001 twid = 0.063435 send = 0.011526
[681] copy/comp = 0.169966 copy = 0.019855 compute = 0.116820 twid = 0.066577 send = 0.011709
[937] copy/comp = 0.165110 copy = 0.019776 compute = 0.119775 twid = 0.069604 send = 0.011657
[745] copy/comp = 0.168637 copy = 0.019844 compute = 0.117671 twid = 0.067642 send = 0.011726
[1001] copy/comp = 0.164449 copy = 0.019768 compute = 0.120206 twid = 0.070201 send = 0.011765
[425] copy/comp = 0.179749 copy = 0.019724 compute = 0.109728 twid = 0.058779 send = 0.011352
[169] copy/comp = 0.193620 copy = 0.019713 compute = 0.101814 twid = 0.051482 send = 0.011658
[105] copy/comp = 0.201246 copy = 0.019781 compute = 0.098292 twid = 0.048405 send = 0.011700
[361] copy/comp = 0.185490 copy = 0.019771 compute = 0.106587 twid = 0.056461 send = 0.011772
[297] copy/comp = 0.188655 copy = 0.019803 compute = 0.104969 twid = 0.055113 send = 0.011779
[41] copy/comp = 0.208579 copy = 0.019852 compute = 0.095175 twid = 0.044776 send = 0.011484
[505] copy/comp = 0.178565 copy = 0.020035 compute = 0.112200 twid = 0.062281 send = 0.011637
[249] copy/comp = 0.188774 copy = 0.019674 compute = 0.104221 twid = 0.054813 send = 0.011355
[889] copy/comp = 0.167069 copy = 0.019988 compute = 0.119642 twid = 0.069413 send = 0.011638
[633] copy/comp = 0.171873 copy = 0.019963 compute = 0.116150 twid = 0.065812 send = 0.011545
[825] copy/comp = 0.168960 copy = 0.020014 compute = 0.118456 twid = 0.068495 send = 0.011720
[569] copy/comp = 0.174923 copy = 0.020012 compute = 0.114403 twid = 0.063965 send = 0.011507
[697] copy/comp = 0.171135 copy = 0.020059 compute = 0.117211 twid = 0.066871 send = 0.011893
[953] copy/comp = 0.166215 copy = 0.019886 compute = 0.119641 twid = 0.069754 send = 0.011753
[761] copy/comp = 0.168994 copy = 0.019918 compute = 0.117860 twid = 0.067783 send = 0.011746
[458] copy/comp = 0.175273 copy = 0.019498 compute = 0.111245 twid = 0.060272 send = 0.011301
[1017] copy/comp = 0.163733 copy = 0.019697 compute = 0.120297 twid = 0.070106 send = 0.011741
[441] copy/comp = 0.180285 copy = 0.019812 compute = 0.109891 twid = 0.059602 send = 0.011477
[202] copy/comp = 0.189372 copy = 0.019687 compute = 0.103961 twid = 0.053300 send = 0.011134
[185] copy/comp = 0.192596 copy = 0.019739 compute = 0.102487 twid = 0.052497 send = 0.011601
[842] copy/comp = 0.163055 copy = 0.019512 compute = 0.119665 twid = 0.068631 send = 0.011383
[121] copy/comp = 0.202154 copy = 0.019955 compute = 0.098712 twid = 0.048699 send = 0.011712
[586] copy/comp = 0.168377 copy = 0.019505 compute = 0.115840 twid = 0.064466 send = 0.011274
[377] copy/comp = 0.185467 copy = 0.019808 compute = 0.106799 twid = 0.056759 send = 0.011816
[778] copy/comp = 0.164410 copy = 0.019520 compute = 0.118727 twid = 0.067879 send = 0.011410
[522] copy/comp = 0.171366 copy = 0.019513 compute = 0.113870 twid = 0.062639 send = 0.011263
[650] copy/comp = 0.165529 copy = 0.019392 compute = 0.117149 twid = 0.066045 send = 0.011282
[906] copy/comp = 0.162316 copy = 0.019503 compute = 0.120156 twid = 0.069367 send = 0.011445
[313] copy/comp = 0.188485 copy = 0.019850 compute = 0.105314 twid = 0.055557 send = 0.011723
[714] copy/comp = 0.165257 copy = 0.019515 compute = 0.118089 twid = 0.067121 send = 0.011373
[57] copy/comp = 0.206482 copy = 0.019932 compute = 0.096529 twid = 0.046606 send = 0.011394
[970] copy/comp = 0.161771 copy = 0.019522 compute = 0.120677 twid = 0.069973 send = 0.011518
[394] copy/comp = 0.181325 copy = 0.019607 compute = 0.108129 twid = 0.057045 send = 0.011238
[138] copy/comp = 0.196440 copy = 0.019525 compute = 0.099392 twid = 0.048937 send = 0.011355
[74] copy/comp = 0.199013 copy = 0.019532 compute = 0.098144 twid = 0.047381 send = 0.011357
[330] copy/comp = 0.183494 copy = 0.019525 compute = 0.106405 twid = 0.055856 send = 0.011491
[266] copy/comp = 0.186870 copy = 0.019537 compute = 0.104550 twid = 0.054561 send = 0.011562
[12] copy/comp = 0.207214 copy = 0.019680 compute = 0.094975 twid = 0.044636 send = 0.010964
[474] copy/comp = 0.175447 copy = 0.019582 compute = 0.111611 twid = 0.060938 send = 0.011457
[218] copy/comp = 0.188832 copy = 0.019676 compute = 0.104197 twid = 0.054003 send = 0.011312
[858] copy/comp = 0.164199 copy = 0.019630 compute = 0.119549 twid = 0.068952 send = 0.011435
[602] copy/comp = 0.169406 copy = 0.019631 compute = 0.115882 twid = 0.064911 send = 0.011450
[794] copy/comp = 0.165344 copy = 0.019600 compute = 0.118542 twid = 0.068080 send = 0.011541
[538] copy/comp = 0.172611 copy = 0.019645 compute = 0.113810 twid = 0.062892 send = 0.011316
[666] copy/comp = 0.167955 copy = 0.019647 compute = 0.116979 twid = 0.066396 send = 0.011569
[922] copy/comp = 0.163210 copy = 0.019587 compute = 0.120010 twid = 0.069520 send = 0.011500
[730] copy/comp = 0.166429 copy = 0.019610 compute = 0.117826 twid = 0.067336 send = 0.011540
[986] copy/comp = 0.162871 copy = 0.019606 compute = 0.120375 twid = 0.070030 send = 0.011696
[410] copy/comp = 0.181684 copy = 0.019752 compute = 0.108715 twid = 0.057877 send = 0.011287
[154] copy/comp = 0.194424 copy = 0.019616 compute = 0.100895 twid = 0.050274 send = 0.011433
[90] copy/comp = 0.199633 copy = 0.019632 compute = 0.098342 twid = 0.047956 send = 0.011653
[346] copy/comp = 0.183917 copy = 0.019586 compute = 0.106492 twid = 0.056234 send = 0.011647
[282] copy/comp = 0.186707 copy = 0.019547 compute = 0.104695 twid = 0.054713 send = 0.011498
[26] copy/comp = 0.207582 copy = 0.019716 compute = 0.094980 twid = 0.044631 send = 0.011481
[490] copy/comp = 0.176318 copy = 0.019747 compute = 0.111997 twid = 0.061626 send = 0.011502
[234] copy/comp = 0.189462 copy = 0.019813 compute = 0.104574 twid = 0.054639 send = 0.011375
[874] copy/comp = 0.166535 copy = 0.019900 compute = 0.119496 twid = 0.069127 send = 0.011622
[618] copy/comp = 0.171221 copy = 0.019837 compute = 0.115856 twid = 0.065361 send = 0.011576
[810] copy/comp = 0.166407 copy = 0.019734 compute = 0.118591 twid = 0.068195 send = 0.011503
[554] copy/comp = 0.175086 copy = 0.019967 compute = 0.114044 twid = 0.063463 send = 0.011412
[682] copy/comp = 0.169592 copy = 0.019861 compute = 0.117109 twid = 0.066682 send = 0.011591
[938] copy/comp = 0.164539 copy = 0.019749 compute = 0.120026 twid = 0.069674 send = 0.011602
[746] copy/comp = 0.168021 copy = 0.019818 compute = 0.117948 twid = 0.067641 send = 0.011737
[1002] copy/comp = 0.164047 copy = 0.019746 compute = 0.120366 twid = 0.070195 send = 0.011758
[426] copy/comp = 0.179716 copy = 0.019701 compute = 0.109621 twid = 0.058811 send = 0.011245
[170] copy/comp = 0.193655 copy = 0.019727 compute = 0.101867 twid = 0.051519 send = 0.011343
[106] copy/comp = 0.200975 copy = 0.019763 compute = 0.098335 twid = 0.048410 send = 0.011280
[362] copy/comp = 0.185006 copy = 0.019722 compute = 0.106601 twid = 0.056518 send = 0.011677
[298] copy/comp = 0.188624 copy = 0.019797 compute = 0.104954 twid = 0.055158 send = 0.011702
[42] copy/comp = 0.207647 copy = 0.019791 compute = 0.095311 twid = 0.044951 send = 0.011251
[506] copy/comp = 0.178546 copy = 0.020011 compute = 0.112076 twid = 0.062089 send = 0.011606
[250] copy/comp = 0.188677 copy = 0.019639 compute = 0.104087 twid = 0.054766 send = 0.011282
[890] copy/comp = 0.167050 copy = 0.019984 compute = 0.119631 twid = 0.069351 send = 0.011669
[634] copy/comp = 0.171980 copy = 0.020001 compute = 0.116299 twid = 0.065828 send = 0.011467
[826] copy/comp = 0.168913 copy = 0.020034 compute = 0.118603 twid = 0.068441 send = 0.011705
[570] copy/comp = 0.174565 copy = 0.019997 compute = 0.114553 twid = 0.064042 send = 0.011465
[698] copy/comp = 0.171514 copy = 0.020083 compute = 0.117093 twid = 0.066779 send = 0.011741
[954] copy/comp = 0.165529 copy = 0.019850 compute = 0.119919 twid = 0.069699 send = 0.011670
[762] copy/comp = 0.168758 copy = 0.019912 compute = 0.117991 twid = 0.067828 send = 0.011819
[459] copy/comp = 0.175467 copy = 0.019507 compute = 0.111172 twid = 0.060312 send = 0.011036
[1018] copy/comp = 0.163593 copy = 0.019693 compute = 0.120379 twid = 0.070163 send = 0.011658
[203] copy/comp = 0.189280 copy = 0.019681 compute = 0.103976 twid = 0.053347 send = 0.010895
[442] copy/comp = 0.180086 copy = 0.019797 compute = 0.109933 twid = 0.059660 send = 0.011411
[843] copy/comp = 0.163052 copy = 0.019510 compute = 0.119654 twid = 0.068662 send = 0.011062
[186] copy/comp = 0.192727 copy = 0.019785 compute = 0.102658 twid = 0.052581 send = 0.011472
[587] copy/comp = 0.168724 copy = 0.019517 compute = 0.115672 twid = 0.064468 send = 0.010940
[122] copy/comp = 0.202252 copy = 0.019950 compute = 0.098638 twid = 0.048776 send = 0.011721
[779] copy/comp = 0.164424 copy = 0.019511 compute = 0.118664 twid = 0.067870 send = 0.011111
[523] copy/comp = 0.171135 copy = 0.019510 compute = 0.114001 twid = 0.062705 send = 0.010923
[378] copy/comp = 0.185643 copy = 0.019835 compute = 0.106844 twid = 0.056807 send = 0.011760
[651] copy/comp = 0.165475 copy = 0.019374 compute = 0.117081 twid = 0.066079 send = 0.010904
[907] copy/comp = 0.162564 copy = 0.019518 compute = 0.120064 twid = 0.069397 send = 0.011122
[715] copy/comp = 0.165460 copy = 0.019514 compute = 0.117935 twid = 0.067120 send = 0.011017
[314] copy/comp = 0.188819 copy = 0.019854 compute = 0.105147 twid = 0.055556 send = 0.011654
[971] copy/comp = 0.162078 copy = 0.019533 compute = 0.120516 twid = 0.069867 send = 0.011166
[395] copy/comp = 0.181551 copy = 0.019599 compute = 0.107951 twid = 0.057085 send = 0.010950
[58] copy/comp = 0.205794 copy = 0.019882 compute = 0.096612 twid = 0.046659 send = 0.011257
[139] copy/comp = 0.195798 copy = 0.019517 compute = 0.099682 twid = 0.049049 send = 0.011319
[75] copy/comp = 0.198866 copy = 0.019534 compute = 0.098226 twid = 0.047455 send = 0.011150
[331] copy/comp = 0.183546 copy = 0.019540 compute = 0.106458 twid = 0.055937 send = 0.011219
[267] copy/comp = 0.186510 copy = 0.019537 compute = 0.104751 twid = 0.054547 send = 0.011265
[13] copy/comp = 0.206840 copy = 0.019687 compute = 0.095181 twid = 0.044626 send = 0.010710
[475] copy/comp = 0.175722 copy = 0.019573 compute = 0.111388 twid = 0.060961 send = 0.011152
[219] copy/comp = 0.188599 copy = 0.019670 compute = 0.104296 twid = 0.054055 send = 0.011070
[859] copy/comp = 0.164322 copy = 0.019627 compute = 0.119441 twid = 0.068975 send = 0.011261
[603] copy/comp = 0.169801 copy = 0.019646 compute = 0.115698 twid = 0.064950 send = 0.011230
[795] copy/comp = 0.165437 copy = 0.019596 compute = 0.118448 twid = 0.068102 send = 0.011303
[539] copy/comp = 0.172710 copy = 0.019645 compute = 0.113745 twid = 0.062951 send = 0.011076
[667] copy/comp = 0.168091 copy = 0.019631 compute = 0.116789 twid = 0.066363 send = 0.011350
[923] copy/comp = 0.163454 copy = 0.019606 compute = 0.119947 twid = 0.069637 send = 0.011243
[731] copy/comp = 0.166637 copy = 0.019619 compute = 0.117738 twid = 0.067477 send = 0.011251
[987] copy/comp = 0.163078 copy = 0.019598 compute = 0.120175 twid = 0.070070 send = 0.011449
[411] copy/comp = 0.181581 copy = 0.019744 compute = 0.108733 twid = 0.057952 send = 0.011046
[155] copy/comp = 0.193856 copy = 0.019596 compute = 0.101085 twid = 0.050386 send = 0.011108
[91] copy/comp = 0.199509 copy = 0.019638 compute = 0.098431 twid = 0.048014 send = 0.011399
[347] copy/comp = 0.183918 copy = 0.019604 compute = 0.106592 twid = 0.056206 send = 0.011406
[283] copy/comp = 0.186408 copy = 0.019557 compute = 0.104916 twid = 0.054738 send = 0.011201
[27] copy/comp = 0.207479 copy = 0.019715 compute = 0.095023 twid = 0.044633 send = 0.011148
[491] copy/comp = 0.175771 copy = 0.019707 compute = 0.112119 twid = 0.061699 send = 0.011225
[235] copy/comp = 0.188739 copy = 0.019727 compute = 0.104520 twid = 0.054727 send = 0.011132
[875] copy/comp = 0.166464 copy = 0.019900 compute = 0.119543 twid = 0.069173 send = 0.011367
[619] copy/comp = 0.171009 copy = 0.019794 compute = 0.115747 twid = 0.065379 send = 0.011298
[811] copy/comp = 0.166586 copy = 0.019705 compute = 0.118289 twid = 0.068178 send = 0.011294
[555] copy/comp = 0.175334 copy = 0.019978 compute = 0.113942 twid = 0.063462 send = 0.011224
[683] copy/comp = 0.169640 copy = 0.019833 compute = 0.116911 twid = 0.066656 send = 0.011296
[939] copy/comp = 0.164359 copy = 0.019739 compute = 0.120097 twid = 0.069735 send = 0.011263
[747] copy/comp = 0.168208 copy = 0.019808 compute = 0.117756 twid = 0.067590 send = 0.011263
[1003] copy/comp = 0.163915 copy = 0.019733 compute = 0.120387 twid = 0.070184 send = 0.011454
[427] copy/comp = 0.179777 copy = 0.019715 compute = 0.109662 twid = 0.058861 send = 0.010933
[171] copy/comp = 0.192623 copy = 0.019637 compute = 0.101943 twid = 0.051605 send = 0.011129
[107] copy/comp = 0.200100 copy = 0.019671 compute = 0.098308 twid = 0.048420 send = 0.011449
[363] copy/comp = 0.184990 copy = 0.019755 compute = 0.106787 twid = 0.056514 send = 0.011382
[299] copy/comp = 0.188433 copy = 0.019798 compute = 0.105068 twid = 0.055212 send = 0.011381
[43] copy/comp = 0.208130 copy = 0.019839 compute = 0.095318 twid = 0.045074 send = 0.011451
[507] copy/comp = 0.178378 copy = 0.019994 compute = 0.112089 twid = 0.062349 send = 0.011262
[251] copy/comp = 0.188559 copy = 0.019632 compute = 0.104118 twid = 0.054794 send = 0.010997
[891] copy/comp = 0.167198 copy = 0.019982 compute = 0.119509 twid = 0.069415 send = 0.011465
[635] copy/comp = 0.171871 copy = 0.019973 compute = 0.116211 twid = 0.065863 send = 0.011120
[827] copy/comp = 0.169058 copy = 0.020059 compute = 0.118650 twid = 0.068497 send = 0.011779
[571] copy/comp = 0.174730 copy = 0.019973 compute = 0.114310 twid = 0.064089 send = 0.011070
[699] copy/comp = 0.171395 copy = 0.020079 compute = 0.117150 twid = 0.066933 send = 0.011471
[955] copy/comp = 0.165360 copy = 0.019854 compute = 0.120065 twid = 0.069791 send = 0.011409
[763] copy/comp = 0.169125 copy = 0.019905 compute = 0.117696 twid = 0.067822 send = 0.011481
[460] copy/comp = 0.175423 copy = 0.019513 compute = 0.111236 twid = 0.060337 send = 0.011276
[1019] copy/comp = 0.163659 copy = 0.019693 compute = 0.120333 twid = 0.070208 send = 0.011408
[204] copy/comp = 0.189295 copy = 0.019679 compute = 0.103957 twid = 0.053405 send = 0.011182
[443] copy/comp = 0.180384 copy = 0.019802 compute = 0.109780 twid = 0.059712 send = 0.011153
[844] copy/comp = 0.162943 copy = 0.019512 compute = 0.119749 twid = 0.068698 send = 0.011306
[187] copy/comp = 0.192452 copy = 0.019774 compute = 0.102747 twid = 0.052626 send = 0.011206
[588] copy/comp = 0.168314 copy = 0.019502 compute = 0.115868 twid = 0.064521 send = 0.011235
[780] copy/comp = 0.164799 copy = 0.019517 compute = 0.118427 twid = 0.067788 send = 0.011346
[524] copy/comp = 0.171467 copy = 0.019508 compute = 0.113771 twid = 0.062792 send = 0.011193
[123] copy/comp = 0.200953 copy = 0.019860 compute = 0.098827 twid = 0.048797 send = 0.011448
[652] copy/comp = 0.165049 copy = 0.019359 compute = 0.117296 twid = 0.066139 send = 0.011157
[379] copy/comp = 0.186061 copy = 0.019863 compute = 0.106753 twid = 0.056798 send = 0.011539
[908] copy/comp = 0.162509 copy = 0.019504 compute = 0.120020 twid = 0.069533 send = 0.011371
[716] copy/comp = 0.165507 copy = 0.019507 compute = 0.117865 twid = 0.067209 send = 0.011268
[972] copy/comp = 0.161958 copy = 0.019535 compute = 0.120617 twid = 0.069896 send = 0.011507
[396] copy/comp = 0.181393 copy = 0.019615 compute = 0.108134 twid = 0.057146 send = 0.011228
[315] copy/comp = 0.188931 copy = 0.019903 compute = 0.105343 twid = 0.055608 send = 0.011422
[140] copy/comp = 0.195669 copy = 0.019519 compute = 0.099757 twid = 0.049154 send = 0.011302
[59] copy/comp = 0.204633 copy = 0.019797 compute = 0.096745 twid = 0.046775 send = 0.011054
[76] copy/comp = 0.198449 copy = 0.019528 compute = 0.098403 twid = 0.047468 send = 0.011402
[332] copy/comp = 0.183301 copy = 0.019527 compute = 0.106532 twid = 0.055944 send = 0.011480
[268] copy/comp = 0.186243 copy = 0.019517 compute = 0.104794 twid = 0.054536 send = 0.011568
[14] copy/comp = 0.207354 copy = 0.019731 compute = 0.095156 twid = 0.044654 send = 0.011071
[476] copy/comp = 0.175429 copy = 0.019570 compute = 0.111557 twid = 0.061044 send = 0.011430
[220] copy/comp = 0.188364 copy = 0.019660 compute = 0.104373 twid = 0.054082 send = 0.011291
[860] copy/comp = 0.164199 copy = 0.019626 compute = 0.119523 twid = 0.068946 send = 0.011456
[604] copy/comp = 0.169794 copy = 0.019642 compute = 0.115683 twid = 0.064918 send = 0.011520
[796] copy/comp = 0.165323 copy = 0.019610 compute = 0.118615 twid = 0.068095 send = 0.011586
[540] copy/comp = 0.172993 copy = 0.019648 compute = 0.113576 twid = 0.062962 send = 0.011311
[668] copy/comp = 0.167955 copy = 0.019632 compute = 0.116888 twid = 0.066387 send = 0.011407
[924] copy/comp = 0.163175 copy = 0.019586 compute = 0.120030 twid = 0.069518 send = 0.011474
[732] copy/comp = 0.166444 copy = 0.019611 compute = 0.117824 twid = 0.067439 send = 0.011485
[988] copy/comp = 0.162845 copy = 0.019588 compute = 0.120287 twid = 0.070072 send = 0.011760
[412] copy/comp = 0.181816 copy = 0.019787 compute = 0.108828 twid = 0.058027 send = 0.011191
[156] copy/comp = 0.193596 copy = 0.019588 compute = 0.101178 twid = 0.050470 send = 0.011348
[92] copy/comp = 0.199547 copy = 0.019630 compute = 0.098374 twid = 0.047996 send = 0.011544
[348] copy/comp = 0.183622 copy = 0.019583 compute = 0.106651 twid = 0.056222 send = 0.011581
[284] copy/comp = 0.186410 copy = 0.019544 compute = 0.104842 twid = 0.054724 send = 0.011522
[28] copy/comp = 0.207325 copy = 0.019707 compute = 0.095056 twid = 0.044646 send = 0.011453
[492] copy/comp = 0.175400 copy = 0.019687 compute = 0.112240 twid = 0.061919 send = 0.011580
[236] copy/comp = 0.189353 copy = 0.019838 compute = 0.104765 twid = 0.054665 send = 0.011459
[876] copy/comp = 0.166141 copy = 0.019857 compute = 0.119520 twid = 0.069209 send = 0.011606
[620] copy/comp = 0.170814 copy = 0.019786 compute = 0.115835 twid = 0.065403 send = 0.011536
[812] copy/comp = 0.166450 copy = 0.019727 compute = 0.118517 twid = 0.068334 send = 0.011542
[556] copy/comp = 0.175150 copy = 0.019976 compute = 0.114052 twid = 0.063530 send = 0.011440
[684] copy/comp = 0.169627 copy = 0.019861 compute = 0.117087 twid = 0.066731 send = 0.011574
[940] copy/comp = 0.164712 copy = 0.019735 compute = 0.119818 twid = 0.069662 send = 0.011614
[748] copy/comp = 0.168333 copy = 0.019830 compute = 0.117800 twid = 0.067714 send = 0.011651
[1004] copy/comp = 0.164494 copy = 0.019753 compute = 0.120082 twid = 0.070077 send = 0.011793
[428] copy/comp = 0.179723 copy = 0.019726 compute = 0.109758 twid = 0.058936 send = 0.011176
[172] copy/comp = 0.193103 copy = 0.019682 compute = 0.101924 twid = 0.051687 send = 0.011599
[108] copy/comp = 0.201035 copy = 0.019780 compute = 0.098389 twid = 0.048463 send = 0.011466
[364] copy/comp = 0.185160 copy = 0.019761 compute = 0.106725 twid = 0.056539 send = 0.011741
[300] copy/comp = 0.188305 copy = 0.019788 compute = 0.105085 twid = 0.055222 send = 0.011650
[44] copy/comp = 0.208328 copy = 0.019880 compute = 0.095428 twid = 0.045200 send = 0.011593
[508] copy/comp = 0.177852 copy = 0.019959 compute = 0.112220 twid = 0.062137 send = 0.011467
[252] copy/comp = 0.188456 copy = 0.019653 compute = 0.104284 twid = 0.054795 send = 0.011330
[892] copy/comp = 0.166667 copy = 0.019943 compute = 0.119658 twid = 0.069372 send = 0.011719
[636] copy/comp = 0.171818 copy = 0.019988 compute = 0.116331 twid = 0.065871 send = 0.011404
[828] copy/comp = 0.169170 copy = 0.020058 compute = 0.118565 twid = 0.068447 send = 0.011608
[572] copy/comp = 0.174181 copy = 0.019933 compute = 0.114436 twid = 0.064098 send = 0.011363
[700] copy/comp = 0.171330 copy = 0.020067 compute = 0.117125 twid = 0.066971 send = 0.011652
[956] copy/comp = 0.165920 copy = 0.019872 compute = 0.119768 twid = 0.069725 send = 0.011636
[461] copy/comp = 0.175193 copy = 0.019518 compute = 0.111412 twid = 0.060400 send = 0.011007
[764] copy/comp = 0.169029 copy = 0.019920 compute = 0.117853 twid = 0.067800 send = 0.011705
[205] copy/comp = 0.189454 copy = 0.019685 compute = 0.103903 twid = 0.053447 send = 0.010897
[1020] copy/comp = 0.164052 copy = 0.019710 compute = 0.120145 twid = 0.070077 send = 0.011732
[845] copy/comp = 0.162995 copy = 0.019504 compute = 0.119658 twid = 0.068678 send = 0.010950
[444] copy/comp = 0.179615 copy = 0.019772 compute = 0.110079 twid = 0.059785 send = 0.011308
[589] copy/comp = 0.168632 copy = 0.019520 compute = 0.115754 twid = 0.064546 send = 0.010917
[781] copy/comp = 0.164315 copy = 0.019516 compute = 0.118772 twid = 0.067907 send = 0.203047
[188] copy/comp = 0.192284 copy = 0.019741 compute = 0.102668 twid = 0.052682 send = 0.011397
[525] copy/comp = 0.171308 copy = 0.019510 compute = 0.113889 twid = 0.062771 send = 0.010890
[124] copy/comp = 0.201015 copy = 0.019880 compute = 0.098898 twid = 0.048791 send = 0.011668
[653] copy/comp = 0.165246 copy = 0.019365 compute = 0.117187 twid = 0.066101 send = 0.010849
[380] copy/comp = 0.185732 copy = 0.019838 compute = 0.106809 twid = 0.056835 send = 0.011674
[909] copy/comp = 0.162320 copy = 0.019514 compute = 0.120222 twid = 0.069437 send = 0.011055
[717] copy/comp = 0.165164 copy = 0.019501 compute = 0.118071 twid = 0.067257 send = 0.010968
[973] copy/comp = 0.162125 copy = 0.019550 compute = 0.120585 twid = 0.069939 send = 0.011223
[397] copy/comp = 0.181095 copy = 0.019607 compute = 0.108271 twid = 0.057232 send = 0.010961
[141] copy/comp = 0.196149 copy = 0.019525 compute = 0.099544 twid = 0.049240 send = 0.011036
[316] copy/comp = 0.188205 copy = 0.019841 compute = 0.105420 twid = 0.055629 send = 0.011552
[77] copy/comp = 0.198442 copy = 0.019546 compute = 0.098496 twid = 0.047524 send = 0.011123
[333] copy/comp = 0.183204 copy = 0.019534 compute = 0.106624 twid = 0.055962 send = 0.011137
[60] copy/comp = 0.204471 copy = 0.019799 compute = 0.096832 twid = 0.046857 send = 0.011352
[269] copy/comp = 0.186391 copy = 0.019523 compute = 0.104743 twid = 0.054561 send = 0.011203
[15] copy/comp = 0.207178 copy = 0.019706 compute = 0.095117 twid = 0.044725 send = 0.010902
[477] copy/comp = 0.175478 copy = 0.019609 compute = 0.111747 twid = 0.061066 send = 0.011024
[221] copy/comp = 0.188358 copy = 0.019657 compute = 0.104359 twid = 0.054131 send = 0.011057
[861] copy/comp = 0.164317 copy = 0.019622 compute = 0.119413 twid = 0.068975 send = 0.011123
[605] copy/comp = 0.169795 copy = 0.019653 compute = 0.115747 twid = 0.064974 send = 0.011108
[797] copy/comp = 0.165569 copy = 0.019611 compute = 0.118446 twid = 0.068110 send = 0.011223
[541] copy/comp = 0.172634 copy = 0.019637 compute = 0.113749 twid = 0.062973 send = 0.010947
[669] copy/comp = 0.167903 copy = 0.019643 compute = 0.116992 twid = 0.066436 send = 0.011211
[925] copy/comp = 0.163444 copy = 0.019589 compute = 0.119851 twid = 0.069605 send = 0.011210
[733] copy/comp = 0.166338 copy = 0.019621 compute = 0.117956 twid = 0.067479 send = 0.011155
[989] copy/comp = 0.162835 copy = 0.019607 compute = 0.120407 twid = 0.070040 send = 0.011377
[413] copy/comp = 0.181495 copy = 0.019787 compute = 0.109024 twid = 0.058111 send = 0.010952
[157] copy/comp = 0.193508 copy = 0.019548 compute = 0.101019 twid = 0.050611 send = 0.011064
[93] copy/comp = 0.199485 copy = 0.019654 compute = 0.098524 twid = 0.048052 send = 0.011304
[349] copy/comp = 0.183736 copy = 0.019599 compute = 0.106668 twid = 0.056260 send = 0.011336
[285] copy/comp = 0.186309 copy = 0.019550 compute = 0.104932 twid = 0.054832 send = 0.011193
[29] copy/comp = 0.207557 copy = 0.019721 compute = 0.095015 twid = 0.044657 send = 0.011204
[493] copy/comp = 0.175630 copy = 0.019711 compute = 0.112229 twid = 0.061846 send = 0.011221
[237] copy/comp = 0.189386 copy = 0.019812 compute = 0.104611 twid = 0.054678 send = 0.011202
[877] copy/comp = 0.166788 copy = 0.019905 compute = 0.119343 twid = 0.069193 send = 0.011365
[621] copy/comp = 0.170792 copy = 0.019775 compute = 0.115786 twid = 0.065467 send = 0.011188
[813] copy/comp = 0.166552 copy = 0.019758 compute = 0.118631 twid = 0.068229 send = 0.011200
[557] copy/comp = 0.174727 copy = 0.019942 compute = 0.114131 twid = 0.063607 send = 0.011171
[685] copy/comp = 0.170159 copy = 0.019882 compute = 0.116845 twid = 0.066623 send = 0.011208
[941] copy/comp = 0.164809 copy = 0.019737 compute = 0.119755 twid = 0.069701 send = 0.011279
[749] copy/comp = 0.168358 copy = 0.019841 compute = 0.117851 twid = 0.067752 send = 0.011361
[1005] copy/comp = 0.164367 copy = 0.019763 compute = 0.120237 twid = 0.070076 send = 0.011354
[429] copy/comp = 0.179039 copy = 0.019707 compute = 0.110073 twid = 0.059086 send = 0.010911
[173] copy/comp = 0.192709 copy = 0.019676 compute = 0.102100 twid = 0.051782 send = 0.011100
[109] copy/comp = 0.200265 copy = 0.019747 compute = 0.098605 twid = 0.048476 send = 0.011150
[365] copy/comp = 0.185028 copy = 0.019771 compute = 0.106853 twid = 0.056612 send = 0.011355
[301] copy/comp = 0.188301 copy = 0.019785 compute = 0.105069 twid = 0.055245 send = 0.011407
[45] copy/comp = 0.206996 copy = 0.019910 compute = 0.096184 twid = 0.045333 send = 0.011175
[509] copy/comp = 0.178255 copy = 0.019963 compute = 0.111993 twid = 0.062195 send = 0.011233
[253] copy/comp = 0.188269 copy = 0.019666 compute = 0.104456 twid = 0.054768 send = 0.010996
[893] copy/comp = 0.167006 copy = 0.019976 compute = 0.119611 twid = 0.069435 send = 0.011348
[637] copy/comp = 0.171892 copy = 0.019976 compute = 0.116213 twid = 0.065886 send = 0.011127
[829] copy/comp = 0.169024 copy = 0.020053 compute = 0.118642 twid = 0.068538 send = 0.011317
[573] copy/comp = 0.174011 copy = 0.019914 compute = 0.114439 twid = 0.064125 send = 0.011101
[701] copy/comp = 0.170879 copy = 0.020041 compute = 0.117282 twid = 0.066977 send = 0.011306
[957] copy/comp = 0.165782 copy = 0.019883 compute = 0.119932 twid = 0.069763 send = 0.011386
[462] copy/comp = 0.174895 copy = 0.019509 compute = 0.111549 twid = 0.060571 send = 0.011263
[765] copy/comp = 0.169703 copy = 0.019963 compute = 0.117636 twid = 0.067814 send = 0.011254
[206] copy/comp = 0.189529 copy = 0.019698 compute = 0.103930 twid = 0.053441 send = 0.011149
[1021] copy/comp = 0.163721 copy = 0.019722 compute = 0.120459 twid = 0.070208 send = 0.011403
[846] copy/comp = 0.162698 copy = 0.019493 compute = 0.119808 twid = 0.068719 send = 0.011139
[445] copy/comp = 0.180045 copy = 0.019860 compute = 0.110304 twid = 0.059940 send = 0.011105
[590] copy/comp = 0.168274 copy = 0.019493 compute = 0.115840 twid = 0.064584 send = 0.011139
[782] copy/comp = 0.164844 copy = 0.019582 compute = 0.118789 twid = 0.067922 send = 0.011085
[189] copy/comp = 0.192109 copy = 0.019742 compute = 0.102765 twid = 0.052711 send = 0.011199
[526] copy/comp = 0.170819 copy = 0.019498 compute = 0.114145 twid = 0.062809 send = 0.011206
[125] copy/comp = 0.201380 copy = 0.019917 compute = 0.098904 twid = 0.048828 send = 0.011376
[654] copy/comp = 0.165138 copy = 0.019366 compute = 0.117273 twid = 0.066127 send = 0.011233
[381] copy/comp = 0.185430 copy = 0.019853 compute = 0.107063 twid = 0.056868 send = 0.011437
[910] copy/comp = 0.162376 copy = 0.019500 compute = 0.120093 twid = 0.069445 send = 0.011311
[718] copy/comp = 0.165332 copy = 0.019486 compute = 0.117862 twid = 0.067222 send = 0.011217
[974] copy/comp = 0.161964 copy = 0.019543 compute = 0.120663 twid = 0.069957 send = 0.011509
[398] copy/comp = 0.181009 copy = 0.019610 compute = 0.108339 twid = 0.057311 send = 0.011270
[142] copy/comp = 0.195838 copy = 0.019532 compute = 0.099736 twid = 0.049346 send = 0.011261
[317] copy/comp = 0.188670 copy = 0.019884 compute = 0.105389 twid = 0.055658 send = 0.011301
[78] copy/comp = 0.198870 copy = 0.019533 compute = 0.098222 twid = 0.047552 send = 0.011405
[334] copy/comp = 0.182905 copy = 0.019522 compute = 0.106734 twid = 0.055987 send = 0.011470
[270] copy/comp = 0.186322 copy = 0.019514 compute = 0.104730 twid = 0.054532 send = 0.011448
[61] copy/comp = 0.203614 copy = 0.019737 compute = 0.096935 twid = 0.046918 send = 0.011007
[478] copy/comp = 0.175041 copy = 0.019615 compute = 0.112063 twid = 0.061341 send = 0.011368
[222] copy/comp = 0.188263 copy = 0.019659 compute = 0.104425 twid = 0.054209 send = 0.011231
[862] copy/comp = 0.164050 copy = 0.019616 compute = 0.119577 twid = 0.069011 send = 0.011395
[606] copy/comp = 0.170063 copy = 0.019667 compute = 0.115643 twid = 0.065070 send = 0.011562
[798] copy/comp = 0.165280 copy = 0.019578 compute = 0.118453 twid = 0.068122 send = 0.011357
[542] copy/comp = 0.172197 copy = 0.019634 compute = 0.114019 twid = 0.063051 send = 0.011272
[670] copy/comp = 0.168437 copy = 0.019667 compute = 0.116762 twid = 0.066431 send = 0.011448
[926] copy/comp = 0.163441 copy = 0.019584 compute = 0.119824 twid = 0.069498 send = 0.011437
[734] copy/comp = 0.166480 copy = 0.019618 compute = 0.117838 twid = 0.067518 send = 0.011491
[990] copy/comp = 0.162997 copy = 0.019609 compute = 0.120303 twid = 0.070087 send = 0.011651
[414] copy/comp = 0.181073 copy = 0.019775 compute = 0.109212 twid = 0.058161 send = 0.011218
[158] copy/comp = 0.193295 copy = 0.019550 compute = 0.101143 twid = 0.050704 send = 0.011302
[94] copy/comp = 0.199472 copy = 0.019660 compute = 0.098560 twid = 0.048079 send = 0.011541
[350] copy/comp = 0.183853 copy = 0.019593 compute = 0.106568 twid = 0.056276 send = 0.011614
[286] copy/comp = 0.186290 copy = 0.019546 compute = 0.104921 twid = 0.054817 send = 0.011545
[30] copy/comp = 0.207190 copy = 0.019713 compute = 0.095143 twid = 0.044656 send = 0.011421
[494] copy/comp = 0.175744 copy = 0.019711 compute = 0.112158 twid = 0.061794 send = 0.011505
[238] copy/comp = 0.189254 copy = 0.019830 compute = 0.104780 twid = 0.054677 send = 0.011455
[878] copy/comp = 0.166783 copy = 0.019903 compute = 0.119334 twid = 0.069213 send = 0.011586
[622] copy/comp = 0.170083 copy = 0.019693 compute = 0.115784 twid = 0.065500 send = 0.011465
[814] copy/comp = 0.165875 copy = 0.019700 compute = 0.118765 twid = 0.068359 send = 0.011432
[558] copy/comp = 0.174645 copy = 0.019913 compute = 0.114018 twid = 0.063613 send = 0.011410
[686] copy/comp = 0.170541 copy = 0.019913 compute = 0.116762 twid = 0.066672 send = 0.011479
[942] copy/comp = 0.164345 copy = 0.019736 compute = 0.120086 twid = 0.069760 send = 0.011630
[750] copy/comp = 0.168418 copy = 0.019843 compute = 0.117820 twid = 0.067667 send = 0.011658
[1006] copy/comp = 0.164482 copy = 0.019767 compute = 0.120178 twid = 0.070150 send = 0.011692
[430] copy/comp = 0.179121 copy = 0.019709 compute = 0.110033 twid = 0.059042 send = 0.011205
[174] copy/comp = 0.192834 copy = 0.019675 compute = 0.102032 twid = 0.051820 send = 0.011399
[110] copy/comp = 0.200690 copy = 0.019771 compute = 0.098515 twid = 0.048494 send = 0.011399
[366] copy/comp = 0.185492 copy = 0.019781 compute = 0.106639 twid = 0.056593 send = 0.011638
[302] copy/comp = 0.188697 copy = 0.019828 compute = 0.105077 twid = 0.055226 send = 0.011684
[46] copy/comp = 0.208248 copy = 0.019947 compute = 0.095784 twid = 0.045440 send = 0.011400
[510] copy/comp = 0.177879 copy = 0.019970 compute = 0.112266 twid = 0.062224 send = 0.011761
[254] copy/comp = 0.188734 copy = 0.019676 compute = 0.104255 twid = 0.054767 send = 0.011270
[894] copy/comp = 0.166756 copy = 0.019947 compute = 0.119621 twid = 0.069434 send = 0.011583
[638] copy/comp = 0.170596 copy = 0.019839 compute = 0.116294 twid = 0.065978 send = 0.011439
[830] copy/comp = 0.168902 copy = 0.020041 compute = 0.118652 twid = 0.068592 send = 0.011464
[574] copy/comp = 0.173489 copy = 0.019869 compute = 0.114526 twid = 0.064199 send = 0.011439
[702] copy/comp = 0.170451 copy = 0.020001 compute = 0.117342 twid = 0.067040 send = 0.011506
[958] copy/comp = 0.165646 copy = 0.019835 compute = 0.119745 twid = 0.069824 send = 0.011648
[463] copy/comp = 0.175127 copy = 0.019525 compute = 0.111489 twid = 0.060531 send = 0.011008
[766] copy/comp = 0.169019 copy = 0.019939 compute = 0.117972 twid = 0.067733 send = 0.011628
[207] copy/comp = 0.189797 copy = 0.019758 compute = 0.104099 twid = 0.053544 send = 0.011138
[1022] copy/comp = 0.163937 copy = 0.019701 compute = 0.120175 twid = 0.070234 send = 0.011724
[847] copy/comp = 0.162950 copy = 0.019507 compute = 0.119712 twid = 0.068788 send = 0.010898
[446] copy/comp = 0.179845 copy = 0.019835 compute = 0.110291 twid = 0.059891 send = 0.011309
[591] copy/comp = 0.168345 copy = 0.019509 compute = 0.115885 twid = 0.064568 send = 0.010845
[783] copy/comp = 0.164969 copy = 0.019576 compute = 0.118667 twid = 0.067806 send = 0.010819
[190] copy/comp = 0.192015 copy = 0.019734 compute = 0.102772 twid = 0.052809 send = 0.011397
[527] copy/comp = 0.171567 copy = 0.019512 compute = 0.113729 twid = 0.062607 send = 0.010904
[126] copy/comp = 0.201606 copy = 0.019934 compute = 0.098878 twid = 0.048858 send = 0.011667
[655] copy/comp = 0.165100 copy = 0.019354 compute = 0.117226 twid = 0.066158 send = 0.010843
[382] copy/comp = 0.185608 copy = 0.019877 compute = 0.107093 twid = 0.056872 send = 0.011698
[911] copy/comp = 0.162385 copy = 0.019511 compute = 0.120153 twid = 0.069495 send = 0.011097
[719] copy/comp = 0.165055 copy = 0.019502 compute = 0.118155 twid = 0.067244 send = 0.010942
[975] copy/comp = 0.161730 copy = 0.019524 compute = 0.120719 twid = 0.069992 send = 0.011198
[399] copy/comp = 0.181410 copy = 0.019616 compute = 0.108133 twid = 0.057381 send = 0.011024
[143] copy/comp = 0.195444 copy = 0.019527 compute = 0.099913 twid = 0.049495 send = 0.011068
[318] copy/comp = 0.188784 copy = 0.019903 compute = 0.105428 twid = 0.055674 send = 0.011546
[79] copy/comp = 0.198328 copy = 0.019532 compute = 0.098481 twid = 0.047611 send = 0.011157
[335] copy/comp = 0.183132 copy = 0.019521 compute = 0.106594 twid = 0.055998 send = 0.011197
[271] copy/comp = 0.186193 copy = 0.019531 compute = 0.104896 twid = 0.054567 send = 0.011223
[479] copy/comp = 0.176266 copy = 0.019725 compute = 0.111906 twid = 0.061230 send = 0.011227
[62] copy/comp = 0.204014 copy = 0.019773 compute = 0.096921 twid = 0.046997 send = 0.011311
[223] copy/comp = 0.190291 copy = 0.019882 compute = 0.104480 twid = 0.054245 send = 0.011281
[863] copy/comp = 0.164151 copy = 0.019631 compute = 0.119589 twid = 0.068996 send = 0.011285
[607] copy/comp = 0.170149 copy = 0.019671 compute = 0.115611 twid = 0.065027 send = 0.011428
[799] copy/comp = 0.165320 copy = 0.019571 compute = 0.118380 twid = 0.068124 send = 0.011197
[543] copy/comp = 0.172175 copy = 0.019639 compute = 0.114063 twid = 0.063100 send = 0.011242
[671] copy/comp = 0.168099 copy = 0.019665 compute = 0.116984 twid = 0.066410 send = 0.011422
[927] copy/comp = 0.163650 copy = 0.019590 compute = 0.119707 twid = 0.069498 send = 0.011201
[735] copy/comp = 0.166360 copy = 0.019636 compute = 0.118033 twid = 0.067488 send = 0.011363
[991] copy/comp = 0.162640 copy = 0.019583 compute = 0.120404 twid = 0.070055 send = 0.011378
[415] copy/comp = 0.183280 copy = 0.020017 compute = 0.109214 twid = 0.058230 send = 0.011376
[159] copy/comp = 0.196225 copy = 0.019894 compute = 0.101382 twid = 0.050846 send = 0.011257
[95] copy/comp = 0.199947 copy = 0.019715 compute = 0.098601 twid = 0.048146 send = 0.011446
[351] copy/comp = 0.183545 copy = 0.019596 compute = 0.106765 twid = 0.056336 send = 0.011301
[287] copy/comp = 0.186159 copy = 0.019554 compute = 0.105042 twid = 0.054881 send = 0.011266
[31] copy/comp = 0.207588 copy = 0.019721 compute = 0.095003 twid = 0.044662 send = 0.011281
[495] copy/comp = 0.178775 copy = 0.020095 compute = 0.112402 twid = 0.062132 send = 0.011593
[239] copy/comp = 0.192550 copy = 0.020179 compute = 0.104798 twid = 0.054800 send = 0.011560
[879] copy/comp = 0.168033 copy = 0.020080 compute = 0.119501 twid = 0.069179 send = 0.011751
[623] copy/comp = 0.175443 copy = 0.020324 compute = 0.115846 twid = 0.065546 send = 0.011895
[815] copy/comp = 0.166394 copy = 0.019736 compute = 0.118610 twid = 0.068376 send = 0.011343
[559] copy/comp = 0.179705 copy = 0.020530 compute = 0.114243 twid = 0.063674 send = 0.011988
[687] copy/comp = 0.171025 copy = 0.019993 compute = 0.116901 twid = 0.066664 send = 0.011608
[943] copy/comp = 0.164721 copy = 0.019775 compute = 0.120050 twid = 0.069711 send = 0.011417
[751] copy/comp = 0.168625 copy = 0.019891 compute = 0.117958 twid = 0.067778 send = 0.011588
[1007] copy/comp = 0.164385 copy = 0.019763 compute = 0.120222 twid = 0.070147 send = 0.011454
[431] copy/comp = 0.189278 copy = 0.021083 compute = 0.111384 twid = 0.059397 send = 0.011997
[175] copy/comp = 0.199115 copy = 0.020480 compute = 0.102856 twid = 0.052514 send = 0.011775
[111] copy/comp = 0.202468 copy = 0.019931 compute = 0.098439 twid = 0.048525 send = 0.011472
[367] copy/comp = 0.185373 copy = 0.019811 compute = 0.106874 twid = 0.056612 send = 0.011479
[303] copy/comp = 0.189034 copy = 0.019881 compute = 0.105174 twid = 0.055317 send = 0.011719
[47] copy/comp = 0.208542 copy = 0.019989 compute = 0.095850 twid = 0.045545 send = 0.011373
[511] copy/comp = 0.183640 copy = 0.020675 compute = 0.112586 twid = 0.062530 send = 0.011813
[255] copy/comp = 0.196745 copy = 0.020966 compute = 0.106562 twid = 0.057020 send = 0.012106
[895] copy/comp = 0.169735 copy = 0.020308 compute = 0.119645 twid = 0.069436 send = 0.011948
[639] copy/comp = 0.180673 copy = 0.021035 compute = 0.116426 twid = 0.066068 send = 0.012376
[831] copy/comp = 0.170297 copy = 0.020219 compute = 0.118730 twid = 0.068607 send = 0.012112
[575] copy/comp = 0.184408 copy = 0.021174 compute = 0.114820 twid = 0.064315 send = 0.012413
[703] copy/comp = 0.176209 copy = 0.020654 compute = 0.117213 twid = 0.067032 send = 0.012272
[959] copy/comp = 0.165631 copy = 0.019893 compute = 0.120105 twid = 0.069868 send = 0.011732
[767] copy/comp = 0.170215 copy = 0.020074 compute = 0.117936 twid = 0.067762 send = 0.011822
[1023] copy/comp = 0.163574 copy = 0.019707 compute = 0.120475 twid = 0.070176 send = 0.011333
[447] copy/comp = 0.190406 copy = 0.021668 compute = 0.113798 twid = 0.060797 send = 0.012613
[191] copy/comp = 0.197894 copy = 0.020647 compute = 0.104333 twid = 0.054276 send = 0.012193
[127] copy/comp = 0.203924 copy = 0.020217 compute = 0.099138 twid = 0.048973 send = 0.011781
[383] copy/comp = 0.187024 copy = 0.020018 compute = 0.107035 twid = 0.056887 send = 0.011794
[319] copy/comp = 0.190984 copy = 0.020140 compute = 0.105455 twid = 0.055723 send = 0.011770
[63] copy/comp = 0.214101 copy = 0.020848 compute = 0.097377 twid = 0.047626 send = 0.012056
End of program
