On 23 elements, Elapsed time is 0.000035 with 0.015021 Gflop/s
253.000000 0.000000
-11.500000 83.668714
-11.500000 41.044038
-11.500000 26.475655
-11.500000 18.910944
-11.500000 14.135399
-11.500000 10.740250
-11.500000 8.117586
-11.500000 5.958820
-11.500000 4.087101
-11.500000 2.389727
-11.500000 0.786622
-11.500000 -0.786622
-11.500000 -2.389727
-11.500000 -4.087101
-11.500000 -5.958820
-11.500000 -8.117586
-11.500000 -10.740250
-11.500000 -14.135399
-11.500000 -18.910944
-11.500000 -26.475655
-11.500000 -41.044038
-11.500000 -83.668714
